#
# There is insufficient memory for the Java Runtime Environment to continue.
# Native memory allocation (malloc) failed to allocate 519456 bytes for Chunk::new
# Possible reasons:
#   The system is out of physical RAM or swap space
#   The process is running with CompressedOops enabled, and the Java Heap may be blocking the growth of the native heap
# Possible solutions:
#   Reduce memory load on the system
#   Increase physical memory or swap space
#   Check if swap backing store is full
#   Decrease Java heap size (-Xmx/-Xms)
#   Decrease number of Java threads
#   Decrease Java thread stack sizes (-Xss)
#   Set larger code cache with -XX:ReservedCodeCacheSize=
#   JVM is running with Unscaled Compressed Oops mode in which the Java heap is
#     placed in the first 4GB address space. The Java Heap base address is the
#     maximum limit for the native heap growth. Please use -XX:HeapBaseMinAddress
#     to set the Java Heap base and to place the Java Heap above 4GB virtual address.
# This output file may be truncated or incomplete.
#
#  Out of Memory Error (allocation.cpp:389), pid=16304, tid=0x0000000000000b8c
#
# JRE version: OpenJDK Runtime Environment (8.0_242-b01) (build 1.8.0_242-release-1644-b01)
# Java VM: OpenJDK 64-Bit Server VM (25.242-b01 mixed mode windows-amd64 compressed oops)
# Failed to write core dump. Minidumps are not enabled by default on client versions of Windows
#

---------------  T H R E A D  ---------------

Current thread (0x0000000018ffc000):  JavaThread "C2 CompilerThread1" daemon [_thread_in_native, id=2956, stack(0x000000001a760000,0x000000001a860000)]

Stack: [0x000000001a760000,0x000000001a860000]
[error occurred during error reporting (printing stack bounds), id 0xc0000005]

Native frames: (J=compiled Java code, j=interpreted, Vv=VM code, C=native code)


Current CompileTask:
C2:   3616 4899       4       java.lang.Class::getMethod0 (40 bytes)


---------------  P R O C E S S  ---------------

Java Threads: ( => current thread )
  0x00000000207d4800 JavaThread "Cache worker for Build Output Cleanup Cache (C:\Users\pc\Desktop\App\MatusIntl\.gradle\buildOutputCleanup)" [_thread_blocked, id=7672, stack(0x000000002b780000,0x000000002b880000)]
  0x00000000207d5800 JavaThread "jar transforms Thread 113" [_thread_blocked, id=20724, stack(0x000000002b480000,0x000000002b580000)]
  0x00000000207d0000 JavaThread "jar transforms Thread 112" [_thread_blocked, id=21348, stack(0x000000002b380000,0x000000002b480000)]
  0x00000000207cf000 JavaThread "jar transforms Thread 111" [_thread_blocked, id=13784, stack(0x000000002b280000,0x000000002b380000)]
  0x00000000207d6000 JavaThread "jar transforms Thread 110" [_thread_blocked, id=10376, stack(0x000000002b180000,0x000000002b280000)]
  0x00000000207d0800 JavaThread "jar transforms Thread 109" [_thread_blocked, id=14880, stack(0x000000002b080000,0x000000002b180000)]
  0x0000000020d54000 JavaThread "jar transforms Thread 108" [_thread_blocked, id=20264, stack(0x000000002af80000,0x000000002b080000)]
  0x0000000020d53800 JavaThread "jar transforms Thread 107" [_thread_blocked, id=3092, stack(0x000000002ae80000,0x000000002af80000)]
  0x0000000020d52800 JavaThread "jar transforms Thread 106" [_thread_blocked, id=12928, stack(0x000000002ad80000,0x000000002ae80000)]
  0x0000000020d52000 JavaThread "jar transforms Thread 105" [_thread_blocked, id=14500, stack(0x000000002ac80000,0x000000002ad80000)]
  0x0000000020d51000 JavaThread "jar transforms Thread 104" [_thread_blocked, id=19744, stack(0x000000002ab80000,0x000000002ac80000)]
  0x0000000020d50800 JavaThread "jar transforms Thread 103" [_thread_blocked, id=992, stack(0x000000002aa80000,0x000000002ab80000)]
  0x0000000020d49000 JavaThread "jar transforms Thread 102" [_thread_blocked, id=2996, stack(0x000000002a980000,0x000000002aa80000)]
  0x0000000020d4f800 JavaThread "jar transforms Thread 101" [_thread_blocked, id=16620, stack(0x000000002a880000,0x000000002a980000)]
  0x0000000020d4f000 JavaThread "jar transforms Thread 100" [_thread_blocked, id=13856, stack(0x000000002a780000,0x000000002a880000)]
  0x0000000020d4e000 JavaThread "jar transforms Thread 99" [_thread_blocked, id=16020, stack(0x000000002a680000,0x000000002a780000)]
  0x0000000020d4d800 JavaThread "jar transforms Thread 98" [_thread_blocked, id=19820, stack(0x000000002a580000,0x000000002a680000)]
  0x0000000020d4c800 JavaThread "jar transforms Thread 97" [_thread_blocked, id=16736, stack(0x000000002a480000,0x000000002a580000)]
  0x0000000020d45000 JavaThread "jar transforms Thread 96" [_thread_blocked, id=19336, stack(0x000000002a380000,0x000000002a480000)]
  0x0000000020d48000 JavaThread "jar transforms Thread 95" [_thread_blocked, id=3536, stack(0x000000002a280000,0x000000002a380000)]
  0x0000000020d4c000 JavaThread "jar transforms Thread 94" [_thread_blocked, id=19792, stack(0x000000002a180000,0x000000002a280000)]
  0x0000000020d4b000 JavaThread "jar transforms Thread 93" [_thread_blocked, id=14256, stack(0x000000002a080000,0x000000002a180000)]
  0x0000000020d4a800 JavaThread "jar transforms Thread 92" [_thread_blocked, id=14888, stack(0x0000000029f80000,0x000000002a080000)]
  0x0000000020d47800 JavaThread "jar transforms Thread 91" [_thread_blocked, id=17000, stack(0x0000000029e80000,0x0000000029f80000)]
  0x0000000020d49800 JavaThread "jar transforms Thread 90" [_thread_blocked, id=7292, stack(0x0000000029d80000,0x0000000029e80000)]
  0x0000000020d46000 JavaThread "jar transforms Thread 89" [_thread_blocked, id=944, stack(0x0000000029c80000,0x0000000029d80000)]
  0x0000000020d46800 JavaThread "jar transforms Thread 88" [_thread_blocked, id=9484, stack(0x0000000029b80000,0x0000000029c80000)]
  0x000000002054a000 JavaThread "jar transforms Thread 87" [_thread_blocked, id=20064, stack(0x0000000029a80000,0x0000000029b80000)]
  0x0000000020548800 JavaThread "jar transforms Thread 86" [_thread_blocked, id=10012, stack(0x0000000029980000,0x0000000029a80000)]
  0x0000000020549000 JavaThread "jar transforms Thread 85" [_thread_blocked, id=16248, stack(0x0000000029880000,0x0000000029980000)]
  0x0000000020541000 JavaThread "jar transforms Thread 84" [_thread_blocked, id=17848, stack(0x0000000029780000,0x0000000029880000)]
  0x0000000020547800 JavaThread "jar transforms Thread 83" [_thread_blocked, id=17632, stack(0x0000000029680000,0x0000000029780000)]
  0x0000000020547000 JavaThread "jar transforms Thread 82" [_thread_blocked, id=14128, stack(0x0000000029580000,0x0000000029680000)]
  0x0000000020546000 JavaThread "jar transforms Thread 81" [_thread_blocked, id=8880, stack(0x0000000029480000,0x0000000029580000)]
  0x0000000020545800 JavaThread "jar transforms Thread 80" [_thread_blocked, id=20980, stack(0x0000000029380000,0x0000000029480000)]
  0x0000000020544000 JavaThread "jar transforms Thread 79" [_thread_blocked, id=5272, stack(0x0000000029280000,0x0000000029380000)]
  0x000000002053e000 JavaThread "jar transforms Thread 78" [_thread_blocked, id=18140, stack(0x0000000029180000,0x0000000029280000)]
  0x0000000020544800 JavaThread "jar transforms Thread 77" [_thread_blocked, id=16708, stack(0x0000000029080000,0x0000000029180000)]
  0x000000002053e800 JavaThread "jar transforms Thread 76" [_thread_blocked, id=284, stack(0x0000000028f80000,0x0000000029080000)]
  0x0000000020543000 JavaThread "jar transforms Thread 75" [_thread_blocked, id=17288, stack(0x0000000028e80000,0x0000000028f80000)]
  0x000000002053f800 JavaThread "jar transforms Thread 74" [_thread_blocked, id=11752, stack(0x0000000028d80000,0x0000000028e80000)]
  0x000000002053b800 JavaThread "jar transforms Thread 73" [_thread_blocked, id=11716, stack(0x0000000028c80000,0x0000000028d80000)]
  0x0000000020542800 JavaThread "jar transforms Thread 72" [_thread_blocked, id=2660, stack(0x0000000028b80000,0x0000000028c80000)]
  0x000000002053d000 JavaThread "jar transforms Thread 71" [_thread_blocked, id=20380, stack(0x0000000028a80000,0x0000000028b80000)]
  0x0000000020540000 JavaThread "jar transforms Thread 70" [_thread_blocked, id=560, stack(0x0000000028980000,0x0000000028a80000)]
  0x000000002053c800 JavaThread "jar transforms Thread 69" [_thread_blocked, id=4892, stack(0x0000000028880000,0x0000000028980000)]
  0x000000002053b000 JavaThread "jar transforms Thread 68" [_thread_blocked, id=15860, stack(0x0000000028780000,0x0000000028880000)]
  0x0000000020541800 JavaThread "jar transforms Thread 67" [_thread_blocked, id=20152, stack(0x0000000028680000,0x0000000028780000)]
  0x0000000020773000 JavaThread "jar transforms Thread 66" [_thread_blocked, id=19332, stack(0x0000000028580000,0x0000000028680000)]
  0x0000000020772000 JavaThread "jar transforms Thread 65" [_thread_blocked, id=19320, stack(0x0000000028480000,0x0000000028580000)]
  0x0000000020773800 JavaThread "jar transforms Thread 64" [_thread_blocked, id=21464, stack(0x0000000028380000,0x0000000028480000)]
  0x000000002076a800 JavaThread "jar transforms Thread 63" [_thread_blocked, id=17344, stack(0x0000000028280000,0x0000000028380000)]
  0x000000002076f000 JavaThread "jar transforms Thread 62" [_thread_blocked, id=7340, stack(0x0000000028180000,0x0000000028280000)]
  0x000000002076d000 JavaThread "jar transforms Thread 61" [_thread_blocked, id=13732, stack(0x0000000028080000,0x0000000028180000)]
  0x0000000020770000 JavaThread "jar transforms Thread 60" [_thread_blocked, id=16440, stack(0x0000000027f80000,0x0000000028080000)]
  0x000000002076c000 JavaThread "jar transforms Thread 59" [_thread_blocked, id=8672, stack(0x0000000027e80000,0x0000000027f80000)]
  0x0000000020770800 JavaThread "jar transforms Thread 58" [_thread_blocked, id=16932, stack(0x0000000027d80000,0x0000000027e80000)]
  0x0000000020771800 JavaThread "jar transforms Thread 57" [_thread_blocked, id=20584, stack(0x0000000027c80000,0x0000000027d80000)]
  0x0000000020768800 JavaThread "jar transforms Thread 56" [_thread_blocked, id=6544, stack(0x0000000027b80000,0x0000000027c80000)]
  0x0000000020767800 JavaThread "jar transforms Thread 55" [_thread_blocked, id=6524, stack(0x0000000027a80000,0x0000000027b80000)]
  0x000000002076a000 JavaThread "jar transforms Thread 54" [_thread_blocked, id=12692, stack(0x0000000027980000,0x0000000027a80000)]
  0x0000000020769000 JavaThread "jar transforms Thread 53" [_thread_blocked, id=9452, stack(0x0000000027880000,0x0000000027980000)]
  0x000000002076e800 JavaThread "jar transforms Thread 52" [_thread_blocked, id=9192, stack(0x0000000027780000,0x0000000027880000)]
  0x000000002076d800 JavaThread "jar transforms Thread 51" [_thread_blocked, id=15888, stack(0x0000000027680000,0x0000000027780000)]
  0x0000000020764800 JavaThread "jar transforms Thread 50" [_thread_blocked, id=19936, stack(0x0000000027580000,0x0000000027680000)]
  0x0000000020766000 JavaThread "jar transforms Thread 49" [_thread_blocked, id=3828, stack(0x0000000027480000,0x0000000027580000)]
  0x000000002076b800 JavaThread "jar transforms Thread 48" [_thread_blocked, id=12620, stack(0x0000000027380000,0x0000000027480000)]
  0x0000000020765000 JavaThread "jar transforms Thread 47" [_thread_blocked, id=13476, stack(0x0000000027280000,0x0000000027380000)]
  0x0000000020767000 JavaThread "jar transforms Thread 46" [_thread_blocked, id=19360, stack(0x0000000027180000,0x0000000027280000)]
  0x000000001f5eb000 JavaThread "jar transforms Thread 45" [_thread_blocked, id=4056, stack(0x0000000027080000,0x0000000027180000)]
  0x000000001f5ea000 JavaThread "jar transforms Thread 44" [_thread_blocked, id=19220, stack(0x0000000026f80000,0x0000000027080000)]
  0x000000001f5e8800 JavaThread "jar transforms Thread 43" [_thread_blocked, id=20904, stack(0x0000000026e80000,0x0000000026f80000)]
  0x000000001f5ec800 JavaThread "jar transforms Thread 42" [_thread_blocked, id=548, stack(0x0000000026d80000,0x0000000026e80000)]
  0x000000001f5e7000 JavaThread "jar transforms Thread 41" [_thread_blocked, id=7648, stack(0x0000000026c80000,0x0000000026d80000)]
  0x000000001f5eb800 JavaThread "jar transforms Thread 40" [_thread_blocked, id=7992, stack(0x0000000026b80000,0x0000000026c80000)]
  0x000000001f5e6800 JavaThread "jar transforms Thread 39" [_thread_blocked, id=4928, stack(0x0000000026a80000,0x0000000026b80000)]
  0x000000001f5e8000 JavaThread "jar transforms Thread 38" [_thread_blocked, id=6496, stack(0x0000000026980000,0x0000000026a80000)]
  0x000000001f5e9800 JavaThread "jar transforms Thread 37" [_thread_blocked, id=14956, stack(0x0000000026880000,0x0000000026980000)]
  0x000000001f5df000 JavaThread "jar transforms Thread 36" [_thread_blocked, id=12164, stack(0x0000000026780000,0x0000000026880000)]
  0x000000001f5e5800 JavaThread "jar transforms Thread 35" [_thread_blocked, id=12092, stack(0x0000000026680000,0x0000000026780000)]
  0x000000001f5e5000 JavaThread "jar transforms Thread 34" [_thread_blocked, id=19504, stack(0x0000000026580000,0x0000000026680000)]
  0x000000001f5e0800 JavaThread "jar transforms Thread 33" [_thread_blocked, id=7216, stack(0x0000000026480000,0x0000000026580000)]
  0x000000001f5dd800 JavaThread "jar transforms Thread 32" [_thread_blocked, id=20408, stack(0x0000000026380000,0x0000000026480000)]
  0x000000001f5df800 JavaThread "jar transforms Thread 31" [_thread_blocked, id=3204, stack(0x0000000026280000,0x0000000026380000)]
  0x000000001f5e4000 JavaThread "jar transforms Thread 30" [_thread_blocked, id=12796, stack(0x0000000026180000,0x0000000026280000)]
  0x000000001f5e3800 JavaThread "jar transforms Thread 29" [_thread_blocked, id=12428, stack(0x0000000026080000,0x0000000026180000)]
  0x000000001f5de000 JavaThread "jar transforms Thread 28" [_thread_blocked, id=15780, stack(0x0000000025f80000,0x0000000026080000)]
  0x000000001f5e2800 JavaThread "jar transforms Thread 27" [_thread_blocked, id=4876, stack(0x0000000025e80000,0x0000000025f80000)]
  0x000000001f5e2000 JavaThread "jar transforms Thread 26" [_thread_blocked, id=15224, stack(0x0000000025d80000,0x0000000025e80000)]
  0x000000001f5e1000 JavaThread "jar transforms Thread 25" [_thread_blocked, id=2392, stack(0x0000000025c80000,0x0000000025d80000)]
  0x0000000020e49800 JavaThread "jar transforms Thread 24" [_thread_blocked, id=13512, stack(0x0000000025b80000,0x0000000025c80000)]
  0x0000000020e49000 JavaThread "jar transforms Thread 23" [_thread_blocked, id=18860, stack(0x0000000025a80000,0x0000000025b80000)]
  0x0000000020e48000 JavaThread "jar transforms Thread 22" [_thread_blocked, id=10672, stack(0x0000000025980000,0x0000000025a80000)]
  0x0000000020e46800 JavaThread "jar transforms Thread 21" [_thread_blocked, id=18376, stack(0x0000000025880000,0x0000000025980000)]
  0x0000000020e46000 JavaThread "jar transforms Thread 20" [_thread_blocked, id=11460, stack(0x0000000025780000,0x0000000025880000)]
  0x0000000020e47800 JavaThread "jar transforms Thread 19" [_thread_blocked, id=19888, stack(0x0000000025680000,0x0000000025780000)]
  0x0000000020e3e800 JavaThread "jar transforms Thread 18" [_thread_blocked, id=21140, stack(0x0000000025580000,0x0000000025680000)]
  0x0000000020e45000 JavaThread "jar transforms Thread 17" [_thread_blocked, id=7800, stack(0x0000000025480000,0x0000000025580000)]
  0x0000000020e43800 JavaThread "jar transforms Thread 16" [_thread_blocked, id=9816, stack(0x0000000025380000,0x0000000025480000)]
  0x0000000020e40000 JavaThread "jar transforms Thread 15" [_thread_blocked, id=8288, stack(0x0000000025280000,0x0000000025380000)]
  0x0000000020e44800 JavaThread "jar transforms Thread 14" [_thread_blocked, id=3348, stack(0x0000000025180000,0x0000000025280000)]
  0x0000000020e42000 JavaThread "jar transforms Thread 13" [_thread_blocked, id=8220, stack(0x0000000025080000,0x0000000025180000)]
  0x0000000020e3c000 JavaThread "jar transforms Thread 12" [_thread_blocked, id=18584, stack(0x0000000024f80000,0x0000000025080000)]
  0x0000000020e3d800 JavaThread "jar transforms Thread 11" [_thread_blocked, id=5136, stack(0x0000000024e80000,0x0000000024f80000)]
  0x0000000020e43000 JavaThread "jar transforms Thread 10" [_thread_blocked, id=12564, stack(0x0000000024d80000,0x0000000024e80000)]
  0x0000000020e3b800 JavaThread "jar transforms Thread 9" [_thread_blocked, id=2752, stack(0x0000000024c80000,0x0000000024d80000)]
  0x0000000020e3a800 JavaThread "jar transforms Thread 8" [_thread_blocked, id=12088, stack(0x0000000024b80000,0x0000000024c80000)]
  0x0000000020e3f000 JavaThread "jar transforms Thread 7" [_thread_blocked, id=14164, stack(0x0000000024a80000,0x0000000024b80000)]
  0x0000000020e41800 JavaThread "jar transforms Thread 6" [_thread_blocked, id=12852, stack(0x0000000024980000,0x0000000024a80000)]
  0x0000000020e40800 JavaThread "jar transforms Thread 5" [_thread_blocked, id=18040, stack(0x0000000024880000,0x0000000024980000)]
  0x0000000020e3d000 JavaThread "jar transforms Thread 4" [_thread_blocked, id=20136, stack(0x0000000024780000,0x0000000024880000)]
  0x000000001cbf5800 JavaThread "jar transforms Thread 3" [_thread_blocked, id=4048, stack(0x0000000024680000,0x0000000024780000)]
  0x000000001cbfb800 JavaThread "jar transforms Thread 2" [_thread_blocked, id=16808, stack(0x0000000024580000,0x0000000024680000)]
  0x000000001cbf9000 JavaThread "Build operations Thread 12" [_thread_blocked, id=15676, stack(0x0000000024280000,0x0000000024380000)]
  0x000000001cbfa000 JavaThread "Build operations Thread 11" [_thread_blocked, id=848, stack(0x0000000024180000,0x0000000024280000)]
  0x000000001cbfa800 JavaThread "Build operations Thread 10" [_thread_blocked, id=11008, stack(0x0000000024080000,0x0000000024180000)]
  0x000000001cbf7800 JavaThread "Build operations Thread 9" [_thread_blocked, id=20120, stack(0x0000000023f80000,0x0000000024080000)]
  0x000000001cbf7000 JavaThread "Build operations Thread 8" [_thread_blocked, id=4296, stack(0x0000000023e80000,0x0000000023f80000)]
  0x000000001cbf6000 JavaThread "Build operations Thread 7" [_thread_blocked, id=7200, stack(0x0000000023d80000,0x0000000023e80000)]
  0x000000001cbf1800 JavaThread "Build operations Thread 6" [_thread_blocked, id=17056, stack(0x0000000023b80000,0x0000000023c80000)]
  0x000000001cbf4800 JavaThread "Build operations Thread 5" [_thread_blocked, id=17620, stack(0x0000000023a80000,0x0000000023b80000)]
  0x000000001cbf8800 JavaThread "Build operations Thread 4" [_thread_blocked, id=17684, stack(0x0000000023980000,0x0000000023a80000)]
  0x000000001cbee000 JavaThread "Build operations Thread 3" [_thread_blocked, id=16548, stack(0x0000000023880000,0x0000000023980000)]
  0x000000001cbed000 JavaThread "Build operations Thread 2" [_thread_blocked, id=2784, stack(0x0000000023780000,0x0000000023880000)]
  0x000000001cbf3000 JavaThread "Build operations" [_thread_blocked, id=16948, stack(0x0000000023680000,0x0000000023780000)]
  0x000000001cbee800 JavaThread "Cache worker for file content cache (C:\Users\pc\.gradle\caches\6.5\fileContent)" [_thread_blocked, id=14844, stack(0x0000000021fb0000,0x00000000220b0000)]
  0x0000000019006000 JavaThread "jar transforms" [_thread_blocked, id=20828, stack(0x0000000021ab0000,0x0000000021bb0000)]
  0x0000000019008800 JavaThread "Cache worker for execution history cache (C:\Users\pc\.gradle\caches\6.5\executionHistory)" [_thread_blocked, id=16136, stack(0x00000000217b0000,0x00000000218b0000)]
  0x000000001900a800 JavaThread "Cache worker for cache directory md-rule (C:\Users\pc\.gradle\caches\6.5\md-rule)" [_thread_blocked, id=13644, stack(0x00000000216b0000,0x00000000217b0000)]
  0x000000001900c000 JavaThread "Cache worker for cache directory md-supplier (C:\Users\pc\.gradle\caches\6.5\md-supplier)" [_thread_blocked, id=13108, stack(0x00000000215b0000,0x00000000216b0000)]
  0x000000001900d000 JavaThread "Cache worker for checksums cache (C:\Users\pc\Desktop\App\MatusIntl\.gradle\checksums)" [_thread_blocked, id=12448, stack(0x0000000020f50000,0x0000000021050000)]
  0x0000000019007800 JavaThread "Cache worker for file hash cache (C:\Users\pc\Desktop\App\MatusIntl\.gradle\6.5\fileHashes)" [_thread_blocked, id=16360, stack(0x00000000212b0000,0x00000000213b0000)]
  0x0000000019007000 JavaThread "Cache worker for file hash cache (C:\Users\pc\.gradle\caches\6.5\fileHashes)" [_thread_blocked, id=9312, stack(0x000000001ecb0000,0x000000001edb0000)]
  0x000000001900b800 JavaThread "File lock request listener" [_thread_in_native, id=6512, stack(0x000000001ebb0000,0x000000001ecb0000)]
  0x000000001bfac000 JavaThread "Cache worker for journal cache (C:\Users\pc\.gradle\caches\journal-1)" [_thread_blocked, id=13468, stack(0x000000001eab0000,0x000000001ebb0000)]
  0x000000001ada6000 JavaThread "Thread-9" [_thread_blocked, id=13520, stack(0x000000001e7b0000,0x000000001e8b0000)]
  0x000000001c7b9800 JavaThread "Stdin handler" [_thread_blocked, id=3288, stack(0x000000001e6b0000,0x000000001e7b0000)]
  0x000000001c7b8800 JavaThread "Asynchronous log dispatcher for DefaultDaemonConnection: socket connection from /127.0.0.1:64634 to /127.0.0.1:64635" [_thread_blocked, id=6336, stack(0x000000001e5b0000,0x000000001e6b0000)]
  0x000000001c751000 JavaThread "Daemon worker" [_thread_in_vm, id=7912, stack(0x000000001e4b0000,0x000000001e5b0000)]
  0x000000001c750000 JavaThread "Cancel handler" [_thread_blocked, id=10720, stack(0x000000001e3b0000,0x000000001e4b0000)]
  0x000000001c42d800 JavaThread "Handler for socket connection from /127.0.0.1:64634 to /127.0.0.1:64635" [_thread_in_native, id=18484, stack(0x000000001e2b0000,0x000000001e3b0000)]
  0x000000001c42a000 JavaThread "Daemon" [_thread_blocked, id=5712, stack(0x000000001e1b0000,0x000000001e2b0000)]
  0x000000001c6bd800 JavaThread "Daemon periodic checks" [_thread_blocked, id=3996, stack(0x000000001deb0000,0x000000001dfb0000)]
  0x000000001c6c2800 JavaThread "Incoming local TCP Connector on port 64634" [_thread_in_native, id=14216, stack(0x000000001dc40000,0x000000001dd40000)]
  0x000000001ad70800 JavaThread "Daemon health stats" [_thread_blocked, id=17500, stack(0x000000001d600000,0x000000001d700000)]
  0x000000001904f800 JavaThread "Service Thread" daemon [_thread_blocked, id=12036, stack(0x000000001aa60000,0x000000001ab60000)]
  0x000000001900a000 JavaThread "C1 CompilerThread3" daemon [_thread_blocked, id=3688, stack(0x000000001a960000,0x000000001aa60000)]
  0x0000000019005800 JavaThread "C2 CompilerThread2" daemon [_thread_in_native, id=20824, stack(0x000000001a860000,0x000000001a960000)]
=>0x0000000018ffc000 JavaThread "C2 CompilerThread1" daemon [_thread_in_native, id=2956, stack(0x000000001a760000,0x000000001a860000)]
  0x0000000018ff4000 JavaThread "C2 CompilerThread0" daemon [_thread_in_native, id=15748, stack(0x000000001a660000,0x000000001a760000)]
  0x0000000018ff1800 JavaThread "Attach Listener" daemon [_thread_blocked, id=19004, stack(0x000000001a560000,0x000000001a660000)]
  0x000000001790e800 JavaThread "Signal Dispatcher" daemon [_thread_blocked, id=11880, stack(0x000000001a460000,0x000000001a560000)]
  0x0000000017902000 JavaThread "Finalizer" daemon [_thread_blocked, id=15572, stack(0x000000001a240000,0x000000001a340000)]
  0x0000000018fe3000 JavaThread "Reference Handler" daemon [_thread_blocked, id=10472, stack(0x000000001a140000,0x000000001a240000)]
  0x00000000023bd800 JavaThread "main" [_thread_blocked, id=5072, stack(0x0000000002490000,0x0000000002590000)]

Other Threads:
  0x00000000178f5800 VMThread [stack: 0x000000001a040000,0x000000001a140000] [id=21416]
  0x0000000019095800 WatcherThread [stack: 0x000000001ab60000,0x000000001ac60000] [id=1292]

VM state:not at safepoint (normal execution)

VM Mutex/Monitor currently owned by a thread: None

heap address: 0x0000000080000000, size: 2048 MB, Compressed Oops mode: 32-bit
Narrow klass base: 0x0000000000000000, Narrow klass shift: 3
Compressed class space size: 1073741824 Address: 0x0000000100000000

Heap:
 PSYoungGen      total 136192K, used 33406K [0x00000000d5580000, 0x00000000df180000, 0x0000000100000000)
  eden space 131072K, 25% used [0x00000000d5580000,0x00000000d761f998,0x00000000dd580000)
  from space 5120K, 0% used [0x00000000dec80000,0x00000000dec80000,0x00000000df180000)
  to   space 12800K, 0% used [0x00000000dd880000,0x00000000dd880000,0x00000000de500000)
 ParOldGen       total 60416K, used 25173K [0x0000000080000000, 0x0000000083b00000, 0x00000000d5580000)
  object space 60416K, 41% used [0x0000000080000000,0x0000000081895500,0x0000000083b00000)
 Metaspace       used 52185K, capacity 54286K, committed 54568K, reserved 1099776K
  class space    used 6953K, capacity 7408K, committed 7464K, reserved 1048576K

Card table byte_map: [0x0000000011a50000,0x0000000011e60000] byte_map_base: 0x0000000011650000

Marking Bits: (ParMarkBitMap*) 0x000000005700f030
 Begin Bits: [0x0000000012b10000, 0x0000000014b10000)
 End Bits:   [0x0000000014b10000, 0x0000000016b10000)

Polling page: 0x0000000002380000

CodeCache: size=245760Kb used=17068Kb max_used=17080Kb free=228692Kb
 bounds [0x0000000002690000, 0x0000000003750000, 0x0000000011690000]
 total_blobs=5664 nmethods=4903 adapters=675
 compilation: enabled

Compilation events (10 events):
Event: 3.602 Thread 0x000000001900a000 4907       3       org.codehaus.groovy.runtime.metaclass.MetaMethodIndex::resize (103 bytes)
Event: 3.602 Thread 0x000000001900a000 nmethod 4907 0x0000000003724ed0 code [0x0000000003725060, 0x0000000003725570]
Event: 3.602 Thread 0x000000001900a000 4908       3       org.codehaus.groovy.util.FastArray::set (8 bytes)
Event: 3.602 Thread 0x000000001900a000 nmethod 4908 0x0000000003724990 code [0x0000000003724b00, 0x0000000003724db0]
Event: 3.606 Thread 0x000000001900a000 4909       3       java.beans.FeatureDescriptor::<init> (69 bytes)
Event: 3.607 Thread 0x000000001900a000 nmethod 4909 0x0000000003723e50 code [0x0000000003724020, 0x00000000037246a8]
Event: 3.607 Thread 0x0000000018ff4000 nmethod 4895 0x000000000373d290 code [0x000000000373d4e0, 0x000000000373e460]
Event: 3.607 Thread 0x0000000018ff4000 4901       4       java.lang.Class::searchMethods (90 bytes)
Event: 3.612 Thread 0x0000000018ff4000 nmethod 4901 0x000000000373f790 code [0x000000000373f900, 0x000000000373fe88]
Event: 3.612 Thread 0x0000000018ff4000 4910  s!   4       java.beans.PropertyDescriptor::getReadMethod (175 bytes)

GC Heap History (10 events):
Event: 2.208 GC heap before
{Heap before GC invocations=11 (full 2):
 PSYoungGen      total 113664K, used 9450K [0x00000000d5580000, 0x00000000df900000, 0x0000000100000000)
  eden space 101376K, 0% used [0x00000000d5580000,0x00000000d5580000,0x00000000db880000)
  from space 12288K, 76% used [0x00000000db880000,0x00000000dc1bab68,0x00000000dc480000)
  to   space 12800K, 0% used [0x00000000dec80000,0x00000000dec80000,0x00000000df900000)
 ParOldGen       total 60416K, used 9053K [0x0000000080000000, 0x0000000083b00000, 0x00000000d5580000)
  object space 60416K, 14% used [0x0000000080000000,0x00000000808d7428,0x0000000083b00000)
 Metaspace       used 34257K, capacity 35446K, committed 35496K, reserved 1079296K
  class space    used 4698K, capacity 4985K, committed 5032K, reserved 1048576K
Event: 2.238 GC heap after
Heap after GC invocations=11 (full 2):
 PSYoungGen      total 113664K, used 0K [0x00000000d5580000, 0x00000000df900000, 0x0000000100000000)
  eden space 101376K, 0% used [0x00000000d5580000,0x00000000d5580000,0x00000000db880000)
  from space 12288K, 0% used [0x00000000db880000,0x00000000db880000,0x00000000dc480000)
  to   space 12800K, 0% used [0x00000000dec80000,0x00000000dec80000,0x00000000df900000)
 ParOldGen       total 60416K, used 15766K [0x0000000080000000, 0x0000000083b00000, 0x00000000d5580000)
  object space 60416K, 26% used [0x0000000080000000,0x0000000080f65a38,0x0000000083b00000)
 Metaspace       used 34257K, capacity 35446K, committed 35496K, reserved 1079296K
  class space    used 4698K, capacity 4985K, committed 5032K, reserved 1048576K
}
Event: 2.523 GC heap before
{Heap before GC invocations=12 (full 2):
 PSYoungGen      total 113664K, used 101376K [0x00000000d5580000, 0x00000000df900000, 0x0000000100000000)
  eden space 101376K, 100% used [0x00000000d5580000,0x00000000db880000,0x00000000db880000)
  from space 12288K, 0% used [0x00000000db880000,0x00000000db880000,0x00000000dc480000)
  to   space 12800K, 0% used [0x00000000dec80000,0x00000000dec80000,0x00000000df900000)
 ParOldGen       total 60416K, used 15766K [0x0000000080000000, 0x0000000083b00000, 0x00000000d5580000)
  object space 60416K, 26% used [0x0000000080000000,0x0000000080f65a38,0x0000000083b00000)
 Metaspace       used 36688K, capacity 38362K, committed 38696K, reserved 1083392K
  class space    used 5039K, capacity 5344K, committed 5416K, reserved 1048576K
Event: 2.527 GC heap after
Heap after GC invocations=12 (full 2):
 PSYoungGen      total 136192K, used 4942K [0x00000000d5580000, 0x00000000df180000, 0x0000000100000000)
  eden space 131072K, 0% used [0x00000000d5580000,0x00000000d5580000,0x00000000dd580000)
  from space 5120K, 96% used [0x00000000dec80000,0x00000000df153970,0x00000000df180000)
  to   space 12800K, 0% used [0x00000000dd880000,0x00000000dd880000,0x00000000de500000)
 ParOldGen       total 60416K, used 15774K [0x0000000080000000, 0x0000000083b00000, 0x00000000d5580000)
  object space 60416K, 26% used [0x0000000080000000,0x0000000080f67a38,0x0000000083b00000)
 Metaspace       used 36688K, capacity 38362K, committed 38696K, reserved 1083392K
  class space    used 5039K, capacity 5344K, committed 5416K, reserved 1048576K
}
Event: 3.270 GC heap before
{Heap before GC invocations=13 (full 2):
 PSYoungGen      total 136192K, used 136014K [0x00000000d5580000, 0x00000000df180000, 0x0000000100000000)
  eden space 131072K, 100% used [0x00000000d5580000,0x00000000dd580000,0x00000000dd580000)
  from space 5120K, 96% used [0x00000000dec80000,0x00000000df153970,0x00000000df180000)
  to   space 12800K, 0% used [0x00000000dd880000,0x00000000dd880000,0x00000000de500000)
 ParOldGen       total 60416K, used 15774K [0x0000000080000000, 0x0000000083b00000, 0x00000000d5580000)
  object space 60416K, 26% used [0x0000000080000000,0x0000000080f67a38,0x0000000083b00000)
 Metaspace       used 49974K, capacity 52086K, committed 52264K, reserved 1093632K
  class space    used 6677K, capacity 7093K, committed 7208K, reserved 1048576K
Event: 3.281 GC heap after
Heap after GC invocations=13 (full 2):
 PSYoungGen      total 143872K, used 12768K [0x00000000d5580000, 0x00000000df180000, 0x0000000100000000)
  eden space 131072K, 0% used [0x00000000d5580000,0x00000000d5580000,0x00000000dd580000)
  from space 12800K, 99% used [0x00000000dd880000,0x00000000de4f8210,0x00000000de500000)
  to   space 5120K, 0% used [0x00000000dec80000,0x00000000dec80000,0x00000000df180000)
 ParOldGen       total 60416K, used 22641K [0x0000000080000000, 0x0000000083b00000, 0x00000000d5580000)
  object space 60416K, 37% used [0x0000000080000000,0x000000008161c668,0x0000000083b00000)
 Metaspace       used 49974K, capacity 52086K, committed 52264K, reserved 1093632K
  class space    used 6677K, capacity 7093K, committed 7208K, reserved 1048576K
}
Event: 3.368 GC heap before
{Heap before GC invocations=14 (full 2):
 PSYoungGen      total 143872K, used 25934K [0x00000000d5580000, 0x00000000df180000, 0x0000000100000000)
  eden space 131072K, 10% used [0x00000000d5580000,0x00000000d625b978,0x00000000dd580000)
  from space 12800K, 99% used [0x00000000dd880000,0x00000000de4f8210,0x00000000de500000)
  to   space 5120K, 0% used [0x00000000dec80000,0x00000000dec80000,0x00000000df180000)
 ParOldGen       total 60416K, used 22641K [0x0000000080000000, 0x0000000083b00000, 0x00000000d5580000)
  object space 60416K, 37% used [0x0000000080000000,0x000000008161c668,0x0000000083b00000)
 Metaspace       used 51235K, capacity 53334K, committed 53416K, reserved 1099776K
  class space    used 6826K, capacity 7283K, committed 7336K, reserved 1048576K
Event: 3.374 GC heap after
Heap after GC invocations=14 (full 2):
 PSYoungGen      total 136192K, used 1673K [0x00000000d5580000, 0x00000000df180000, 0x0000000100000000)
  eden space 131072K, 0% used [0x00000000d5580000,0x00000000d5580000,0x00000000dd580000)
  from space 5120K, 32% used [0x00000000dec80000,0x00000000dee22620,0x00000000df180000)
  to   space 12800K, 0% used [0x00000000dd880000,0x00000000dd880000,0x00000000de500000)
 ParOldGen       total 60416K, used 33032K [0x0000000080000000, 0x0000000083b00000, 0x00000000d5580000)
  object space 60416K, 54% used [0x0000000080000000,0x0000000082042190,0x0000000083b00000)
 Metaspace       used 51235K, capacity 53334K, committed 53416K, reserved 1099776K
  class space    used 6826K, capacity 7283K, committed 7336K, reserved 1048576K
}
Event: 3.374 GC heap before
{Heap before GC invocations=15 (full 3):
 PSYoungGen      total 136192K, used 1673K [0x00000000d5580000, 0x00000000df180000, 0x0000000100000000)
  eden space 131072K, 0% used [0x00000000d5580000,0x00000000d5580000,0x00000000dd580000)
  from space 5120K, 32% used [0x00000000dec80000,0x00000000dee22620,0x00000000df180000)
  to   space 12800K, 0% used [0x00000000dd880000,0x00000000dd880000,0x00000000de500000)
 ParOldGen       total 60416K, used 33032K [0x0000000080000000, 0x0000000083b00000, 0x00000000d5580000)
  object space 60416K, 54% used [0x0000000080000000,0x0000000082042190,0x0000000083b00000)
 Metaspace       used 51235K, capacity 53334K, committed 53416K, reserved 1099776K
  class space    used 6826K, capacity 7283K, committed 7336K, reserved 1048576K
Event: 3.507 GC heap after
Heap after GC invocations=15 (full 3):
 PSYoungGen      total 136192K, used 0K [0x00000000d5580000, 0x00000000df180000, 0x0000000100000000)
  eden space 131072K, 0% used [0x00000000d5580000,0x00000000d5580000,0x00000000dd580000)
  from space 5120K, 0% used [0x00000000dec80000,0x00000000dec80000,0x00000000df180000)
  to   space 12800K, 0% used [0x00000000dd880000,0x00000000dd880000,0x00000000de500000)
 ParOldGen       total 60416K, used 25173K [0x0000000080000000, 0x0000000083b00000, 0x00000000d5580000)
  object space 60416K, 41% used [0x0000000080000000,0x0000000081895500,0x0000000083b00000)
 Metaspace       used 51158K, capacity 53070K, committed 53416K, reserved 1097728K
  class space    used 6802K, capacity 7239K, committed 7336K, reserved 1048576K
}

Deoptimization events (10 events):
Event: 3.344 Thread 0x000000001c751000 Uncommon trap: reason=bimorphic action=maybe_recompile pc=0x00000000034880d0 method=java.util.Hashtable.get(Ljava/lang/Object;)Ljava/lang/Object; @ 6
Event: 3.344 Thread 0x000000001c751000 Uncommon trap: reason=bimorphic action=maybe_recompile pc=0x00000000034880d0 method=java.util.Hashtable.get(Ljava/lang/Object;)Ljava/lang/Object; @ 6
Event: 3.344 Thread 0x000000001c751000 Uncommon trap: reason=bimorphic action=maybe_recompile pc=0x00000000034880d0 method=java.util.Hashtable.get(Ljava/lang/Object;)Ljava/lang/Object; @ 6
Event: 3.352 Thread 0x000000001c751000 Uncommon trap: reason=unstable_if action=reinterpret pc=0x000000000286859c method=java.lang.String.replace(CC)Ljava/lang/String; @ 2
Event: 3.354 Thread 0x000000001c751000 Uncommon trap: reason=bimorphic action=maybe_recompile pc=0x00000000033457d0 method=org.codehaus.groovy.runtime.metaclass.MetaMethodIndex.addMethodToList(Ljava/lang/Object;Lgroovy/lang/MetaMethod;)Ljava/lang/Object; @ 96
Event: 3.354 Thread 0x000000001c751000 Uncommon trap: reason=unstable_if action=reinterpret pc=0x00000000031e38e8 method=groovy.lang.MetaClassImpl$1MOPIter.methodNameAction(Ljava/lang/Class;Lorg/codehaus/groovy/runtime/metaclass/MetaMethodIndex$Entry;)V @ 182
Event: 3.537 Thread 0x000000001c751000 Uncommon trap: reason=unstable_if action=reinterpret pc=0x0000000002a54444 method=java.lang.String.lastIndexOf([CII[CIII)I @ 17
Event: 3.537 Thread 0x000000001c751000 Uncommon trap: reason=unstable_if action=reinterpret pc=0x0000000002d7be40 method=sun.net.www.protocol.jar.Handler.parseURL(Ljava/net/URL;Ljava/lang/String;II)V @ 116
Event: 3.544 Thread 0x000000001c751000 Uncommon trap: reason=unstable_if action=reinterpret pc=0x00000000036ccd68 method=java.util.concurrent.ConcurrentHashMap.putVal(Ljava/lang/Object;Ljava/lang/Object;Z)Ljava/lang/Object; @ 195
Event: 3.599 Thread 0x000000001c751000 Uncommon trap: reason=null_check action=make_not_entrant pc=0x0000000002e40a90 method=java.lang.Class.searchMethods([Ljava/lang/reflect/Method;Ljava/lang/String;[Ljava/lang/Class;)Ljava/lang/reflect/Method; @ 59

Classes redefined (0 events):
No events

Internal exceptions (10 events):
Event: 3.604 Thread 0x000000001c751000 Exception <a 'java/lang/ClassNotFoundException': com/android/builder/internal/BaseConfigImplCustomizer> (0x00000000d6b48fa0) thrown at [C:\src\AOSP-openjdk-git\hotspot\src\share\vm\classfile\systemDictionary.cpp, line 210]
Event: 3.604 Thread 0x000000001c751000 Exception <a 'java/lang/ClassNotFoundException': com/android/builder/core/AbstractProductFlavorCustomizer> (0x00000000d6b9ae68) thrown at [C:\src\AOSP-openjdk-git\hotspot\src\share\vm\classfile\systemDictionary.cpp, line 210]
Event: 3.605 Thread 0x000000001c751000 Exception <a 'java/lang/ClassNotFoundException': com/android/build/gradle/internal/dsl/BaseFlavorCustomizer> (0x00000000d6c0e388) thrown at [C:\src\AOSP-openjdk-git\hotspot\src\share\vm\classfile\systemDictionary.cpp, line 210]
Event: 3.606 Thread 0x000000001c751000 Exception <a 'java/lang/ClassNotFoundException': com/android/build/gradle/internal/dsl/DefaultConfigCustomizer> (0x00000000d6cc1a60) thrown at [C:\src\AOSP-openjdk-git\hotspot\src\share\vm\classfile\systemDictionary.cpp, line 210]
Event: 3.607 Thread 0x000000001c751000 Exception <a 'java/lang/ClassNotFoundException': com/android/build/gradle/internal/dsl/DefaultConfig_DecoratedCustomizer> (0x00000000d6d06aa8) thrown at [C:\src\AOSP-openjdk-git\hotspot\src\share\vm\classfile\systemDictionary.cpp, line 210]
Event: 3.610 Thread 0x000000001c751000 Exception <a 'java/lang/ClassNotFoundException': org/gradle/api/internal/NamedDomainObjectContainerConfigureDelegateBeanInfo> (0x00000000d6ead058) thrown at [C:\src\AOSP-openjdk-git\hotspot\src\share\vm\classfile\systemDictionary.cpp, line 210]
Event: 3.611 Thread 0x000000001c751000 Exception <a 'java/lang/ClassNotFoundException': org/gradle/api/internal/NamedDomainObjectContainerConfigureDelegateCustomizer> (0x00000000d6ef9060) thrown at [C:\src\AOSP-openjdk-git\hotspot\src\share\vm\classfile\systemDictionary.cpp, line 210]
Event: 3.615 Thread 0x000000001c751000 Exception <a 'java/lang/ClassNotFoundException': org/gradle/api/internal/FactoryNamedDomainObjectContainer_DecoratedBeanInfo> (0x00000000d718a360) thrown at [C:\src\AOSP-openjdk-git\hotspot\src\share\vm\classfile\systemDictionary.cpp, line 210]
Event: 3.615 Thread 0x000000001c751000 Exception <a 'java/lang/ClassNotFoundException': org/gradle/api/internal/FactoryNamedDomainObjectContainerBeanInfo> (0x00000000d7213a20) thrown at [C:\src\AOSP-openjdk-git\hotspot\src\share\vm\classfile\systemDictionary.cpp, line 210]
Event: 3.616 Thread 0x000000001c751000 Exception <a 'java/lang/ClassNotFoundException': org/gradle/api/internal/AbstractNamedDomainObjectContainerBeanInfo> (0x00000000d7257cf0) thrown at [C:\src\AOSP-openjdk-git\hotspot\src\share\vm\classfile\systemDictionary.cpp, line 210]

Events (10 events):
Event: 3.615 loading class org/gradle/api/internal/AbstractNamedDomainObjectContainerBeanInfo
Event: 3.615 loading class org/gradle/api/internal/AbstractNamedDomainObjectContainerBeanInfo done
Event: 3.615 loading class org/gradle/api/internal/AbstractNamedDomainObjectContainerBeanInfo
Event: 3.615 loading class org/gradle/api/internal/AbstractNamedDomainObjectContainerBeanInfo done
Event: 3.615 loading class org/gradle/api/internal/AbstractNamedDomainObjectContainerBeanInfo
Event: 3.615 loading class org/gradle/api/internal/AbstractNamedDomainObjectContainerBeanInfo done
Event: 3.616 loading class org/gradle/api/internal/AbstractNamedDomainObjectContainerBeanInfo
Event: 3.616 loading class org/gradle/api/internal/AbstractNamedDomainObjectContainerBeanInfo done
Event: 3.616 loading class org/gradle/api/internal/DefaultNamedDomainObjectSetBeanInfo
Event: 3.616 loading class org/gradle/api/internal/DefaultNamedDomainObjectSetBeanInfo done


Dynamic libraries:
0x00007ff791b50000 - 0x00007ff791b81000 	C:\Program Files\Android\Android Studio\jre\bin\java.exe
0x00007ff833bf0000 - 0x00007ff833de6000 	C:\Windows\SYSTEM32\ntdll.dll
0x00007ff833a20000 - 0x00007ff833add000 	C:\Windows\System32\KERNEL32.DLL
0x00007ff831430000 - 0x00007ff8316f9000 	C:\Windows\System32\KERNELBASE.dll
0x00007ff832fa0000 - 0x00007ff83304c000 	C:\Windows\System32\ADVAPI32.dll
0x00007ff832150000 - 0x00007ff8321ee000 	C:\Windows\System32\msvcrt.dll
0x00007ff8320a0000 - 0x00007ff83213c000 	C:\Windows\System32\sechost.dll
0x00007ff831c70000 - 0x00007ff831d9b000 	C:\Windows\System32\RPCRT4.dll
0x00007ff8321f0000 - 0x00007ff832390000 	C:\Windows\System32\USER32.dll
0x00007ff831810000 - 0x00007ff831832000 	C:\Windows\System32\win32u.dll
0x00007ff833050000 - 0x00007ff83307a000 	C:\Windows\System32\GDI32.dll
0x00007ff831700000 - 0x00007ff83180b000 	C:\Windows\System32\gdi32full.dll
0x00007ff831b30000 - 0x00007ff831bcd000 	C:\Windows\System32\msvcp_win.dll
0x00007ff8319a0000 - 0x00007ff831aa0000 	C:\Windows\System32\ucrtbase.dll
0x00007ff81f1d0000 - 0x00007ff81f46b000 	C:\Windows\WinSxS\amd64_microsoft.windows.common-controls_6595b64144ccf1df_6.0.19041.746_none_ca02b4b61b8320a4\COMCTL32.dll
0x00007ff832070000 - 0x00007ff8320a0000 	C:\Windows\System32\IMM32.DLL
0x0000000055dd0000 - 0x0000000055ea2000 	C:\Program Files\Android\Android Studio\jre\jre\bin\msvcr100.dll
0x0000000056840000 - 0x000000005708b000 	C:\Program Files\Android\Android Studio\jre\jre\bin\server\jvm.dll
0x00007ff832140000 - 0x00007ff832148000 	C:\Windows\System32\PSAPI.DLL
0x00007ff828280000 - 0x00007ff828289000 	C:\Windows\SYSTEM32\WSOCK32.dll
0x00007ff82bec0000 - 0x00007ff82beca000 	C:\Windows\SYSTEM32\VERSION.dll
0x00007ff821900000 - 0x00007ff821927000 	C:\Windows\SYSTEM32\WINMM.dll
0x00007ff832a80000 - 0x00007ff832aeb000 	C:\Windows\System32\WS2_32.dll
0x00007ff82a8f0000 - 0x00007ff82a8ff000 	C:\Program Files\Android\Android Studio\jre\jre\bin\verify.dll
0x00007ff81fd80000 - 0x00007ff81fda9000 	C:\Program Files\Android\Android Studio\jre\jre\bin\java.dll
0x00007ff828260000 - 0x00007ff828276000 	C:\Program Files\Android\Android Studio\jre\jre\bin\zip.dll
0x00007ff8331a0000 - 0x00007ff8338e2000 	C:\Windows\System32\SHELL32.dll
0x00007ff82f4a0000 - 0x00007ff82fc30000 	C:\Windows\SYSTEM32\windows.storage.dll
0x00007ff832af0000 - 0x00007ff832e46000 	C:\Windows\System32\combase.dll
0x00007ff830d90000 - 0x00007ff830dbc000 	C:\Windows\SYSTEM32\Wldp.dll
0x00007ff831fc0000 - 0x00007ff83206e000 	C:\Windows\System32\SHCORE.dll
0x00007ff831e20000 - 0x00007ff831e75000 	C:\Windows\System32\shlwapi.dll
0x00007ff831260000 - 0x00007ff831286000 	C:\Windows\SYSTEM32\profapi.dll
0x00007ff828070000 - 0x00007ff82808a000 	C:\Program Files\Android\Android Studio\jre\jre\bin\net.dll
0x00007ff830b10000 - 0x00007ff830b7a000 	C:\Windows\system32\mswsock.dll
0x00007ff81fd60000 - 0x00007ff81fd73000 	C:\Program Files\Android\Android Studio\jre\jre\bin\nio.dll
0x00007ff812940000 - 0x00007ff812967000 	C:\Users\pc\.gradle\native\f6784746aeab05261644944871eae4fe03e0ef1612fff0a4a95f87b438bc6780\windows-amd64\native-platform.dll
0x00007ff82a8c0000 - 0x00007ff82a8cd000 	C:\Program Files\Android\Android Studio\jre\jre\bin\management.dll
0x00007ff830ce0000 - 0x00007ff830cf8000 	C:\Windows\SYSTEM32\CRYPTSP.dll
0x00007ff830440000 - 0x00007ff830474000 	C:\Windows\system32\rsaenh.dll
0x00007ff831b00000 - 0x00007ff831b27000 	C:\Windows\System32\bcrypt.dll
0x00007ff831220000 - 0x00007ff83124e000 	C:\Windows\SYSTEM32\USERENV.dll
0x00007ff831bd0000 - 0x00007ff831c50000 	C:\Windows\System32\bcryptprimitives.dll
0x00007ff830d00000 - 0x00007ff830d0c000 	C:\Windows\SYSTEM32\CRYPTBASE.dll
0x00007ff8307b0000 - 0x00007ff8307eb000 	C:\Windows\SYSTEM32\IPHLPAPI.DLL
0x00007ff833ae0000 - 0x00007ff833ae8000 	C:\Windows\System32\NSI.dll
0x00007ff82bed0000 - 0x00007ff82bee7000 	C:\Windows\SYSTEM32\dhcpcsvc6.DLL
0x00007ff82b9e0000 - 0x00007ff82b9fd000 	C:\Windows\SYSTEM32\dhcpcsvc.DLL
0x00007ff830800000 - 0x00007ff8308cb000 	C:\Windows\SYSTEM32\DNSAPI.dll
0x00007ff82bef0000 - 0x00007ff82befb000 	C:\Windows\SYSTEM32\WINNSI.DLL

VM Arguments:
jvm_args: -Xmx2048m -Dfile.encoding=windows-1252 -Duser.country=MX -Duser.language=es -Duser.variant 
java_command: org.gradle.launcher.daemon.bootstrap.GradleDaemon 6.5
java_class_path (initial): C:\Users\pc\.gradle\wrapper\dists\gradle-6.5-all\2oz4ud9k3tuxjg84bbf55q0tn\gradle-6.5\lib\gradle-launcher-6.5.jar
Launcher Type: SUN_STANDARD

Environment Variables:
PATH=C:\Program Files (x86)\Common Files\Intel\Shared Libraries\redist\intel64\compiler;C:\Windows\system32;C:\Windows;C:\Windows\System32\Wbem;C:\Windows\System32\WindowsPowerShell\v1.0\;C:\Windows\System32\OpenSSH\;C:\Program Files (x86)\NVIDIA Corporation\PhysX\Common;C:\Program Files\NVIDIA Corporation\NVIDIA NvDLISR;C:\Users\pc\AppData\Local\Microsoft\WindowsApps;
USERNAME=pc
OS=Windows_NT
PROCESSOR_IDENTIFIER=AMD64 Family 23 Model 113 Stepping 0, AuthenticAMD



---------------  S Y S T E M  ---------------

OS: Windows 10.0 , 64 bit Build 19041 (10.0.19041.804)

CPU:total 12 (initial active 12) (12 cores per cpu, 1 threads per core) family 23 model 113 stepping 0, cmov, cx8, fxsr, mmx, sse, sse2, sse3, ssse3, sse4.1, sse4.2, popcnt, avx, avx2, aes, clmul, mmxext, 3dnowpref, lzcnt, sse4a, tsc, tscinvbit, tscinv, bmi1

Memory: 4k page, physical 8310100k(737584k free), swap 22881968k(3212k free)

vm_info: OpenJDK 64-Bit Server VM (25.242-b01) for windows-amd64 JRE (1.8.0_242-release-1644-b01), built by "builder" with MS VC++ 10.0 (VS2010)

time: Sat Feb 20 09:06:40 2021
timezone: Hora estándar, América Central
elapsed time: 3 seconds (0d 0h 0m 3s)

