#
# There is insufficient memory for the Java Runtime Environment to continue.
# Native memory allocation (malloc) failed to allocate 427616 bytes for Chunk::new
# Possible reasons:
#   The system is out of physical RAM or swap space
#   The process is running with CompressedOops enabled, and the Java Heap may be blocking the growth of the native heap
# Possible solutions:
#   Reduce memory load on the system
#   Increase physical memory or swap space
#   Check if swap backing store is full
#   Decrease Java heap size (-Xmx/-Xms)
#   Decrease number of Java threads
#   Decrease Java thread stack sizes (-Xss)
#   Set larger code cache with -XX:ReservedCodeCacheSize=
#   JVM is running with Unscaled Compressed Oops mode in which the Java heap is
#     placed in the first 4GB address space. The Java Heap base address is the
#     maximum limit for the native heap growth. Please use -XX:HeapBaseMinAddress
#     to set the Java Heap base and to place the Java Heap above 4GB virtual address.
# This output file may be truncated or incomplete.
#
#  Out of Memory Error (allocation.cpp:389), pid=12416, tid=0x00000000000020e8
#
# JRE version: OpenJDK Runtime Environment (8.0_242-b01) (build 1.8.0_242-release-1644-b01)
# Java VM: OpenJDK 64-Bit Server VM (25.242-b01 mixed mode windows-amd64 compressed oops)
# Failed to write core dump. Minidumps are not enabled by default on client versions of Windows
#

---------------  T H R E A D  ---------------

Current thread (0x0000000019909800):  JavaThread "C2 CompilerThread0" daemon [_thread_in_native, id=8424, stack(0x000000001af80000,0x000000001b080000)]

Stack: [0x000000001af80000,0x000000001b080000]
[error occurred during error reporting (printing stack bounds), id 0xc0000005]

Native frames: (J=compiled Java code, j=interpreted, Vv=VM code, C=native code)


Current CompileTask:
C2:   3553 4885       4       groovy.lang.MetaClassImpl::addMetaMethodToIndex (65 bytes)


---------------  P R O C E S S  ---------------

Java Threads: ( => current thread )
  0x00000000217f6000 JavaThread "Cache worker for Build Output Cleanup Cache (C:\Users\pc\Desktop\App\MatusIntl\.gradle\buildOutputCleanup)" [_thread_blocked, id=20688, stack(0x000000002c1a0000,0x000000002c2a0000)]
  0x00000000217f7000 JavaThread "jar transforms Thread 113" [_thread_blocked, id=6956, stack(0x000000002bea0000,0x000000002bfa0000)]
  0x00000000217f8800 JavaThread "jar transforms Thread 112" [_thread_blocked, id=19376, stack(0x000000002bda0000,0x000000002bea0000)]
  0x0000000021578000 JavaThread "jar transforms Thread 111" [_thread_blocked, id=20840, stack(0x000000002bca0000,0x000000002bda0000)]
  0x0000000021577000 JavaThread "jar transforms Thread 110" [_thread_blocked, id=18732, stack(0x000000002bba0000,0x000000002bca0000)]
  0x0000000021578800 JavaThread "jar transforms Thread 109" [_thread_blocked, id=15320, stack(0x000000002baa0000,0x000000002bba0000)]
  0x0000000021576800 JavaThread "jar transforms Thread 108" [_thread_blocked, id=18996, stack(0x000000002b9a0000,0x000000002baa0000)]
  0x0000000021574000 JavaThread "jar transforms Thread 107" [_thread_blocked, id=16084, stack(0x000000002b8a0000,0x000000002b9a0000)]
  0x0000000021575000 JavaThread "jar transforms Thread 106" [_thread_blocked, id=21460, stack(0x000000002b7a0000,0x000000002b8a0000)]
  0x0000000021575800 JavaThread "jar transforms Thread 105" [_thread_blocked, id=18292, stack(0x000000002b6a0000,0x000000002b7a0000)]
  0x0000000021573800 JavaThread "jar transforms Thread 104" [_thread_blocked, id=15652, stack(0x000000002b5a0000,0x000000002b6a0000)]
  0x0000000021579800 JavaThread "jar transforms Thread 103" [_thread_blocked, id=7652, stack(0x000000002b4a0000,0x000000002b5a0000)]
  0x000000002157a000 JavaThread "jar transforms Thread 102" [_thread_blocked, id=21164, stack(0x000000002b3a0000,0x000000002b4a0000)]
  0x000000002156c000 JavaThread "jar transforms Thread 101" [_thread_blocked, id=20940, stack(0x000000002b2a0000,0x000000002b3a0000)]
  0x0000000021571000 JavaThread "jar transforms Thread 100" [_thread_blocked, id=11228, stack(0x000000002b1a0000,0x000000002b2a0000)]
  0x000000002156f000 JavaThread "jar transforms Thread 99" [_thread_blocked, id=15696, stack(0x000000002b0a0000,0x000000002b1a0000)]
  0x0000000021572800 JavaThread "jar transforms Thread 98" [_thread_blocked, id=18308, stack(0x000000002aea0000,0x000000002afa0000)]
  0x000000002156d800 JavaThread "jar transforms Thread 97" [_thread_blocked, id=12480, stack(0x000000002ada0000,0x000000002aea0000)]
  0x0000000021570800 JavaThread "jar transforms Thread 96" [_thread_blocked, id=15812, stack(0x000000002aca0000,0x000000002ada0000)]
  0x000000002156b000 JavaThread "jar transforms Thread 95" [_thread_blocked, id=19864, stack(0x000000002aba0000,0x000000002aca0000)]
  0x0000000021572000 JavaThread "jar transforms Thread 94" [_thread_blocked, id=18496, stack(0x000000002aaa0000,0x000000002aba0000)]
  0x000000002156e000 JavaThread "jar transforms Thread 93" [_thread_blocked, id=16652, stack(0x000000002a9a0000,0x000000002aaa0000)]
  0x000000002156c800 JavaThread "jar transforms Thread 92" [_thread_blocked, id=6564, stack(0x000000002a8a0000,0x000000002a9a0000)]
  0x000000002156f800 JavaThread "jar transforms Thread 91" [_thread_blocked, id=8152, stack(0x000000002a7a0000,0x000000002a8a0000)]
  0x0000000020377000 JavaThread "jar transforms Thread 90" [_thread_blocked, id=20156, stack(0x000000002a6a0000,0x000000002a7a0000)]
  0x0000000020378800 JavaThread "jar transforms Thread 89" [_thread_blocked, id=21404, stack(0x000000002a5a0000,0x000000002a6a0000)]
  0x0000000020377800 JavaThread "jar transforms Thread 88" [_thread_blocked, id=13844, stack(0x000000002a4a0000,0x000000002a5a0000)]
  0x0000000020376000 JavaThread "jar transforms Thread 87" [_thread_blocked, id=1932, stack(0x000000002a3a0000,0x000000002a4a0000)]
  0x0000000020375800 JavaThread "jar transforms Thread 86" [_thread_blocked, id=9820, stack(0x000000002a2a0000,0x000000002a3a0000)]
  0x0000000020374800 JavaThread "jar transforms Thread 85" [_thread_blocked, id=7584, stack(0x000000002a1a0000,0x000000002a2a0000)]
  0x000000002036d000 JavaThread "jar transforms Thread 84" [_thread_blocked, id=6940, stack(0x000000002a0a0000,0x000000002a1a0000)]
  0x0000000020373000 JavaThread "jar transforms Thread 83" [_thread_blocked, id=18932, stack(0x0000000029fa0000,0x000000002a0a0000)]
  0x0000000020374000 JavaThread "jar transforms Thread 82" [_thread_blocked, id=6420, stack(0x0000000029ea0000,0x0000000029fa0000)]
  0x000000002036e000 JavaThread "jar transforms Thread 81" [_thread_blocked, id=19956, stack(0x0000000029da0000,0x0000000029ea0000)]
  0x000000002036e800 JavaThread "jar transforms Thread 80" [_thread_blocked, id=11124, stack(0x0000000029ca0000,0x0000000029da0000)]
  0x0000000020371800 JavaThread "jar transforms Thread 79" [_thread_blocked, id=4492, stack(0x0000000029ba0000,0x0000000029ca0000)]
  0x000000002036c800 JavaThread "jar transforms Thread 78" [_thread_blocked, id=14036, stack(0x0000000029aa0000,0x0000000029ba0000)]
  0x0000000020372800 JavaThread "jar transforms Thread 77" [_thread_blocked, id=7840, stack(0x00000000299a0000,0x0000000029aa0000)]
  0x000000002036a000 JavaThread "jar transforms Thread 76" [_thread_blocked, id=13800, stack(0x00000000298a0000,0x00000000299a0000)]
  0x0000000020371000 JavaThread "jar transforms Thread 75" [_thread_blocked, id=17448, stack(0x00000000297a0000,0x00000000298a0000)]
  0x0000000020369800 JavaThread "jar transforms Thread 74" [_thread_blocked, id=12748, stack(0x00000000296a0000,0x00000000297a0000)]
  0x0000000020370000 JavaThread "jar transforms Thread 73" [_thread_blocked, id=16944, stack(0x00000000295a0000,0x00000000296a0000)]
  0x000000002036f800 JavaThread "jar transforms Thread 72" [_thread_blocked, id=8448, stack(0x00000000294a0000,0x00000000295a0000)]
  0x000000002036b000 JavaThread "jar transforms Thread 71" [_thread_blocked, id=19984, stack(0x00000000293a0000,0x00000000294a0000)]
  0x000000002036b800 JavaThread "jar transforms Thread 70" [_thread_blocked, id=12544, stack(0x00000000292a0000,0x00000000293a0000)]
  0x0000000021712800 JavaThread "jar transforms Thread 69" [_thread_blocked, id=14212, stack(0x00000000291a0000,0x00000000292a0000)]
  0x0000000021712000 JavaThread "jar transforms Thread 68" [_thread_blocked, id=20876, stack(0x00000000290a0000,0x00000000291a0000)]
  0x0000000021710800 JavaThread "jar transforms Thread 67" [_thread_blocked, id=15388, stack(0x0000000028fa0000,0x00000000290a0000)]
  0x000000002170f800 JavaThread "jar transforms Thread 66" [_thread_blocked, id=1436, stack(0x0000000028ea0000,0x0000000028fa0000)]
  0x0000000021711000 JavaThread "jar transforms Thread 65" [_thread_blocked, id=13488, stack(0x0000000028da0000,0x0000000028ea0000)]
  0x000000002170f000 JavaThread "jar transforms Thread 64" [_thread_blocked, id=16964, stack(0x0000000028ca0000,0x0000000028da0000)]
  0x0000000021707800 JavaThread "jar transforms Thread 63" [_thread_blocked, id=16856, stack(0x0000000028ba0000,0x0000000028ca0000)]
  0x000000002170e000 JavaThread "jar transforms Thread 62" [_thread_blocked, id=21300, stack(0x0000000028aa0000,0x0000000028ba0000)]
  0x000000002170d800 JavaThread "jar transforms Thread 61" [_thread_blocked, id=2180, stack(0x00000000289a0000,0x0000000028aa0000)]
  0x000000002170c800 JavaThread "jar transforms Thread 60" [_thread_blocked, id=10676, stack(0x00000000288a0000,0x00000000289a0000)]
  0x000000002170c000 JavaThread "jar transforms Thread 59" [_thread_blocked, id=7604, stack(0x00000000287a0000,0x00000000288a0000)]
  0x000000002170b000 JavaThread "jar transforms Thread 58" [_thread_blocked, id=13240, stack(0x00000000286a0000,0x00000000287a0000)]
  0x0000000021705000 JavaThread "jar transforms Thread 57" [_thread_blocked, id=11160, stack(0x00000000285a0000,0x00000000286a0000)]
  0x0000000021706800 JavaThread "jar transforms Thread 56" [_thread_blocked, id=19996, stack(0x00000000284a0000,0x00000000285a0000)]
  0x0000000021704800 JavaThread "jar transforms Thread 55" [_thread_blocked, id=11360, stack(0x00000000283a0000,0x00000000284a0000)]
  0x0000000021708000 JavaThread "jar transforms Thread 54" [_thread_blocked, id=21152, stack(0x00000000282a0000,0x00000000283a0000)]
  0x0000000021709800 JavaThread "jar transforms Thread 53" [_thread_blocked, id=12972, stack(0x00000000281a0000,0x00000000282a0000)]
  0x0000000021706000 JavaThread "jar transforms Thread 52" [_thread_blocked, id=11856, stack(0x00000000280a0000,0x00000000281a0000)]
  0x0000000021709000 JavaThread "jar transforms Thread 51" [_thread_blocked, id=20632, stack(0x0000000027fa0000,0x00000000280a0000)]
  0x0000000021703800 JavaThread "jar transforms Thread 50" [_thread_blocked, id=17864, stack(0x0000000027ea0000,0x0000000027fa0000)]
  0x000000002170a800 JavaThread "jar transforms Thread 49" [_thread_blocked, id=14796, stack(0x0000000027da0000,0x0000000027ea0000)]
  0x000000002183b000 JavaThread "jar transforms Thread 48" [_thread_blocked, id=13076, stack(0x0000000027ca0000,0x0000000027da0000)]
  0x000000002183b800 JavaThread "jar transforms Thread 47" [_thread_blocked, id=17644, stack(0x0000000027ba0000,0x0000000027ca0000)]
  0x000000002183a000 JavaThread "jar transforms Thread 46" [_thread_blocked, id=1928, stack(0x0000000027aa0000,0x0000000027ba0000)]
  0x0000000021839800 JavaThread "jar transforms Thread 45" [_thread_blocked, id=16912, stack(0x00000000279a0000,0x0000000027aa0000)]
  0x0000000021838800 JavaThread "jar transforms Thread 44" [_thread_blocked, id=16908, stack(0x00000000278a0000,0x00000000279a0000)]
  0x0000000021838000 JavaThread "jar transforms Thread 43" [_thread_blocked, id=2484, stack(0x00000000277a0000,0x00000000278a0000)]
  0x0000000021835800 JavaThread "jar transforms Thread 42" [_thread_blocked, id=8596, stack(0x00000000276a0000,0x00000000277a0000)]
  0x0000000021837000 JavaThread "jar transforms Thread 41" [_thread_blocked, id=14972, stack(0x00000000275a0000,0x00000000276a0000)]
  0x0000000021836800 JavaThread "jar transforms Thread 40" [_thread_blocked, id=9620, stack(0x00000000274a0000,0x00000000275a0000)]
  0x000000002182e000 JavaThread "jar transforms Thread 39" [_thread_blocked, id=9056, stack(0x00000000273a0000,0x00000000274a0000)]
  0x0000000021835000 JavaThread "jar transforms Thread 38" [_thread_blocked, id=15044, stack(0x00000000272a0000,0x00000000273a0000)]
  0x0000000021834000 JavaThread "jar transforms Thread 37" [_thread_blocked, id=12540, stack(0x00000000271a0000,0x00000000272a0000)]
  0x000000002182c800 JavaThread "jar transforms Thread 36" [_thread_blocked, id=6348, stack(0x00000000270a0000,0x00000000271a0000)]
  0x0000000021832800 JavaThread "jar transforms Thread 35" [_thread_blocked, id=20784, stack(0x0000000026fa0000,0x00000000270a0000)]
  0x0000000021832000 JavaThread "jar transforms Thread 34" [_thread_blocked, id=6080, stack(0x0000000026ea0000,0x0000000026fa0000)]
  0x0000000021833800 JavaThread "jar transforms Thread 33" [_thread_blocked, id=12720, stack(0x0000000026da0000,0x0000000026ea0000)]
  0x0000000021831000 JavaThread "jar transforms Thread 32" [_thread_blocked, id=3656, stack(0x0000000026ca0000,0x0000000026da0000)]
  0x0000000021830800 JavaThread "jar transforms Thread 31" [_thread_blocked, id=4824, stack(0x0000000026ba0000,0x0000000026ca0000)]
  0x000000002182d800 JavaThread "jar transforms Thread 30" [_thread_blocked, id=10732, stack(0x0000000026aa0000,0x0000000026ba0000)]
  0x000000002182f800 JavaThread "jar transforms Thread 29" [_thread_blocked, id=13560, stack(0x00000000269a0000,0x0000000026aa0000)]
  0x000000002182f000 JavaThread "jar transforms Thread 28" [_thread_blocked, id=5588, stack(0x00000000268a0000,0x00000000269a0000)]
  0x0000000020107000 JavaThread "jar transforms Thread 27" [_thread_blocked, id=6432, stack(0x00000000267a0000,0x00000000268a0000)]
  0x0000000020106800 JavaThread "jar transforms Thread 26" [_thread_blocked, id=2532, stack(0x00000000266a0000,0x00000000267a0000)]
  0x0000000020105000 JavaThread "jar transforms Thread 25" [_thread_blocked, id=12404, stack(0x00000000265a0000,0x00000000266a0000)]
  0x0000000020109800 JavaThread "jar transforms Thread 24" [_thread_blocked, id=20356, stack(0x00000000264a0000,0x00000000265a0000)]
  0x0000000020108800 JavaThread "jar transforms Thread 23" [_thread_blocked, id=17228, stack(0x00000000263a0000,0x00000000264a0000)]
  0x0000000020104000 JavaThread "jar transforms Thread 22" [_thread_blocked, id=13884, stack(0x00000000262a0000,0x00000000263a0000)]
  0x0000000020105800 JavaThread "jar transforms Thread 21" [_thread_blocked, id=15896, stack(0x00000000261a0000,0x00000000262a0000)]
  0x0000000020108000 JavaThread "jar transforms Thread 20" [_thread_blocked, id=13984, stack(0x00000000260a0000,0x00000000261a0000)]
  0x00000000200fc800 JavaThread "jar transforms Thread 19" [_thread_blocked, id=19868, stack(0x0000000025fa0000,0x00000000260a0000)]
  0x00000000200fd800 JavaThread "jar transforms Thread 18" [_thread_blocked, id=13536, stack(0x0000000025ea0000,0x0000000025fa0000)]
  0x0000000020103800 JavaThread "jar transforms Thread 17" [_thread_blocked, id=12596, stack(0x0000000025da0000,0x0000000025ea0000)]
  0x00000000200ff000 JavaThread "jar transforms Thread 16" [_thread_blocked, id=11424, stack(0x0000000025ca0000,0x0000000025da0000)]
  0x0000000020102800 JavaThread "jar transforms Thread 15" [_thread_blocked, id=21368, stack(0x0000000025ba0000,0x0000000025ca0000)]
  0x0000000020100800 JavaThread "jar transforms Thread 14" [_thread_blocked, id=14448, stack(0x0000000025aa0000,0x0000000025ba0000)]
  0x0000000020101000 JavaThread "jar transforms Thread 13" [_thread_blocked, id=1536, stack(0x00000000259a0000,0x0000000025aa0000)]
  0x00000000200ff800 JavaThread "jar transforms Thread 12" [_thread_blocked, id=12820, stack(0x00000000258a0000,0x00000000259a0000)]
  0x0000000020102000 JavaThread "jar transforms Thread 11" [_thread_blocked, id=10388, stack(0x00000000257a0000,0x00000000258a0000)]
  0x00000000200fa800 JavaThread "jar transforms Thread 10" [_thread_blocked, id=18340, stack(0x00000000256a0000,0x00000000257a0000)]
  0x00000000200fc000 JavaThread "jar transforms Thread 9" [_thread_blocked, id=1112, stack(0x00000000255a0000,0x00000000256a0000)]
  0x00000000200fe000 JavaThread "jar transforms Thread 8" [_thread_blocked, id=17924, stack(0x00000000254a0000,0x00000000255a0000)]
  0x00000000200fb000 JavaThread "jar transforms Thread 7" [_thread_blocked, id=8468, stack(0x00000000253a0000,0x00000000254a0000)]
  0x00000000202a5000 JavaThread "jar transforms Thread 6" [_thread_blocked, id=10952, stack(0x00000000252a0000,0x00000000253a0000)]
  0x000000002029d800 JavaThread "jar transforms Thread 5" [_thread_blocked, id=12636, stack(0x00000000251a0000,0x00000000252a0000)]
  0x00000000202a4800 JavaThread "jar transforms Thread 4" [_thread_blocked, id=12252, stack(0x00000000250a0000,0x00000000251a0000)]
  0x00000000202a2000 JavaThread "jar transforms Thread 3" [_thread_blocked, id=12292, stack(0x0000000024fa0000,0x00000000250a0000)]
  0x00000000202a1800 JavaThread "jar transforms Thread 2" [_thread_blocked, id=17836, stack(0x0000000024ea0000,0x0000000024fa0000)]
  0x00000000202a0000 JavaThread "Build operations Thread 12" [_thread_blocked, id=17624, stack(0x0000000024ba0000,0x0000000024ca0000)]
  0x00000000202a3800 JavaThread "Build operations Thread 11" [_thread_blocked, id=2788, stack(0x0000000024aa0000,0x0000000024ba0000)]
  0x000000002029f000 JavaThread "Build operations Thread 10" [_thread_blocked, id=2676, stack(0x00000000249a0000,0x0000000024aa0000)]
  0x000000002029d000 JavaThread "Build operations Thread 9" [_thread_blocked, id=20808, stack(0x00000000248a0000,0x00000000249a0000)]
  0x00000000202a3000 JavaThread "Build operations Thread 8" [_thread_blocked, id=1216, stack(0x00000000247a0000,0x00000000248a0000)]
  0x00000000202a0800 JavaThread "Build operations Thread 7" [_thread_blocked, id=10412, stack(0x00000000246a0000,0x00000000247a0000)]
  0x000000002029e800 JavaThread "Build operations Thread 6" [_thread_blocked, id=21296, stack(0x00000000244a0000,0x00000000245a0000)]
  0x0000000020296000 JavaThread "Build operations Thread 5" [_thread_blocked, id=20820, stack(0x00000000243a0000,0x00000000244a0000)]
  0x000000002029c000 JavaThread "Build operations Thread 4" [_thread_blocked, id=16368, stack(0x00000000242a0000,0x00000000243a0000)]
  0x000000002029b800 JavaThread "Build operations Thread 3" [_thread_blocked, id=4780, stack(0x00000000241a0000,0x00000000242a0000)]
  0x000000002029a800 JavaThread "Build operations Thread 2" [_thread_blocked, id=4360, stack(0x00000000240a0000,0x00000000241a0000)]
  0x000000002029a000 JavaThread "Build operations" [_thread_blocked, id=10600, stack(0x0000000023fa0000,0x00000000240a0000)]
  0x000000001d162000 JavaThread "Cache worker for file content cache (C:\Users\pc\.gradle\caches\6.5\fileContent)" [_thread_blocked, id=19524, stack(0x00000000228d0000,0x00000000229d0000)]
  0x000000001d166000 JavaThread "jar transforms" [_thread_blocked, id=9656, stack(0x00000000223d0000,0x00000000224d0000)]
  0x000000001d164800 JavaThread "Cache worker for execution history cache (C:\Users\pc\.gradle\caches\6.5\executionHistory)" [_thread_blocked, id=13572, stack(0x00000000220d0000,0x00000000221d0000)]
  0x000000001d166800 JavaThread "Cache worker for cache directory md-rule (C:\Users\pc\.gradle\caches\6.5\md-rule)" [_thread_blocked, id=21268, stack(0x0000000021fd0000,0x00000000220d0000)]
  0x000000001d168000 JavaThread "Cache worker for cache directory md-supplier (C:\Users\pc\.gradle\caches\6.5\md-supplier)" [_thread_blocked, id=10744, stack(0x0000000021ed0000,0x0000000021fd0000)]
  0x000000001d163800 JavaThread "Cache worker for checksums cache (C:\Users\pc\Desktop\App\MatusIntl\.gradle\checksums)" [_thread_blocked, id=8184, stack(0x0000000021dd0000,0x0000000021ed0000)]
  0x000000001d163000 JavaThread "Cache worker for file hash cache (C:\Users\pc\Desktop\App\MatusIntl\.gradle\6.5\fileHashes)" [_thread_blocked, id=19536, stack(0x0000000021870000,0x0000000021970000)]
  0x000000001d165000 JavaThread "Cache worker for file hash cache (C:\Users\pc\.gradle\caches\6.5\fileHashes)" [_thread_blocked, id=3824, stack(0x00000000205a0000,0x00000000206a0000)]
  0x000000001d167800 JavaThread "File lock request listener" [_thread_in_native, id=13676, stack(0x000000001f4d0000,0x000000001f5d0000)]
  0x000000001b89b800 JavaThread "Cache worker for journal cache (C:\Users\pc\.gradle\caches\journal-1)" [_thread_blocked, id=17024, stack(0x000000001f3d0000,0x000000001f4d0000)]
  0x000000001d139800 JavaThread "Thread-9" [_thread_blocked, id=3244, stack(0x000000001f0d0000,0x000000001f1d0000)]
  0x000000001d14f800 JavaThread "Stdin handler" [_thread_blocked, id=20212, stack(0x000000001efd0000,0x000000001f0d0000)]
  0x000000001d12b000 JavaThread "Asynchronous log dispatcher for DefaultDaemonConnection: socket connection from /127.0.0.1:64625 to /127.0.0.1:64626" [_thread_blocked, id=20720, stack(0x000000001eed0000,0x000000001efd0000)]
  0x000000001d14c000 JavaThread "Daemon worker" [_thread_in_Java, id=19412, stack(0x000000001edd0000,0x000000001eed0000)]
  0x000000001d189000 JavaThread "Cancel handler" [_thread_blocked, id=21420, stack(0x000000001ecd0000,0x000000001edd0000)]
  0x000000001d11c000 JavaThread "Handler for socket connection from /127.0.0.1:64625 to /127.0.0.1:64626" [_thread_in_native, id=15164, stack(0x000000001ebd0000,0x000000001ecd0000)]
  0x000000001d113800 JavaThread "Daemon" [_thread_blocked, id=13796, stack(0x000000001ead0000,0x000000001ebd0000)]
  0x000000001d105000 JavaThread "Daemon periodic checks" [_thread_blocked, id=20300, stack(0x000000001e7d0000,0x000000001e8d0000)]
  0x000000001cfda000 JavaThread "Incoming local TCP Connector on port 64625" [_thread_in_native, id=3928, stack(0x000000001e560000,0x000000001e660000)]
  0x000000001d01e800 JavaThread "Daemon health stats" [_thread_blocked, id=15240, stack(0x000000001df20000,0x000000001e020000)]
  0x0000000019992800 JavaThread "Service Thread" daemon [_thread_blocked, id=12420, stack(0x000000001b380000,0x000000001b480000)]
  0x000000001991a000 JavaThread "C1 CompilerThread3" daemon [_thread_blocked, id=17388, stack(0x000000001b280000,0x000000001b380000)]
  0x0000000019918000 JavaThread "C2 CompilerThread2" daemon [_thread_in_native, id=20016, stack(0x000000001b180000,0x000000001b280000)]
  0x000000001990f800 JavaThread "C2 CompilerThread1" daemon [_thread_in_native, id=4356, stack(0x000000001b080000,0x000000001b180000)]
=>0x0000000019909800 JavaThread "C2 CompilerThread0" daemon [_thread_in_native, id=8424, stack(0x000000001af80000,0x000000001b080000)]
  0x0000000019907800 JavaThread "Attach Listener" daemon [_thread_blocked, id=13452, stack(0x000000001ae80000,0x000000001af80000)]
  0x0000000019906800 JavaThread "Signal Dispatcher" daemon [_thread_blocked, id=19816, stack(0x000000001ad80000,0x000000001ae80000)]
  0x0000000002f5d800 JavaThread "Finalizer" daemon [_thread_blocked, id=3392, stack(0x000000001ab50000,0x000000001ac50000)]
  0x00000000198f3000 JavaThread "Reference Handler" daemon [_thread_blocked, id=14848, stack(0x000000001aa50000,0x000000001ab50000)]
  0x0000000002e4d800 JavaThread "main" [_thread_blocked, id=19708, stack(0x0000000002d40000,0x0000000002e40000)]

Other Threads:
  0x0000000002f56800 VMThread [stack: 0x000000001a950000,0x000000001aa50000] [id=9500]
  0x0000000019926800 WatcherThread [stack: 0x000000001b480000,0x000000001b580000] [id=13516]

VM state:not at safepoint (normal execution)

VM Mutex/Monitor currently owned by a thread: None

heap address: 0x0000000080000000, size: 2048 MB, Compressed Oops mode: 32-bit
Narrow klass base: 0x0000000000000000, Narrow klass shift: 3
Compressed class space size: 1073741824 Address: 0x0000000100000000

Heap:
 PSYoungGen      total 144896K, used 43601K [0x00000000d5580000, 0x00000000df300000, 0x0000000100000000)
  eden space 132096K, 23% used [0x00000000d5580000,0x00000000d7395290,0x00000000dd680000)
  from space 12800K, 99% used [0x00000000dda00000,0x00000000de67f2e8,0x00000000de680000)
  to   space 5120K, 0% used [0x00000000dee00000,0x00000000dee00000,0x00000000df300000)
 ParOldGen       total 60928K, used 22518K [0x0000000080000000, 0x0000000083b80000, 0x00000000d5580000)
  object space 60928K, 36% used [0x0000000080000000,0x00000000815fd920,0x0000000083b80000)
 Metaspace       used 52297K, capacity 54455K, committed 54568K, reserved 1095680K
  class space    used 6979K, capacity 7418K, committed 7472K, reserved 1048576K

Card table byte_map: [0x0000000012330000,0x0000000012740000] byte_map_base: 0x0000000011f30000

Marking Bits: (ParMarkBitMap*) 0x000000005700f030
 Begin Bits: [0x00000000133f0000, 0x00000000153f0000)
 End Bits:   [0x00000000153f0000, 0x00000000173f0000)

Polling page: 0x0000000001500000

CodeCache: size=245760Kb used=16739Kb max_used=16739Kb free=229020Kb
 bounds [0x0000000002f70000, 0x0000000003fe0000, 0x0000000011f70000]
 total_blobs=5628 nmethods=4864 adapters=675
 compilation: enabled

Compilation events (10 events):
Event: 3.549 Thread 0x000000001990f800 nmethod 4894 0x0000000003fafd10 code [0x0000000003fafe60, 0x0000000003fb0358]
Event: 3.549 Thread 0x000000001990f800 4896       4       java.lang.Class::getTypeParameters (25 bytes)
Event: 3.550 Thread 0x000000001991a000 nmethod 4897 0x0000000003fc0190 code [0x0000000003fc07c0, 0x0000000003fc5118]
Event: 3.550 Thread 0x000000001991a000 4901       3       groovy.lang.MetaMethod::equal (38 bytes)
Event: 3.550 Thread 0x000000001991a000 nmethod 4901 0x0000000003faf7d0 code [0x0000000003faf940, 0x0000000003fafbf0]
Event: 3.550 Thread 0x000000001991a000 4898       3       java.beans.PropertyDescriptor::isAssignable (148 bytes)
Event: 3.552 Thread 0x000000001991a000 nmethod 4898 0x0000000003fc7f50 code [0x0000000003fc85c0, 0x0000000003fccf38]
Event: 3.552 Thread 0x000000001991a000 4899       3       java.beans.PropertyDescriptor::setPropertyEditorClass (9 bytes)
Event: 3.552 Thread 0x000000001991a000 nmethod 4899 0x0000000003fbcbd0 code [0x0000000003fbcd60, 0x0000000003fbd0e8]
Event: 3.552 Thread 0x000000001991a000 4902       3       java.lang.ClassValue$ClassValueMap::probeBackupLocations (151 bytes)

GC Heap History (10 events):
Event: 2.081 GC heap before
{Heap before GC invocations=9 (full 1):
 PSYoungGen      total 76800K, used 74671K [0x00000000d5580000, 0x00000000dd100000, 0x0000000100000000)
  eden space 66048K, 100% used [0x00000000d5580000,0x00000000d9600000,0x00000000d9600000)
  from space 10752K, 80% used [0x00000000d9600000,0x00000000d9e6bcf8,0x00000000da080000)
  to   space 11264K, 0% used [0x00000000dc600000,0x00000000dc600000,0x00000000dd100000)
 ParOldGen       total 60928K, used 9040K [0x0000000080000000, 0x0000000083b80000, 0x00000000d5580000)
  object space 60928K, 14% used [0x0000000080000000,0x00000000808d41a0,0x0000000083b80000)
 Metaspace       used 32869K, capacity 33910K, committed 33968K, reserved 1079296K
  class space    used 4481K, capacity 4764K, committed 4784K, reserved 1048576K
Event: 2.086 GC heap after
Heap after GC invocations=9 (full 1):
 PSYoungGen      total 114176K, used 10128K [0x00000000d5580000, 0x00000000dd300000, 0x0000000100000000)
  eden space 102912K, 0% used [0x00000000d5580000,0x00000000d5580000,0x00000000dba00000)
  from space 11264K, 89% used [0x00000000dc600000,0x00000000dcfe4320,0x00000000dd100000)
  to   space 12288K, 0% used [0x00000000dba00000,0x00000000dba00000,0x00000000dc600000)
 ParOldGen       total 60928K, used 9048K [0x0000000080000000, 0x0000000083b80000, 0x00000000d5580000)
  object space 60928K, 14% used [0x0000000080000000,0x00000000808d61a0,0x0000000083b80000)
 Metaspace       used 32869K, capacity 33910K, committed 33968K, reserved 1079296K
  class space    used 4481K, capacity 4764K, committed 4784K, reserved 1048576K
}
Event: 2.192 GC heap before
{Heap before GC invocations=10 (full 1):
 PSYoungGen      total 114176K, used 41699K [0x00000000d5580000, 0x00000000dd300000, 0x0000000100000000)
  eden space 102912K, 30% used [0x00000000d5580000,0x00000000d7454b80,0x00000000dba00000)
  from space 11264K, 89% used [0x00000000dc600000,0x00000000dcfe4320,0x00000000dd100000)
  to   space 12288K, 0% used [0x00000000dba00000,0x00000000dba00000,0x00000000dc600000)
 ParOldGen       total 60928K, used 9048K [0x0000000080000000, 0x0000000083b80000, 0x00000000d5580000)
  object space 60928K, 14% used [0x0000000080000000,0x00000000808d61a0,0x0000000083b80000)
 Metaspace       used 34222K, capacity 35441K, committed 35496K, reserved 1079296K
  class space    used 4700K, capacity 4985K, committed 5040K, reserved 1048576K
Event: 2.198 GC heap after
Heap after GC invocations=10 (full 1):
 PSYoungGen      total 115200K, used 9369K [0x00000000d5580000, 0x00000000dfa80000, 0x0000000100000000)
  eden space 102912K, 0% used [0x00000000d5580000,0x00000000d5580000,0x00000000dba00000)
  from space 12288K, 76% used [0x00000000dba00000,0x00000000dc3266a0,0x00000000dc600000)
  to   space 12800K, 0% used [0x00000000dee00000,0x00000000dee00000,0x00000000dfa80000)
 ParOldGen       total 60928K, used 9056K [0x0000000080000000, 0x0000000083b80000, 0x00000000d5580000)
  object space 60928K, 14% used [0x0000000080000000,0x00000000808d81a0,0x0000000083b80000)
 Metaspace       used 34222K, capacity 35441K, committed 35496K, reserved 1079296K
  class space    used 4700K, capacity 4985K, committed 5040K, reserved 1048576K
}
Event: 2.198 GC heap before
{Heap before GC invocations=11 (full 2):
 PSYoungGen      total 115200K, used 9369K [0x00000000d5580000, 0x00000000dfa80000, 0x0000000100000000)
  eden space 102912K, 0% used [0x00000000d5580000,0x00000000d5580000,0x00000000dba00000)
  from space 12288K, 76% used [0x00000000dba00000,0x00000000dc3266a0,0x00000000dc600000)
  to   space 12800K, 0% used [0x00000000dee00000,0x00000000dee00000,0x00000000dfa80000)
 ParOldGen       total 60928K, used 9056K [0x0000000080000000, 0x0000000083b80000, 0x00000000d5580000)
  object space 60928K, 14% used [0x0000000080000000,0x00000000808d81a0,0x0000000083b80000)
 Metaspace       used 34222K, capacity 35441K, committed 35496K, reserved 1079296K
  class space    used 4700K, capacity 4985K, committed 5040K, reserved 1048576K
Event: 2.229 GC heap after
Heap after GC invocations=11 (full 2):
 PSYoungGen      total 115200K, used 0K [0x00000000d5580000, 0x00000000dfa80000, 0x0000000100000000)
  eden space 102912K, 0% used [0x00000000d5580000,0x00000000d5580000,0x00000000dba00000)
  from space 12288K, 0% used [0x00000000dba00000,0x00000000dba00000,0x00000000dc600000)
  to   space 12800K, 0% used [0x00000000dee00000,0x00000000dee00000,0x00000000dfa80000)
 ParOldGen       total 60928K, used 15715K [0x0000000080000000, 0x0000000083b80000, 0x00000000d5580000)
  object space 60928K, 25% used [0x0000000080000000,0x0000000080f58db0,0x0000000083b80000)
 Metaspace       used 34222K, capacity 35441K, committed 35496K, reserved 1079296K
  class space    used 4700K, capacity 4985K, committed 5040K, reserved 1048576K
}
Event: 2.504 GC heap before
{Heap before GC invocations=12 (full 2):
 PSYoungGen      total 115200K, used 102912K [0x00000000d5580000, 0x00000000dfa80000, 0x0000000100000000)
  eden space 102912K, 100% used [0x00000000d5580000,0x00000000dba00000,0x00000000dba00000)
  from space 12288K, 0% used [0x00000000dba00000,0x00000000dba00000,0x00000000dc600000)
  to   space 12800K, 0% used [0x00000000dee00000,0x00000000dee00000,0x00000000dfa80000)
 ParOldGen       total 60928K, used 15715K [0x0000000080000000, 0x0000000083b80000, 0x00000000d5580000)
  object space 60928K, 25% used [0x0000000080000000,0x0000000080f58db0,0x0000000083b80000)
 Metaspace       used 36674K, capacity 38351K, committed 38696K, reserved 1083392K
  class space    used 5044K, capacity 5342K, committed 5424K, reserved 1048576K
Event: 2.508 GC heap after
Heap after GC invocations=12 (full 2):
 PSYoungGen      total 137216K, used 4907K [0x00000000d5580000, 0x00000000df300000, 0x0000000100000000)
  eden space 132096K, 0% used [0x00000000d5580000,0x00000000d5580000,0x00000000dd680000)
  from space 5120K, 95% used [0x00000000dee00000,0x00000000df2cadd0,0x00000000df300000)
  to   space 12800K, 0% used [0x00000000dda00000,0x00000000dda00000,0x00000000de680000)
 ParOldGen       total 60928K, used 15723K [0x0000000080000000, 0x0000000083b80000, 0x00000000d5580000)
  object space 60928K, 25% used [0x0000000080000000,0x0000000080f5adb0,0x0000000083b80000)
 Metaspace       used 36674K, capacity 38351K, committed 38696K, reserved 1083392K
  class space    used 5044K, capacity 5342K, committed 5424K, reserved 1048576K
}
Event: 3.349 GC heap before
{Heap before GC invocations=13 (full 2):
 PSYoungGen      total 137216K, used 137003K [0x00000000d5580000, 0x00000000df300000, 0x0000000100000000)
  eden space 132096K, 100% used [0x00000000d5580000,0x00000000dd680000,0x00000000dd680000)
  from space 5120K, 95% used [0x00000000dee00000,0x00000000df2cadd0,0x00000000df300000)
  to   space 12800K, 0% used [0x00000000dda00000,0x00000000dda00000,0x00000000de680000)
 ParOldGen       total 60928K, used 15723K [0x0000000080000000, 0x0000000083b80000, 0x00000000d5580000)
  object space 60928K, 25% used [0x0000000080000000,0x0000000080f5adb0,0x0000000083b80000)
 Metaspace       used 50150K, capacity 52215K, committed 52520K, reserved 1095680K
  class space    used 6706K, capacity 7094K, committed 7216K, reserved 1048576K
Event: 3.359 GC heap after
Heap after GC invocations=13 (full 2):
 PSYoungGen      total 144896K, used 12796K [0x00000000d5580000, 0x00000000df300000, 0x0000000100000000)
  eden space 132096K, 0% used [0x00000000d5580000,0x00000000d5580000,0x00000000dd680000)
  from space 12800K, 99% used [0x00000000dda00000,0x00000000de67f2e8,0x00000000de680000)
  to   space 5120K, 0% used [0x00000000dee00000,0x00000000dee00000,0x00000000df300000)
 ParOldGen       total 60928K, used 22518K [0x0000000080000000, 0x0000000083b80000, 0x00000000d5580000)
  object space 60928K, 36% used [0x0000000080000000,0x00000000815fd920,0x0000000083b80000)
 Metaspace       used 50150K, capacity 52215K, committed 52520K, reserved 1095680K
  class space    used 6706K, capacity 7094K, committed 7216K, reserved 1048576K
}

Deoptimization events (10 events):
Event: 3.420 Thread 0x000000001d14c000 Uncommon trap: reason=bimorphic action=maybe_recompile pc=0x0000000003d4bd50 method=java.util.Hashtable.get(Ljava/lang/Object;)Ljava/lang/Object; @ 6
Event: 3.420 Thread 0x000000001d14c000 Uncommon trap: reason=bimorphic action=maybe_recompile pc=0x0000000003d4bd50 method=java.util.Hashtable.get(Ljava/lang/Object;)Ljava/lang/Object; @ 6
Event: 3.429 Thread 0x000000001d14c000 Uncommon trap: reason=range_check action=make_not_entrant pc=0x0000000003bc7054 method=java.lang.String.charAt(I)C @ 27
Event: 3.429 Thread 0x000000001d14c000 Uncommon trap: reason=unstable_if action=reinterpret pc=0x000000000313fea4 method=java.lang.String.replace(CC)Ljava/lang/String; @ 2
Event: 3.431 Thread 0x000000001d14c000 Uncommon trap: reason=bimorphic action=maybe_recompile pc=0x0000000003be6484 method=org.codehaus.groovy.runtime.metaclass.MetaMethodIndex.addMethodToList(Ljava/lang/Object;Lgroovy/lang/MetaMethod;)Ljava/lang/Object; @ 96
Event: 3.431 Thread 0x000000001d14c000 Uncommon trap: reason=unstable_if action=reinterpret pc=0x0000000003be63d8 method=org.codehaus.groovy.runtime.metaclass.MetaMethodIndex.isNonRealMethod(Lgroovy/lang/MetaMethod;)Z @ 4
Event: 3.431 Thread 0x000000001d14c000 Uncommon trap: reason=unstable_if action=reinterpret pc=0x0000000003a9708c method=groovy.lang.MetaClassImpl$1MOPIter.methodNameAction(Ljava/lang/Class;Lorg/codehaus/groovy/runtime/metaclass/MetaMethodIndex$Entry;)V @ 182
Event: 3.484 Thread 0x000000001d14c000 Uncommon trap: reason=unstable_if action=reinterpret pc=0x0000000003330184 method=java.lang.String.lastIndexOf([CII[CIII)I @ 17
Event: 3.484 Thread 0x000000001d14c000 Uncommon trap: reason=unstable_if action=reinterpret pc=0x0000000003666450 method=sun.net.www.protocol.jar.Handler.parseURL(Ljava/net/URL;Ljava/lang/String;II)V @ 116
Event: 3.552 Thread 0x000000001d14c000 Uncommon trap: reason=null_check action=make_not_entrant pc=0x0000000003729510 method=java.lang.Class.searchMethods([Ljava/lang/reflect/Method;Ljava/lang/String;[Ljava/lang/Class;)Ljava/lang/reflect/Method; @ 59

Classes redefined (0 events):
No events

Internal exceptions (10 events):
Event: 3.543 Thread 0x000000001d14c000 Exception <a 'java/lang/ClassNotFoundException': com/android/build/gradle/AppExtensionBeanInfo> (0x00000000d6d76960) thrown at [C:\src\AOSP-openjdk-git\hotspot\src\share\vm\classfile\systemDictionary.cpp, line 210]
Event: 3.543 Thread 0x000000001d14c000 Exception <a 'java/lang/ClassNotFoundException': com/android/build/gradle/AbstractAppExtensionBeanInfo> (0x00000000d6d948f8) thrown at [C:\src\AOSP-openjdk-git\hotspot\src\share\vm\classfile\systemDictionary.cpp, line 210]
Event: 3.544 Thread 0x000000001d14c000 Exception <a 'java/lang/ClassNotFoundException': com/android/build/gradle/TestedExtensionBeanInfo> (0x00000000d6db0b00) thrown at [C:\src\AOSP-openjdk-git\hotspot\src\share\vm\classfile\systemDictionary.cpp, line 210]
Event: 3.544 Thread 0x000000001d14c000 Exception <a 'java/lang/ClassNotFoundException': com/android/build/gradle/BaseExtensionBeanInfo> (0x00000000d6dcbe30) thrown at [C:\src\AOSP-openjdk-git\hotspot\src\share\vm\classfile\systemDictionary.cpp, line 210]
Event: 3.544 Thread 0x000000001d14c000 Exception <a 'java/lang/ClassNotFoundException': com/android/build/gradle/BaseExtensionCustomizer> (0x00000000d6de7f68) thrown at [C:\src\AOSP-openjdk-git\hotspot\src\share\vm\classfile\systemDictionary.cpp, line 210]
Event: 3.545 Thread 0x000000001d14c000 Exception <a 'java/lang/ClassNotFoundException': com/android/build/gradle/TestedExtensionCustomizer> (0x00000000d6e7f4a0) thrown at [C:\src\AOSP-openjdk-git\hotspot\src\share\vm\classfile\systemDictionary.cpp, line 210]
Event: 3.545 Thread 0x000000001d14c000 Exception <a 'java/lang/ClassNotFoundException': com/android/build/gradle/AbstractAppExtensionCustomizer> (0x00000000d6ebb0a0) thrown at [C:\src\AOSP-openjdk-git\hotspot\src\share\vm\classfile\systemDictionary.cpp, line 210]
Event: 3.546 Thread 0x000000001d14c000 Exception <a 'java/lang/ClassNotFoundException': com/android/build/gradle/AppExtensionCustomizer> (0x00000000d6eefe30) thrown at [C:\src\AOSP-openjdk-git\hotspot\src\share\vm\classfile\systemDictionary.cpp, line 210]
Event: 3.546 Thread 0x000000001d14c000 Exception <a 'java/lang/ClassNotFoundException': com/android/build/gradle/internal/dsl/BaseAppModuleExtensionCustomizer> (0x00000000d6f2a548) thrown at [C:\src\AOSP-openjdk-git\hotspot\src\share\vm\classfile\systemDictionary.cpp, line 210]
Event: 3.548 Thread 0x000000001d14c000 Exception <a 'java/lang/ClassNotFoundException': com/android/build/gradle/internal/dsl/BaseAppModuleExtension_DecoratedCustomizer> (0x00000000d7044d98) thrown at [C:\src\AOSP-openjdk-git\hotspot\src\share\vm\classfile\systemDictionary.cpp, line 210]

Events (10 events):
Event: 3.548 loading class com/android/build/gradle/internal/dsl/BaseAppModuleExtension_DecoratedCustomizer done
Event: 3.550 loading class groovy/runtime/metaclass/build_rokwevodfsd4blj7toy3nn5e$_run_closure1$_closure3MetaClass
Event: 3.550 loading class groovy/runtime/metaclass/build_rokwevodfsd4blj7toy3nn5e$_run_closure1$_closure3MetaClass done
Event: 3.550 loading class org/gradle/util/ConfigureUtil
Event: 3.550 loading class org/gradle/util/ConfigureUtil done
Event: 3.551 loading class groovy/runtime/metaclass/com/android/build/gradle/internal/dsl/DefaultConfig_DecoratedMetaClass
Event: 3.551 loading class groovy/runtime/metaclass/com/android/build/gradle/internal/dsl/DefaultConfig_DecoratedMetaClass done
Event: 3.552 Thread 0x000000001d14c000 Uncommon trap: trap_request=0xfffffff4 fr.pc=0x0000000003729510
Event: 3.552 Thread 0x000000001d14c000 DEOPT PACKING pc=0x0000000003729510 sp=0x000000001eec6660
Event: 3.552 Thread 0x000000001d14c000 DEOPT UNPACKING pc=0x0000000002fb557b sp=0x000000001eec6628 mode 2


Dynamic libraries:
0x00007ff791b50000 - 0x00007ff791b81000 	C:\Program Files\Android\Android Studio\jre\bin\java.exe
0x00007ff833bf0000 - 0x00007ff833de6000 	C:\Windows\SYSTEM32\ntdll.dll
0x00007ff833a20000 - 0x00007ff833add000 	C:\Windows\System32\KERNEL32.DLL
0x00007ff831430000 - 0x00007ff8316f9000 	C:\Windows\System32\KERNELBASE.dll
0x00007ff832fa0000 - 0x00007ff83304c000 	C:\Windows\System32\ADVAPI32.dll
0x00007ff832150000 - 0x00007ff8321ee000 	C:\Windows\System32\msvcrt.dll
0x00007ff8320a0000 - 0x00007ff83213c000 	C:\Windows\System32\sechost.dll
0x00007ff831c70000 - 0x00007ff831d9b000 	C:\Windows\System32\RPCRT4.dll
0x00007ff8321f0000 - 0x00007ff832390000 	C:\Windows\System32\USER32.dll
0x00007ff831810000 - 0x00007ff831832000 	C:\Windows\System32\win32u.dll
0x00007ff833050000 - 0x00007ff83307a000 	C:\Windows\System32\GDI32.dll
0x00007ff831700000 - 0x00007ff83180b000 	C:\Windows\System32\gdi32full.dll
0x00007ff831b30000 - 0x00007ff831bcd000 	C:\Windows\System32\msvcp_win.dll
0x00007ff8319a0000 - 0x00007ff831aa0000 	C:\Windows\System32\ucrtbase.dll
0x00007ff81f1d0000 - 0x00007ff81f46b000 	C:\Windows\WinSxS\amd64_microsoft.windows.common-controls_6595b64144ccf1df_6.0.19041.746_none_ca02b4b61b8320a4\COMCTL32.dll
0x00007ff832070000 - 0x00007ff8320a0000 	C:\Windows\System32\IMM32.DLL
0x0000000055dd0000 - 0x0000000055ea2000 	C:\Program Files\Android\Android Studio\jre\jre\bin\msvcr100.dll
0x0000000056840000 - 0x000000005708b000 	C:\Program Files\Android\Android Studio\jre\jre\bin\server\jvm.dll
0x00007ff832140000 - 0x00007ff832148000 	C:\Windows\System32\PSAPI.DLL
0x00007ff821900000 - 0x00007ff821927000 	C:\Windows\SYSTEM32\WINMM.dll
0x00007ff828280000 - 0x00007ff828289000 	C:\Windows\SYSTEM32\WSOCK32.dll
0x00007ff82bec0000 - 0x00007ff82beca000 	C:\Windows\SYSTEM32\VERSION.dll
0x00007ff832a80000 - 0x00007ff832aeb000 	C:\Windows\System32\WS2_32.dll
0x00007ff82a8f0000 - 0x00007ff82a8ff000 	C:\Program Files\Android\Android Studio\jre\jre\bin\verify.dll
0x00007ff81fd80000 - 0x00007ff81fda9000 	C:\Program Files\Android\Android Studio\jre\jre\bin\java.dll
0x00007ff828260000 - 0x00007ff828276000 	C:\Program Files\Android\Android Studio\jre\jre\bin\zip.dll
0x00007ff8331a0000 - 0x00007ff8338e2000 	C:\Windows\System32\SHELL32.dll
0x00007ff82f4a0000 - 0x00007ff82fc30000 	C:\Windows\SYSTEM32\windows.storage.dll
0x00007ff832af0000 - 0x00007ff832e46000 	C:\Windows\System32\combase.dll
0x00007ff830d90000 - 0x00007ff830dbc000 	C:\Windows\SYSTEM32\Wldp.dll
0x00007ff831fc0000 - 0x00007ff83206e000 	C:\Windows\System32\SHCORE.dll
0x00007ff831e20000 - 0x00007ff831e75000 	C:\Windows\System32\shlwapi.dll
0x00007ff831260000 - 0x00007ff831286000 	C:\Windows\SYSTEM32\profapi.dll
0x00007ff828070000 - 0x00007ff82808a000 	C:\Program Files\Android\Android Studio\jre\jre\bin\net.dll
0x00007ff830b10000 - 0x00007ff830b7a000 	C:\Windows\system32\mswsock.dll
0x00007ff81fd60000 - 0x00007ff81fd73000 	C:\Program Files\Android\Android Studio\jre\jre\bin\nio.dll
0x00007ff812940000 - 0x00007ff812967000 	C:\Users\pc\.gradle\native\f6784746aeab05261644944871eae4fe03e0ef1612fff0a4a95f87b438bc6780\windows-amd64\native-platform.dll
0x00007ff82a8c0000 - 0x00007ff82a8cd000 	C:\Program Files\Android\Android Studio\jre\jre\bin\management.dll
0x00007ff830ce0000 - 0x00007ff830cf8000 	C:\Windows\SYSTEM32\CRYPTSP.dll
0x00007ff830440000 - 0x00007ff830474000 	C:\Windows\system32\rsaenh.dll
0x00007ff831b00000 - 0x00007ff831b27000 	C:\Windows\System32\bcrypt.dll
0x00007ff831220000 - 0x00007ff83124e000 	C:\Windows\SYSTEM32\USERENV.dll
0x00007ff831bd0000 - 0x00007ff831c50000 	C:\Windows\System32\bcryptprimitives.dll
0x00007ff830d00000 - 0x00007ff830d0c000 	C:\Windows\SYSTEM32\CRYPTBASE.dll
0x00007ff8307b0000 - 0x00007ff8307eb000 	C:\Windows\SYSTEM32\IPHLPAPI.DLL
0x00007ff833ae0000 - 0x00007ff833ae8000 	C:\Windows\System32\NSI.dll
0x00007ff82bed0000 - 0x00007ff82bee7000 	C:\Windows\SYSTEM32\dhcpcsvc6.DLL
0x00007ff82b9e0000 - 0x00007ff82b9fd000 	C:\Windows\SYSTEM32\dhcpcsvc.DLL
0x00007ff830800000 - 0x00007ff8308cb000 	C:\Windows\SYSTEM32\DNSAPI.dll
0x00007ff82bef0000 - 0x00007ff82befb000 	C:\Windows\SYSTEM32\WINNSI.DLL

VM Arguments:
jvm_args: -Xmx2048m -Dfile.encoding=windows-1252 -Duser.country=MX -Duser.language=es -Duser.variant 
java_command: org.gradle.launcher.daemon.bootstrap.GradleDaemon 6.5
java_class_path (initial): C:\Users\pc\.gradle\wrapper\dists\gradle-6.5-all\2oz4ud9k3tuxjg84bbf55q0tn\gradle-6.5\lib\gradle-launcher-6.5.jar
Launcher Type: SUN_STANDARD

Environment Variables:
PATH=C:\Program Files (x86)\Common Files\Intel\Shared Libraries\redist\intel64\compiler;C:\Windows\system32;C:\Windows;C:\Windows\System32\Wbem;C:\Windows\System32\WindowsPowerShell\v1.0\;C:\Windows\System32\OpenSSH\;C:\Program Files (x86)\NVIDIA Corporation\PhysX\Common;C:\Program Files\NVIDIA Corporation\NVIDIA NvDLISR;C:\Users\pc\AppData\Local\Microsoft\WindowsApps;
USERNAME=pc
OS=Windows_NT
PROCESSOR_IDENTIFIER=AMD64 Family 23 Model 113 Stepping 0, AuthenticAMD



---------------  S Y S T E M  ---------------

OS: Windows 10.0 , 64 bit Build 19041 (10.0.19041.804)

CPU:total 12 (initial active 12) (12 cores per cpu, 1 threads per core) family 23 model 113 stepping 0, cmov, cx8, fxsr, mmx, sse, sse2, sse3, ssse3, sse4.1, sse4.2, popcnt, avx, avx2, aes, clmul, mmxext, 3dnowpref, lzcnt, sse4a, tsc, tscinvbit, tscinv, bmi1

Memory: 4k page, physical 8310100k(569156k free), swap 22881968k(2112k free)

vm_info: OpenJDK 64-Bit Server VM (25.242-b01) for windows-amd64 JRE (1.8.0_242-release-1644-b01), built by "builder" with MS VC++ 10.0 (VS2010)

time: Sat Feb 20 09:06:01 2021
timezone: Hora estándar, América Central
elapsed time: 3 seconds (0d 0h 0m 3s)

