#
# There is insufficient memory for the Java Runtime Environment to continue.
# Native memory allocation (malloc) failed to allocate 1113776 bytes for Chunk::new
# Possible reasons:
#   The system is out of physical RAM or swap space
#   The process is running with CompressedOops enabled, and the Java Heap may be blocking the growth of the native heap
# Possible solutions:
#   Reduce memory load on the system
#   Increase physical memory or swap space
#   Check if swap backing store is full
#   Decrease Java heap size (-Xmx/-Xms)
#   Decrease number of Java threads
#   Decrease Java thread stack sizes (-Xss)
#   Set larger code cache with -XX:ReservedCodeCacheSize=
#   JVM is running with Unscaled Compressed Oops mode in which the Java heap is
#     placed in the first 4GB address space. The Java Heap base address is the
#     maximum limit for the native heap growth. Please use -XX:HeapBaseMinAddress
#     to set the Java Heap base and to place the Java Heap above 4GB virtual address.
# This output file may be truncated or incomplete.
#
#  Out of Memory Error (allocation.cpp:389), pid=13416, tid=0x0000000000001580
#
# JRE version: OpenJDK Runtime Environment (8.0_242-b01) (build 1.8.0_242-release-1644-b01)
# Java VM: OpenJDK 64-Bit Server VM (25.242-b01 mixed mode windows-amd64 compressed oops)
# Failed to write core dump. Minidumps are not enabled by default on client versions of Windows
#

---------------  T H R E A D  ---------------

Current thread (0x00000000190b3800):  JavaThread "C2 CompilerThread0" daemon [_thread_in_native, id=5504, stack(0x000000001a740000,0x000000001a840000)]

Stack: [0x000000001a740000,0x000000001a840000]
[error occurred during error reporting (printing stack bounds), id 0xc0000005]

Native frames: (J=compiled Java code, j=interpreted, Vv=VM code, C=native code)


Current CompileTask:
C2:   2045 2452       4       groovy.lang.MetaClassImpl$1MOPIter::methodNameAction (325 bytes)


---------------  P R O C E S S  ---------------

Java Threads: ( => current thread )
  0x000000001ca2a000 JavaThread "Cache worker for file content cache (C:\Users\pc\.gradle\caches\6.5\fileContent)" [_thread_blocked, id=17572, stack(0x0000000022090000,0x0000000022190000)]
  0x000000001ca29000 JavaThread "jar transforms" [_thread_blocked, id=15648, stack(0x0000000021b90000,0x0000000021c90000)]
  0x000000001ca2f000 JavaThread "Cache worker for execution history cache (C:\Users\pc\.gradle\caches\6.5\executionHistory)" [_thread_blocked, id=20796, stack(0x0000000021890000,0x0000000021990000)]
  0x000000001ca2d000 JavaThread "Cache worker for cache directory md-rule (C:\Users\pc\.gradle\caches\6.5\md-rule)" [_thread_blocked, id=12688, stack(0x0000000021790000,0x0000000021890000)]
  0x000000001ca2b800 JavaThread "Cache worker for cache directory md-supplier (C:\Users\pc\.gradle\caches\6.5\md-supplier)" [_thread_blocked, id=13228, stack(0x0000000021690000,0x0000000021790000)]
  0x000000001ca2a800 JavaThread "Cache worker for checksums cache (C:\Users\pc\Desktop\App\MatusIntl\.gradle\checksums)" [_thread_blocked, id=19724, stack(0x0000000021030000,0x0000000021130000)]
  0x000000001ca30000 JavaThread "Cache worker for file hash cache (C:\Users\pc\Desktop\App\MatusIntl\.gradle\6.5\fileHashes)" [_thread_blocked, id=20600, stack(0x0000000021390000,0x0000000021490000)]
  0x000000001ca2d800 JavaThread "Cache worker for file hash cache (C:\Users\pc\.gradle\caches\6.5\fileHashes)" [_thread_blocked, id=168, stack(0x000000001ed90000,0x000000001ee90000)]
  0x000000001ca2e800 JavaThread "File lock request listener" [_thread_in_native, id=5540, stack(0x000000001ec90000,0x000000001ed90000)]
  0x000000001b2c0000 JavaThread "Cache worker for journal cache (C:\Users\pc\.gradle\caches\journal-1)" [_thread_blocked, id=6760, stack(0x000000001eb90000,0x000000001ec90000)]
  0x000000001beff800 JavaThread "Thread-9" [_thread_blocked, id=17592, stack(0x000000001e890000,0x000000001e990000)]
  0x000000001c9ca000 JavaThread "Stdin handler" [_thread_blocked, id=20032, stack(0x000000001e790000,0x000000001e890000)]
  0x000000001c9c9000 JavaThread "Asynchronous log dispatcher for DefaultDaemonConnection: socket connection from /127.0.0.1:64642 to /127.0.0.1:64643" [_thread_blocked, id=12616, stack(0x000000001e690000,0x000000001e790000)]
  0x000000001c9c7000 JavaThread "Daemon worker" [_thread_in_Java, id=5816, stack(0x000000001e590000,0x000000001e690000)]
  0x000000001c9c6000 JavaThread "Cancel handler" [_thread_blocked, id=10956, stack(0x000000001e490000,0x000000001e590000)]
  0x000000001c50d800 JavaThread "Handler for socket connection from /127.0.0.1:64642 to /127.0.0.1:64643" [_thread_in_native, id=17628, stack(0x000000001e390000,0x000000001e490000)]
  0x000000001c96e800 JavaThread "Daemon" [_thread_blocked, id=5620, stack(0x000000001e290000,0x000000001e390000)]
  0x000000001c96f800 JavaThread "Daemon periodic checks" [_thread_blocked, id=18272, stack(0x000000001df90000,0x000000001e090000)]
  0x000000001c90c000 JavaThread "Incoming local TCP Connector on port 64642" [_thread_in_native, id=7564, stack(0x000000001dd20000,0x000000001de20000)]
  0x000000001c835800 JavaThread "Daemon health stats" [_thread_blocked, id=20540, stack(0x000000001d6e0000,0x000000001d7e0000)]
  0x0000000019146000 JavaThread "Service Thread" daemon [_thread_blocked, id=4016, stack(0x000000001ab40000,0x000000001ac40000)]
  0x00000000190c6000 JavaThread "C1 CompilerThread3" daemon [_thread_in_native, id=19348, stack(0x000000001aa40000,0x000000001ab40000)]
  0x00000000190c1000 JavaThread "C2 CompilerThread2" daemon [_thread_in_native, id=976, stack(0x000000001a940000,0x000000001aa40000)]
  0x00000000190bc000 JavaThread "C2 CompilerThread1" daemon [_thread_blocked, id=7724, stack(0x000000001a840000,0x000000001a940000)]
=>0x00000000190b3800 JavaThread "C2 CompilerThread0" daemon [_thread_in_native, id=5504, stack(0x000000001a740000,0x000000001a840000)]
  0x00000000190b1800 JavaThread "Attach Listener" daemon [_thread_blocked, id=6264, stack(0x000000001a640000,0x000000001a740000)]
  0x00000000179ce000 JavaThread "Signal Dispatcher" daemon [_thread_blocked, id=20816, stack(0x000000001a540000,0x000000001a640000)]
  0x00000000179c2000 JavaThread "Finalizer" daemon [_thread_blocked, id=6768, stack(0x000000001a320000,0x000000001a420000)]
  0x00000000190a3000 JavaThread "Reference Handler" daemon [_thread_blocked, id=20468, stack(0x000000001a220000,0x000000001a320000)]
  0x00000000024dd800 JavaThread "main" [_thread_blocked, id=13208, stack(0x0000000002550000,0x0000000002650000)]

Other Threads:
  0x00000000179b5800 VMThread [stack: 0x000000001a120000,0x000000001a220000] [id=9316]
  0x0000000019146800 WatcherThread [stack: 0x000000001ac40000,0x000000001ad40000] [id=11316]

VM state:not at safepoint (normal execution)

VM Mutex/Monitor currently owned by a thread: None

heap address: 0x0000000080000000, size: 2048 MB, Compressed Oops mode: 32-bit
Narrow klass base: 0x0000000000000000, Narrow klass shift: 3
Compressed class space size: 1073741824 Address: 0x0000000100000000

Heap:
 PSYoungGen      total 110080K, used 64515K [0x00000000d5580000, 0x00000000dec00000, 0x0000000100000000)
  eden space 101376K, 55% used [0x00000000d5580000,0x00000000d8c4e5a8,0x00000000db880000)
  from space 8704K, 96% used [0x00000000de380000,0x00000000debb2a18,0x00000000dec00000)
  to   space 12288K, 0% used [0x00000000dd400000,0x00000000dd400000,0x00000000de000000)
 ParOldGen       total 66560K, used 11126K [0x0000000080000000, 0x0000000084100000, 0x00000000d5580000)
  object space 66560K, 16% used [0x0000000080000000,0x0000000080add820,0x0000000084100000)
 Metaspace       used 32692K, capacity 33674K, committed 33920K, reserved 1079296K
  class space    used 4451K, capacity 4690K, committed 4736K, reserved 1048576K

Card table byte_map: [0x0000000011b10000,0x0000000011f20000] byte_map_base: 0x0000000011710000

Marking Bits: (ParMarkBitMap*) 0x000000005700f030
 Begin Bits: [0x0000000012bd0000, 0x0000000014bd0000)
 End Bits:   [0x0000000014bd0000, 0x0000000016bd0000)

Polling page: 0x0000000000770000

CodeCache: size=245760Kb used=9969Kb max_used=9969Kb free=235790Kb
 bounds [0x0000000002750000, 0x0000000003120000, 0x0000000011750000]
 total_blobs=3277 nmethods=2595 adapters=596
 compilation: enabled

Compilation events (10 events):
Event: 2.031 Thread 0x00000000190bc000 2593  s    4       java.util.Vector::addElement (38 bytes)
Event: 2.033 Thread 0x00000000190bc000 nmethod 2593 0x000000000310a8d0 code [0x000000000310aa20, 0x000000000310ade8]
Event: 2.035 Thread 0x00000000190c6000 2594       3       org.objectweb.asm.ClassReader::readInt (52 bytes)
Event: 2.035 Thread 0x00000000190c6000 nmethod 2594 0x0000000003113310 code [0x0000000003113480, 0x0000000003113690]
Event: 2.035 Thread 0x00000000190c6000 2595       3       org.objectweb.asm.ClassReader::createDebugLabel (23 bytes)
Event: 2.035 Thread 0x00000000190c6000 nmethod 2595 0x0000000003112990 code [0x0000000003112b20, 0x0000000003113010]
Event: 2.035 Thread 0x00000000190c6000 2596       3       org.objectweb.asm.ClassReader::readClass (7 bytes)
Event: 2.036 Thread 0x00000000190c6000 nmethod 2596 0x0000000003111e90 code [0x0000000003112040, 0x0000000003112548]
Event: 2.036 Thread 0x00000000190c6000 2597       3       org.objectweb.asm.ClassReader::readStringish (16 bytes)
Event: 2.036 Thread 0x00000000190c6000 nmethod 2597 0x000000000310e250 code [0x000000000310e3e0, 0x000000000310e888]

GC Heap History (10 events):
Event: 0.932 GC heap before
{Heap before GC invocations=3 (full 0):
 PSYoungGen      total 38400K, used 36785K [0x00000000d5580000, 0x00000000da080000, 0x0000000100000000)
  eden space 33280K, 100% used [0x00000000d5580000,0x00000000d7600000,0x00000000d7600000)
  from space 5120K, 68% used [0x00000000d7b00000,0x00000000d7e6c5d8,0x00000000d8000000)
  to   space 5120K, 0% used [0x00000000d7600000,0x00000000d7600000,0x00000000d7b00000)
 ParOldGen       total 87552K, used 24K [0x0000000080000000, 0x0000000085580000, 0x00000000d5580000)
  object space 87552K, 0% used [0x0000000080000000,0x0000000080006000,0x0000000085580000)
 Metaspace       used 12206K, capacity 12584K, committed 12800K, reserved 1060864K
  class space    used 1627K, capacity 1730K, committed 1792K, reserved 1048576K
Event: 0.935 GC heap after
Heap after GC invocations=3 (full 0):
 PSYoungGen      total 38400K, used 5088K [0x00000000d5580000, 0x00000000da080000, 0x0000000100000000)
  eden space 33280K, 0% used [0x00000000d5580000,0x00000000d5580000,0x00000000d7600000)
  from space 5120K, 99% used [0x00000000d7600000,0x00000000d7af8020,0x00000000d7b00000)
  to   space 5120K, 0% used [0x00000000d9b80000,0x00000000d9b80000,0x00000000da080000)
 ParOldGen       total 87552K, used 1186K [0x0000000080000000, 0x0000000085580000, 0x00000000d5580000)
  object space 87552K, 1% used [0x0000000080000000,0x0000000080128b88,0x0000000085580000)
 Metaspace       used 12206K, capacity 12584K, committed 12800K, reserved 1060864K
  class space    used 1627K, capacity 1730K, committed 1792K, reserved 1048576K
}
Event: 1.080 GC heap before
{Heap before GC invocations=4 (full 0):
 PSYoungGen      total 38400K, used 38368K [0x00000000d5580000, 0x00000000da080000, 0x0000000100000000)
  eden space 33280K, 100% used [0x00000000d5580000,0x00000000d7600000,0x00000000d7600000)
  from space 5120K, 99% used [0x00000000d7600000,0x00000000d7af8020,0x00000000d7b00000)
  to   space 5120K, 0% used [0x00000000d9b80000,0x00000000d9b80000,0x00000000da080000)
 ParOldGen       total 87552K, used 1186K [0x0000000080000000, 0x0000000085580000, 0x00000000d5580000)
  object space 87552K, 1% used [0x0000000080000000,0x0000000080128b88,0x0000000085580000)
 Metaspace       used 15417K, capacity 15984K, committed 16128K, reserved 1062912K
  class space    used 2034K, capacity 2192K, committed 2304K, reserved 1048576K
Event: 1.084 GC heap after
Heap after GC invocations=4 (full 0):
 PSYoungGen      total 71680K, used 5104K [0x00000000d5580000, 0x00000000da080000, 0x0000000100000000)
  eden space 66560K, 0% used [0x00000000d5580000,0x00000000d5580000,0x00000000d9680000)
  from space 5120K, 99% used [0x00000000d9b80000,0x00000000da07c030,0x00000000da080000)
  to   space 5120K, 0% used [0x00000000d9680000,0x00000000d9680000,0x00000000d9b80000)
 ParOldGen       total 87552K, used 3645K [0x0000000080000000, 0x0000000085580000, 0x00000000d5580000)
  object space 87552K, 4% used [0x0000000080000000,0x000000008038f488,0x0000000085580000)
 Metaspace       used 15417K, capacity 15984K, committed 16128K, reserved 1062912K
  class space    used 2034K, capacity 2192K, committed 2304K, reserved 1048576K
}
Event: 1.385 GC heap before
{Heap before GC invocations=5 (full 0):
 PSYoungGen      total 71680K, used 69988K [0x00000000d5580000, 0x00000000da080000, 0x0000000100000000)
  eden space 66560K, 97% used [0x00000000d5580000,0x00000000d94dd2c0,0x00000000d9680000)
  from space 5120K, 99% used [0x00000000d9b80000,0x00000000da07c030,0x00000000da080000)
  to   space 5120K, 0% used [0x00000000d9680000,0x00000000d9680000,0x00000000d9b80000)
 ParOldGen       total 87552K, used 3645K [0x0000000080000000, 0x0000000085580000, 0x00000000d5580000)
  object space 87552K, 4% used [0x0000000080000000,0x000000008038f488,0x0000000085580000)
 Metaspace       used 20463K, capacity 21204K, committed 21248K, reserved 1067008K
  class space    used 2854K, capacity 3048K, committed 3072K, reserved 1048576K
Event: 1.392 GC heap after
Heap after GC invocations=5 (full 0):
 PSYoungGen      total 71680K, used 5104K [0x00000000d5580000, 0x00000000def80000, 0x0000000100000000)
  eden space 66560K, 0% used [0x00000000d5580000,0x00000000d5580000,0x00000000d9680000)
  from space 5120K, 99% used [0x00000000d9680000,0x00000000d9b7c040,0x00000000d9b80000)
  to   space 12288K, 0% used [0x00000000de380000,0x00000000de380000,0x00000000def80000)
 ParOldGen       total 87552K, used 9972K [0x0000000080000000, 0x0000000085580000, 0x00000000d5580000)
  object space 87552K, 11% used [0x0000000080000000,0x00000000809bd088,0x0000000085580000)
 Metaspace       used 20463K, capacity 21204K, committed 21248K, reserved 1067008K
  class space    used 2854K, capacity 3048K, committed 3072K, reserved 1048576K
}
Event: 1.392 GC heap before
{Heap before GC invocations=6 (full 1):
 PSYoungGen      total 71680K, used 5104K [0x00000000d5580000, 0x00000000def80000, 0x0000000100000000)
  eden space 66560K, 0% used [0x00000000d5580000,0x00000000d5580000,0x00000000d9680000)
  from space 5120K, 99% used [0x00000000d9680000,0x00000000d9b7c040,0x00000000d9b80000)
  to   space 12288K, 0% used [0x00000000de380000,0x00000000de380000,0x00000000def80000)
 ParOldGen       total 87552K, used 9972K [0x0000000080000000, 0x0000000085580000, 0x00000000d5580000)
  object space 87552K, 11% used [0x0000000080000000,0x00000000809bd088,0x0000000085580000)
 Metaspace       used 20463K, capacity 21204K, committed 21248K, reserved 1067008K
  class space    used 2854K, capacity 3048K, committed 3072K, reserved 1048576K
Event: 1.412 GC heap after
Heap after GC invocations=6 (full 1):
 PSYoungGen      total 71680K, used 0K [0x00000000d5580000, 0x00000000def80000, 0x0000000100000000)
  eden space 66560K, 0% used [0x00000000d5580000,0x00000000d5580000,0x00000000d9680000)
  from space 5120K, 0% used [0x00000000d9680000,0x00000000d9680000,0x00000000d9b80000)
  to   space 12288K, 0% used [0x00000000de380000,0x00000000de380000,0x00000000def80000)
 ParOldGen       total 66560K, used 11118K [0x0000000080000000, 0x0000000084100000, 0x00000000d5580000)
  object space 66560K, 16% used [0x0000000080000000,0x0000000080adb820,0x0000000084100000)
 Metaspace       used 20463K, capacity 21204K, committed 21248K, reserved 1067008K
  class space    used 2854K, capacity 3048K, committed 3072K, reserved 1048576K
}
Event: 1.760 GC heap before
{Heap before GC invocations=7 (full 1):
 PSYoungGen      total 71680K, used 66560K [0x00000000d5580000, 0x00000000def80000, 0x0000000100000000)
  eden space 66560K, 100% used [0x00000000d5580000,0x00000000d9680000,0x00000000d9680000)
  from space 5120K, 0% used [0x00000000d9680000,0x00000000d9680000,0x00000000d9b80000)
  to   space 12288K, 0% used [0x00000000de380000,0x00000000de380000,0x00000000def80000)
 ParOldGen       total 66560K, used 11118K [0x0000000080000000, 0x0000000084100000, 0x00000000d5580000)
  object space 66560K, 16% used [0x0000000080000000,0x0000000080adb820,0x0000000084100000)
 Metaspace       used 28398K, capacity 29290K, committed 29568K, reserved 1075200K
  class space    used 3937K, capacity 4136K, committed 4224K, reserved 1048576K
Event: 1.765 GC heap after
Heap after GC invocations=7 (full 1):
 PSYoungGen      total 110080K, used 8394K [0x00000000d5580000, 0x00000000dec00000, 0x0000000100000000)
  eden space 101376K, 0% used [0x00000000d5580000,0x00000000d5580000,0x00000000db880000)
  from space 8704K, 96% used [0x00000000de380000,0x00000000debb2a18,0x00000000dec00000)
  to   space 12288K, 0% used [0x00000000dd400000,0x00000000dd400000,0x00000000de000000)
 ParOldGen       total 66560K, used 11126K [0x0000000080000000, 0x0000000084100000, 0x00000000d5580000)
  object space 66560K, 16% used [0x0000000080000000,0x0000000080add820,0x0000000084100000)
 Metaspace       used 28398K, capacity 29290K, committed 29568K, reserved 1075200K
  class space    used 3937K, capacity 4136K, committed 4224K, reserved 1048576K
}

Deoptimization events (10 events):
Event: 1.662 Thread 0x000000001c9c7000 Uncommon trap: reason=class_check action=maybe_recompile pc=0x0000000002e6a88c method=java.io.BufferedInputStream.read([BII)I @ 101
Event: 1.662 Thread 0x000000001c9c7000 Uncommon trap: reason=class_check action=maybe_recompile pc=0x0000000002e6a88c method=java.io.BufferedInputStream.read([BII)I @ 101
Event: 1.662 Thread 0x000000001c9c7000 Uncommon trap: reason=class_check action=maybe_recompile pc=0x0000000002e6a88c method=java.io.BufferedInputStream.read([BII)I @ 101
Event: 1.663 Thread 0x000000001c9c7000 Uncommon trap: reason=class_check action=maybe_recompile pc=0x0000000002e6a88c method=java.io.BufferedInputStream.read([BII)I @ 101
Event: 1.766 Thread 0x00000000190a3000 Uncommon trap: reason=unstable_if action=reinterpret pc=0x0000000002c7444c method=java.lang.ref.Reference.tryHandlePending(Z)Z @ 104
Event: 1.822 Thread 0x000000001c9c7000 Uncommon trap: reason=unstable_if action=reinterpret pc=0x0000000002d63c54 method=java.net.URLClassLoader.defineClass(Ljava/lang/String;Lsun/misc/Resource;)Ljava/lang/Class; @ 21
Event: 1.887 Thread 0x000000001c9c7000 Uncommon trap: reason=unstable_if action=reinterpret pc=0x0000000002caa1a0 method=java.util.HashMap.putVal(ILjava/lang/Object;Ljava/lang/Object;ZZ)Ljava/lang/Object; @ 162
Event: 1.971 Thread 0x000000001c9c7000 Uncommon trap: reason=unstable_if action=reinterpret pc=0x0000000002cf87f8 method=java.util.HashMap.getNode(ILjava/lang/Object;)Ljava/util/HashMap$Node; @ 53
Event: 2.008 Thread 0x000000001c9c7000 Uncommon trap: reason=unstable_if action=reinterpret pc=0x00000000030724ac method=org.gradle.internal.reflect.PropertyAccessorType.isGetGetterName(Ljava/lang/String;)Z @ 14
Event: 2.020 Thread 0x000000001c9c7000 Uncommon trap: reason=unstable_if action=reinterpret pc=0x0000000002e2b500 method=org.objectweb.asm.ByteVector.putShort(I)Lorg/objectweb/asm/ByteVector; @ 13

Classes redefined (0 events):
No events

Internal exceptions (10 events):
Event: 1.906 Thread 0x000000001c9c7000 Exception <a 'java/lang/ClassNotFoundException': org/gradle/initialization/DefaultSettingsBeanInfo> (0x00000000d6c6ef58) thrown at [C:\src\AOSP-openjdk-git\hotspot\src\share\vm\classfile\systemDictionary.cpp, line 210]
Event: 1.907 Thread 0x000000001c9c7000 Exception <a 'java/lang/ClassNotFoundException': org/gradle/initialization/DefaultSettingsCustomizer> (0x00000000d6c9b660) thrown at [C:\src\AOSP-openjdk-git\hotspot\src\share\vm\classfile\systemDictionary.cpp, line 210]
Event: 1.908 Thread 0x000000001c9c7000 Exception <a 'java/lang/ClassNotFoundException': org/gradle/initialization/DefaultSettings_DecoratedCustomizer> (0x00000000d6d09c60) thrown at [C:\src\AOSP-openjdk-git\hotspot\src\share\vm\classfile\systemDictionary.cpp, line 210]
Event: 1.912 Thread 0x000000001c9c7000 Exception <a 'java/lang/ClassNotFoundException': org/gradle/initialization/DefaultProjectDescriptorBeanInfo> (0x00000000d6dd49a0) thrown at [C:\src\AOSP-openjdk-git\hotspot\src\share\vm\classfile\systemDictionary.cpp, line 210]
Event: 1.913 Thread 0x000000001c9c7000 Exception <a 'java/lang/ClassNotFoundException': org/gradle/initialization/DefaultProjectDescriptorCustomizer> (0x00000000d6e04528) thrown at [C:\src\AOSP-openjdk-git\hotspot\src\share\vm\classfile\systemDictionary.cpp, line 210]
Event: 1.996 Thread 0x000000001beff800 Exception <a 'java/lang/NoSuchMethodError': <clinit>> (0x00000000d81445c8) thrown at [C:\src\AOSP-openjdk-git\hotspot\src\share\vm\prims\jni.cpp, line 1615]
Event: 1.996 Thread 0x000000001beff800 Exception <a 'java/lang/NoSuchMethodError': <clinit>> (0x00000000d81468e8) thrown at [C:\src\AOSP-openjdk-git\hotspot\src\share\vm\prims\jni.cpp, line 1615]
Event: 1.997 Thread 0x000000001beff800 Exception <a 'java/lang/NoSuchMethodError': <clinit>> (0x00000000d8156300) thrown at [C:\src\AOSP-openjdk-git\hotspot\src\share\vm\prims\jni.cpp, line 1615]
Event: 1.997 Thread 0x000000001beff800 Exception <a 'java/lang/NoSuchMethodError': <clinit>> (0x00000000d8159420) thrown at [C:\src\AOSP-openjdk-git\hotspot\src\share\vm\prims\jni.cpp, line 1615]
Event: 1.997 Thread 0x000000001beff800 Exception <a 'java/lang/NoSuchMethodError': <clinit>> (0x00000000d81684b8) thrown at [C:\src\AOSP-openjdk-git\hotspot\src\share\vm\prims\jni.cpp, line 1615]

Events (10 events):
Event: 2.042 loading class org/gradle/language/cpp/internal/tooling/DefaultCppTestSuiteModel
Event: 2.042 loading class org/gradle/language/cpp/internal/tooling/DefaultCppTestSuiteModel done
Event: 2.042 loading class org/gradle/tooling/internal/protocol/cpp/InternalCppTestSuite
Event: 2.042 loading class org/gradle/tooling/internal/protocol/cpp/InternalCppTestSuite done
Event: 2.043 loading class org/gradle/kotlin/dsl/tooling/builders/KotlinBuildScriptModelBuilder
Event: 2.043 loading class org/gradle/kotlin/dsl/tooling/builders/KotlinBuildScriptModelBuilder done
Event: 2.043 loading class org/gradle/kotlin/dsl/tooling/builders/KotlinBuildScriptTemplateModelBuilder
Event: 2.043 loading class org/gradle/kotlin/dsl/tooling/builders/KotlinBuildScriptTemplateModelBuilder done
Event: 2.043 loading class org/gradle/kotlin/dsl/tooling/builders/KotlinDslScriptsModelBuilder
Event: 2.043 loading class org/gradle/kotlin/dsl/tooling/builders/KotlinDslScriptsModelBuilder done


Dynamic libraries:
0x00007ff791b50000 - 0x00007ff791b81000 	C:\Program Files\Android\Android Studio\jre\bin\java.exe
0x00007ff833bf0000 - 0x00007ff833de6000 	C:\Windows\SYSTEM32\ntdll.dll
0x00007ff833a20000 - 0x00007ff833add000 	C:\Windows\System32\KERNEL32.DLL
0x00007ff831430000 - 0x00007ff8316f9000 	C:\Windows\System32\KERNELBASE.dll
0x00007ff832fa0000 - 0x00007ff83304c000 	C:\Windows\System32\ADVAPI32.dll
0x00007ff832150000 - 0x00007ff8321ee000 	C:\Windows\System32\msvcrt.dll
0x00007ff8320a0000 - 0x00007ff83213c000 	C:\Windows\System32\sechost.dll
0x00007ff831c70000 - 0x00007ff831d9b000 	C:\Windows\System32\RPCRT4.dll
0x00007ff8321f0000 - 0x00007ff832390000 	C:\Windows\System32\USER32.dll
0x00007ff831810000 - 0x00007ff831832000 	C:\Windows\System32\win32u.dll
0x00007ff833050000 - 0x00007ff83307a000 	C:\Windows\System32\GDI32.dll
0x00007ff831700000 - 0x00007ff83180b000 	C:\Windows\System32\gdi32full.dll
0x00007ff831b30000 - 0x00007ff831bcd000 	C:\Windows\System32\msvcp_win.dll
0x00007ff8319a0000 - 0x00007ff831aa0000 	C:\Windows\System32\ucrtbase.dll
0x00007ff81f1d0000 - 0x00007ff81f46b000 	C:\Windows\WinSxS\amd64_microsoft.windows.common-controls_6595b64144ccf1df_6.0.19041.746_none_ca02b4b61b8320a4\COMCTL32.dll
0x00007ff832070000 - 0x00007ff8320a0000 	C:\Windows\System32\IMM32.DLL
0x0000000055dd0000 - 0x0000000055ea2000 	C:\Program Files\Android\Android Studio\jre\jre\bin\msvcr100.dll
0x0000000056840000 - 0x000000005708b000 	C:\Program Files\Android\Android Studio\jre\jre\bin\server\jvm.dll
0x00007ff832140000 - 0x00007ff832148000 	C:\Windows\System32\PSAPI.DLL
0x00007ff828280000 - 0x00007ff828289000 	C:\Windows\SYSTEM32\WSOCK32.dll
0x00007ff821900000 - 0x00007ff821927000 	C:\Windows\SYSTEM32\WINMM.dll
0x00007ff82bec0000 - 0x00007ff82beca000 	C:\Windows\SYSTEM32\VERSION.dll
0x00007ff832a80000 - 0x00007ff832aeb000 	C:\Windows\System32\WS2_32.dll
0x00007ff82a8f0000 - 0x00007ff82a8ff000 	C:\Program Files\Android\Android Studio\jre\jre\bin\verify.dll
0x00007ff81fd80000 - 0x00007ff81fda9000 	C:\Program Files\Android\Android Studio\jre\jre\bin\java.dll
0x00007ff828260000 - 0x00007ff828276000 	C:\Program Files\Android\Android Studio\jre\jre\bin\zip.dll
0x00007ff8331a0000 - 0x00007ff8338e2000 	C:\Windows\System32\SHELL32.dll
0x00007ff82f4a0000 - 0x00007ff82fc30000 	C:\Windows\SYSTEM32\windows.storage.dll
0x00007ff832af0000 - 0x00007ff832e46000 	C:\Windows\System32\combase.dll
0x00007ff830d90000 - 0x00007ff830dbc000 	C:\Windows\SYSTEM32\Wldp.dll
0x00007ff831fc0000 - 0x00007ff83206e000 	C:\Windows\System32\SHCORE.dll
0x00007ff831e20000 - 0x00007ff831e75000 	C:\Windows\System32\shlwapi.dll
0x00007ff831260000 - 0x00007ff831286000 	C:\Windows\SYSTEM32\profapi.dll
0x00007ff828070000 - 0x00007ff82808a000 	C:\Program Files\Android\Android Studio\jre\jre\bin\net.dll
0x00007ff830b10000 - 0x00007ff830b7a000 	C:\Windows\system32\mswsock.dll
0x00007ff81fd60000 - 0x00007ff81fd73000 	C:\Program Files\Android\Android Studio\jre\jre\bin\nio.dll
0x00007ff812940000 - 0x00007ff812967000 	C:\Users\pc\.gradle\native\f6784746aeab05261644944871eae4fe03e0ef1612fff0a4a95f87b438bc6780\windows-amd64\native-platform.dll
0x00007ff82a8c0000 - 0x00007ff82a8cd000 	C:\Program Files\Android\Android Studio\jre\jre\bin\management.dll
0x00007ff830ce0000 - 0x00007ff830cf8000 	C:\Windows\SYSTEM32\CRYPTSP.dll
0x00007ff830440000 - 0x00007ff830474000 	C:\Windows\system32\rsaenh.dll
0x00007ff831b00000 - 0x00007ff831b27000 	C:\Windows\System32\bcrypt.dll
0x00007ff831220000 - 0x00007ff83124e000 	C:\Windows\SYSTEM32\USERENV.dll
0x00007ff831bd0000 - 0x00007ff831c50000 	C:\Windows\System32\bcryptprimitives.dll
0x00007ff830d00000 - 0x00007ff830d0c000 	C:\Windows\SYSTEM32\CRYPTBASE.dll
0x00007ff8307b0000 - 0x00007ff8307eb000 	C:\Windows\SYSTEM32\IPHLPAPI.DLL
0x00007ff833ae0000 - 0x00007ff833ae8000 	C:\Windows\System32\NSI.dll
0x00007ff82bed0000 - 0x00007ff82bee7000 	C:\Windows\SYSTEM32\dhcpcsvc6.DLL
0x00007ff82b9e0000 - 0x00007ff82b9fd000 	C:\Windows\SYSTEM32\dhcpcsvc.DLL
0x00007ff830800000 - 0x00007ff8308cb000 	C:\Windows\SYSTEM32\DNSAPI.dll
0x00007ff82bef0000 - 0x00007ff82befb000 	C:\Windows\SYSTEM32\WINNSI.DLL

VM Arguments:
jvm_args: -Xmx2048m -Dfile.encoding=windows-1252 -Duser.country=MX -Duser.language=es -Duser.variant 
java_command: org.gradle.launcher.daemon.bootstrap.GradleDaemon 6.5
java_class_path (initial): C:\Users\pc\.gradle\wrapper\dists\gradle-6.5-all\2oz4ud9k3tuxjg84bbf55q0tn\gradle-6.5\lib\gradle-launcher-6.5.jar
Launcher Type: SUN_STANDARD

Environment Variables:
PATH=C:\Program Files (x86)\Common Files\Intel\Shared Libraries\redist\intel64\compiler;C:\Windows\system32;C:\Windows;C:\Windows\System32\Wbem;C:\Windows\System32\WindowsPowerShell\v1.0\;C:\Windows\System32\OpenSSH\;C:\Program Files (x86)\NVIDIA Corporation\PhysX\Common;C:\Program Files\NVIDIA Corporation\NVIDIA NvDLISR;C:\Users\pc\AppData\Local\Microsoft\WindowsApps;
USERNAME=pc
OS=Windows_NT
PROCESSOR_IDENTIFIER=AMD64 Family 23 Model 113 Stepping 0, AuthenticAMD



---------------  S Y S T E M  ---------------

OS: Windows 10.0 , 64 bit Build 19041 (10.0.19041.804)

CPU:total 12 (initial active 12) (12 cores per cpu, 1 threads per core) family 23 model 113 stepping 0, cmov, cx8, fxsr, mmx, sse, sse2, sse3, ssse3, sse4.1, sse4.2, popcnt, avx, avx2, aes, clmul, mmxext, 3dnowpref, lzcnt, sse4a, tsc, tscinvbit, tscinv, bmi1

Memory: 4k page, physical 8310100k(815492k free), swap 22881968k(5744k free)

vm_info: OpenJDK 64-Bit Server VM (25.242-b01) for windows-amd64 JRE (1.8.0_242-release-1644-b01), built by "builder" with MS VC++ 10.0 (VS2010)

time: Sat Feb 20 09:07:52 2021
timezone: Hora estándar, América Central
elapsed time: 2 seconds (0d 0h 0m 2s)

