#
# There is insufficient memory for the Java Runtime Environment to continue.
# Native memory allocation (malloc) failed to allocate 755696 bytes for Chunk::new
# Possible reasons:
#   The system is out of physical RAM or swap space
#   The process is running with CompressedOops enabled, and the Java Heap may be blocking the growth of the native heap
# Possible solutions:
#   Reduce memory load on the system
#   Increase physical memory or swap space
#   Check if swap backing store is full
#   Decrease Java heap size (-Xmx/-Xms)
#   Decrease number of Java threads
#   Decrease Java thread stack sizes (-Xss)
#   Set larger code cache with -XX:ReservedCodeCacheSize=
#   JVM is running with Unscaled Compressed Oops mode in which the Java heap is
#     placed in the first 4GB address space. The Java Heap base address is the
#     maximum limit for the native heap growth. Please use -XX:HeapBaseMinAddress
#     to set the Java Heap base and to place the Java Heap above 4GB virtual address.
# This output file may be truncated or incomplete.
#
#  Out of Memory Error (allocation.cpp:389), pid=18244, tid=0x00000000000025e8
#
# JRE version: OpenJDK Runtime Environment (8.0_242-b01) (build 1.8.0_242-release-1644-b01)
# Java VM: OpenJDK 64-Bit Server VM (25.242-b01 mixed mode windows-amd64 compressed oops)
# Failed to write core dump. Minidumps are not enabled by default on client versions of Windows
#

---------------  T H R E A D  ---------------

Current thread (0x0000000019308800):  JavaThread "C2 CompilerThread0" daemon [_thread_in_native, id=9704, stack(0x000000001a970000,0x000000001aa70000)]

Stack: [0x000000001a970000,0x000000001aa70000]
[error occurred during error reporting (printing stack bounds), id 0xc0000005]

Native frames: (J=compiled Java code, j=interpreted, Vv=VM code, C=native code)


Current CompileTask:
C2:   2474 3339       4       java.net.URLClassLoader$1::run (5 bytes)


---------------  P R O C E S S  ---------------

Java Threads: ( => current thread )
  0x0000000020e63800 JavaThread "jar transforms Thread 40" [_thread_blocked, id=8748, stack(0x0000000026f10000,0x0000000027010000)]
  0x0000000020e61000 JavaThread "jar transforms Thread 39" [_thread_blocked, id=18148, stack(0x0000000026e10000,0x0000000026f10000)]
  0x0000000020e65800 JavaThread "jar transforms Thread 38" [_thread_blocked, id=12284, stack(0x0000000026d10000,0x0000000026e10000)]
  0x0000000020e64000 JavaThread "jar transforms Thread 37" [_thread_blocked, id=17156, stack(0x0000000026c10000,0x0000000026d10000)]
  0x0000000020e5f800 JavaThread "jar transforms Thread 36" [_thread_blocked, id=16332, stack(0x0000000026b10000,0x0000000026c10000)]
  0x0000000020e65000 JavaThread "jar transforms Thread 35" [_thread_blocked, id=1396, stack(0x0000000026a10000,0x0000000026b10000)]
  0x0000000020e58000 JavaThread "jar transforms Thread 34" [_thread_blocked, id=12364, stack(0x0000000026910000,0x0000000026a10000)]
  0x0000000020e5f000 JavaThread "jar transforms Thread 33" [_thread_blocked, id=19944, stack(0x0000000026810000,0x0000000026910000)]
  0x0000000020e57800 JavaThread "jar transforms Thread 32" [_thread_blocked, id=5236, stack(0x0000000026710000,0x0000000026810000)]
  0x0000000020e5e000 JavaThread "jar transforms Thread 31" [_thread_blocked, id=9444, stack(0x0000000026610000,0x0000000026710000)]
  0x0000000020e59800 JavaThread "jar transforms Thread 30" [_thread_blocked, id=10316, stack(0x0000000026510000,0x0000000026610000)]
  0x0000000020e5d800 JavaThread "jar transforms Thread 29" [_thread_blocked, id=20260, stack(0x0000000026410000,0x0000000026510000)]
  0x0000000020e5c800 JavaThread "jar transforms Thread 28" [_thread_blocked, id=4764, stack(0x0000000026310000,0x0000000026410000)]
  0x0000000020e5c000 JavaThread "jar transforms Thread 27" [_thread_blocked, id=10988, stack(0x0000000026210000,0x0000000026310000)]
  0x0000000020e5b000 JavaThread "jar transforms Thread 26" [_thread_blocked, id=11928, stack(0x0000000026110000,0x0000000026210000)]
  0x0000000020e5a800 JavaThread "jar transforms Thread 25" [_thread_blocked, id=12980, stack(0x0000000026010000,0x0000000026110000)]
  0x0000000020e59000 JavaThread "jar transforms Thread 24" [_thread_blocked, id=13712, stack(0x0000000025f10000,0x0000000026010000)]
  0x0000000020c48800 JavaThread "jar transforms Thread 23" [_thread_blocked, id=1048, stack(0x0000000025e10000,0x0000000025f10000)]
  0x0000000020c46800 JavaThread "jar transforms Thread 22" [_thread_blocked, id=9036, stack(0x0000000025d10000,0x0000000025e10000)]
  0x0000000020c48000 JavaThread "jar transforms Thread 21" [_thread_blocked, id=20944, stack(0x0000000025c10000,0x0000000025d10000)]
  0x0000000020c49800 JavaThread "jar transforms Thread 20" [_thread_blocked, id=15208, stack(0x0000000025b10000,0x0000000025c10000)]
  0x0000000020c44000 JavaThread "jar transforms Thread 19" [_thread_blocked, id=17796, stack(0x0000000025a10000,0x0000000025b10000)]
  0x0000000020c47000 JavaThread "jar transforms Thread 18" [_thread_blocked, id=7136, stack(0x0000000025910000,0x0000000025a10000)]
  0x0000000020c45800 JavaThread "jar transforms Thread 17" [_thread_blocked, id=504, stack(0x0000000025810000,0x0000000025910000)]
  0x0000000020c43800 JavaThread "jar transforms Thread 16" [_thread_blocked, id=14944, stack(0x0000000025710000,0x0000000025810000)]
  0x0000000020c45000 JavaThread "jar transforms Thread 15" [_thread_blocked, id=15084, stack(0x0000000025610000,0x0000000025710000)]
  0x0000000020c3c000 JavaThread "jar transforms Thread 14" [_thread_blocked, id=2680, stack(0x0000000025510000,0x0000000025610000)]
  0x0000000020c41000 JavaThread "jar transforms Thread 13" [_thread_blocked, id=15168, stack(0x0000000025410000,0x0000000025510000)]
  0x0000000020c3f000 JavaThread "jar transforms Thread 12" [_thread_blocked, id=12940, stack(0x0000000025310000,0x0000000025410000)]
  0x0000000020c3e000 JavaThread "jar transforms Thread 11" [_thread_blocked, id=18964, stack(0x0000000025210000,0x0000000025310000)]
  0x0000000020c42000 JavaThread "jar transforms Thread 10" [_thread_blocked, id=20440, stack(0x0000000025110000,0x0000000025210000)]
  0x0000000020c42800 JavaThread "jar transforms Thread 9" [_thread_blocked, id=2932, stack(0x0000000025010000,0x0000000025110000)]
  0x0000000020c3d800 JavaThread "jar transforms Thread 8" [_thread_blocked, id=8896, stack(0x0000000024f10000,0x0000000025010000)]
  0x0000000020c3c800 JavaThread "jar transforms Thread 7" [_thread_blocked, id=21072, stack(0x0000000024e10000,0x0000000024f10000)]
  0x0000000020c40800 JavaThread "jar transforms Thread 6" [_thread_blocked, id=12464, stack(0x0000000024d10000,0x0000000024e10000)]
  0x0000000020c3b000 JavaThread "jar transforms Thread 5" [_thread_blocked, id=9456, stack(0x0000000024c10000,0x0000000024d10000)]
  0x0000000020c3a800 JavaThread "jar transforms Thread 4" [_thread_blocked, id=11744, stack(0x0000000024b10000,0x0000000024c10000)]
  0x0000000020c3f800 JavaThread "jar transforms Thread 3" [_thread_blocked, id=21396, stack(0x0000000024a10000,0x0000000024b10000)]
  0x0000000020987800 JavaThread "jar transforms Thread 2" [_thread_blocked, id=8560, stack(0x0000000024910000,0x0000000024a10000)]
  0x0000000020982000 JavaThread "Build operations Thread 12" [_thread_blocked, id=12476, stack(0x0000000024610000,0x0000000024710000)]
  0x0000000020986800 JavaThread "Build operations Thread 11" [_thread_blocked, id=5060, stack(0x0000000024510000,0x0000000024610000)]
  0x0000000020986000 JavaThread "Build operations Thread 10" [_thread_blocked, id=10220, stack(0x0000000024410000,0x0000000024510000)]
  0x0000000020985000 JavaThread "Build operations Thread 9" [_thread_blocked, id=14596, stack(0x0000000024310000,0x0000000024410000)]
  0x0000000020984800 JavaThread "Build operations Thread 8" [_thread_blocked, id=12268, stack(0x0000000024210000,0x0000000024310000)]
  0x0000000020983800 JavaThread "Build operations Thread 7" [_thread_blocked, id=10272, stack(0x0000000024110000,0x0000000024210000)]
  0x0000000020981800 JavaThread "Build operations Thread 6" [_thread_blocked, id=9200, stack(0x0000000023f10000,0x0000000024010000)]
  0x0000000020983000 JavaThread "Build operations Thread 5" [_thread_blocked, id=14696, stack(0x0000000023e10000,0x0000000023f10000)]
  0x000000002097a000 JavaThread "Build operations Thread 4" [_thread_blocked, id=17860, stack(0x0000000023d10000,0x0000000023e10000)]
  0x000000002097d000 JavaThread "Build operations Thread 3" [_thread_blocked, id=17312, stack(0x0000000023c10000,0x0000000023d10000)]
  0x0000000020980800 JavaThread "Build operations Thread 2" [_thread_blocked, id=5464, stack(0x0000000023b10000,0x0000000023c10000)]
  0x000000002097f000 JavaThread "Build operations" [_thread_blocked, id=13052, stack(0x00000000237c0000,0x00000000238c0000)]
  0x0000000020980000 JavaThread "Cache worker for file content cache (C:\Users\pc\.gradle\caches\6.5\fileContent)" [_thread_blocked, id=16632, stack(0x00000000222f0000,0x00000000223f0000)]
  0x000000002097e800 JavaThread "jar transforms" [_thread_blocked, id=11284, stack(0x0000000021df0000,0x0000000021ef0000)]
  0x0000000019311800 JavaThread "Cache worker for execution history cache (C:\Users\pc\.gradle\caches\6.5\executionHistory)" [_thread_blocked, id=6068, stack(0x0000000021af0000,0x0000000021bf0000)]
  0x0000000019310000 JavaThread "Cache worker for cache directory md-rule (C:\Users\pc\.gradle\caches\6.5\md-rule)" [_thread_blocked, id=860, stack(0x00000000219f0000,0x0000000021af0000)]
  0x000000001930f000 JavaThread "Cache worker for cache directory md-supplier (C:\Users\pc\.gradle\caches\6.5\md-supplier)" [_thread_blocked, id=19196, stack(0x00000000218f0000,0x00000000219f0000)]
  0x000000001930e800 JavaThread "Cache worker for checksums cache (C:\Users\pc\Desktop\App\MatusIntl\.gradle\checksums)" [_thread_blocked, id=14632, stack(0x0000000021390000,0x0000000021490000)]
  0x0000000019310800 JavaThread "Cache worker for file hash cache (C:\Users\pc\Desktop\App\MatusIntl\.gradle\6.5\fileHashes)" [_thread_blocked, id=18200, stack(0x000000001f0c0000,0x000000001f1c0000)]
  0x0000000019315800 JavaThread "Cache worker for file hash cache (C:\Users\pc\.gradle\caches\6.5\fileHashes)" [_thread_blocked, id=19576, stack(0x000000001efc0000,0x000000001f0c0000)]
  0x0000000019314800 JavaThread "File lock request listener" [_thread_in_native, id=18404, stack(0x000000001eec0000,0x000000001efc0000)]
  0x000000001b332000 JavaThread "Cache worker for journal cache (C:\Users\pc\.gradle\caches\journal-1)" [_thread_blocked, id=3856, stack(0x000000001edc0000,0x000000001eec0000)]
  0x000000001cada000 JavaThread "Thread-9" [_thread_blocked, id=19896, stack(0x000000001eac0000,0x000000001ebc0000)]
  0x000000001cac0800 JavaThread "Stdin handler" [_thread_blocked, id=15600, stack(0x000000001e9c0000,0x000000001eac0000)]
  0x000000001cabf800 JavaThread "Asynchronous log dispatcher for DefaultDaemonConnection: socket connection from /127.0.0.1:64651 to /127.0.0.1:64652" [_thread_blocked, id=16416, stack(0x000000001e8c0000,0x000000001e9c0000)]
  0x000000001ca17000 JavaThread "Daemon worker" [_thread_in_vm, id=4040, stack(0x000000001e7c0000,0x000000001e8c0000)]
  0x000000001ca12000 JavaThread "Cancel handler" [_thread_blocked, id=16420, stack(0x000000001e6c0000,0x000000001e7c0000)]
  0x000000001ca07000 JavaThread "Handler for socket connection from /127.0.0.1:64651 to /127.0.0.1:64652" [_thread_in_native, id=14536, stack(0x000000001e5c0000,0x000000001e6c0000)]
  0x000000001ca03800 JavaThread "Daemon" [_thread_blocked, id=19420, stack(0x000000001e4c0000,0x000000001e5c0000)]
  0x000000001ca72800 JavaThread "Daemon periodic checks" [_thread_blocked, id=12120, stack(0x000000001e1c0000,0x000000001e2c0000)]
  0x000000001c9f1800 JavaThread "Incoming local TCP Connector on port 64651" [_thread_in_native, id=17472, stack(0x000000001df50000,0x000000001e050000)]
  0x000000001943c000 JavaThread "Daemon health stats" [_thread_blocked, id=9468, stack(0x000000001d910000,0x000000001da10000)]
  0x0000000019398800 JavaThread "Service Thread" daemon [_thread_blocked, id=16128, stack(0x000000001ad70000,0x000000001ae70000)]
  0x0000000019313800 JavaThread "C1 CompilerThread3" daemon [_thread_in_native, id=5756, stack(0x000000001ac70000,0x000000001ad70000)]
  0x0000000019313000 JavaThread "C2 CompilerThread2" daemon [_thread_in_native, id=1924, stack(0x000000001ab70000,0x000000001ac70000)]
  0x0000000019312000 JavaThread "C2 CompilerThread1" daemon [_thread_in_native, id=5232, stack(0x000000001aa70000,0x000000001ab70000)]
=>0x0000000019308800 JavaThread "C2 CompilerThread0" daemon [_thread_in_native, id=9704, stack(0x000000001a970000,0x000000001aa70000)]
  0x0000000019302000 JavaThread "Attach Listener" daemon [_thread_blocked, id=1520, stack(0x000000001a870000,0x000000001a970000)]
  0x0000000017c3e000 JavaThread "Signal Dispatcher" daemon [_thread_blocked, id=19688, stack(0x000000001a770000,0x000000001a870000)]
  0x0000000017c32800 JavaThread "Finalizer" daemon [_thread_blocked, id=20304, stack(0x000000001a550000,0x000000001a650000)]
  0x00000000192f3000 JavaThread "Reference Handler" daemon [_thread_blocked, id=19876, stack(0x000000001a450000,0x000000001a550000)]
  0x00000000027bd800 JavaThread "main" [_thread_blocked, id=15356, stack(0x00000000027c0000,0x00000000028c0000)]

Other Threads:
  0x0000000017c25800 VMThread [stack: 0x000000001a350000,0x000000001a450000] [id=16060]
  0x000000001939b800 WatcherThread [stack: 0x000000001ae70000,0x000000001af70000] [id=19684]

VM state:not at safepoint (normal execution)

VM Mutex/Monitor currently owned by a thread:  ([mutex/lock_event])
[0x00000000027bc140] CodeCache_lock - owner thread: 0x0000000019313800
[0x00000000028c0b50] Compile_lock - owner thread: 0x0000000000000000

heap address: 0x0000000080000000, size: 2048 MB, Compressed Oops mode: 32-bit
Narrow klass base: 0x0000000000000000, Narrow klass shift: 3
Compressed class space size: 1073741824 Address: 0x0000000100000000

Heap:
 PSYoungGen      total 115712K, used 74283K [0x00000000d5580000, 0x00000000dfc00000, 0x0000000100000000)
  eden space 103424K, 72% used [0x00000000d5580000,0x00000000d9e72350,0x00000000dba80000)
  from space 12288K, 0% used [0x00000000dba80000,0x00000000dba80000,0x00000000dc680000)
  to   space 12800K, 0% used [0x00000000def80000,0x00000000def80000,0x00000000dfc00000)
 ParOldGen       total 59392K, used 15659K [0x0000000080000000, 0x0000000083a00000, 0x00000000d5580000)
  object space 59392K, 26% used [0x0000000080000000,0x0000000080f4ade8,0x0000000083a00000)
 Metaspace       used 36538K, capacity 38206K, committed 38360K, reserved 1083392K
  class space    used 5026K, capacity 5339K, committed 5376K, reserved 1048576K

Card table byte_map: [0x0000000011d80000,0x0000000012190000] byte_map_base: 0x0000000011980000

Marking Bits: (ParMarkBitMap*) 0x000000005700f030
 Begin Bits: [0x0000000012e40000, 0x0000000014e40000)
 End Bits:   [0x0000000014e40000, 0x0000000016e40000)

Polling page: 0x0000000000810000

CodeCache: size=245760Kb used=12418Kb max_used=12419Kb free=233341Kb
 bounds [0x00000000029c0000, 0x00000000035f0000, 0x00000000119c0000]
 total_blobs=4262 nmethods=3563 adapters=613
 compilation: enabled

Compilation events (10 events):
Event: 2.472 Thread 0x0000000019313800 3551       3       com.google.common.cache.LocalCache::unset (4 bytes)
Event: 2.472 Thread 0x0000000019313000 3552 %     4       sun.nio.fs.WindowsPathParser::normalize @ 18 (233 bytes)
Event: 2.472 Thread 0x0000000019313800 nmethod 3551 0x00000000035dd190 code [0x00000000035dd2e0, 0x00000000035dd410]
Event: 2.472 Thread 0x0000000019313800 3550       3       org.gradle.internal.snapshot.VfsRelativePath::suffixStartingFrom (18 bytes)
Event: 2.472 Thread 0x0000000019313800 nmethod 3550 0x00000000035dcc90 code [0x00000000035dce00, 0x00000000035dd090]
Event: 2.472 Thread 0x0000000019313800 3554       3       com.google.common.cache.LocalCache$Segment::newEntry (18 bytes)
Event: 2.473 Thread 0x0000000019313800 nmethod 3554 0x00000000035dc590 code [0x00000000035dc720, 0x00000000035dcab8]
Event: 2.473 Thread 0x0000000019313800 3555       3       java.util.regex.Pattern$Curly::study (153 bytes)
Event: 2.473 Thread 0x0000000019313800 nmethod 3555 0x00000000035dbc90 code [0x00000000035dbe20, 0x00000000035dc3d8]
Event: 2.473 Thread 0x0000000019313800 3557   !   3       org.gradle.cache.internal.LockOnDemandCrossProcessCacheAccess::incrementLockCount (193 bytes)

GC Heap History (10 events):
Event: 1.395 GC heap before
{Heap before GC invocations=7 (full 1):
 PSYoungGen      total 76288K, used 8427K [0x00000000d5580000, 0x00000000dab80000, 0x0000000100000000)
  eden space 66048K, 0% used [0x00000000d5580000,0x00000000d5580000,0x00000000d9600000)
  from space 10240K, 82% used [0x00000000da080000,0x00000000da8baca0,0x00000000daa80000)
  to   space 10752K, 0% used [0x00000000d9600000,0x00000000d9600000,0x00000000da080000)
 ParOldGen       total 87552K, used 6733K [0x0000000080000000, 0x0000000085580000, 0x00000000d5580000)
  object space 87552K, 7% used [0x0000000080000000,0x00000000806934e8,0x0000000085580000)
 Metaspace       used 20471K, capacity 21204K, committed 21248K, reserved 1067008K
  class space    used 2855K, capacity 3048K, committed 3072K, reserved 1048576K
Event: 1.415 GC heap after
Heap after GC invocations=7 (full 1):
 PSYoungGen      total 76288K, used 0K [0x00000000d5580000, 0x00000000dab80000, 0x0000000100000000)
  eden space 66048K, 0% used [0x00000000d5580000,0x00000000d5580000,0x00000000d9600000)
  from space 10240K, 0% used [0x00000000da080000,0x00000000da080000,0x00000000daa80000)
  to   space 10752K, 0% used [0x00000000d9600000,0x00000000d9600000,0x00000000da080000)
 ParOldGen       total 59392K, used 8908K [0x0000000080000000, 0x0000000083a00000, 0x00000000d5580000)
  object space 59392K, 14% used [0x0000000080000000,0x00000000808b32f0,0x0000000083a00000)
 Metaspace       used 20471K, capacity 21204K, committed 21248K, reserved 1067008K
  class space    used 2855K, capacity 3048K, committed 3072K, reserved 1048576K
}
Event: 1.761 GC heap before
{Heap before GC invocations=8 (full 1):
 PSYoungGen      total 76288K, used 66048K [0x00000000d5580000, 0x00000000dab80000, 0x0000000100000000)
  eden space 66048K, 100% used [0x00000000d5580000,0x00000000d9600000,0x00000000d9600000)
  from space 10240K, 0% used [0x00000000da080000,0x00000000da080000,0x00000000daa80000)
  to   space 10752K, 0% used [0x00000000d9600000,0x00000000d9600000,0x00000000da080000)
 ParOldGen       total 59392K, used 8908K [0x0000000080000000, 0x0000000083a00000, 0x00000000d5580000)
  object space 59392K, 14% used [0x0000000080000000,0x00000000808b32f0,0x0000000083a00000)
 Metaspace       used 28320K, capacity 29226K, committed 29568K, reserved 1075200K
  class space    used 3925K, capacity 4136K, committed 4224K, reserved 1048576K
Event: 1.766 GC heap after
Heap after GC invocations=8 (full 1):
 PSYoungGen      total 76800K, used 8324K [0x00000000d5580000, 0x00000000dd180000, 0x0000000100000000)
  eden space 66048K, 0% used [0x00000000d5580000,0x00000000d5580000,0x00000000d9600000)
  from space 10752K, 77% used [0x00000000d9600000,0x00000000d9e211a8,0x00000000da080000)
  to   space 11264K, 0% used [0x00000000dc680000,0x00000000dc680000,0x00000000dd180000)
 ParOldGen       total 59392K, used 8916K [0x0000000080000000, 0x0000000083a00000, 0x00000000d5580000)
  object space 59392K, 15% used [0x0000000080000000,0x00000000808b52f0,0x0000000083a00000)
 Metaspace       used 28320K, capacity 29226K, committed 29568K, reserved 1075200K
  class space    used 3925K, capacity 4136K, committed 4224K, reserved 1048576K
}
Event: 2.087 GC heap before
{Heap before GC invocations=9 (full 1):
 PSYoungGen      total 76800K, used 74372K [0x00000000d5580000, 0x00000000dd180000, 0x0000000100000000)
  eden space 66048K, 100% used [0x00000000d5580000,0x00000000d9600000,0x00000000d9600000)
  from space 10752K, 77% used [0x00000000d9600000,0x00000000d9e211a8,0x00000000da080000)
  to   space 11264K, 0% used [0x00000000dc680000,0x00000000dc680000,0x00000000dd180000)
 ParOldGen       total 59392K, used 8916K [0x0000000080000000, 0x0000000083a00000, 0x00000000d5580000)
  object space 59392K, 15% used [0x0000000080000000,0x00000000808b52f0,0x0000000083a00000)
 Metaspace       used 32864K, capacity 33910K, committed 34048K, reserved 1079296K
  class space    used 4475K, capacity 4764K, committed 4864K, reserved 1048576K
Event: 2.094 GC heap after
Heap after GC invocations=9 (full 1):
 PSYoungGen      total 114688K, used 10421K [0x00000000d5580000, 0x00000000dd380000, 0x0000000100000000)
  eden space 103424K, 0% used [0x00000000d5580000,0x00000000d5580000,0x00000000dba80000)
  from space 11264K, 92% used [0x00000000dc680000,0x00000000dd0ad728,0x00000000dd180000)
  to   space 12288K, 0% used [0x00000000dba80000,0x00000000dba80000,0x00000000dc680000)
 ParOldGen       total 59392K, used 8924K [0x0000000080000000, 0x0000000083a00000, 0x00000000d5580000)
  object space 59392K, 15% used [0x0000000080000000,0x00000000808b72f0,0x0000000083a00000)
 Metaspace       used 32864K, capacity 33910K, committed 34048K, reserved 1079296K
  class space    used 4475K, capacity 4764K, committed 4864K, reserved 1048576K
}
Event: 2.200 GC heap before
{Heap before GC invocations=10 (full 1):
 PSYoungGen      total 114688K, used 43537K [0x00000000d5580000, 0x00000000dd380000, 0x0000000100000000)
  eden space 103424K, 32% used [0x00000000d5580000,0x00000000d75d6cd8,0x00000000dba80000)
  from space 11264K, 92% used [0x00000000dc680000,0x00000000dd0ad728,0x00000000dd180000)
  to   space 12288K, 0% used [0x00000000dba80000,0x00000000dba80000,0x00000000dc680000)
 ParOldGen       total 59392K, used 8924K [0x0000000080000000, 0x0000000083a00000, 0x00000000d5580000)
  object space 59392K, 15% used [0x0000000080000000,0x00000000808b72f0,0x0000000083a00000)
 Metaspace       used 34180K, capacity 35330K, committed 35416K, reserved 1079296K
  class space    used 4686K, capacity 4949K, committed 4992K, reserved 1048576K
Event: 2.206 GC heap after
Heap after GC invocations=10 (full 1):
 PSYoungGen      total 115712K, used 9257K [0x00000000d5580000, 0x00000000dfc00000, 0x0000000100000000)
  eden space 103424K, 0% used [0x00000000d5580000,0x00000000d5580000,0x00000000dba80000)
  from space 12288K, 75% used [0x00000000dba80000,0x00000000dc38a4d0,0x00000000dc680000)
  to   space 12800K, 0% used [0x00000000def80000,0x00000000def80000,0x00000000dfc00000)
 ParOldGen       total 59392K, used 8932K [0x0000000080000000, 0x0000000083a00000, 0x00000000d5580000)
  object space 59392K, 15% used [0x0000000080000000,0x00000000808b92f0,0x0000000083a00000)
 Metaspace       used 34180K, capacity 35330K, committed 35416K, reserved 1079296K
  class space    used 4686K, capacity 4949K, committed 4992K, reserved 1048576K
}
Event: 2.206 GC heap before
{Heap before GC invocations=11 (full 2):
 PSYoungGen      total 115712K, used 9257K [0x00000000d5580000, 0x00000000dfc00000, 0x0000000100000000)
  eden space 103424K, 0% used [0x00000000d5580000,0x00000000d5580000,0x00000000dba80000)
  from space 12288K, 75% used [0x00000000dba80000,0x00000000dc38a4d0,0x00000000dc680000)
  to   space 12800K, 0% used [0x00000000def80000,0x00000000def80000,0x00000000dfc00000)
 ParOldGen       total 59392K, used 8932K [0x0000000080000000, 0x0000000083a00000, 0x00000000d5580000)
  object space 59392K, 15% used [0x0000000080000000,0x00000000808b92f0,0x0000000083a00000)
 Metaspace       used 34180K, capacity 35330K, committed 35416K, reserved 1079296K
  class space    used 4686K, capacity 4949K, committed 4992K, reserved 1048576K
Event: 2.239 GC heap after
Heap after GC invocations=11 (full 2):
 PSYoungGen      total 115712K, used 0K [0x00000000d5580000, 0x00000000dfc00000, 0x0000000100000000)
  eden space 103424K, 0% used [0x00000000d5580000,0x00000000d5580000,0x00000000dba80000)
  from space 12288K, 0% used [0x00000000dba80000,0x00000000dba80000,0x00000000dc680000)
  to   space 12800K, 0% used [0x00000000def80000,0x00000000def80000,0x00000000dfc00000)
 ParOldGen       total 59392K, used 15659K [0x0000000080000000, 0x0000000083a00000, 0x00000000d5580000)
  object space 59392K, 26% used [0x0000000080000000,0x0000000080f4ade8,0x0000000083a00000)
 Metaspace       used 34180K, capacity 35330K, committed 35416K, reserved 1079296K
  class space    used 4686K, capacity 4949K, committed 4992K, reserved 1048576K
}

Deoptimization events (10 events):
Event: 1.976 Thread 0x000000001ca17000 Uncommon trap: reason=unstable_if action=reinterpret pc=0x0000000002f85238 method=java.util.HashMap.getNode(ILjava/lang/Object;)Ljava/util/HashMap$Node; @ 53
Event: 2.013 Thread 0x000000001ca17000 Uncommon trap: reason=unstable_if action=reinterpret pc=0x00000000032f236c method=org.gradle.internal.reflect.PropertyAccessorType.isGetGetterName(Ljava/lang/String;)Z @ 14
Event: 2.024 Thread 0x000000001ca17000 Uncommon trap: reason=unstable_if action=reinterpret pc=0x00000000030a6a40 method=org.objectweb.asm.ByteVector.putShort(I)Lorg/objectweb/asm/ByteVector; @ 13
Event: 2.071 Thread 0x000000001ca17000 Uncommon trap: reason=unstable_if action=reinterpret pc=0x00000000033688bc method=org.codehaus.groovy.runtime.metaclass.MetaMethodIndex.addMethodToList(Ljava/lang/Object;Lgroovy/lang/MetaMethod;)Ljava/lang/Object; @ 226
Event: 2.100 Thread 0x000000001ca17000 Uncommon trap: reason=unstable_if action=reinterpret pc=0x0000000003156450 method=java.util.WeakHashMap.put(Ljava/lang/Object;Ljava/lang/Object;)Ljava/lang/Object; @ 59
Event: 2.118 Thread 0x000000001ca17000 Uncommon trap: reason=range_check action=make_not_entrant pc=0x00000000033a4a5c method=java.lang.String.charAt(I)C @ 27
Event: 2.438 Thread 0x0000000020984800 Uncommon trap: reason=unstable_if action=reinterpret pc=0x000000000338a4a4 method=java.util.concurrent.ConcurrentHashMap.addCount(JI)V @ 272
Event: 2.438 Thread 0x000000002097a000 Uncommon trap: reason=unstable_if action=reinterpret pc=0x000000000338a3e0 method=java.util.concurrent.ConcurrentHashMap.putVal(Ljava/lang/Object;Ljava/lang/Object;Z)Ljava/lang/Object; @ 113
Event: 2.441 Thread 0x0000000020983800 Uncommon trap: reason=unstable_if action=reinterpret pc=0x0000000003547b58 method=com.esotericsoftware.kryo.io.Input.readUtf8Length(I)I @ 9
Event: 2.442 Thread 0x000000002097d000 Uncommon trap: reason=unstable_if action=reinterpret pc=0x0000000003539664 method=com.esotericsoftware.kryo.io.Input.readUtf8Length(I)I @ 9

Classes redefined (0 events):
No events

Internal exceptions (10 events):
Event: 2.167 Thread 0x000000001ca17000 Exception <a 'java/lang/ClassNotFoundException': groovy/lang/GStringCustomizer> (0x00000000d6b195a8) thrown at [C:\src\AOSP-openjdk-git\hotspot\src\share\vm\classfile\systemDictionary.cpp, line 210]
Event: 2.168 Thread 0x000000001ca17000 Exception <a 'java/lang/ClassNotFoundException': groovy/lang/GString$1Customizer> (0x00000000d6b47958) thrown at [C:\src\AOSP-openjdk-git\hotspot\src\share\vm\classfile\systemDictionary.cpp, line 210]
Event: 2.170 Thread 0x000000001ca17000 Exception <a 'java/lang/ClassNotFoundException': org/codehaus/groovy/runtime/GStringImplBeanInfo> (0x00000000d6bf68d0) thrown at [C:\src\AOSP-openjdk-git\hotspot\src\share\vm\classfile\systemDictionary.cpp, line 210]
Event: 2.170 Thread 0x000000001ca17000 Exception <a 'java/lang/ClassNotFoundException': org/codehaus/groovy/runtime/GStringImplCustomizer> (0x00000000d6c22a98) thrown at [C:\src\AOSP-openjdk-git\hotspot\src\share\vm\classfile\systemDictionary.cpp, line 210]
Event: 2.192 Thread 0x000000001ca17000 Exception <a 'java/lang/NoSuchMethodError': java.lang.Object.lambda$static$0(Lorg/gradle/api/internal/artifacts/configurations/MutationValidator$MutationType;)V> (0x00000000d71ca628) thrown at [C:\src\AOSP-openjdk-git\hotspot\src\share\vm\interpreter\link
Event: 2.275 Thread 0x000000001ca17000 Exception <a 'java/lang/NoSuchMethodError': java.lang.Object.lambda$static$0(Lorg/gradle/internal/component/model/DependencyMetadata;)Lorg/gradle/api/internal/artifacts/ivyservice/dependencysubstitution/DependencySubstitutionApplicator$SubstitutionResult;
Event: 2.294 Thread 0x000000001ca17000 Exception <a 'java/lang/IncompatibleClassChangeError': Found class java.lang.Object, but interface was expected> (0x00000000d65c6410) thrown at [C:\src\AOSP-openjdk-git\hotspot\src\share\vm\interpreter\linkResolver.cpp, line 653]
Event: 2.295 Thread 0x000000001ca17000 Exception <a 'java/lang/NoSuchMethodError': java.lang.Object.lambda$thenComparing$36697e65$1(Ljava/util/Comparator;Ljava/lang/Object;Ljava/lang/Object;)I> (0x00000000d65d1ec0) thrown at [C:\src\AOSP-openjdk-git\hotspot\src\share\vm\interpreter\linkResolve
Event: 2.334 Thread 0x000000001ca17000 Exception <a 'java/lang/NoSuchMethodError': java.lang.Object.lambda$static$0()Z> (0x00000000d70c9d40) thrown at [C:\src\AOSP-openjdk-git\hotspot\src\share\vm\interpreter\linkResolver.cpp, line 620]
Event: 2.433 Thread 0x000000001ca17000 Exception <a 'java/lang/NoSuchMethodError': java.lang.Object.lambda$static$0(Lorg/gradle/api/internal/artifacts/ivyservice/resolveengine/artifact/ArtifactVisitor;)V> (0x00000000d7fa9120) thrown at [C:\src\AOSP-openjdk-git\hotspot\src\share\vm\interpreter\

Events (10 events):
Event: 2.470 loading class org/gradle/internal/snapshot/VfsRelativePath
Event: 2.470 loading class org/gradle/internal/snapshot/VfsRelativePath done
Event: 2.471 Thread 0x0000000020e5d800 Thread added: 0x0000000020e5d800
Event: 2.471 Thread 0x0000000020e59800 Thread added: 0x0000000020e59800
Event: 2.471 Thread 0x0000000020e5e000 Thread added: 0x0000000020e5e000
Event: 2.472 Thread 0x0000000020e57800 Thread added: 0x0000000020e57800
Event: 2.472 Thread 0x0000000020e5f000 Thread added: 0x0000000020e5f000
Event: 2.472 Thread 0x0000000020e58000 Thread added: 0x0000000020e58000
Event: 2.472 Thread 0x0000000020e65000 Thread added: 0x0000000020e65000
Event: 2.473 Thread 0x0000000020e5f800 Thread added: 0x0000000020e5f800


Dynamic libraries:
0x00007ff791b50000 - 0x00007ff791b81000 	C:\Program Files\Android\Android Studio\jre\bin\java.exe
0x00007ff833bf0000 - 0x00007ff833de6000 	C:\Windows\SYSTEM32\ntdll.dll
0x00007ff833a20000 - 0x00007ff833add000 	C:\Windows\System32\KERNEL32.DLL
0x00007ff831430000 - 0x00007ff8316f9000 	C:\Windows\System32\KERNELBASE.dll
0x00007ff832fa0000 - 0x00007ff83304c000 	C:\Windows\System32\ADVAPI32.dll
0x00007ff832150000 - 0x00007ff8321ee000 	C:\Windows\System32\msvcrt.dll
0x00007ff8320a0000 - 0x00007ff83213c000 	C:\Windows\System32\sechost.dll
0x00007ff831c70000 - 0x00007ff831d9b000 	C:\Windows\System32\RPCRT4.dll
0x00007ff8321f0000 - 0x00007ff832390000 	C:\Windows\System32\USER32.dll
0x00007ff831810000 - 0x00007ff831832000 	C:\Windows\System32\win32u.dll
0x00007ff833050000 - 0x00007ff83307a000 	C:\Windows\System32\GDI32.dll
0x00007ff831700000 - 0x00007ff83180b000 	C:\Windows\System32\gdi32full.dll
0x00007ff831b30000 - 0x00007ff831bcd000 	C:\Windows\System32\msvcp_win.dll
0x00007ff8319a0000 - 0x00007ff831aa0000 	C:\Windows\System32\ucrtbase.dll
0x00007ff81f1d0000 - 0x00007ff81f46b000 	C:\Windows\WinSxS\amd64_microsoft.windows.common-controls_6595b64144ccf1df_6.0.19041.746_none_ca02b4b61b8320a4\COMCTL32.dll
0x00007ff832070000 - 0x00007ff8320a0000 	C:\Windows\System32\IMM32.DLL
0x0000000055dd0000 - 0x0000000055ea2000 	C:\Program Files\Android\Android Studio\jre\jre\bin\msvcr100.dll
0x0000000056840000 - 0x000000005708b000 	C:\Program Files\Android\Android Studio\jre\jre\bin\server\jvm.dll
0x00007ff832140000 - 0x00007ff832148000 	C:\Windows\System32\PSAPI.DLL
0x00007ff82bec0000 - 0x00007ff82beca000 	C:\Windows\SYSTEM32\VERSION.dll
0x00007ff828280000 - 0x00007ff828289000 	C:\Windows\SYSTEM32\WSOCK32.dll
0x00007ff821900000 - 0x00007ff821927000 	C:\Windows\SYSTEM32\WINMM.dll
0x00007ff832a80000 - 0x00007ff832aeb000 	C:\Windows\System32\WS2_32.dll
0x00007ff82a8f0000 - 0x00007ff82a8ff000 	C:\Program Files\Android\Android Studio\jre\jre\bin\verify.dll
0x00007ff81fd80000 - 0x00007ff81fda9000 	C:\Program Files\Android\Android Studio\jre\jre\bin\java.dll
0x00007ff828260000 - 0x00007ff828276000 	C:\Program Files\Android\Android Studio\jre\jre\bin\zip.dll
0x00007ff8331a0000 - 0x00007ff8338e2000 	C:\Windows\System32\SHELL32.dll
0x00007ff82f4a0000 - 0x00007ff82fc30000 	C:\Windows\SYSTEM32\windows.storage.dll
0x00007ff832af0000 - 0x00007ff832e46000 	C:\Windows\System32\combase.dll
0x00007ff830d90000 - 0x00007ff830dbc000 	C:\Windows\SYSTEM32\Wldp.dll
0x00007ff831fc0000 - 0x00007ff83206e000 	C:\Windows\System32\SHCORE.dll
0x00007ff831e20000 - 0x00007ff831e75000 	C:\Windows\System32\shlwapi.dll
0x00007ff831260000 - 0x00007ff831286000 	C:\Windows\SYSTEM32\profapi.dll
0x00007ff828070000 - 0x00007ff82808a000 	C:\Program Files\Android\Android Studio\jre\jre\bin\net.dll
0x00007ff830b10000 - 0x00007ff830b7a000 	C:\Windows\system32\mswsock.dll
0x00007ff81fd60000 - 0x00007ff81fd73000 	C:\Program Files\Android\Android Studio\jre\jre\bin\nio.dll
0x00007ff812940000 - 0x00007ff812967000 	C:\Users\pc\.gradle\native\f6784746aeab05261644944871eae4fe03e0ef1612fff0a4a95f87b438bc6780\windows-amd64\native-platform.dll
0x00007ff82a8c0000 - 0x00007ff82a8cd000 	C:\Program Files\Android\Android Studio\jre\jre\bin\management.dll
0x00007ff830ce0000 - 0x00007ff830cf8000 	C:\Windows\SYSTEM32\CRYPTSP.dll
0x00007ff830440000 - 0x00007ff830474000 	C:\Windows\system32\rsaenh.dll
0x00007ff831b00000 - 0x00007ff831b27000 	C:\Windows\System32\bcrypt.dll
0x00007ff831220000 - 0x00007ff83124e000 	C:\Windows\SYSTEM32\USERENV.dll
0x00007ff831bd0000 - 0x00007ff831c50000 	C:\Windows\System32\bcryptprimitives.dll
0x00007ff830d00000 - 0x00007ff830d0c000 	C:\Windows\SYSTEM32\CRYPTBASE.dll
0x00007ff8307b0000 - 0x00007ff8307eb000 	C:\Windows\SYSTEM32\IPHLPAPI.DLL
0x00007ff833ae0000 - 0x00007ff833ae8000 	C:\Windows\System32\NSI.dll
0x00007ff82bed0000 - 0x00007ff82bee7000 	C:\Windows\SYSTEM32\dhcpcsvc6.DLL
0x00007ff82b9e0000 - 0x00007ff82b9fd000 	C:\Windows\SYSTEM32\dhcpcsvc.DLL
0x00007ff830800000 - 0x00007ff8308cb000 	C:\Windows\SYSTEM32\DNSAPI.dll
0x00007ff82bef0000 - 0x00007ff82befb000 	C:\Windows\SYSTEM32\WINNSI.DLL

VM Arguments:
jvm_args: -Xmx2048m -Dfile.encoding=windows-1252 -Duser.country=MX -Duser.language=es -Duser.variant 
java_command: org.gradle.launcher.daemon.bootstrap.GradleDaemon 6.5
java_class_path (initial): C:\Users\pc\.gradle\wrapper\dists\gradle-6.5-all\2oz4ud9k3tuxjg84bbf55q0tn\gradle-6.5\lib\gradle-launcher-6.5.jar
Launcher Type: SUN_STANDARD

Environment Variables:
PATH=C:\Program Files (x86)\Common Files\Intel\Shared Libraries\redist\intel64\compiler;C:\Windows\system32;C:\Windows;C:\Windows\System32\Wbem;C:\Windows\System32\WindowsPowerShell\v1.0\;C:\Windows\System32\OpenSSH\;C:\Program Files (x86)\NVIDIA Corporation\PhysX\Common;C:\Program Files\NVIDIA Corporation\NVIDIA NvDLISR;C:\Users\pc\AppData\Local\Microsoft\WindowsApps;
USERNAME=pc
OS=Windows_NT
PROCESSOR_IDENTIFIER=AMD64 Family 23 Model 113 Stepping 0, AuthenticAMD



---------------  S Y S T E M  ---------------

OS: Windows 10.0 , 64 bit Build 19041 (10.0.19041.804)

CPU:total 12 (initial active 12) (12 cores per cpu, 1 threads per core) family 23 model 113 stepping 0, cmov, cx8, fxsr, mmx, sse, sse2, sse3, ssse3, sse4.1, sse4.2, popcnt, avx, avx2, aes, clmul, mmxext, 3dnowpref, lzcnt, sse4a, tsc, tscinvbit, tscinv, bmi1

Memory: 4k page, physical 8310100k(882140k free), swap 22881968k(5120k free)

vm_info: OpenJDK 64-Bit Server VM (25.242-b01) for windows-amd64 JRE (1.8.0_242-release-1644-b01), built by "builder" with MS VC++ 10.0 (VS2010)

time: Sat Feb 20 09:08:38 2021
timezone: Hora estándar, América Central
elapsed time: 2 seconds (0d 0h 0m 2s)

