#
# There is insufficient memory for the Java Runtime Environment to continue.
# Native memory allocation (malloc) failed to allocate 561296 bytes for Chunk::new
# Possible reasons:
#   The system is out of physical RAM or swap space
#   The process is running with CompressedOops enabled, and the Java Heap may be blocking the growth of the native heap
# Possible solutions:
#   Reduce memory load on the system
#   Increase physical memory or swap space
#   Check if swap backing store is full
#   Decrease Java heap size (-Xmx/-Xms)
#   Decrease number of Java threads
#   Decrease Java thread stack sizes (-Xss)
#   Set larger code cache with -XX:ReservedCodeCacheSize=
#   JVM is running with Unscaled Compressed Oops mode in which the Java heap is
#     placed in the first 4GB address space. The Java Heap base address is the
#     maximum limit for the native heap growth. Please use -XX:HeapBaseMinAddress
#     to set the Java Heap base and to place the Java Heap above 4GB virtual address.
# This output file may be truncated or incomplete.
#
#  Out of Memory Error (allocation.cpp:389), pid=18756, tid=0x0000000000002068
#
# JRE version: OpenJDK Runtime Environment (8.0_242-b01) (build 1.8.0_242-release-1644-b01)
# Java VM: OpenJDK 64-Bit Server VM (25.242-b01 mixed mode windows-amd64 compressed oops)
# Failed to write core dump. Minidumps are not enabled by default on client versions of Windows
#

---------------  T H R E A D  ---------------

Current thread (0x0000000019026000):  JavaThread "C2 CompilerThread0" daemon [_thread_in_native, id=8296, stack(0x000000001a6c0000,0x000000001a7c0000)]

Stack: [0x000000001a6c0000,0x000000001a7c0000]
[error occurred during error reporting (printing stack bounds), id 0xc0000005]

Native frames: (J=compiled Java code, j=interpreted, Vv=VM code, C=native code)


Current CompileTask:
C2:   3998 4120   !   4       java.util.jar.Attributes::read (380 bytes)


---------------  P R O C E S S  ---------------

Java Threads: ( => current thread )
  0x000000001d0fe000 JavaThread "Cache worker for Build Output Cleanup Cache (C:\Users\pc\Desktop\App\MatusIntl\.gradle\buildOutputCleanup)" [_thread_blocked, id=7328, stack(0x000000002a710000,0x000000002a810000)]
  0x000000001d100000 JavaThread "jar transforms Thread 113" [_thread_blocked, id=13388, stack(0x000000002a410000,0x000000002a510000)]
  0x000000001d0ff800 JavaThread "jar transforms Thread 112" [_thread_blocked, id=18196, stack(0x000000002a310000,0x000000002a410000)]
  0x000000001d37b800 JavaThread "jar transforms Thread 111" [_thread_blocked, id=4472, stack(0x000000002a210000,0x000000002a310000)]
  0x000000001d378800 JavaThread "jar transforms Thread 110" [_thread_blocked, id=20536, stack(0x000000002a110000,0x000000002a210000)]
  0x000000001d37a000 JavaThread "jar transforms Thread 109" [_thread_blocked, id=10268, stack(0x000000002a010000,0x000000002a110000)]
  0x000000001d37c800 JavaThread "jar transforms Thread 108" [_thread_blocked, id=1184, stack(0x0000000029f10000,0x000000002a010000)]
  0x000000001d378000 JavaThread "jar transforms Thread 107" [_thread_blocked, id=19908, stack(0x0000000029e10000,0x0000000029f10000)]
  0x000000001d377000 JavaThread "jar transforms Thread 106" [_thread_blocked, id=12688, stack(0x0000000029d10000,0x0000000029e10000)]
  0x000000001d379800 JavaThread "jar transforms Thread 105" [_thread_blocked, id=15192, stack(0x0000000029c10000,0x0000000029d10000)]
  0x000000001d375000 JavaThread "jar transforms Thread 104" [_thread_blocked, id=20296, stack(0x0000000029b10000,0x0000000029c10000)]
  0x000000001d37b000 JavaThread "jar transforms Thread 103" [_thread_blocked, id=168, stack(0x0000000029a10000,0x0000000029b10000)]
  0x000000001d371000 JavaThread "jar transforms Thread 102" [_thread_blocked, id=12064, stack(0x0000000029910000,0x0000000029a10000)]
  0x000000001d376800 JavaThread "jar transforms Thread 101" [_thread_blocked, id=20976, stack(0x0000000029810000,0x0000000029910000)]
  0x000000001d370800 JavaThread "jar transforms Thread 100" [_thread_blocked, id=6368, stack(0x0000000029710000,0x0000000029810000)]
  0x000000001d375800 JavaThread "jar transforms Thread 99" [_thread_blocked, id=4024, stack(0x0000000029610000,0x0000000029710000)]
  0x000000001d36e000 JavaThread "jar transforms Thread 98" [_thread_blocked, id=13616, stack(0x0000000029410000,0x0000000029510000)]
  0x000000001d374000 JavaThread "jar transforms Thread 97" [_thread_blocked, id=10880, stack(0x0000000029310000,0x0000000029410000)]
  0x000000001d36f800 JavaThread "jar transforms Thread 96" [_thread_blocked, id=3480, stack(0x0000000029210000,0x0000000029310000)]
  0x000000001d373800 JavaThread "jar transforms Thread 95" [_thread_blocked, id=6760, stack(0x0000000029110000,0x0000000029210000)]
  0x000000001d36f000 JavaThread "jar transforms Thread 94" [_thread_blocked, id=18848, stack(0x0000000029010000,0x0000000029110000)]
  0x000000001d372800 JavaThread "jar transforms Thread 93" [_thread_blocked, id=19384, stack(0x0000000028f10000,0x0000000029010000)]
  0x000000001d36d800 JavaThread "jar transforms Thread 92" [_thread_blocked, id=16516, stack(0x0000000028e10000,0x0000000028f10000)]
  0x000000001d372000 JavaThread "jar transforms Thread 91" [_thread_blocked, id=10956, stack(0x0000000028d10000,0x0000000028e10000)]
  0x00000000201fa000 JavaThread "jar transforms Thread 90" [_thread_blocked, id=19396, stack(0x0000000028c10000,0x0000000028d10000)]
  0x00000000201f9800 JavaThread "jar transforms Thread 89" [_thread_blocked, id=12276, stack(0x0000000028b10000,0x0000000028c10000)]
  0x00000000201f8800 JavaThread "jar transforms Thread 88" [_thread_blocked, id=6412, stack(0x0000000028a10000,0x0000000028b10000)]
  0x00000000201f8000 JavaThread "jar transforms Thread 87" [_thread_blocked, id=5268, stack(0x0000000028910000,0x0000000028a10000)]
  0x00000000201f7000 JavaThread "jar transforms Thread 86" [_thread_blocked, id=4184, stack(0x0000000028810000,0x0000000028910000)]
  0x00000000201f6800 JavaThread "jar transforms Thread 85" [_thread_blocked, id=7904, stack(0x0000000028710000,0x0000000028810000)]
  0x00000000201f5800 JavaThread "jar transforms Thread 84" [_thread_blocked, id=11956, stack(0x0000000028610000,0x0000000028710000)]
  0x00000000201ee800 JavaThread "jar transforms Thread 83" [_thread_blocked, id=21008, stack(0x0000000028510000,0x0000000028610000)]
  0x00000000201ee000 JavaThread "jar transforms Thread 82" [_thread_blocked, id=19072, stack(0x0000000028410000,0x0000000028510000)]
  0x00000000201f5000 JavaThread "jar transforms Thread 81" [_thread_blocked, id=1020, stack(0x0000000028310000,0x0000000028410000)]
  0x00000000201ed000 JavaThread "jar transforms Thread 80" [_thread_blocked, id=17764, stack(0x0000000028210000,0x0000000028310000)]
  0x00000000201f4000 JavaThread "jar transforms Thread 79" [_thread_blocked, id=10044, stack(0x0000000028110000,0x0000000028210000)]
  0x00000000201f2000 JavaThread "jar transforms Thread 78" [_thread_blocked, id=19780, stack(0x0000000028010000,0x0000000028110000)]
  0x00000000201f3800 JavaThread "jar transforms Thread 77" [_thread_blocked, id=13228, stack(0x0000000027f10000,0x0000000028010000)]
  0x00000000201ec800 JavaThread "jar transforms Thread 76" [_thread_blocked, id=3192, stack(0x0000000027e10000,0x0000000027f10000)]
  0x00000000201f1000 JavaThread "jar transforms Thread 75" [_thread_blocked, id=13292, stack(0x0000000027d10000,0x0000000027e10000)]
  0x00000000201f2800 JavaThread "jar transforms Thread 74" [_thread_blocked, id=13208, stack(0x0000000027c10000,0x0000000027d10000)]
  0x00000000201ef800 JavaThread "jar transforms Thread 73" [_thread_blocked, id=18632, stack(0x0000000027b10000,0x0000000027c10000)]
  0x00000000201eb800 JavaThread "jar transforms Thread 72" [_thread_blocked, id=1052, stack(0x0000000027a10000,0x0000000027b10000)]
  0x00000000201f0800 JavaThread "jar transforms Thread 71" [_thread_blocked, id=20684, stack(0x0000000027910000,0x0000000027a10000)]
  0x00000000201eb000 JavaThread "jar transforms Thread 70" [_thread_blocked, id=18184, stack(0x0000000027810000,0x0000000027910000)]
  0x000000001d1f8000 JavaThread "jar transforms Thread 69" [_thread_blocked, id=18324, stack(0x0000000027710000,0x0000000027810000)]
  0x000000001d1fa800 JavaThread "jar transforms Thread 68" [_thread_blocked, id=11436, stack(0x0000000027610000,0x0000000027710000)]
  0x000000001d1f2800 JavaThread "jar transforms Thread 67" [_thread_blocked, id=19408, stack(0x0000000027510000,0x0000000027610000)]
  0x000000001d1f6800 JavaThread "jar transforms Thread 66" [_thread_blocked, id=14556, stack(0x0000000027410000,0x0000000027510000)]
  0x000000001d1f5000 JavaThread "jar transforms Thread 65" [_thread_blocked, id=20292, stack(0x0000000027310000,0x0000000027410000)]
  0x000000001d1f4000 JavaThread "jar transforms Thread 64" [_thread_blocked, id=12956, stack(0x0000000027210000,0x0000000027310000)]
  0x000000001d1f9800 JavaThread "jar transforms Thread 63" [_thread_blocked, id=16160, stack(0x0000000027110000,0x0000000027210000)]
  0x000000001d1f3800 JavaThread "jar transforms Thread 62" [_thread_blocked, id=21364, stack(0x0000000027010000,0x0000000027110000)]
  0x000000001d1f7000 JavaThread "jar transforms Thread 61" [_thread_blocked, id=21380, stack(0x0000000026f10000,0x0000000027010000)]
  0x000000001d1f5800 JavaThread "jar transforms Thread 60" [_thread_blocked, id=6860, stack(0x0000000026e10000,0x0000000026f10000)]
  0x000000001d1f8800 JavaThread "jar transforms Thread 59" [_thread_blocked, id=19904, stack(0x0000000026d10000,0x0000000026e10000)]
  0x000000001d1eb000 JavaThread "jar transforms Thread 58" [_thread_blocked, id=19900, stack(0x0000000026c10000,0x0000000026d10000)]
  0x000000001d1f2000 JavaThread "jar transforms Thread 57" [_thread_blocked, id=16040, stack(0x0000000026b10000,0x0000000026c10000)]
  0x000000001d1ed800 JavaThread "jar transforms Thread 56" [_thread_blocked, id=18876, stack(0x0000000026a10000,0x0000000026b10000)]
  0x000000001d1ef800 JavaThread "jar transforms Thread 55" [_thread_blocked, id=9160, stack(0x0000000026910000,0x0000000026a10000)]
  0x000000001d1f1000 JavaThread "jar transforms Thread 54" [_thread_blocked, id=14060, stack(0x0000000026810000,0x0000000026910000)]
  0x000000001d1ec800 JavaThread "jar transforms Thread 53" [_thread_blocked, id=1008, stack(0x0000000026710000,0x0000000026810000)]
  0x000000001d1ef000 JavaThread "jar transforms Thread 52" [_thread_blocked, id=19476, stack(0x0000000026610000,0x0000000026710000)]
  0x000000001d1f0800 JavaThread "jar transforms Thread 51" [_thread_blocked, id=4396, stack(0x0000000026510000,0x0000000026610000)]
  0x000000001d1ee000 JavaThread "jar transforms Thread 50" [_thread_blocked, id=17828, stack(0x0000000026410000,0x0000000026510000)]
  0x000000001d1ec000 JavaThread "jar transforms Thread 49" [_thread_blocked, id=15580, stack(0x0000000026310000,0x0000000026410000)]
  0x000000002068f800 JavaThread "jar transforms Thread 48" [_thread_blocked, id=6108, stack(0x0000000026210000,0x0000000026310000)]
  0x000000002068e800 JavaThread "jar transforms Thread 47" [_thread_blocked, id=868, stack(0x0000000026110000,0x0000000026210000)]
  0x000000002068e000 JavaThread "jar transforms Thread 46" [_thread_blocked, id=19756, stack(0x0000000026010000,0x0000000026110000)]
  0x0000000020691800 JavaThread "jar transforms Thread 45" [_thread_blocked, id=7416, stack(0x0000000025f10000,0x0000000026010000)]
  0x000000002068b800 JavaThread "jar transforms Thread 44" [_thread_blocked, id=1912, stack(0x0000000025e10000,0x0000000025f10000)]
  0x000000002068d000 JavaThread "jar transforms Thread 43" [_thread_blocked, id=6848, stack(0x0000000025d10000,0x0000000025e10000)]
  0x000000002068c800 JavaThread "jar transforms Thread 42" [_thread_blocked, id=19788, stack(0x0000000025c10000,0x0000000025d10000)]
  0x0000000020691000 JavaThread "jar transforms Thread 41" [_thread_blocked, id=13040, stack(0x0000000025b10000,0x0000000025c10000)]
  0x000000002068b000 JavaThread "jar transforms Thread 40" [_thread_blocked, id=5848, stack(0x0000000025a10000,0x0000000025b10000)]
  0x0000000020690000 JavaThread "jar transforms Thread 39" [_thread_blocked, id=5880, stack(0x0000000025910000,0x0000000025a10000)]
  0x000000002068a000 JavaThread "jar transforms Thread 38" [_thread_blocked, id=15100, stack(0x0000000025810000,0x0000000025910000)]
  0x0000000020682800 JavaThread "jar transforms Thread 37" [_thread_blocked, id=7936, stack(0x0000000025710000,0x0000000025810000)]
  0x0000000020688800 JavaThread "jar transforms Thread 36" [_thread_blocked, id=16380, stack(0x0000000025610000,0x0000000025710000)]
  0x0000000020685800 JavaThread "jar transforms Thread 35" [_thread_blocked, id=20428, stack(0x0000000025510000,0x0000000025610000)]
  0x0000000020687000 JavaThread "jar transforms Thread 34" [_thread_blocked, id=14688, stack(0x0000000025410000,0x0000000025510000)]
  0x0000000020689800 JavaThread "jar transforms Thread 33" [_thread_blocked, id=9360, stack(0x0000000025310000,0x0000000025410000)]
  0x0000000020683800 JavaThread "jar transforms Thread 32" [_thread_blocked, id=3144, stack(0x0000000025210000,0x0000000025310000)]
  0x0000000020684000 JavaThread "jar transforms Thread 31" [_thread_blocked, id=16900, stack(0x0000000025110000,0x0000000025210000)]
  0x0000000020688000 JavaThread "jar transforms Thread 30" [_thread_blocked, id=21212, stack(0x0000000025010000,0x0000000025110000)]
  0x0000000020686800 JavaThread "jar transforms Thread 29" [_thread_blocked, id=4000, stack(0x0000000024f10000,0x0000000025010000)]
  0x0000000020685000 JavaThread "jar transforms Thread 28" [_thread_blocked, id=5636, stack(0x0000000024e10000,0x0000000024f10000)]
  0x000000001fc51800 JavaThread "jar transforms Thread 27" [_thread_blocked, id=21032, stack(0x0000000024d10000,0x0000000024e10000)]
  0x000000001fc50000 JavaThread "jar transforms Thread 26" [_thread_blocked, id=21232, stack(0x0000000024c10000,0x0000000024d10000)]
  0x000000001fc4f000 JavaThread "jar transforms Thread 25" [_thread_blocked, id=21108, stack(0x0000000024b10000,0x0000000024c10000)]
  0x000000001fc50800 JavaThread "jar transforms Thread 24" [_thread_blocked, id=8848, stack(0x0000000024a10000,0x0000000024b10000)]
  0x000000001fc4e800 JavaThread "jar transforms Thread 23" [_thread_blocked, id=1712, stack(0x0000000024910000,0x0000000024a10000)]
  0x000000001fc4d800 JavaThread "jar transforms Thread 22" [_thread_blocked, id=19520, stack(0x0000000024810000,0x0000000024910000)]
  0x000000001fc4d000 JavaThread "jar transforms Thread 21" [_thread_blocked, id=19920, stack(0x0000000024710000,0x0000000024810000)]
  0x000000001fc45800 JavaThread "jar transforms Thread 20" [_thread_blocked, id=14924, stack(0x0000000024610000,0x0000000024710000)]
  0x000000001fc4a000 JavaThread "jar transforms Thread 19" [_thread_blocked, id=19932, stack(0x0000000024510000,0x0000000024610000)]
  0x000000001fc4c000 JavaThread "jar transforms Thread 18" [_thread_blocked, id=16628, stack(0x0000000024410000,0x0000000024510000)]
  0x000000001fc4b800 JavaThread "jar transforms Thread 17" [_thread_blocked, id=1440, stack(0x0000000024310000,0x0000000024410000)]
  0x000000001fc4a800 JavaThread "jar transforms Thread 16" [_thread_blocked, id=16580, stack(0x0000000024210000,0x0000000024310000)]
  0x000000001fc48800 JavaThread "jar transforms Thread 15" [_thread_blocked, id=8992, stack(0x0000000024110000,0x0000000024210000)]
  0x000000001fc47800 JavaThread "jar transforms Thread 14" [_thread_blocked, id=10812, stack(0x0000000024010000,0x0000000024110000)]
  0x000000001fc42800 JavaThread "jar transforms Thread 13" [_thread_blocked, id=7300, stack(0x0000000023f10000,0x0000000024010000)]
  0x000000001fc44800 JavaThread "jar transforms Thread 12" [_thread_blocked, id=1788, stack(0x0000000023e10000,0x0000000023f10000)]
  0x000000001fc46000 JavaThread "jar transforms Thread 11" [_thread_blocked, id=12712, stack(0x0000000023d10000,0x0000000023e10000)]
  0x000000001fc44000 JavaThread "jar transforms Thread 10" [_thread_blocked, id=2092, stack(0x0000000023c10000,0x0000000023d10000)]
  0x000000001fc43000 JavaThread "jar transforms Thread 9" [_thread_blocked, id=2688, stack(0x0000000023b10000,0x0000000023c10000)]
  0x000000001fc47000 JavaThread "jar transforms Thread 8" [_thread_blocked, id=19428, stack(0x0000000023a10000,0x0000000023b10000)]
  0x000000001fc49000 JavaThread "jar transforms Thread 7" [_thread_blocked, id=14400, stack(0x0000000023910000,0x0000000023a10000)]
  0x0000000020104800 JavaThread "jar transforms Thread 6" [_thread_blocked, id=1964, stack(0x0000000023810000,0x0000000023910000)]
  0x0000000020104000 JavaThread "jar transforms Thread 5" [_thread_blocked, id=19712, stack(0x0000000023710000,0x0000000023810000)]
  0x0000000020103000 JavaThread "jar transforms Thread 4" [_thread_blocked, id=18280, stack(0x0000000023610000,0x0000000023710000)]
  0x0000000020102800 JavaThread "jar transforms Thread 3" [_thread_blocked, id=20080, stack(0x0000000023510000,0x0000000023610000)]
  0x0000000020107000 JavaThread "jar transforms Thread 2" [_thread_blocked, id=16140, stack(0x0000000023410000,0x0000000023510000)]
  0x0000000020108800 JavaThread "Build operations Thread 12" [_thread_blocked, id=11492, stack(0x0000000023310000,0x0000000023410000)]
  0x0000000020106000 JavaThread "Build operations Thread 11" [_thread_blocked, id=20028, stack(0x0000000023210000,0x0000000023310000)]
  0x0000000020101800 JavaThread "Build operations Thread 10" [_thread_blocked, id=18420, stack(0x0000000023110000,0x0000000023210000)]
  0x0000000020105800 JavaThread "Build operations Thread 9" [_thread_blocked, id=17844, stack(0x0000000023010000,0x0000000023110000)]
  0x0000000020107800 JavaThread "Build operations Thread 8" [_thread_blocked, id=13304, stack(0x0000000022f10000,0x0000000023010000)]
  0x00000000200fa000 JavaThread "Build operations Thread 7" [_thread_blocked, id=12792, stack(0x0000000022e10000,0x0000000022f10000)]
  0x00000000200fd800 JavaThread "Build operations Thread 6" [_thread_blocked, id=17424, stack(0x0000000022c10000,0x0000000022d10000)]
  0x0000000020101000 JavaThread "Build operations Thread 5" [_thread_blocked, id=12944, stack(0x0000000022b10000,0x0000000022c10000)]
  0x00000000200ff800 JavaThread "Build operations Thread 4" [_thread_blocked, id=11920, stack(0x0000000022a10000,0x0000000022b10000)]
  0x00000000200fd000 JavaThread "Build operations Thread 3" [_thread_blocked, id=5344, stack(0x0000000022910000,0x0000000022a10000)]
  0x00000000200fc000 JavaThread "Build operations Thread 2" [_thread_blocked, id=6460, stack(0x0000000022810000,0x0000000022910000)]
  0x00000000200fb800 JavaThread "Build operations" [_thread_blocked, id=16640, stack(0x0000000022710000,0x0000000022810000)]
  0x000000001c997000 JavaThread "Cache worker for file content cache (C:\Users\pc\.gradle\caches\6.5\fileContent)" [_thread_blocked, id=6864, stack(0x0000000022010000,0x0000000022110000)]
  0x000000001c99b800 JavaThread "jar transforms" [_thread_blocked, id=11592, stack(0x0000000021f10000,0x0000000022010000)]
  0x000000001c99a800 JavaThread "Cache worker for execution history cache (C:\Users\pc\.gradle\caches\6.5\executionHistory)" [_thread_blocked, id=2812, stack(0x0000000021810000,0x0000000021910000)]
  0x000000001c997800 JavaThread "Cache worker for cache directory md-rule (C:\Users\pc\.gradle\caches\6.5\md-rule)" [_thread_blocked, id=15864, stack(0x0000000021710000,0x0000000021810000)]
  0x000000001c99a000 JavaThread "Cache worker for cache directory md-supplier (C:\Users\pc\.gradle\caches\6.5\md-supplier)" [_thread_blocked, id=9700, stack(0x0000000021610000,0x0000000021710000)]
  0x000000001c998800 JavaThread "Cache worker for checksums cache (C:\Users\pc\Desktop\App\MatusIntl\.gradle\checksums)" [_thread_blocked, id=13252, stack(0x0000000021510000,0x0000000021610000)]
  0x000000001c996000 JavaThread "Cache worker for file hash cache (C:\Users\pc\Desktop\App\MatusIntl\.gradle\6.5\fileHashes)" [_thread_blocked, id=17124, stack(0x0000000020fb0000,0x00000000210b0000)]
  0x000000001c999000 JavaThread "Cache worker for file hash cache (C:\Users\pc\.gradle\caches\6.5\fileHashes)" [_thread_blocked, id=12924, stack(0x000000001ed10000,0x000000001ee10000)]
  0x000000001c995800 JavaThread "File lock request listener" [_thread_in_native, id=11780, stack(0x000000001ec10000,0x000000001ed10000)]
  0x000000001c908800 JavaThread "Cache worker for journal cache (C:\Users\pc\.gradle\caches\journal-1)" [_thread_blocked, id=20552, stack(0x000000001eb10000,0x000000001ec10000)]
  0x000000001c885000 JavaThread "Thread-9" [_thread_blocked, id=2164, stack(0x000000001e810000,0x000000001e910000)]
  0x000000001c881800 JavaThread "Stdin handler" [_thread_blocked, id=18740, stack(0x000000001e710000,0x000000001e810000)]
  0x000000001c880800 JavaThread "Asynchronous log dispatcher for DefaultDaemonConnection: socket connection from /127.0.0.1:64576 to /127.0.0.1:64577" [_thread_blocked, id=19160, stack(0x000000001e610000,0x000000001e710000)]
  0x000000001c8d3800 JavaThread "Daemon worker" [_thread_in_Java, id=16616, stack(0x000000001e510000,0x000000001e610000)]
  0x000000001c8d2000 JavaThread "Cancel handler" [_thread_blocked, id=20996, stack(0x000000001e410000,0x000000001e510000)]
  0x000000001c806800 JavaThread "Handler for socket connection from /127.0.0.1:64576 to /127.0.0.1:64577" [_thread_in_native, id=20916, stack(0x000000001e310000,0x000000001e410000)]
  0x000000001bb48000 JavaThread "Daemon" [_thread_blocked, id=8340, stack(0x000000001e210000,0x000000001e310000)]
  0x000000001c801800 JavaThread "Daemon periodic checks" [_thread_blocked, id=11356, stack(0x000000001df10000,0x000000001e010000)]
  0x000000001c7f5800 JavaThread "Incoming local TCP Connector on port 64576" [_thread_in_native, id=20096, stack(0x000000001dca0000,0x000000001dda0000)]
  0x000000001c739800 JavaThread "Daemon health stats" [_thread_blocked, id=5820, stack(0x000000001d660000,0x000000001d760000)]
  0x00000000190b6800 JavaThread "Service Thread" daemon [_thread_blocked, id=15096, stack(0x000000001aac0000,0x000000001abc0000)]
  0x0000000019036000 JavaThread "C1 CompilerThread3" daemon [_thread_blocked, id=5500, stack(0x000000001a9c0000,0x000000001aac0000)]
  0x0000000019035800 JavaThread "C2 CompilerThread2" daemon [_thread_in_native, id=16016, stack(0x000000001a8c0000,0x000000001a9c0000)]
  0x000000001902c000 JavaThread "C2 CompilerThread1" daemon [_thread_in_native, id=3240, stack(0x000000001a7c0000,0x000000001a8c0000)]
=>0x0000000019026000 JavaThread "C2 CompilerThread0" daemon [_thread_in_native, id=8296, stack(0x000000001a6c0000,0x000000001a7c0000)]
  0x0000000019021800 JavaThread "Attach Listener" daemon [_thread_blocked, id=15116, stack(0x000000001a5c0000,0x000000001a6c0000)]
  0x000000001791e800 JavaThread "Signal Dispatcher" daemon [_thread_blocked, id=13168, stack(0x000000001a4c0000,0x000000001a5c0000)]
  0x0000000017912000 JavaThread "Finalizer" daemon [_thread_blocked, id=20972, stack(0x000000001a290000,0x000000001a390000)]
  0x0000000019013000 JavaThread "Reference Handler" daemon [_thread_blocked, id=12728, stack(0x000000001a190000,0x000000001a290000)]
  0x000000000246d800 JavaThread "main" [_thread_blocked, id=5748, stack(0x0000000002470000,0x0000000002570000)]

Other Threads:
  0x0000000017905000 VMThread [stack: 0x000000001a090000,0x000000001a190000] [id=17392]
  0x00000000190b7000 WatcherThread [stack: 0x000000001abc0000,0x000000001acc0000] [id=15956]

VM state:not at safepoint (normal execution)

VM Mutex/Monitor currently owned by a thread: None

heap address: 0x0000000080000000, size: 2048 MB, Compressed Oops mode: 32-bit
Narrow klass base: 0x0000000000000000, Narrow klass shift: 3
Compressed class space size: 1073741824 Address: 0x0000000100000000

Heap:
 PSYoungGen      total 139776K, used 92693K [0x00000000d5580000, 0x00000000df600000, 0x0000000100000000)
  eden space 134144K, 65% used [0x00000000d5580000,0x00000000daaace10,0x00000000dd880000)
  from space 5632K, 97% used [0x00000000df080000,0x00000000df5d8978,0x00000000df600000)
  to   space 12288K, 0% used [0x00000000dde00000,0x00000000dde00000,0x00000000dea00000)
 ParOldGen       total 59392K, used 15280K [0x0000000080000000, 0x0000000083a00000, 0x00000000d5580000)
  object space 59392K, 25% used [0x0000000080000000,0x0000000080eec0a8,0x0000000083a00000)
 Metaspace       used 45426K, capacity 47400K, committed 47528K, reserved 1091584K
  class space    used 6141K, capacity 6511K, committed 6568K, reserved 1048576K

Card table byte_map: [0x0000000011a30000,0x0000000011e40000] byte_map_base: 0x0000000011630000

Marking Bits: (ParMarkBitMap*) 0x000000005700f030
 Begin Bits: [0x0000000012af0000, 0x0000000014af0000)
 End Bits:   [0x0000000014af0000, 0x0000000016af0000)

Polling page: 0x0000000002340000

CodeCache: size=245760Kb used=14126Kb max_used=14141Kb free=231633Kb
 bounds [0x0000000002670000, 0x0000000003450000, 0x0000000011670000]
 total_blobs=4929 nmethods=4190 adapters=653
 compilation: enabled

Compilation events (10 events):
Event: 3.985 Thread 0x0000000019036000 nmethod 4182 0x0000000003432f90 code [0x0000000003433100, 0x0000000003433288]
Event: 3.985 Thread 0x0000000019036000 4181       3       java.security.Provider::checkInitialized (16 bytes)
Event: 3.985 Thread 0x0000000019036000 nmethod 4181 0x0000000003432ad0 code [0x0000000003432c40, 0x0000000003432e88]
Event: 3.986 Thread 0x0000000019036000 4184       3       java.security.MessageDigestSpi::<init> (5 bytes)
Event: 3.987 Thread 0x0000000019036000 nmethod 4184 0x0000000003432710 code [0x0000000003432860, 0x0000000003432a10]
Event: 3.989 Thread 0x000000001902c000 4185       4       java.util.HashMap::tableSizeFor (59 bytes)
Event: 3.989 Thread 0x0000000019035800 nmethod 4178% 0x000000000343a250 code [0x000000000343a3a0, 0x000000000343ac78]
Event: 3.989 Thread 0x0000000019035800 4186   !   4       java.lang.StringCoding::decode (120 bytes)
Event: 3.989 Thread 0x000000001902c000 nmethod 4185 0x0000000003432450 code [0x0000000003432580, 0x0000000003432618]
Event: 3.989 Thread 0x000000001902c000 4187       4       java.lang.String::<init> (38 bytes)

GC Heap History (10 events):
Event: 2.271 GC heap before
{Heap before GC invocations=8 (full 1):
 PSYoungGen      total 76288K, used 66048K [0x00000000d5580000, 0x00000000dab80000, 0x0000000100000000)
  eden space 66048K, 100% used [0x00000000d5580000,0x00000000d9600000,0x00000000d9600000)
  from space 10240K, 0% used [0x00000000da080000,0x00000000da080000,0x00000000daa80000)
  to   space 10752K, 0% used [0x00000000d9600000,0x00000000d9600000,0x00000000da080000)
 ParOldGen       total 59392K, used 9052K [0x0000000080000000, 0x0000000083a00000, 0x00000000d5580000)
  object space 59392K, 15% used [0x0000000080000000,0x00000000808d73a0,0x0000000083a00000)
 Metaspace       used 28678K, capacity 29616K, committed 29872K, reserved 1075200K
  class space    used 3970K, capacity 4224K, committed 4272K, reserved 1048576K
Event: 2.276 GC heap after
Heap after GC invocations=8 (full 1):
 PSYoungGen      total 76800K, used 8434K [0x00000000d5580000, 0x00000000dd200000, 0x0000000100000000)
  eden space 66048K, 0% used [0x00000000d5580000,0x00000000d5580000,0x00000000d9600000)
  from space 10752K, 78% used [0x00000000d9600000,0x00000000d9e3c950,0x00000000da080000)
  to   space 11264K, 0% used [0x00000000dc700000,0x00000000dc700000,0x00000000dd200000)
 ParOldGen       total 59392K, used 9060K [0x0000000080000000, 0x0000000083a00000, 0x00000000d5580000)
  object space 59392K, 15% used [0x0000000080000000,0x00000000808d93a0,0x0000000083a00000)
 Metaspace       used 28678K, capacity 29616K, committed 29872K, reserved 1075200K
  class space    used 3970K, capacity 4224K, committed 4272K, reserved 1048576K
}
Event: 2.612 GC heap before
{Heap before GC invocations=9 (full 1):
 PSYoungGen      total 76800K, used 74482K [0x00000000d5580000, 0x00000000dd200000, 0x0000000100000000)
  eden space 66048K, 100% used [0x00000000d5580000,0x00000000d9600000,0x00000000d9600000)
  from space 10752K, 78% used [0x00000000d9600000,0x00000000d9e3c950,0x00000000da080000)
  to   space 11264K, 0% used [0x00000000dc700000,0x00000000dc700000,0x00000000dd200000)
 ParOldGen       total 59392K, used 9060K [0x0000000080000000, 0x0000000083a00000, 0x00000000d5580000)
  object space 59392K, 15% used [0x0000000080000000,0x00000000808d93a0,0x0000000083a00000)
 Metaspace       used 32777K, capacity 33782K, committed 33968K, reserved 1079296K
  class space    used 4478K, capacity 4723K, committed 4784K, reserved 1048576K
Event: 2.618 GC heap after
Heap after GC invocations=9 (full 1):
 PSYoungGen      total 115200K, used 9591K [0x00000000d5580000, 0x00000000dd500000, 0x0000000100000000)
  eden space 103936K, 0% used [0x00000000d5580000,0x00000000d5580000,0x00000000dbb00000)
  from space 11264K, 85% used [0x00000000dc700000,0x00000000dd05df38,0x00000000dd200000)
  to   space 12288K, 0% used [0x00000000dbb00000,0x00000000dbb00000,0x00000000dc700000)
 ParOldGen       total 59392K, used 9068K [0x0000000080000000, 0x0000000083a00000, 0x00000000d5580000)
  object space 59392K, 15% used [0x0000000080000000,0x00000000808db3a0,0x0000000083a00000)
 Metaspace       used 32777K, capacity 33782K, committed 33968K, reserved 1079296K
  class space    used 4478K, capacity 4723K, committed 4784K, reserved 1048576K
}
Event: 2.746 GC heap before
{Heap before GC invocations=10 (full 1):
 PSYoungGen      total 115200K, used 43108K [0x00000000d5580000, 0x00000000dd500000, 0x0000000100000000)
  eden space 103936K, 32% used [0x00000000d5580000,0x00000000d763b478,0x00000000dbb00000)
  from space 11264K, 85% used [0x00000000dc700000,0x00000000dd05df38,0x00000000dd200000)
  to   space 12288K, 0% used [0x00000000dbb00000,0x00000000dbb00000,0x00000000dc700000)
 ParOldGen       total 59392K, used 9068K [0x0000000080000000, 0x0000000083a00000, 0x00000000d5580000)
  object space 59392K, 15% used [0x0000000080000000,0x00000000808db3a0,0x0000000083a00000)
 Metaspace       used 34322K, capacity 35426K, committed 35496K, reserved 1079296K
  class space    used 4721K, capacity 5006K, committed 5032K, reserved 1048576K
Event: 2.752 GC heap after
Heap after GC invocations=10 (full 1):
 PSYoungGen      total 116224K, used 8916K [0x00000000d5580000, 0x00000000dfc80000, 0x0000000100000000)
  eden space 103936K, 0% used [0x00000000d5580000,0x00000000d5580000,0x00000000dbb00000)
  from space 12288K, 72% used [0x00000000dbb00000,0x00000000dc3b53c0,0x00000000dc700000)
  to   space 12288K, 0% used [0x00000000df080000,0x00000000df080000,0x00000000dfc80000)
 ParOldGen       total 59392K, used 9076K [0x0000000080000000, 0x0000000083a00000, 0x00000000d5580000)
  object space 59392K, 15% used [0x0000000080000000,0x00000000808dd3a0,0x0000000083a00000)
 Metaspace       used 34322K, capacity 35426K, committed 35496K, reserved 1079296K
  class space    used 4721K, capacity 5006K, committed 5032K, reserved 1048576K
}
Event: 2.752 GC heap before
{Heap before GC invocations=11 (full 2):
 PSYoungGen      total 116224K, used 8916K [0x00000000d5580000, 0x00000000dfc80000, 0x0000000100000000)
  eden space 103936K, 0% used [0x00000000d5580000,0x00000000d5580000,0x00000000dbb00000)
  from space 12288K, 72% used [0x00000000dbb00000,0x00000000dc3b53c0,0x00000000dc700000)
  to   space 12288K, 0% used [0x00000000df080000,0x00000000df080000,0x00000000dfc80000)
 ParOldGen       total 59392K, used 9076K [0x0000000080000000, 0x0000000083a00000, 0x00000000d5580000)
  object space 59392K, 15% used [0x0000000080000000,0x00000000808dd3a0,0x0000000083a00000)
 Metaspace       used 34322K, capacity 35426K, committed 35496K, reserved 1079296K
  class space    used 4721K, capacity 5006K, committed 5032K, reserved 1048576K
Event: 2.781 GC heap after
Heap after GC invocations=11 (full 2):
 PSYoungGen      total 116224K, used 0K [0x00000000d5580000, 0x00000000dfc80000, 0x0000000100000000)
  eden space 103936K, 0% used [0x00000000d5580000,0x00000000d5580000,0x00000000dbb00000)
  from space 12288K, 0% used [0x00000000dbb00000,0x00000000dbb00000,0x00000000dc700000)
  to   space 12288K, 0% used [0x00000000df080000,0x00000000df080000,0x00000000dfc80000)
 ParOldGen       total 59392K, used 15272K [0x0000000080000000, 0x0000000083a00000, 0x00000000d5580000)
  object space 59392K, 25% used [0x0000000080000000,0x0000000080eea0a8,0x0000000083a00000)
 Metaspace       used 34322K, capacity 35426K, committed 35496K, reserved 1079296K
  class space    used 4721K, capacity 5006K, committed 5032K, reserved 1048576K
}
Event: 3.381 GC heap before
{Heap before GC invocations=12 (full 2):
 PSYoungGen      total 116224K, used 103936K [0x00000000d5580000, 0x00000000dfc80000, 0x0000000100000000)
  eden space 103936K, 100% used [0x00000000d5580000,0x00000000dbb00000,0x00000000dbb00000)
  from space 12288K, 0% used [0x00000000dbb00000,0x00000000dbb00000,0x00000000dc700000)
  to   space 12288K, 0% used [0x00000000df080000,0x00000000df080000,0x00000000dfc80000)
 ParOldGen       total 59392K, used 15272K [0x0000000080000000, 0x0000000083a00000, 0x00000000d5580000)
  object space 59392K, 25% used [0x0000000080000000,0x0000000080eea0a8,0x0000000083a00000)
 Metaspace       used 36805K, capacity 38498K, committed 38696K, reserved 1083392K
  class space    used 5064K, capacity 5374K, committed 5416K, reserved 1048576K
Event: 3.385 GC heap after
Heap after GC invocations=12 (full 2):
 PSYoungGen      total 139776K, used 5474K [0x00000000d5580000, 0x00000000df600000, 0x0000000100000000)
  eden space 134144K, 0% used [0x00000000d5580000,0x00000000d5580000,0x00000000dd880000)
  from space 5632K, 97% used [0x00000000df080000,0x00000000df5d8978,0x00000000df600000)
  to   space 12288K, 0% used [0x00000000dde00000,0x00000000dde00000,0x00000000dea00000)
 ParOldGen       total 59392K, used 15280K [0x0000000080000000, 0x0000000083a00000, 0x00000000d5580000)
  object space 59392K, 25% used [0x0000000080000000,0x0000000080eec0a8,0x0000000083a00000)
 Metaspace       used 36805K, capacity 38498K, committed 38696K, reserved 1083392K
  class space    used 5064K, capacity 5374K, committed 5416K, reserved 1048576K
}

Deoptimization events (10 events):
Event: 3.926 Thread 0x000000001c8d3800 Uncommon trap: reason=unstable_if action=reinterpret pc=0x00000000032f8c44 method=java.lang.ThreadLocal.get()Ljava/lang/Object; @ 11
Event: 3.960 Thread 0x000000001c8d3800 Uncommon trap: reason=unstable_if action=reinterpret pc=0x0000000002b10e7c method=java.lang.CharacterDataLatin1.isWhitespace(I)Z @ 14
Event: 3.984 Thread 0x000000001c8d3800 Uncommon trap: reason=unstable_if action=reinterpret pc=0x00000000031e9240 method=java.util.jar.JarFile.maybeInstantiateVerifier()V @ 4
Event: 3.985 Thread 0x000000001c8d3800 Uncommon trap: reason=predicate action=maybe_recompile pc=0x00000000030a6f14 method=sun.misc.Resource.getBytes()[B @ 53
Event: 3.985 Thread 0x000000001c8d3800 Uncommon trap: reason=unstable_if action=reinterpret pc=0x00000000031e5970 method=java.util.jar.JarFile.maybeInstantiateVerifier()V @ 4
Event: 3.985 Thread 0x000000001c8d3800 Uncommon trap: reason=unstable_if action=reinterpret pc=0x000000000309ee70 method=java.security.CodeSource.<init>(Ljava/net/URL;[Ljava/security/CodeSigner;)V @ 25
Event: 3.986 Thread 0x000000001c8d3800 Uncommon trap: reason=unstable_if action=reinterpret pc=0x0000000002c4012c method=java.security.CodeSource.getCertificates()[Ljava/security/cert/Certificate; @ 22
Event: 3.986 Thread 0x000000001c8d3800 Uncommon trap: reason=unstable_if action=reinterpret pc=0x0000000002b7b9b0 method=java.util.jar.JarFile.maybeInstantiateVerifier()V @ 4
Event: 3.986 Thread 0x000000001c8d3800 Uncommon trap: reason=unstable_if action=reinterpret pc=0x000000000309fa04 method=java.util.jar.JarFile.maybeInstantiateVerifier()V @ 4
Event: 3.987 Thread 0x000000001c8d3800 Uncommon trap: reason=unstable_if action=reinterpret pc=0x00000000030e255c method=java.security.CodeSource.matchCerts(Ljava/security/CodeSource;Z)Z @ 11

Classes redefined (0 events):
No events

Internal exceptions (10 events):
Event: 3.424 Thread 0x000000001c885000 Exception <a 'java/lang/NoSuchMethodError': <clinit>> (0x00000000d5798e40) thrown at [C:\src\AOSP-openjdk-git\hotspot\src\share\vm\prims\jni.cpp, line 1615]
Event: 3.424 Thread 0x000000001c885000 Exception <a 'java/lang/NoSuchMethodError': <clinit>> (0x00000000d579a368) thrown at [C:\src\AOSP-openjdk-git\hotspot\src\share\vm\prims\jni.cpp, line 1615]
Event: 3.424 Thread 0x000000001c885000 Exception <a 'java/lang/NoSuchMethodError': <clinit>> (0x00000000d5b90490) thrown at [C:\src\AOSP-openjdk-git\hotspot\src\share\vm\prims\jni.cpp, line 1615]
Event: 3.425 Thread 0x000000001c885000 Exception <a 'java/lang/NoSuchMethodError': <clinit>> (0x00000000d5b9b5c0) thrown at [C:\src\AOSP-openjdk-git\hotspot\src\share\vm\prims\jni.cpp, line 1615]
Event: 3.425 Thread 0x000000001c885000 Exception <a 'java/lang/NoSuchMethodError': <clinit>> (0x00000000d5bae990) thrown at [C:\src\AOSP-openjdk-git\hotspot\src\share\vm\prims\jni.cpp, line 1615]
Event: 3.435 Thread 0x000000001c8d3800 Exception <a 'java/lang/ClassNotFoundException': build_rokwevodfsd4blj7toy3nn5eBeanInfo> (0x00000000d5a5d528) thrown at [C:\src\AOSP-openjdk-git\hotspot\src\share\vm\classfile\systemDictionary.cpp, line 210]
Event: 3.435 Thread 0x000000001c8d3800 Exception <a 'java/lang/ClassNotFoundException': build_rokwevodfsd4blj7toy3nn5eCustomizer> (0x00000000d5a69148) thrown at [C:\src\AOSP-openjdk-git\hotspot\src\share\vm\classfile\systemDictionary.cpp, line 210]
Event: 3.438 Thread 0x000000001c8d3800 Exception <a 'java/lang/ClassNotFoundException': org/gradle/api/internal/plugins/DefaultObjectConfigurationActionBeanInfo> (0x00000000d5ae53e8) thrown at [C:\src\AOSP-openjdk-git\hotspot\src\share\vm\classfile\systemDictionary.cpp, line 210]
Event: 3.438 Thread 0x000000001c8d3800 Exception <a 'java/lang/ClassNotFoundException': org/gradle/api/internal/plugins/DefaultObjectConfigurationActionCustomizer> (0x00000000d5b2baf8) thrown at [C:\src\AOSP-openjdk-git\hotspot\src\share\vm\classfile\systemDictionary.cpp, line 210]
Event: 3.926 Thread 0x000000001c8d3800 Implicit null exception at 0x00000000032f86e8 to 0x00000000032f8c2d

Events (10 events):
Event: 3.997 Thread 0x000000001c8d3800 DEOPT PACKING pc=0x0000000003402689 sp=0x000000001e6061e0
Event: 3.997 Thread 0x000000001c8d3800 DEOPT UNPACKING pc=0x00000000026b71d0 sp=0x000000001e605ee0 mode 0
Event: 3.997 Thread 0x000000001c8d3800 DEOPT PACKING pc=0x0000000003402689 sp=0x000000001e6061e0
Event: 3.997 Thread 0x000000001c8d3800 DEOPT UNPACKING pc=0x00000000026b71d0 sp=0x000000001e605ee0 mode 0
Event: 3.997 Thread 0x000000001c8d3800 DEOPT PACKING pc=0x0000000003402689 sp=0x000000001e6061e0
Event: 3.997 Thread 0x000000001c8d3800 DEOPT UNPACKING pc=0x00000000026b71d0 sp=0x000000001e605ee0 mode 0
Event: 3.997 Thread 0x000000001c8d3800 DEOPT PACKING pc=0x0000000003402689 sp=0x000000001e6061e0
Event: 3.997 Thread 0x000000001c8d3800 DEOPT UNPACKING pc=0x00000000026b71d0 sp=0x000000001e605ee0 mode 0
Event: 3.997 Thread 0x000000001c8d3800 DEOPT PACKING pc=0x0000000003402689 sp=0x000000001e6061e0
Event: 3.997 Thread 0x000000001c8d3800 DEOPT UNPACKING pc=0x00000000026b71d0 sp=0x000000001e605ee0 mode 0


Dynamic libraries:
0x00007ff791b50000 - 0x00007ff791b81000 	C:\Program Files\Android\Android Studio\jre\bin\java.exe
0x00007ff833bf0000 - 0x00007ff833de6000 	C:\Windows\SYSTEM32\ntdll.dll
0x00007ff833a20000 - 0x00007ff833add000 	C:\Windows\System32\KERNEL32.DLL
0x00007ff831430000 - 0x00007ff8316f9000 	C:\Windows\System32\KERNELBASE.dll
0x00007ff832fa0000 - 0x00007ff83304c000 	C:\Windows\System32\ADVAPI32.dll
0x00007ff832150000 - 0x00007ff8321ee000 	C:\Windows\System32\msvcrt.dll
0x00007ff8320a0000 - 0x00007ff83213c000 	C:\Windows\System32\sechost.dll
0x00007ff831c70000 - 0x00007ff831d9b000 	C:\Windows\System32\RPCRT4.dll
0x00007ff8321f0000 - 0x00007ff832390000 	C:\Windows\System32\USER32.dll
0x00007ff831810000 - 0x00007ff831832000 	C:\Windows\System32\win32u.dll
0x00007ff833050000 - 0x00007ff83307a000 	C:\Windows\System32\GDI32.dll
0x00007ff831700000 - 0x00007ff83180b000 	C:\Windows\System32\gdi32full.dll
0x00007ff831b30000 - 0x00007ff831bcd000 	C:\Windows\System32\msvcp_win.dll
0x00007ff8319a0000 - 0x00007ff831aa0000 	C:\Windows\System32\ucrtbase.dll
0x00007ff81f1d0000 - 0x00007ff81f46b000 	C:\Windows\WinSxS\amd64_microsoft.windows.common-controls_6595b64144ccf1df_6.0.19041.746_none_ca02b4b61b8320a4\COMCTL32.dll
0x00007ff832070000 - 0x00007ff8320a0000 	C:\Windows\System32\IMM32.DLL
0x0000000055dd0000 - 0x0000000055ea2000 	C:\Program Files\Android\Android Studio\jre\jre\bin\msvcr100.dll
0x0000000056840000 - 0x000000005708b000 	C:\Program Files\Android\Android Studio\jre\jre\bin\server\jvm.dll
0x00007ff832140000 - 0x00007ff832148000 	C:\Windows\System32\PSAPI.DLL
0x00007ff828280000 - 0x00007ff828289000 	C:\Windows\SYSTEM32\WSOCK32.dll
0x00007ff821900000 - 0x00007ff821927000 	C:\Windows\SYSTEM32\WINMM.dll
0x00007ff82bec0000 - 0x00007ff82beca000 	C:\Windows\SYSTEM32\VERSION.dll
0x00007ff832a80000 - 0x00007ff832aeb000 	C:\Windows\System32\WS2_32.dll
0x00007ff82a8f0000 - 0x00007ff82a8ff000 	C:\Program Files\Android\Android Studio\jre\jre\bin\verify.dll
0x00007ff81fd80000 - 0x00007ff81fda9000 	C:\Program Files\Android\Android Studio\jre\jre\bin\java.dll
0x00007ff828260000 - 0x00007ff828276000 	C:\Program Files\Android\Android Studio\jre\jre\bin\zip.dll
0x00007ff8331a0000 - 0x00007ff8338e2000 	C:\Windows\System32\SHELL32.dll
0x00007ff82f4a0000 - 0x00007ff82fc30000 	C:\Windows\SYSTEM32\windows.storage.dll
0x00007ff832af0000 - 0x00007ff832e46000 	C:\Windows\System32\combase.dll
0x00007ff830d90000 - 0x00007ff830dbc000 	C:\Windows\SYSTEM32\Wldp.dll
0x00007ff831fc0000 - 0x00007ff83206e000 	C:\Windows\System32\SHCORE.dll
0x00007ff831e20000 - 0x00007ff831e75000 	C:\Windows\System32\shlwapi.dll
0x00007ff831260000 - 0x00007ff831286000 	C:\Windows\SYSTEM32\profapi.dll
0x00007ff828070000 - 0x00007ff82808a000 	C:\Program Files\Android\Android Studio\jre\jre\bin\net.dll
0x00007ff830b10000 - 0x00007ff830b7a000 	C:\Windows\system32\mswsock.dll
0x00007ff81fd60000 - 0x00007ff81fd73000 	C:\Program Files\Android\Android Studio\jre\jre\bin\nio.dll
0x00007ff812940000 - 0x00007ff812967000 	C:\Users\pc\.gradle\native\f6784746aeab05261644944871eae4fe03e0ef1612fff0a4a95f87b438bc6780\windows-amd64\native-platform.dll
0x00007ff82a8c0000 - 0x00007ff82a8cd000 	C:\Program Files\Android\Android Studio\jre\jre\bin\management.dll
0x00007ff830ce0000 - 0x00007ff830cf8000 	C:\Windows\SYSTEM32\CRYPTSP.dll
0x00007ff830440000 - 0x00007ff830474000 	C:\Windows\system32\rsaenh.dll
0x00007ff831b00000 - 0x00007ff831b27000 	C:\Windows\System32\bcrypt.dll
0x00007ff831220000 - 0x00007ff83124e000 	C:\Windows\SYSTEM32\USERENV.dll
0x00007ff831bd0000 - 0x00007ff831c50000 	C:\Windows\System32\bcryptprimitives.dll
0x00007ff830d00000 - 0x00007ff830d0c000 	C:\Windows\SYSTEM32\CRYPTBASE.dll
0x00007ff8307b0000 - 0x00007ff8307eb000 	C:\Windows\SYSTEM32\IPHLPAPI.DLL
0x00007ff833ae0000 - 0x00007ff833ae8000 	C:\Windows\System32\NSI.dll
0x00007ff82bed0000 - 0x00007ff82bee7000 	C:\Windows\SYSTEM32\dhcpcsvc6.DLL
0x00007ff82b9e0000 - 0x00007ff82b9fd000 	C:\Windows\SYSTEM32\dhcpcsvc.DLL
0x00007ff830800000 - 0x00007ff8308cb000 	C:\Windows\SYSTEM32\DNSAPI.dll
0x00007ff82bef0000 - 0x00007ff82befb000 	C:\Windows\SYSTEM32\WINNSI.DLL

VM Arguments:
jvm_args: -Xmx2048m -Dfile.encoding=windows-1252 -Duser.country=MX -Duser.language=es -Duser.variant 
java_command: org.gradle.launcher.daemon.bootstrap.GradleDaemon 6.5
java_class_path (initial): C:\Users\pc\.gradle\wrapper\dists\gradle-6.5-all\2oz4ud9k3tuxjg84bbf55q0tn\gradle-6.5\lib\gradle-launcher-6.5.jar
Launcher Type: SUN_STANDARD

Environment Variables:
PATH=C:\Program Files (x86)\Common Files\Intel\Shared Libraries\redist\intel64\compiler;C:\Windows\system32;C:\Windows;C:\Windows\System32\Wbem;C:\Windows\System32\WindowsPowerShell\v1.0\;C:\Windows\System32\OpenSSH\;C:\Program Files (x86)\NVIDIA Corporation\PhysX\Common;C:\Program Files\NVIDIA Corporation\NVIDIA NvDLISR;C:\Users\pc\AppData\Local\Microsoft\WindowsApps;
USERNAME=pc
OS=Windows_NT
PROCESSOR_IDENTIFIER=AMD64 Family 23 Model 113 Stepping 0, AuthenticAMD



---------------  S Y S T E M  ---------------

OS: Windows 10.0 , 64 bit Build 19041 (10.0.19041.804)

CPU:total 12 (initial active 12) (12 cores per cpu, 1 threads per core) family 23 model 113 stepping 0, cmov, cx8, fxsr, mmx, sse, sse2, sse3, ssse3, sse4.1, sse4.2, popcnt, avx, avx2, aes, clmul, mmxext, 3dnowpref, lzcnt, sse4a, tsc, tscinvbit, tscinv, bmi1

Memory: 4k page, physical 8310100k(426240k free), swap 22881968k(5236k free)

vm_info: OpenJDK 64-Bit Server VM (25.242-b01) for windows-amd64 JRE (1.8.0_242-release-1644-b01), built by "builder" with MS VC++ 10.0 (VS2010)

time: Sat Feb 20 09:01:48 2021
timezone: Hora estándar, América Central
elapsed time: 4 seconds (0d 0h 0m 4s)

