#
# There is insufficient memory for the Java Runtime Environment to continue.
# Native memory allocation (malloc) failed to allocate 848736 bytes for Chunk::new
# Possible reasons:
#   The system is out of physical RAM or swap space
#   The process is running with CompressedOops enabled, and the Java Heap may be blocking the growth of the native heap
# Possible solutions:
#   Reduce memory load on the system
#   Increase physical memory or swap space
#   Check if swap backing store is full
#   Decrease Java heap size (-Xmx/-Xms)
#   Decrease number of Java threads
#   Decrease Java thread stack sizes (-Xss)
#   Set larger code cache with -XX:ReservedCodeCacheSize=
#   JVM is running with Unscaled Compressed Oops mode in which the Java heap is
#     placed in the first 4GB address space. The Java Heap base address is the
#     maximum limit for the native heap growth. Please use -XX:HeapBaseMinAddress
#     to set the Java Heap base and to place the Java Heap above 4GB virtual address.
# This output file may be truncated or incomplete.
#
#  Out of Memory Error (allocation.cpp:389), pid=19268, tid=0x0000000000003018
#
# JRE version: OpenJDK Runtime Environment (8.0_242-b01) (build 1.8.0_242-release-1644-b01)
# Java VM: OpenJDK 64-Bit Server VM (25.242-b01 mixed mode windows-amd64 compressed oops)
# Failed to write core dump. Minidumps are not enabled by default on client versions of Windows
#

---------------  T H R E A D  ---------------

Current thread (0x0000000019a0e800):  JavaThread "C2 CompilerThread2" daemon [_thread_in_native, id=12312, stack(0x000000001b280000,0x000000001b380000)]

Stack: [0x000000001b280000,0x000000001b380000]
[error occurred during error reporting (printing stack bounds), id 0xc0000005]

Native frames: (J=compiled Java code, j=interpreted, Vv=VM code, C=native code)


Current CompileTask:
C2:   3592 4837       4       com.sun.beans.TypeResolver::resolve (37 bytes)


---------------  P R O C E S S  ---------------

Java Threads: ( => current thread )
  0x000000002165c000 JavaThread "Cache worker for Build Output Cleanup Cache (C:\Users\pc\Desktop\App\MatusIntl\.gradle\buildOutputCleanup)" [_thread_blocked, id=18456, stack(0x0000000023dd0000,0x0000000023ed0000)]
  0x0000000021657800 JavaThread "jar transforms Thread 113" [_thread_blocked, id=15288, stack(0x000000002afa0000,0x000000002b0a0000)]
  0x0000000021653000 JavaThread "jar transforms Thread 112" [_thread_blocked, id=13408, stack(0x000000002aea0000,0x000000002afa0000)]
  0x0000000021654800 JavaThread "jar transforms Thread 111" [_thread_blocked, id=20036, stack(0x000000002ada0000,0x000000002aea0000)]
  0x0000000021654000 JavaThread "jar transforms Thread 110" [_thread_blocked, id=21472, stack(0x000000002aca0000,0x000000002ada0000)]
  0x0000000021656000 JavaThread "jar transforms Thread 109" [_thread_blocked, id=2380, stack(0x000000002aba0000,0x000000002aca0000)]
  0x0000000021657000 JavaThread "jar transforms Thread 108" [_thread_blocked, id=6848, stack(0x000000002aaa0000,0x000000002aba0000)]
  0x000000001d8f5000 JavaThread "jar transforms Thread 107" [_thread_blocked, id=20080, stack(0x000000002a9a0000,0x000000002aaa0000)]
  0x000000001d8f3800 JavaThread "jar transforms Thread 106" [_thread_blocked, id=9140, stack(0x000000002a8a0000,0x000000002a9a0000)]
  0x000000001d8f4800 JavaThread "jar transforms Thread 105" [_thread_blocked, id=3144, stack(0x000000002a7a0000,0x000000002a8a0000)]
  0x000000001d8f3000 JavaThread "jar transforms Thread 104" [_thread_blocked, id=2668, stack(0x000000002a6a0000,0x000000002a7a0000)]
  0x000000001d8f2000 JavaThread "jar transforms Thread 103" [_thread_blocked, id=11184, stack(0x000000002a5a0000,0x000000002a6a0000)]
  0x000000001d8f6000 JavaThread "jar transforms Thread 102" [_thread_blocked, id=14400, stack(0x000000002a4a0000,0x000000002a5a0000)]
  0x000000001d8ea800 JavaThread "jar transforms Thread 101" [_thread_blocked, id=1964, stack(0x000000002a3a0000,0x000000002a4a0000)]
  0x000000001d8f1800 JavaThread "jar transforms Thread 100" [_thread_blocked, id=16900, stack(0x000000002a2a0000,0x000000002a3a0000)]
  0x000000001d8ea000 JavaThread "jar transforms Thread 99" [_thread_blocked, id=16380, stack(0x000000002a1a0000,0x000000002a2a0000)]
  0x000000001d8f0800 JavaThread "jar transforms Thread 98" [_thread_blocked, id=20428, stack(0x000000002a0a0000,0x000000002a1a0000)]
  0x000000001d8f0000 JavaThread "jar transforms Thread 97" [_thread_blocked, id=18240, stack(0x0000000029fa0000,0x000000002a0a0000)]
  0x000000001d8ed000 JavaThread "jar transforms Thread 96" [_thread_blocked, id=6416, stack(0x0000000029ea0000,0x0000000029fa0000)]
  0x000000001d8ee800 JavaThread "jar transforms Thread 95" [_thread_blocked, id=12728, stack(0x0000000029da0000,0x0000000029ea0000)]
  0x000000001d8e8800 JavaThread "jar transforms Thread 94" [_thread_blocked, id=17392, stack(0x0000000029ca0000,0x0000000029da0000)]
  0x000000001d8ef000 JavaThread "jar transforms Thread 93" [_thread_blocked, id=13168, stack(0x0000000029ba0000,0x0000000029ca0000)]
  0x000000001d8eb800 JavaThread "jar transforms Thread 92" [_thread_blocked, id=6192, stack(0x0000000029aa0000,0x0000000029ba0000)]
  0x000000001d8e9000 JavaThread "jar transforms Thread 91" [_thread_blocked, id=2900, stack(0x00000000299a0000,0x0000000029aa0000)]
  0x000000001d8e7000 JavaThread "jar transforms Thread 90" [_thread_blocked, id=6984, stack(0x00000000298a0000,0x00000000299a0000)]
  0x000000001d8ec000 JavaThread "jar transforms Thread 89" [_thread_blocked, id=5152, stack(0x00000000297a0000,0x00000000298a0000)]
  0x000000001d8ed800 JavaThread "jar transforms Thread 88" [_thread_blocked, id=4000, stack(0x00000000296a0000,0x00000000297a0000)]
  0x000000001d8e7800 JavaThread "jar transforms Thread 87" [_thread_blocked, id=14548, stack(0x00000000295a0000,0x00000000296a0000)]
  0x000000002109b800 JavaThread "jar transforms Thread 86" [_thread_blocked, id=1440, stack(0x00000000294a0000,0x00000000295a0000)]
  0x000000002109a800 JavaThread "jar transforms Thread 85" [_thread_blocked, id=10812, stack(0x00000000293a0000,0x00000000294a0000)]
  0x000000002109a000 JavaThread "jar transforms Thread 84" [_thread_blocked, id=19444, stack(0x00000000292a0000,0x00000000293a0000)]
  0x0000000021099000 JavaThread "jar transforms Thread 83" [_thread_blocked, id=19428, stack(0x00000000291a0000,0x00000000292a0000)]
  0x0000000021091800 JavaThread "jar transforms Thread 82" [_thread_blocked, id=17936, stack(0x00000000290a0000,0x00000000291a0000)]
  0x0000000021098800 JavaThread "jar transforms Thread 81" [_thread_blocked, id=3332, stack(0x0000000028fa0000,0x00000000290a0000)]
  0x0000000021097800 JavaThread "jar transforms Thread 80" [_thread_blocked, id=19712, stack(0x0000000028ea0000,0x0000000028fa0000)]
  0x0000000021090000 JavaThread "jar transforms Thread 79" [_thread_blocked, id=21376, stack(0x0000000028da0000,0x0000000028ea0000)]
  0x0000000021097000 JavaThread "jar transforms Thread 78" [_thread_blocked, id=20096, stack(0x0000000028ca0000,0x0000000028da0000)]
  0x0000000021096000 JavaThread "jar transforms Thread 77" [_thread_blocked, id=20916, stack(0x0000000028ba0000,0x0000000028ca0000)]
  0x000000002108e800 JavaThread "jar transforms Thread 76" [_thread_blocked, id=19560, stack(0x0000000028aa0000,0x0000000028ba0000)]
  0x0000000021095000 JavaThread "jar transforms Thread 75" [_thread_blocked, id=18280, stack(0x00000000289a0000,0x0000000028aa0000)]
  0x000000002108d800 JavaThread "jar transforms Thread 74" [_thread_blocked, id=16140, stack(0x00000000288a0000,0x00000000289a0000)]
  0x0000000021090800 JavaThread "jar transforms Thread 73" [_thread_blocked, id=19548, stack(0x00000000287a0000,0x00000000288a0000)]
  0x0000000021094800 JavaThread "jar transforms Thread 72" [_thread_blocked, id=14700, stack(0x00000000286a0000,0x00000000287a0000)]
  0x0000000021092000 JavaThread "jar transforms Thread 71" [_thread_blocked, id=14224, stack(0x00000000285a0000,0x00000000286a0000)]
  0x000000002108d000 JavaThread "jar transforms Thread 70" [_thread_blocked, id=15096, stack(0x00000000284a0000,0x00000000285a0000)]
  0x0000000021093800 JavaThread "jar transforms Thread 69" [_thread_blocked, id=6460, stack(0x00000000283a0000,0x00000000284a0000)]
  0x000000002108c000 JavaThread "jar transforms Thread 68" [_thread_blocked, id=11920, stack(0x00000000282a0000,0x00000000283a0000)]
  0x0000000021093000 JavaThread "jar transforms Thread 67" [_thread_blocked, id=16316, stack(0x00000000281a0000,0x00000000282a0000)]
  0x000000002108f000 JavaThread "jar transforms Thread 66" [_thread_blocked, id=15768, stack(0x00000000280a0000,0x00000000281a0000)]
  0x000000001d9df000 JavaThread "jar transforms Thread 65" [_thread_blocked, id=4100, stack(0x0000000023f70000,0x0000000024070000)]
  0x000000001d9dd800 JavaThread "jar transforms Thread 64" [_thread_blocked, id=11552, stack(0x0000000027e80000,0x0000000027f80000)]
  0x000000001d9dc800 JavaThread "jar transforms Thread 63" [_thread_blocked, id=19292, stack(0x0000000027d80000,0x0000000027e80000)]
  0x000000001d9db000 JavaThread "jar transforms Thread 62" [_thread_blocked, id=13932, stack(0x0000000027c80000,0x0000000027d80000)]
  0x000000001d9de000 JavaThread "jar transforms Thread 61" [_thread_blocked, id=19344, stack(0x0000000027b80000,0x0000000027c80000)]
  0x000000001d9da800 JavaThread "jar transforms Thread 60" [_thread_blocked, id=15864, stack(0x0000000027a80000,0x0000000027b80000)]
  0x000000001d9dc000 JavaThread "jar transforms Thread 59" [_thread_blocked, id=9700, stack(0x0000000027980000,0x0000000027a80000)]
  0x000000001d9d9800 JavaThread "jar transforms Thread 58" [_thread_blocked, id=20996, stack(0x0000000027880000,0x0000000027980000)]
  0x000000001d9d5800 JavaThread "jar transforms Thread 57" [_thread_blocked, id=12032, stack(0x0000000027780000,0x0000000027880000)]
  0x000000001d9d9000 JavaThread "jar transforms Thread 56" [_thread_blocked, id=16052, stack(0x0000000027680000,0x0000000027780000)]
  0x000000001d9d8000 JavaThread "jar transforms Thread 55" [_thread_blocked, id=12184, stack(0x0000000027580000,0x0000000027680000)]
  0x000000001d9d0800 JavaThread "jar transforms Thread 54" [_thread_blocked, id=15588, stack(0x0000000027480000,0x0000000027580000)]
  0x000000001d9d5000 JavaThread "jar transforms Thread 53" [_thread_blocked, id=13292, stack(0x0000000027380000,0x0000000027480000)]
  0x000000001d9d4000 JavaThread "jar transforms Thread 52" [_thread_blocked, id=11356, stack(0x0000000027280000,0x0000000027380000)]
  0x000000001d9d7000 JavaThread "jar transforms Thread 51" [_thread_blocked, id=17220, stack(0x0000000027180000,0x0000000027280000)]
  0x000000001d9d2800 JavaThread "jar transforms Thread 50" [_thread_blocked, id=3240, stack(0x0000000027080000,0x0000000027180000)]
  0x000000001d9d3800 JavaThread "jar transforms Thread 49" [_thread_blocked, id=16016, stack(0x0000000026f80000,0x0000000027080000)]
  0x000000001d9d2000 JavaThread "jar transforms Thread 48" [_thread_blocked, id=18452, stack(0x0000000026e80000,0x0000000026f80000)]
  0x000000001d9cf800 JavaThread "jar transforms Thread 47" [_thread_blocked, id=8340, stack(0x0000000026d80000,0x0000000026e80000)]
  0x000000001d9d6800 JavaThread "jar transforms Thread 46" [_thread_blocked, id=16952, stack(0x0000000026c80000,0x0000000026d80000)]
  0x000000001d9d1000 JavaThread "jar transforms Thread 45" [_thread_blocked, id=12456, stack(0x0000000026b80000,0x0000000026c80000)]
  0x000000001fc43800 JavaThread "jar transforms Thread 44" [_thread_blocked, id=6320, stack(0x0000000026a80000,0x0000000026b80000)]
  0x000000001fc42000 JavaThread "jar transforms Thread 43" [_thread_blocked, id=16660, stack(0x0000000026980000,0x0000000026a80000)]
  0x000000001fc43000 JavaThread "jar transforms Thread 42" [_thread_blocked, id=7024, stack(0x0000000026880000,0x0000000026980000)]
  0x000000001fc48800 JavaThread "jar transforms Thread 41" [_thread_blocked, id=8512, stack(0x0000000026780000,0x0000000026880000)]
  0x000000001fc47800 JavaThread "jar transforms Thread 40" [_thread_blocked, id=20924, stack(0x0000000026680000,0x0000000026780000)]
  0x000000001fc46000 JavaThread "jar transforms Thread 39" [_thread_blocked, id=17740, stack(0x0000000026580000,0x0000000026680000)]
  0x000000001fc45800 JavaThread "jar transforms Thread 38" [_thread_blocked, id=9636, stack(0x0000000026480000,0x0000000026580000)]
  0x000000001fc47000 JavaThread "jar transforms Thread 37" [_thread_blocked, id=5820, stack(0x0000000026380000,0x0000000026480000)]
  0x000000001fc44800 JavaThread "jar transforms Thread 36" [_thread_blocked, id=15956, stack(0x0000000026280000,0x0000000026380000)]
  0x000000001fc3a800 JavaThread "jar transforms Thread 35" [_thread_blocked, id=4844, stack(0x0000000026180000,0x0000000026280000)]
  0x000000001fc41800 JavaThread "jar transforms Thread 34" [_thread_blocked, id=5500, stack(0x0000000026080000,0x0000000026180000)]
  0x000000001fc3a000 JavaThread "jar transforms Thread 33" [_thread_blocked, id=17292, stack(0x0000000025f80000,0x0000000026080000)]
  0x000000001fc40800 JavaThread "jar transforms Thread 32" [_thread_blocked, id=6816, stack(0x0000000025e80000,0x0000000025f80000)]
  0x000000001fc3d800 JavaThread "jar transforms Thread 31" [_thread_blocked, id=2208, stack(0x0000000025d80000,0x0000000025e80000)]
  0x000000001fc3d000 JavaThread "jar transforms Thread 30" [_thread_blocked, id=19676, stack(0x0000000025c80000,0x0000000025d80000)]
  0x000000001fc3c000 JavaThread "jar transforms Thread 29" [_thread_blocked, id=3104, stack(0x0000000025b80000,0x0000000025c80000)]
  0x000000001fc40000 JavaThread "jar transforms Thread 28" [_thread_blocked, id=18624, stack(0x0000000025a80000,0x0000000025b80000)]
  0x000000001fc3b800 JavaThread "jar transforms Thread 27" [_thread_blocked, id=17580, stack(0x0000000025980000,0x0000000025a80000)]
  0x000000001fc3f000 JavaThread "jar transforms Thread 26" [_thread_blocked, id=19184, stack(0x0000000025880000,0x0000000025980000)]
  0x000000001fc3e800 JavaThread "jar transforms Thread 25" [_thread_blocked, id=11948, stack(0x0000000025780000,0x0000000025880000)]
  0x000000001fc39000 JavaThread "jar transforms Thread 24" [_thread_blocked, id=2904, stack(0x0000000025680000,0x0000000025780000)]
  0x0000000020f2b000 JavaThread "jar transforms Thread 23" [_thread_blocked, id=18656, stack(0x0000000025580000,0x0000000025680000)]
  0x0000000020f2a000 JavaThread "jar transforms Thread 22" [_thread_blocked, id=21204, stack(0x0000000025480000,0x0000000025580000)]
  0x0000000020f26800 JavaThread "jar transforms Thread 21" [_thread_blocked, id=15592, stack(0x0000000025380000,0x0000000025480000)]
  0x0000000020f29800 JavaThread "jar transforms Thread 20" [_thread_blocked, id=17432, stack(0x0000000025280000,0x0000000025380000)]
  0x0000000020f28800 JavaThread "jar transforms Thread 19" [_thread_blocked, id=2892, stack(0x0000000025180000,0x0000000025280000)]
  0x0000000020f25800 JavaThread "jar transforms Thread 18" [_thread_blocked, id=13472, stack(0x0000000025080000,0x0000000025180000)]
  0x0000000020f28000 JavaThread "jar transforms Thread 17" [_thread_blocked, id=6224, stack(0x0000000024f80000,0x0000000025080000)]
  0x0000000020f27000 JavaThread "jar transforms Thread 16" [_thread_blocked, id=9920, stack(0x0000000024e80000,0x0000000024f80000)]
  0x0000000020f1e000 JavaThread "jar transforms Thread 15" [_thread_blocked, id=14584, stack(0x0000000024d80000,0x0000000024e80000)]
  0x0000000020f24800 JavaThread "jar transforms Thread 14" [_thread_blocked, id=7452, stack(0x0000000024c80000,0x0000000024d80000)]
  0x0000000020f24000 JavaThread "jar transforms Thread 13" [_thread_blocked, id=12156, stack(0x0000000024b80000,0x0000000024c80000)]
  0x0000000020f23000 JavaThread "jar transforms Thread 12" [_thread_blocked, id=19240, stack(0x0000000024a80000,0x0000000024b80000)]
  0x0000000020f1b800 JavaThread "jar transforms Thread 11" [_thread_blocked, id=20452, stack(0x0000000024980000,0x0000000024a80000)]
  0x0000000020f1d000 JavaThread "jar transforms Thread 10" [_thread_blocked, id=6280, stack(0x0000000024880000,0x0000000024980000)]
  0x0000000020f1e800 JavaThread "jar transforms Thread 9" [_thread_blocked, id=18596, stack(0x0000000024780000,0x0000000024880000)]
  0x0000000020f22800 JavaThread "jar transforms Thread 8" [_thread_blocked, id=7376, stack(0x0000000024680000,0x0000000024780000)]
  0x0000000020f21800 JavaThread "jar transforms Thread 7" [_thread_blocked, id=20012, stack(0x0000000024580000,0x0000000024680000)]
  0x0000000020f20000 JavaThread "jar transforms Thread 6" [_thread_blocked, id=6944, stack(0x0000000024480000,0x0000000024580000)]
  0x0000000020f21000 JavaThread "jar transforms Thread 5" [_thread_blocked, id=5572, stack(0x0000000024380000,0x0000000024480000)]
  0x0000000020f1c800 JavaThread "jar transforms Thread 4" [_thread_blocked, id=9392, stack(0x0000000024280000,0x0000000024380000)]
  0x0000000020f1f800 JavaThread "jar transforms Thread 3" [_thread_blocked, id=14392, stack(0x0000000024180000,0x0000000024280000)]
  0x00000000209af800 JavaThread "jar transforms Thread 2" [_thread_blocked, id=15900, stack(0x0000000024080000,0x0000000024180000)]
  0x00000000209ae000 JavaThread "Build operations Thread 12" [_thread_blocked, id=19408, stack(0x0000000023cd0000,0x0000000023dd0000)]
  0x00000000209ad000 JavaThread "Build operations Thread 11" [_thread_blocked, id=16768, stack(0x0000000023bd0000,0x0000000023cd0000)]
  0x00000000209aa000 JavaThread "Build operations Thread 10" [_thread_blocked, id=17612, stack(0x0000000023ad0000,0x0000000023bd0000)]
  0x00000000209ae800 JavaThread "Build operations Thread 9" [_thread_blocked, id=1032, stack(0x00000000239d0000,0x0000000023ad0000)]
  0x00000000209ac800 JavaThread "Build operations Thread 8" [_thread_blocked, id=9092, stack(0x00000000238d0000,0x00000000239d0000)]
  0x00000000209ab800 JavaThread "Build operations Thread 7" [_thread_blocked, id=6044, stack(0x00000000237d0000,0x00000000238d0000)]
  0x00000000209ab000 JavaThread "Build operations Thread 6" [_thread_blocked, id=7768, stack(0x00000000235d0000,0x00000000236d0000)]
  0x00000000209a2800 JavaThread "Build operations Thread 5" [_thread_blocked, id=18204, stack(0x00000000234d0000,0x00000000235d0000)]
  0x00000000209a8800 JavaThread "Build operations Thread 4" [_thread_blocked, id=9420, stack(0x00000000233d0000,0x00000000234d0000)]
  0x00000000209a8000 JavaThread "Build operations Thread 3" [_thread_blocked, id=20116, stack(0x00000000232d0000,0x00000000233d0000)]
  0x00000000209a6800 JavaThread "Build operations Thread 2" [_thread_blocked, id=8072, stack(0x00000000231d0000,0x00000000232d0000)]
  0x00000000209a7000 JavaThread "Build operations" [_thread_blocked, id=13016, stack(0x00000000230d0000,0x00000000231d0000)]
  0x00000000209a2000 JavaThread "Cache worker for file content cache (C:\Users\pc\.gradle\caches\6.5\fileContent)" [_thread_blocked, id=17852, stack(0x00000000229d0000,0x0000000022ad0000)]
  0x00000000209a3800 JavaThread "jar transforms" [_thread_blocked, id=14388, stack(0x00000000228d0000,0x00000000229d0000)]
  0x0000000019a0c000 JavaThread "Cache worker for execution history cache (C:\Users\pc\.gradle\caches\6.5\executionHistory)" [_thread_blocked, id=17020, stack(0x00000000221d0000,0x00000000222d0000)]
  0x0000000019a13000 JavaThread "Cache worker for cache directory md-rule (C:\Users\pc\.gradle\caches\6.5\md-rule)" [_thread_blocked, id=11824, stack(0x00000000220d0000,0x00000000221d0000)]
  0x0000000019a12000 JavaThread "Cache worker for cache directory md-supplier (C:\Users\pc\.gradle\caches\6.5\md-supplier)" [_thread_blocked, id=18924, stack(0x0000000021fd0000,0x00000000220d0000)]
  0x0000000019a10800 JavaThread "Cache worker for checksums cache (C:\Users\pc\Desktop\App\MatusIntl\.gradle\checksums)" [_thread_blocked, id=264, stack(0x0000000021970000,0x0000000021a70000)]
  0x0000000019a10000 JavaThread "Cache worker for file hash cache (C:\Users\pc\Desktop\App\MatusIntl\.gradle\6.5\fileHashes)" [_thread_blocked, id=20612, stack(0x0000000021cd0000,0x0000000021dd0000)]
  0x0000000019a0f000 JavaThread "Cache worker for file hash cache (C:\Users\pc\.gradle\caches\6.5\fileHashes)" [_thread_blocked, id=18820, stack(0x000000001f6d0000,0x000000001f7d0000)]
  0x0000000019a0d000 JavaThread "File lock request listener" [_thread_in_native, id=18528, stack(0x000000001f5d0000,0x000000001f6d0000)]
  0x000000001cc9d000 JavaThread "Cache worker for journal cache (C:\Users\pc\.gradle\caches\journal-1)" [_thread_blocked, id=13028, stack(0x000000001f4d0000,0x000000001f5d0000)]
  0x000000001b73b800 JavaThread "Thread-9" [_thread_blocked, id=3312, stack(0x000000001f1d0000,0x000000001f2d0000)]
  0x000000001d258800 JavaThread "Stdin handler" [_thread_blocked, id=32, stack(0x000000001f0d0000,0x000000001f1d0000)]
  0x000000001d256800 JavaThread "Asynchronous log dispatcher for DefaultDaemonConnection: socket connection from /127.0.0.1:64692 to /127.0.0.1:64693" [_thread_blocked, id=1800, stack(0x000000001efd0000,0x000000001f0d0000)]
  0x000000001d254800 JavaThread "Daemon worker" [_thread_in_Java, id=21332, stack(0x000000001eed0000,0x000000001efd0000)]
  0x000000001d254000 JavaThread "Cancel handler" [_thread_blocked, id=19472, stack(0x000000001edd0000,0x000000001eed0000)]
  0x000000001cc84800 JavaThread "Handler for socket connection from /127.0.0.1:64692 to /127.0.0.1:64693" [_thread_in_native, id=13936, stack(0x000000001ecd0000,0x000000001edd0000)]
  0x000000001cc81000 JavaThread "Daemon" [_thread_blocked, id=1792, stack(0x000000001ebd0000,0x000000001ecd0000)]
  0x000000001d1a5000 JavaThread "Daemon periodic checks" [_thread_blocked, id=11172, stack(0x000000001e8d0000,0x000000001e9d0000)]
  0x000000001d196000 JavaThread "Incoming local TCP Connector on port 64692" [_thread_in_native, id=14316, stack(0x000000001e660000,0x000000001e760000)]
  0x000000001b712800 JavaThread "Daemon health stats" [_thread_blocked, id=20056, stack(0x000000001e020000,0x000000001e120000)]
  0x0000000019a9b800 JavaThread "Service Thread" daemon [_thread_blocked, id=14180, stack(0x000000001b480000,0x000000001b580000)]
  0x0000000019a0d800 JavaThread "C1 CompilerThread3" daemon [_thread_blocked, id=3084, stack(0x000000001b380000,0x000000001b480000)]
=>0x0000000019a0e800 JavaThread "C2 CompilerThread2" daemon [_thread_in_native, id=12312, stack(0x000000001b280000,0x000000001b380000)]
  0x0000000019a11800 JavaThread "C2 CompilerThread1" daemon [_thread_in_native, id=13032, stack(0x000000001b180000,0x000000001b280000)]
  0x0000000019a06800 JavaThread "C2 CompilerThread0" daemon [_thread_in_native, id=8568, stack(0x000000001b080000,0x000000001b180000)]
  0x0000000019a03000 JavaThread "Attach Listener" daemon [_thread_blocked, id=18616, stack(0x000000001af80000,0x000000001b080000)]
  0x0000000019a02000 JavaThread "Signal Dispatcher" daemon [_thread_blocked, id=18436, stack(0x000000001ae80000,0x000000001af80000)]
  0x0000000018331800 JavaThread "Finalizer" daemon [_thread_blocked, id=3052, stack(0x000000001ac60000,0x000000001ad60000)]
  0x00000000199f3000 JavaThread "Reference Handler" daemon [_thread_blocked, id=13908, stack(0x000000001ab60000,0x000000001ac60000)]
  0x0000000002e1d800 JavaThread "main" [_thread_blocked, id=20372, stack(0x0000000002e90000,0x0000000002f90000)]

Other Threads:
  0x00000000199d2800 VMThread [stack: 0x000000001aa60000,0x000000001ab60000] [id=18392]
  0x0000000019a9c000 WatcherThread [stack: 0x000000001b580000,0x000000001b680000] [id=16404]

VM state:not at safepoint (normal execution)

VM Mutex/Monitor currently owned by a thread: None

heap address: 0x0000000080000000, size: 2048 MB, Compressed Oops mode: 32-bit
Narrow klass base: 0x0000000000000000, Narrow klass shift: 3
Compressed class space size: 1073741824 Address: 0x0000000100000000

Heap:
 PSYoungGen      total 163328K, used 36732K [0x00000000d5580000, 0x00000000e1700000, 0x0000000100000000)
  eden space 149504K, 15% used [0x00000000d5580000,0x00000000d6be0078,0x00000000de780000)
  from space 13824K, 99% used [0x00000000de780000,0x00000000df4ff330,0x00000000df500000)
  to   space 14336K, 0% used [0x00000000df500000,0x00000000df500000,0x00000000e0300000)
 ParOldGen       total 107520K, used 26494K [0x0000000080000000, 0x0000000086900000, 0x00000000d5580000)
  object space 107520K, 24% used [0x0000000080000000,0x00000000819dfbf0,0x0000000086900000)
 Metaspace       used 53810K, capacity 55984K, committed 56024K, reserved 1097728K
  class space    used 7179K, capacity 7643K, committed 7680K, reserved 1048576K

Card table byte_map: [0x0000000012450000,0x0000000012860000] byte_map_base: 0x0000000012050000

Marking Bits: (ParMarkBitMap*) 0x000000005700f030
 Begin Bits: [0x0000000013510000, 0x0000000015510000)
 End Bits:   [0x0000000015510000, 0x0000000017510000)

Polling page: 0x0000000002db0000

CodeCache: size=245760Kb used=17138Kb max_used=17148Kb free=228621Kb
 bounds [0x0000000003090000, 0x0000000004160000, 0x0000000012090000]
 total_blobs=5683 nmethods=4921 adapters=676
 compilation: enabled

Compilation events (10 events):
Event: 3.582 Thread 0x0000000019a0d800 4925       3       org.gradle.internal.build.event.types.DefaultBinaryPluginIdentifier::hashCode (8 bytes)
Event: 3.582 Thread 0x0000000019a0d800 nmethod 4925 0x00000000041506d0 code [0x0000000004150840, 0x0000000004150a48]
Event: 3.582 Thread 0x0000000019a0d800 4927   !   3       org.gradle.configuration.internal.DefaultUserCodeApplicationContext::reapply (47 bytes)
Event: 3.582 Thread 0x0000000019a0d800 nmethod 4927 0x000000000414fc90 code [0x000000000414fe40, 0x00000000041504a8]
Event: 3.583 Thread 0x0000000019a0d800 4929       1       java.util.EnumMap::access$600 (5 bytes)
Event: 3.583 Thread 0x0000000019a0d800 nmethod 4929 0x000000000414f9d0 code [0x000000000414fb20, 0x000000000414fc10]
Event: 3.583 Thread 0x0000000019a0d800 4928       1       com.google.common.collect.ImmutableEntry::getValue (5 bytes)
Event: 3.583 Thread 0x0000000019a0d800 nmethod 4928 0x000000000414f710 code [0x000000000414f860, 0x000000000414f970]
Event: 3.584 Thread 0x0000000019a06800 nmethod 4914 0x000000000414ed50 code [0x000000000414eec0, 0x000000000414f3c8]
Event: 3.584 Thread 0x0000000019a11800 nmethod 4923 0x0000000004157190 code [0x00000000041572e0, 0x0000000004157678]

GC Heap History (10 events):
Event: 1.778 GC heap before
{Heap before GC invocations=7 (full 1):
 PSYoungGen      total 71680K, used 66560K [0x00000000d5580000, 0x00000000def80000, 0x0000000100000000)
  eden space 66560K, 100% used [0x00000000d5580000,0x00000000d9680000,0x00000000d9680000)
  from space 5120K, 0% used [0x00000000d9680000,0x00000000d9680000,0x00000000d9b80000)
  to   space 12288K, 0% used [0x00000000de380000,0x00000000de380000,0x00000000def80000)
 ParOldGen       total 67584K, used 11145K [0x0000000080000000, 0x0000000084200000, 0x00000000d5580000)
  object space 67584K, 16% used [0x0000000080000000,0x0000000080ae27c0,0x0000000084200000)
 Metaspace       used 28519K, capacity 29450K, committed 29568K, reserved 1075200K
  class space    used 3949K, capacity 4191K, committed 4224K, reserved 1048576K
Event: 1.783 GC heap after
Heap after GC invocations=7 (full 1):
 PSYoungGen      total 108032K, used 8404K [0x00000000d5580000, 0x00000000dec00000, 0x0000000100000000)
  eden space 99328K, 0% used [0x00000000d5580000,0x00000000d5580000,0x00000000db680000)
  from space 8704K, 96% used [0x00000000de380000,0x00000000debb5070,0x00000000dec00000)
  to   space 12288K, 0% used [0x00000000dd400000,0x00000000dd400000,0x00000000de000000)
 ParOldGen       total 67584K, used 11153K [0x0000000080000000, 0x0000000084200000, 0x00000000d5580000)
  object space 67584K, 16% used [0x0000000080000000,0x0000000080ae47c0,0x0000000084200000)
 Metaspace       used 28519K, capacity 29450K, committed 29568K, reserved 1075200K
  class space    used 3949K, capacity 4191K, committed 4224K, reserved 1048576K
}
Event: 2.189 GC heap before
{Heap before GC invocations=8 (full 1):
 PSYoungGen      total 108032K, used 107645K [0x00000000d5580000, 0x00000000dec00000, 0x0000000100000000)
  eden space 99328K, 99% used [0x00000000d5580000,0x00000000db66a570,0x00000000db680000)
  from space 8704K, 96% used [0x00000000de380000,0x00000000debb5070,0x00000000dec00000)
  to   space 12288K, 0% used [0x00000000dd400000,0x00000000dd400000,0x00000000de000000)
 ParOldGen       total 67584K, used 11153K [0x0000000080000000, 0x0000000084200000, 0x00000000d5580000)
  object space 67584K, 16% used [0x0000000080000000,0x0000000080ae47c0,0x0000000084200000)
 Metaspace       used 34232K, capacity 35392K, committed 35416K, reserved 1079296K
  class space    used 4715K, capacity 4973K, committed 4992K, reserved 1048576K
Event: 2.196 GC heap after
Heap after GC invocations=8 (full 1):
 PSYoungGen      total 141824K, used 11812K [0x00000000d5580000, 0x00000000e0300000, 0x0000000100000000)
  eden space 129536K, 0% used [0x00000000d5580000,0x00000000d5580000,0x00000000dd400000)
  from space 12288K, 96% used [0x00000000dd400000,0x00000000ddf89098,0x00000000de000000)
  to   space 14336K, 0% used [0x00000000df500000,0x00000000df500000,0x00000000e0300000)
 ParOldGen       total 67584K, used 11161K [0x0000000080000000, 0x0000000084200000, 0x00000000d5580000)
  object space 67584K, 16% used [0x0000000080000000,0x0000000080ae67c0,0x0000000084200000)
 Metaspace       used 34232K, capacity 35392K, committed 35416K, reserved 1079296K
  class space    used 4715K, capacity 4973K, committed 4992K, reserved 1048576K
}
Event: 2.196 GC heap before
{Heap before GC invocations=9 (full 2):
 PSYoungGen      total 141824K, used 11812K [0x00000000d5580000, 0x00000000e0300000, 0x0000000100000000)
  eden space 129536K, 0% used [0x00000000d5580000,0x00000000d5580000,0x00000000dd400000)
  from space 12288K, 96% used [0x00000000dd400000,0x00000000ddf89098,0x00000000de000000)
  to   space 14336K, 0% used [0x00000000df500000,0x00000000df500000,0x00000000e0300000)
 ParOldGen       total 67584K, used 11161K [0x0000000080000000, 0x0000000084200000, 0x00000000d5580000)
  object space 67584K, 16% used [0x0000000080000000,0x0000000080ae67c0,0x0000000084200000)
 Metaspace       used 34232K, capacity 35392K, committed 35416K, reserved 1079296K
  class space    used 4715K, capacity 4973K, committed 4992K, reserved 1048576K
Event: 2.233 GC heap after
Heap after GC invocations=9 (full 2):
 PSYoungGen      total 141824K, used 0K [0x00000000d5580000, 0x00000000e0300000, 0x0000000100000000)
  eden space 129536K, 0% used [0x00000000d5580000,0x00000000d5580000,0x00000000dd400000)
  from space 12288K, 0% used [0x00000000dd400000,0x00000000dd400000,0x00000000de000000)
  to   space 14336K, 0% used [0x00000000df500000,0x00000000df500000,0x00000000e0300000)
 ParOldGen       total 107520K, used 17862K [0x0000000080000000, 0x0000000086900000, 0x00000000d5580000)
  object space 107520K, 16% used [0x0000000080000000,0x00000000811718e8,0x0000000086900000)
 Metaspace       used 34232K, capacity 35392K, committed 35416K, reserved 1079296K
  class space    used 4715K, capacity 4973K, committed 4992K, reserved 1048576K
}
Event: 2.687 GC heap before
{Heap before GC invocations=10 (full 2):
 PSYoungGen      total 141824K, used 129536K [0x00000000d5580000, 0x00000000e0300000, 0x0000000100000000)
  eden space 129536K, 100% used [0x00000000d5580000,0x00000000dd400000,0x00000000dd400000)
  from space 12288K, 0% used [0x00000000dd400000,0x00000000dd400000,0x00000000de000000)
  to   space 14336K, 0% used [0x00000000df500000,0x00000000df500000,0x00000000e0300000)
 ParOldGen       total 107520K, used 17862K [0x0000000080000000, 0x0000000086900000, 0x00000000d5580000)
  object space 107520K, 16% used [0x0000000080000000,0x00000000811718e8,0x0000000086900000)
 Metaspace       used 38894K, capacity 40730K, committed 41048K, reserved 1085440K
  class space    used 5363K, capacity 5709K, committed 5760K, reserved 1048576K
Event: 2.692 GC heap after
Heap after GC invocations=10 (full 2):
 PSYoungGen      total 163840K, used 8207K [0x00000000d5580000, 0x00000000e1700000, 0x0000000100000000)
  eden space 149504K, 0% used [0x00000000d5580000,0x00000000d5580000,0x00000000de780000)
  from space 14336K, 57% used [0x00000000df500000,0x00000000dfd03e60,0x00000000e0300000)
  to   space 13824K, 0% used [0x00000000de780000,0x00000000de780000,0x00000000df500000)
 ParOldGen       total 107520K, used 17870K [0x0000000080000000, 0x0000000086900000, 0x00000000d5580000)
  object space 107520K, 16% used [0x0000000080000000,0x00000000811738e8,0x0000000086900000)
 Metaspace       used 38894K, capacity 40730K, committed 41048K, reserved 1085440K
  class space    used 5363K, capacity 5709K, committed 5760K, reserved 1048576K
}
Event: 3.475 GC heap before
{Heap before GC invocations=11 (full 2):
 PSYoungGen      total 163840K, used 157711K [0x00000000d5580000, 0x00000000e1700000, 0x0000000100000000)
  eden space 149504K, 100% used [0x00000000d5580000,0x00000000de780000,0x00000000de780000)
  from space 14336K, 57% used [0x00000000df500000,0x00000000dfd03e60,0x00000000e0300000)
  to   space 13824K, 0% used [0x00000000de780000,0x00000000de780000,0x00000000df500000)
 ParOldGen       total 107520K, used 17870K [0x0000000080000000, 0x0000000086900000, 0x00000000d5580000)
  object space 107520K, 16% used [0x0000000080000000,0x00000000811738e8,0x0000000086900000)
 Metaspace       used 52161K, capacity 54360K, committed 54488K, reserved 1095680K
  class space    used 6951K, capacity 7411K, committed 7424K, reserved 1048576K
Event: 3.488 GC heap after
Heap after GC invocations=11 (full 2):
 PSYoungGen      total 163328K, used 13820K [0x00000000d5580000, 0x00000000e1700000, 0x0000000100000000)
  eden space 149504K, 0% used [0x00000000d5580000,0x00000000d5580000,0x00000000de780000)
  from space 13824K, 99% used [0x00000000de780000,0x00000000df4ff330,0x00000000df500000)
  to   space 14336K, 0% used [0x00000000df500000,0x00000000df500000,0x00000000e0300000)
 ParOldGen       total 107520K, used 26494K [0x0000000080000000, 0x0000000086900000, 0x00000000d5580000)
  object space 107520K, 24% used [0x0000000080000000,0x00000000819dfbf0,0x0000000086900000)
 Metaspace       used 52161K, capacity 54360K, committed 54488K, reserved 1095680K
  class space    used 6951K, capacity 7411K, committed 7424K, reserved 1048576K
}

Deoptimization events (10 events):
Event: 3.255 Thread 0x000000001d254800 Uncommon trap: reason=unstable_if action=reinterpret pc=0x0000000003f88234 method=com.sun.org.apache.xerces.internal.impl.XMLEntityScanner.checkBeforeLoad(Lcom/sun/xml/internal/stream/Entity$ScannedEntity;II)I @ 18
Event: 3.293 Thread 0x000000001d254800 Uncommon trap: reason=unstable_if action=reinterpret pc=0x0000000003dc2eac method=org.gradle.internal.instantiation.generator.AbstractClassGenerator$InjectionAnnotationValidator.validateMethod(Ljava/lang/reflect/Method;Lorg/gradle/internal/reflect/Propert
Event: 3.293 Thread 0x000000001d254800 Uncommon trap: reason=unstable_if action=reinterpret pc=0x0000000003e4c00c method=org.gradle.internal.instantiation.generator.AbstractClassGenerator$InjectionAnnotationValidator.validateMethod(Ljava/lang/reflect/Method;Lorg/gradle/internal/reflect/Propert
Event: 3.330 Thread 0x000000001d254800 Uncommon trap: reason=unstable_if action=reinterpret pc=0x000000000326ad24 method=java.lang.String.replace(CC)Ljava/lang/String; @ 2
Event: 3.332 Thread 0x000000001d254800 Uncommon trap: reason=bimorphic action=maybe_recompile pc=0x0000000003cd8830 method=org.codehaus.groovy.runtime.metaclass.MetaMethodIndex.addMethodToList(Ljava/lang/Object;Lgroovy/lang/MetaMethod;)Ljava/lang/Object; @ 96
Event: 3.332 Thread 0x000000001d254800 Uncommon trap: reason=unstable_if action=reinterpret pc=0x0000000003ce9c84 method=groovy.lang.MetaClassImpl$1MOPIter.methodNameAction(Ljava/lang/Class;Lorg/codehaus/groovy/runtime/metaclass/MetaMethodIndex$Entry;)V @ 182
Event: 3.373 Thread 0x000000001d254800 Uncommon trap: reason=unstable_if action=reinterpret pc=0x0000000003458e84 method=java.lang.String.lastIndexOf([CII[CIII)I @ 17
Event: 3.373 Thread 0x000000001d254800 Uncommon trap: reason=unstable_if action=reinterpret pc=0x0000000003794bd0 method=sun.net.www.protocol.jar.Handler.parseURL(Ljava/net/URL;Ljava/lang/String;II)V @ 116
Event: 3.379 Thread 0x000000001d254800 Uncommon trap: reason=unstable_if action=reinterpret pc=0x0000000004073f64 method=java.util.concurrent.ConcurrentHashMap.putVal(Ljava/lang/Object;Ljava/lang/Object;Z)Ljava/lang/Object; @ 195
Event: 3.432 Thread 0x000000001d254800 Uncommon trap: reason=null_check action=make_not_entrant pc=0x000000000383e684 method=java.lang.Class.searchMethods([Ljava/lang/reflect/Method;Ljava/lang/String;[Ljava/lang/Class;)Ljava/lang/reflect/Method; @ 59

Classes redefined (0 events):
No events

Internal exceptions (10 events):
Event: 3.470 Thread 0x000000001d254800 Exception <a 'java/lang/ClassNotFoundException': org/gradle/api/internal/file/CompositeFileTreeCustomizer> (0x00000000de53b530) thrown at [C:\src\AOSP-openjdk-git\hotspot\src\share\vm\classfile\systemDictionary.cpp, line 210]
Event: 3.470 Thread 0x000000001d254800 Exception <a 'java/lang/ClassNotFoundException': org/gradle/api/internal/file/collections/DefaultConfigurableFileTreeCustomizer> (0x00000000de594010) thrown at [C:\src\AOSP-openjdk-git\hotspot\src\share\vm\classfile\systemDictionary.cpp, line 210]
Event: 3.473 Thread 0x000000001d254800 Exception <a 'java/lang/ClassNotFoundException': org/gradle/api/plugins/internal/DefaultBasePluginConventionBeanInfo> (0x00000000de684b20) thrown at [C:\src\AOSP-openjdk-git\hotspot\src\share\vm\classfile\systemDictionary.cpp, line 210]
Event: 3.474 Thread 0x000000001d254800 Exception <a 'java/lang/ClassNotFoundException': org/gradle/api/plugins/BasePluginConventionBeanInfo> (0x00000000de6d0740) thrown at [C:\src\AOSP-openjdk-git\hotspot\src\share\vm\classfile\systemDictionary.cpp, line 210]
Event: 3.474 Thread 0x000000001d254800 Exception <a 'java/lang/ClassNotFoundException': org/gradle/api/plugins/BasePluginConventionCustomizer> (0x00000000de71d8c0) thrown at [C:\src\AOSP-openjdk-git\hotspot\src\share\vm\classfile\systemDictionary.cpp, line 210]
Event: 3.488 Thread 0x000000001d254800 Exception <a 'java/lang/ClassNotFoundException': org/gradle/api/plugins/internal/DefaultBasePluginConventionCustomizer> (0x00000000d558e790) thrown at [C:\src\AOSP-openjdk-git\hotspot\src\share\vm\classfile\systemDictionary.cpp, line 210]
Event: 3.490 Thread 0x000000001d254800 Exception <a 'java/lang/ClassNotFoundException': org/gradle/api/plugins/internal/DefaultJavaPluginConventionBeanInfo> (0x00000000d5642960) thrown at [C:\src\AOSP-openjdk-git\hotspot\src\share\vm\classfile\systemDictionary.cpp, line 210]
Event: 3.491 Thread 0x000000001d254800 Exception <a 'java/lang/ClassNotFoundException': org/gradle/api/plugins/JavaPluginConventionBeanInfo> (0x00000000d568e4d0) thrown at [C:\src\AOSP-openjdk-git\hotspot\src\share\vm\classfile\systemDictionary.cpp, line 210]
Event: 3.491 Thread 0x000000001d254800 Exception <a 'java/lang/ClassNotFoundException': org/gradle/api/plugins/JavaPluginConventionCustomizer> (0x00000000d56db650) thrown at [C:\src\AOSP-openjdk-git\hotspot\src\share\vm\classfile\systemDictionary.cpp, line 210]
Event: 3.492 Thread 0x000000001d254800 Exception <a 'java/lang/ClassNotFoundException': org/gradle/api/plugins/internal/DefaultJavaPluginConventionCustomizer> (0x00000000d5754e70) thrown at [C:\src\AOSP-openjdk-git\hotspot\src\share\vm\classfile\systemDictionary.cpp, line 210]

Events (10 events):
Event: 3.590 loading class com/google/common/collect/RegularImmutableSortedSet
Event: 3.590 loading class com/google/common/collect/RegularImmutableSortedSet done
Event: 3.591 loading class com/google/common/collect/ImmutableRangeSet$1
Event: 3.591 loading class com/google/common/collect/ImmutableRangeSet$1 done
Event: 3.591 loading class com/google/common/collect/ImmutableRangeSet$Builder
Event: 3.591 loading class com/google/common/collect/ImmutableRangeSet$Builder done
Event: 3.591 loading class com/google/common/collect/Range
Event: 3.591 loading class com/google/common/collect/Range done
Event: 3.591 loading class com/google/common/collect/Range
Event: 3.591 loading class com/google/common/collect/Range done


Dynamic libraries:
0x00007ff791b50000 - 0x00007ff791b81000 	C:\Program Files\Android\Android Studio\jre\bin\java.exe
0x00007ff833bf0000 - 0x00007ff833de6000 	C:\Windows\SYSTEM32\ntdll.dll
0x00007ff833a20000 - 0x00007ff833add000 	C:\Windows\System32\KERNEL32.DLL
0x00007ff831430000 - 0x00007ff8316f9000 	C:\Windows\System32\KERNELBASE.dll
0x00007ff832fa0000 - 0x00007ff83304c000 	C:\Windows\System32\ADVAPI32.dll
0x00007ff832150000 - 0x00007ff8321ee000 	C:\Windows\System32\msvcrt.dll
0x00007ff8320a0000 - 0x00007ff83213c000 	C:\Windows\System32\sechost.dll
0x00007ff831c70000 - 0x00007ff831d9b000 	C:\Windows\System32\RPCRT4.dll
0x00007ff8321f0000 - 0x00007ff832390000 	C:\Windows\System32\USER32.dll
0x00007ff831810000 - 0x00007ff831832000 	C:\Windows\System32\win32u.dll
0x00007ff833050000 - 0x00007ff83307a000 	C:\Windows\System32\GDI32.dll
0x00007ff831700000 - 0x00007ff83180b000 	C:\Windows\System32\gdi32full.dll
0x00007ff831b30000 - 0x00007ff831bcd000 	C:\Windows\System32\msvcp_win.dll
0x00007ff8319a0000 - 0x00007ff831aa0000 	C:\Windows\System32\ucrtbase.dll
0x00007ff81f1d0000 - 0x00007ff81f46b000 	C:\Windows\WinSxS\amd64_microsoft.windows.common-controls_6595b64144ccf1df_6.0.19041.746_none_ca02b4b61b8320a4\COMCTL32.dll
0x00007ff832070000 - 0x00007ff8320a0000 	C:\Windows\System32\IMM32.DLL
0x0000000055dd0000 - 0x0000000055ea2000 	C:\Program Files\Android\Android Studio\jre\jre\bin\msvcr100.dll
0x0000000056840000 - 0x000000005708b000 	C:\Program Files\Android\Android Studio\jre\jre\bin\server\jvm.dll
0x00007ff832140000 - 0x00007ff832148000 	C:\Windows\System32\PSAPI.DLL
0x00007ff821900000 - 0x00007ff821927000 	C:\Windows\SYSTEM32\WINMM.dll
0x00007ff82bec0000 - 0x00007ff82beca000 	C:\Windows\SYSTEM32\VERSION.dll
0x00007ff828280000 - 0x00007ff828289000 	C:\Windows\SYSTEM32\WSOCK32.dll
0x00007ff832a80000 - 0x00007ff832aeb000 	C:\Windows\System32\WS2_32.dll
0x00007ff82a8f0000 - 0x00007ff82a8ff000 	C:\Program Files\Android\Android Studio\jre\jre\bin\verify.dll
0x00007ff81fd80000 - 0x00007ff81fda9000 	C:\Program Files\Android\Android Studio\jre\jre\bin\java.dll
0x00007ff828260000 - 0x00007ff828276000 	C:\Program Files\Android\Android Studio\jre\jre\bin\zip.dll
0x00007ff8331a0000 - 0x00007ff8338e2000 	C:\Windows\System32\SHELL32.dll
0x00007ff82f4a0000 - 0x00007ff82fc30000 	C:\Windows\SYSTEM32\windows.storage.dll
0x00007ff832af0000 - 0x00007ff832e46000 	C:\Windows\System32\combase.dll
0x00007ff830d90000 - 0x00007ff830dbc000 	C:\Windows\SYSTEM32\Wldp.dll
0x00007ff831fc0000 - 0x00007ff83206e000 	C:\Windows\System32\SHCORE.dll
0x00007ff831e20000 - 0x00007ff831e75000 	C:\Windows\System32\shlwapi.dll
0x00007ff831260000 - 0x00007ff831286000 	C:\Windows\SYSTEM32\profapi.dll
0x00007ff828070000 - 0x00007ff82808a000 	C:\Program Files\Android\Android Studio\jre\jre\bin\net.dll
0x00007ff830b10000 - 0x00007ff830b7a000 	C:\Windows\system32\mswsock.dll
0x00007ff81fd60000 - 0x00007ff81fd73000 	C:\Program Files\Android\Android Studio\jre\jre\bin\nio.dll
0x00007ff812940000 - 0x00007ff812967000 	C:\Users\pc\.gradle\native\f6784746aeab05261644944871eae4fe03e0ef1612fff0a4a95f87b438bc6780\windows-amd64\native-platform.dll
0x00007ff82a8c0000 - 0x00007ff82a8cd000 	C:\Program Files\Android\Android Studio\jre\jre\bin\management.dll
0x00007ff830ce0000 - 0x00007ff830cf8000 	C:\Windows\SYSTEM32\CRYPTSP.dll
0x00007ff830440000 - 0x00007ff830474000 	C:\Windows\system32\rsaenh.dll
0x00007ff831b00000 - 0x00007ff831b27000 	C:\Windows\System32\bcrypt.dll
0x00007ff831220000 - 0x00007ff83124e000 	C:\Windows\SYSTEM32\USERENV.dll
0x00007ff831bd0000 - 0x00007ff831c50000 	C:\Windows\System32\bcryptprimitives.dll
0x00007ff830d00000 - 0x00007ff830d0c000 	C:\Windows\SYSTEM32\CRYPTBASE.dll
0x00007ff8307b0000 - 0x00007ff8307eb000 	C:\Windows\SYSTEM32\IPHLPAPI.DLL
0x00007ff833ae0000 - 0x00007ff833ae8000 	C:\Windows\System32\NSI.dll
0x00007ff82bed0000 - 0x00007ff82bee7000 	C:\Windows\SYSTEM32\dhcpcsvc6.DLL
0x00007ff82b9e0000 - 0x00007ff82b9fd000 	C:\Windows\SYSTEM32\dhcpcsvc.DLL
0x00007ff830800000 - 0x00007ff8308cb000 	C:\Windows\SYSTEM32\DNSAPI.dll
0x00007ff82bef0000 - 0x00007ff82befb000 	C:\Windows\SYSTEM32\WINNSI.DLL

VM Arguments:
jvm_args: -Xmx2048m -Dfile.encoding=windows-1252 -Duser.country=MX -Duser.language=es -Duser.variant 
java_command: org.gradle.launcher.daemon.bootstrap.GradleDaemon 6.5
java_class_path (initial): C:\Users\pc\.gradle\wrapper\dists\gradle-6.5-all\2oz4ud9k3tuxjg84bbf55q0tn\gradle-6.5\lib\gradle-launcher-6.5.jar
Launcher Type: SUN_STANDARD

Environment Variables:
PATH=C:\Program Files (x86)\Common Files\Intel\Shared Libraries\redist\intel64\compiler;C:\Windows\system32;C:\Windows;C:\Windows\System32\Wbem;C:\Windows\System32\WindowsPowerShell\v1.0\;C:\Windows\System32\OpenSSH\;C:\Program Files (x86)\NVIDIA Corporation\PhysX\Common;C:\Program Files\NVIDIA Corporation\NVIDIA NvDLISR;C:\Users\pc\AppData\Local\Microsoft\WindowsApps;
USERNAME=pc
OS=Windows_NT
PROCESSOR_IDENTIFIER=AMD64 Family 23 Model 113 Stepping 0, AuthenticAMD



---------------  S Y S T E M  ---------------

OS: Windows 10.0 , 64 bit Build 19041 (10.0.19041.804)

CPU:total 12 (initial active 12) (12 cores per cpu, 1 threads per core) family 23 model 113 stepping 0, cmov, cx8, fxsr, mmx, sse, sse2, sse3, ssse3, sse4.1, sse4.2, popcnt, avx, avx2, aes, clmul, mmxext, 3dnowpref, lzcnt, sse4a, tsc, tscinvbit, tscinv, bmi1

Memory: 4k page, physical 8310100k(662580k free), swap 22881968k(5396k free)

vm_info: OpenJDK 64-Bit Server VM (25.242-b01) for windows-amd64 JRE (1.8.0_242-release-1644-b01), built by "builder" with MS VC++ 10.0 (VS2010)

time: Sat Feb 20 09:10:48 2021
timezone: Hora estándar, América Central
elapsed time: 3 seconds (0d 0h 0m 3s)

