#
# There is insufficient memory for the Java Runtime Environment to continue.
# Native memory allocation (malloc) failed to allocate 580096 bytes for Chunk::new
# Possible reasons:
#   The system is out of physical RAM or swap space
#   The process is running with CompressedOops enabled, and the Java Heap may be blocking the growth of the native heap
# Possible solutions:
#   Reduce memory load on the system
#   Increase physical memory or swap space
#   Check if swap backing store is full
#   Decrease Java heap size (-Xmx/-Xms)
#   Decrease number of Java threads
#   Decrease Java thread stack sizes (-Xss)
#   Set larger code cache with -XX:ReservedCodeCacheSize=
#   JVM is running with Unscaled Compressed Oops mode in which the Java heap is
#     placed in the first 4GB address space. The Java Heap base address is the
#     maximum limit for the native heap growth. Please use -XX:HeapBaseMinAddress
#     to set the Java Heap base and to place the Java Heap above 4GB virtual address.
# This output file may be truncated or incomplete.
#
#  Out of Memory Error (allocation.cpp:389), pid=20036, tid=0x00000000000053e0
#
# JRE version: OpenJDK Runtime Environment (8.0_242-b01) (build 1.8.0_242-release-1644-b01)
# Java VM: OpenJDK 64-Bit Server VM (25.242-b01 mixed mode windows-amd64 compressed oops)
# Failed to write core dump. Minidumps are not enabled by default on client versions of Windows
#

---------------  T H R E A D  ---------------

Current thread (0x0000000019741000):  JavaThread "C2 CompilerThread2" daemon [_thread_in_native, id=21472, stack(0x000000001afd0000,0x000000001b0d0000)]

Stack: [0x000000001afd0000,0x000000001b0d0000]
[error occurred during error reporting (printing stack bounds), id 0xc0000005]

Native frames: (J=compiled Java code, j=interpreted, Vv=VM code, C=native code)


Current CompileTask:
C2:   2577 3703       4       java.net.URLClassLoader$1::run (5 bytes)


---------------  P R O C E S S  ---------------

Java Threads: ( => current thread )
  0x000000001f7fe000 JavaThread "jar transforms Thread 113" [_thread_blocked, id=1912, stack(0x000000002ad20000,0x000000002ae20000)]
  0x00000000210b7000 JavaThread "jar transforms Thread 112" [_thread_blocked, id=6848, stack(0x000000002ac20000,0x000000002ad20000)]
  0x00000000210b5800 JavaThread "jar transforms Thread 111" [_thread_blocked, id=19788, stack(0x000000002ab20000,0x000000002ac20000)]
  0x00000000210b4000 JavaThread "jar transforms Thread 110" [_thread_blocked, id=13040, stack(0x000000002aa20000,0x000000002ab20000)]
  0x00000000210b8000 JavaThread "jar transforms Thread 109" [_thread_blocked, id=5848, stack(0x000000002a920000,0x000000002aa20000)]
  0x00000000210b3800 JavaThread "jar transforms Thread 108" [_thread_blocked, id=5880, stack(0x000000002a820000,0x000000002a920000)]
  0x00000000210b8800 JavaThread "jar transforms Thread 107" [_thread_blocked, id=15100, stack(0x000000002a720000,0x000000002a820000)]
  0x00000000210b6800 JavaThread "jar transforms Thread 106" [_thread_blocked, id=7936, stack(0x000000002a620000,0x000000002a720000)]
  0x00000000210b5000 JavaThread "jar transforms Thread 105" [_thread_blocked, id=16380, stack(0x000000002a520000,0x000000002a620000)]
  0x00000000210ba000 JavaThread "jar transforms Thread 104" [_thread_blocked, id=20428, stack(0x000000002a420000,0x000000002a520000)]
  0x00000000210b9800 JavaThread "jar transforms Thread 103" [_thread_blocked, id=14688, stack(0x000000002a320000,0x000000002a420000)]
  0x00000000210b1000 JavaThread "jar transforms Thread 102" [_thread_blocked, id=9360, stack(0x000000002a220000,0x000000002a320000)]
  0x00000000210ad800 JavaThread "jar transforms Thread 101" [_thread_blocked, id=3144, stack(0x000000002a120000,0x000000002a220000)]
  0x00000000210b2800 JavaThread "jar transforms Thread 100" [_thread_blocked, id=16900, stack(0x000000002a020000,0x000000002a120000)]
  0x00000000210b0800 JavaThread "jar transforms Thread 99" [_thread_blocked, id=21212, stack(0x0000000029f20000,0x000000002a020000)]
  0x00000000210ac800 JavaThread "jar transforms Thread 98" [_thread_blocked, id=4000, stack(0x0000000029e20000,0x0000000029f20000)]
  0x00000000210ac000 JavaThread "jar transforms Thread 97" [_thread_blocked, id=5636, stack(0x0000000029d20000,0x0000000029e20000)]
  0x00000000210af800 JavaThread "jar transforms Thread 96" [_thread_blocked, id=21032, stack(0x0000000029c20000,0x0000000029d20000)]
  0x00000000210af000 JavaThread "jar transforms Thread 95" [_thread_blocked, id=21232, stack(0x0000000029b20000,0x0000000029c20000)]
  0x00000000210ab000 JavaThread "jar transforms Thread 94" [_thread_blocked, id=21108, stack(0x0000000029a20000,0x0000000029b20000)]
  0x00000000210b2000 JavaThread "jar transforms Thread 93" [_thread_blocked, id=8848, stack(0x0000000029920000,0x0000000029a20000)]
  0x00000000210ae000 JavaThread "jar transforms Thread 92" [_thread_blocked, id=1712, stack(0x0000000029820000,0x0000000029920000)]
  0x0000000020d43000 JavaThread "jar transforms Thread 91" [_thread_blocked, id=19520, stack(0x0000000029520000,0x0000000029620000)]
  0x0000000020d42000 JavaThread "jar transforms Thread 90" [_thread_blocked, id=19920, stack(0x0000000029420000,0x0000000029520000)]
  0x0000000020d41800 JavaThread "jar transforms Thread 89" [_thread_blocked, id=14924, stack(0x0000000029320000,0x0000000029420000)]
  0x0000000020d44800 JavaThread "jar transforms Thread 88" [_thread_blocked, id=19932, stack(0x0000000029220000,0x0000000029320000)]
  0x0000000020d43800 JavaThread "jar transforms Thread 87" [_thread_blocked, id=16628, stack(0x0000000029120000,0x0000000029220000)]
  0x0000000020d3f000 JavaThread "jar transforms Thread 86" [_thread_blocked, id=1440, stack(0x0000000029020000,0x0000000029120000)]
  0x0000000020d40800 JavaThread "jar transforms Thread 85" [_thread_blocked, id=16580, stack(0x0000000028f20000,0x0000000029020000)]
  0x0000000020d3e800 JavaThread "jar transforms Thread 84" [_thread_blocked, id=8992, stack(0x0000000028d20000,0x0000000028e20000)]
  0x0000000020d3a000 JavaThread "jar transforms Thread 83" [_thread_blocked, id=10812, stack(0x0000000028c20000,0x0000000028d20000)]
  0x0000000020d40000 JavaThread "jar transforms Thread 82" [_thread_blocked, id=7300, stack(0x0000000028b20000,0x0000000028c20000)]
  0x0000000020d3d000 JavaThread "jar transforms Thread 81" [_thread_blocked, id=1788, stack(0x0000000028a20000,0x0000000028b20000)]
  0x0000000020d3d800 JavaThread "jar transforms Thread 80" [_thread_blocked, id=12712, stack(0x0000000028920000,0x0000000028a20000)]
  0x0000000020d35800 JavaThread "jar transforms Thread 79" [_thread_blocked, id=2092, stack(0x0000000028820000,0x0000000028920000)]
  0x0000000020d39000 JavaThread "jar transforms Thread 78" [_thread_blocked, id=2688, stack(0x0000000028720000,0x0000000028820000)]
  0x0000000020d38800 JavaThread "jar transforms Thread 77" [_thread_blocked, id=19428, stack(0x0000000028620000,0x0000000028720000)]
  0x0000000020d37800 JavaThread "jar transforms Thread 76" [_thread_blocked, id=14400, stack(0x0000000028520000,0x0000000028620000)]
  0x0000000020d3c000 JavaThread "jar transforms Thread 75" [_thread_blocked, id=1964, stack(0x0000000028420000,0x0000000028520000)]
  0x0000000020d37000 JavaThread "jar transforms Thread 74" [_thread_blocked, id=19712, stack(0x0000000028320000,0x0000000028420000)]
  0x0000000020d36000 JavaThread "jar transforms Thread 73" [_thread_blocked, id=18280, stack(0x0000000028220000,0x0000000028320000)]
  0x0000000020d3a800 JavaThread "jar transforms Thread 72" [_thread_blocked, id=20080, stack(0x0000000028120000,0x0000000028220000)]
  0x0000000020d3b800 JavaThread "jar transforms Thread 71" [_thread_blocked, id=16140, stack(0x0000000028020000,0x0000000028120000)]
  0x0000000020b51000 JavaThread "jar transforms Thread 70" [_thread_blocked, id=11492, stack(0x0000000027f20000,0x0000000028020000)]
  0x0000000020b50800 JavaThread "jar transforms Thread 69" [_thread_blocked, id=20028, stack(0x0000000027e20000,0x0000000027f20000)]
  0x0000000020b4f800 JavaThread "jar transforms Thread 68" [_thread_blocked, id=18420, stack(0x0000000027d20000,0x0000000027e20000)]
  0x0000000020b4f000 JavaThread "jar transforms Thread 67" [_thread_blocked, id=17844, stack(0x0000000027c20000,0x0000000027d20000)]
  0x0000000020b4e000 JavaThread "jar transforms Thread 66" [_thread_blocked, id=13304, stack(0x0000000027b20000,0x0000000027c20000)]
  0x0000000020b4d800 JavaThread "jar transforms Thread 65" [_thread_blocked, id=12792, stack(0x0000000027a20000,0x0000000027b20000)]
  0x0000000020b46000 JavaThread "jar transforms Thread 64" [_thread_blocked, id=17424, stack(0x0000000027920000,0x0000000027a20000)]
  0x0000000020b4c000 JavaThread "jar transforms Thread 63" [_thread_blocked, id=12944, stack(0x0000000027820000,0x0000000027920000)]
  0x0000000020b4c800 JavaThread "jar transforms Thread 62" [_thread_blocked, id=11920, stack(0x0000000027720000,0x0000000027820000)]
  0x0000000020b44800 JavaThread "jar transforms Thread 61" [_thread_blocked, id=5344, stack(0x0000000027620000,0x0000000027720000)]
  0x0000000020b4b000 JavaThread "jar transforms Thread 60" [_thread_blocked, id=6460, stack(0x0000000027520000,0x0000000027620000)]
  0x0000000020b43800 JavaThread "jar transforms Thread 59" [_thread_blocked, id=16640, stack(0x0000000027420000,0x0000000027520000)]
  0x0000000020b4a800 JavaThread "jar transforms Thread 58" [_thread_blocked, id=2164, stack(0x0000000027320000,0x0000000027420000)]
  0x0000000020b43000 JavaThread "jar transforms Thread 57" [_thread_blocked, id=6864, stack(0x0000000027220000,0x0000000027320000)]
  0x0000000020b49800 JavaThread "jar transforms Thread 56" [_thread_blocked, id=11592, stack(0x0000000027120000,0x0000000027220000)]
  0x0000000020b45000 JavaThread "jar transforms Thread 55" [_thread_blocked, id=2812, stack(0x0000000027020000,0x0000000027120000)]
  0x0000000020b49000 JavaThread "jar transforms Thread 54" [_thread_blocked, id=15864, stack(0x0000000026f20000,0x0000000027020000)]
  0x0000000020b42000 JavaThread "jar transforms Thread 53" [_thread_blocked, id=9700, stack(0x0000000026e20000,0x0000000026f20000)]
  0x0000000020b48000 JavaThread "jar transforms Thread 52" [_thread_blocked, id=13252, stack(0x0000000026d20000,0x0000000026e20000)]
  0x0000000020b47800 JavaThread "jar transforms Thread 51" [_thread_blocked, id=19160, stack(0x0000000026c20000,0x0000000026d20000)]
  0x0000000020b46800 JavaThread "jar transforms Thread 50" [_thread_blocked, id=17124, stack(0x0000000026b20000,0x0000000026c20000)]
  0x000000001f98a800 JavaThread "jar transforms Thread 49" [_thread_blocked, id=12924, stack(0x0000000026a20000,0x0000000026b20000)]
  0x000000001f989800 JavaThread "jar transforms Thread 48" [_thread_blocked, id=11780, stack(0x0000000026920000,0x0000000026a20000)]
  0x000000001f989000 JavaThread "jar transforms Thread 47" [_thread_blocked, id=20552, stack(0x0000000026820000,0x0000000026920000)]
  0x000000001f988000 JavaThread "jar transforms Thread 46" [_thread_blocked, id=18740, stack(0x0000000026720000,0x0000000026820000)]
  0x000000001f980800 JavaThread "jar transforms Thread 45" [_thread_blocked, id=16616, stack(0x0000000026620000,0x0000000026720000)]
  0x000000001f985800 JavaThread "jar transforms Thread 44" [_thread_blocked, id=20996, stack(0x0000000026520000,0x0000000026620000)]
  0x000000001f985000 JavaThread "jar transforms Thread 43" [_thread_blocked, id=20916, stack(0x0000000026420000,0x0000000026520000)]
  0x000000001f984000 JavaThread "jar transforms Thread 42" [_thread_blocked, id=20096, stack(0x0000000026320000,0x0000000026420000)]
  0x000000001f987000 JavaThread "jar transforms Thread 41" [_thread_blocked, id=11356, stack(0x0000000026220000,0x0000000026320000)]
  0x000000001f986800 JavaThread "jar transforms Thread 40" [_thread_blocked, id=8340, stack(0x0000000026120000,0x0000000026220000)]
  0x000000001f97e000 JavaThread "jar transforms Thread 39" [_thread_blocked, id=5748, stack(0x0000000026020000,0x0000000026120000)]
  0x000000001f983800 JavaThread "jar transforms Thread 38" [_thread_blocked, id=8512, stack(0x0000000025f20000,0x0000000026020000)]
  0x000000001f97f800 JavaThread "jar transforms Thread 37" [_thread_blocked, id=12988, stack(0x0000000025e20000,0x0000000025f20000)]
  0x000000001f982800 JavaThread "jar transforms Thread 36" [_thread_blocked, id=5820, stack(0x0000000025d20000,0x0000000025e20000)]
  0x000000001f97d800 JavaThread "jar transforms Thread 35" [_thread_blocked, id=15956, stack(0x0000000025c20000,0x0000000025d20000)]
  0x000000001f97f000 JavaThread "jar transforms Thread 34" [_thread_blocked, id=15096, stack(0x0000000025b20000,0x0000000025c20000)]
  0x000000001f97b000 JavaThread "jar transforms Thread 33" [_thread_blocked, id=5500, stack(0x0000000025a20000,0x0000000025b20000)]
  0x000000001f981000 JavaThread "jar transforms Thread 32" [_thread_blocked, id=16016, stack(0x0000000025920000,0x0000000025a20000)]
  0x000000001f982000 JavaThread "jar transforms Thread 31" [_thread_blocked, id=3240, stack(0x0000000025820000,0x0000000025920000)]
  0x000000001f97c800 JavaThread "jar transforms Thread 30" [_thread_blocked, id=15116, stack(0x0000000025720000,0x0000000025820000)]
  0x000000001f97c000 JavaThread "jar transforms Thread 29" [_thread_blocked, id=13168, stack(0x0000000025620000,0x0000000025720000)]
  0x000000001d455800 JavaThread "jar transforms Thread 28" [_thread_blocked, id=20972, stack(0x0000000025520000,0x0000000025620000)]
  0x000000001d457000 JavaThread "jar transforms Thread 27" [_thread_blocked, id=12728, stack(0x0000000025420000,0x0000000025520000)]
  0x000000001d453000 JavaThread "jar transforms Thread 26" [_thread_blocked, id=17392, stack(0x0000000025320000,0x0000000025420000)]
  0x000000001d454800 JavaThread "jar transforms Thread 25" [_thread_blocked, id=6416, stack(0x0000000025220000,0x0000000025320000)]
  0x000000001d454000 JavaThread "jar transforms Thread 24" [_thread_blocked, id=18656, stack(0x0000000025120000,0x0000000025220000)]
  0x000000001d452800 JavaThread "jar transforms Thread 23" [_thread_blocked, id=21204, stack(0x0000000025020000,0x0000000025120000)]
  0x000000001d450000 JavaThread "jar transforms Thread 22" [_thread_blocked, id=6984, stack(0x0000000024f20000,0x0000000025020000)]
  0x000000001d451000 JavaThread "jar transforms Thread 21" [_thread_blocked, id=5152, stack(0x0000000024e20000,0x0000000024f20000)]
  0x000000001d44f800 JavaThread "jar transforms Thread 20" [_thread_blocked, id=11632, stack(0x0000000024d20000,0x0000000024e20000)]
  0x000000001d451800 JavaThread "jar transforms Thread 19" [_thread_blocked, id=2904, stack(0x0000000024c20000,0x0000000024d20000)]
  0x000000001d456000 JavaThread "jar transforms Thread 18" [_thread_blocked, id=19240, stack(0x0000000024b20000,0x0000000024c20000)]
  0x000000001d44a000 JavaThread "jar transforms Thread 17" [_thread_blocked, id=20012, stack(0x0000000024a20000,0x0000000024b20000)]
  0x000000001d44e000 JavaThread "jar transforms Thread 16" [_thread_blocked, id=14392, stack(0x0000000024920000,0x0000000024a20000)]
  0x000000001d44c800 JavaThread "jar transforms Thread 15" [_thread_blocked, id=436, stack(0x0000000024820000,0x0000000024920000)]
  0x000000001d44e800 JavaThread "jar transforms Thread 14" [_thread_blocked, id=11948, stack(0x0000000024720000,0x0000000024820000)]
  0x000000001d44b800 JavaThread "jar transforms Thread 13" [_thread_blocked, id=19184, stack(0x0000000024620000,0x0000000024720000)]
  0x000000001d44d000 JavaThread "jar transforms Thread 12" [_thread_blocked, id=14968, stack(0x0000000024520000,0x0000000024620000)]
  0x000000001d44b000 JavaThread "jar transforms Thread 11" [_thread_blocked, id=11032, stack(0x0000000024420000,0x0000000024520000)]
  0x000000001d448800 JavaThread "jar transforms Thread 10" [_thread_blocked, id=15288, stack(0x0000000024320000,0x0000000024420000)]
  0x000000001d449800 JavaThread "jar transforms Thread 9" [_thread_blocked, id=9092, stack(0x0000000024220000,0x0000000024320000)]
  0x000000001d448000 JavaThread "jar transforms Thread 8" [_thread_blocked, id=20968, stack(0x0000000024120000,0x0000000024220000)]
  0x000000001d661000 JavaThread "jar transforms Thread 7" [_thread_blocked, id=6276, stack(0x0000000024020000,0x0000000024120000)]
  0x000000001d662800 JavaThread "jar transforms Thread 6" [_thread_blocked, id=17852, stack(0x0000000023f20000,0x0000000024020000)]
  0x000000001d663000 JavaThread "jar transforms Thread 5" [_thread_blocked, id=14388, stack(0x0000000023e20000,0x0000000023f20000)]
  0x000000001d661800 JavaThread "jar transforms Thread 4" [_thread_blocked, id=4844, stack(0x0000000023d20000,0x0000000023e20000)]
  0x000000001d660000 JavaThread "jar transforms Thread 3" [_thread_blocked, id=13408, stack(0x0000000023c20000,0x0000000023d20000)]
  0x000000001d664800 JavaThread "jar transforms Thread 2" [_thread_blocked, id=14048, stack(0x0000000023b20000,0x0000000023c20000)]
  0x000000001d665800 JavaThread "Build operations Thread 12" [_thread_blocked, id=14584, stack(0x0000000023a20000,0x0000000023b20000)]
  0x000000001d664000 JavaThread "Build operations Thread 11" [_thread_blocked, id=11748, stack(0x0000000023920000,0x0000000023a20000)]
  0x000000001d658800 JavaThread "Build operations Thread 10" [_thread_blocked, id=14040, stack(0x0000000023820000,0x0000000023920000)]
  0x000000001d65f800 JavaThread "Build operations Thread 9" [_thread_blocked, id=4100, stack(0x0000000023720000,0x0000000023820000)]
  0x000000001d658000 JavaThread "Build operations Thread 8" [_thread_blocked, id=9824, stack(0x0000000023620000,0x0000000023720000)]
  0x000000001d65e800 JavaThread "Build operations Thread 7" [_thread_blocked, id=2280, stack(0x0000000023520000,0x0000000023620000)]
  0x000000001d65e000 JavaThread "Build operations Thread 6" [_thread_blocked, id=8936, stack(0x0000000023320000,0x0000000023420000)]
  0x000000001d65d000 JavaThread "Build operations Thread 5" [_thread_blocked, id=15768, stack(0x0000000023220000,0x0000000023320000)]
  0x000000001d65c800 JavaThread "Build operations Thread 4" [_thread_blocked, id=16316, stack(0x0000000023120000,0x0000000023220000)]
  0x000000001d65b800 JavaThread "Build operations Thread 3" [_thread_blocked, id=12484, stack(0x0000000023020000,0x0000000023120000)]
  0x000000001d65b000 JavaThread "Build operations Thread 2" [_thread_blocked, id=7396, stack(0x0000000022f20000,0x0000000023020000)]
  0x000000001d655800 JavaThread "Build operations" [_thread_blocked, id=18616, stack(0x0000000022e20000,0x0000000022f20000)]
  0x000000001d069000 JavaThread "Cache worker for file content cache (C:\Users\pc\.gradle\caches\6.5\fileContent)" [_thread_blocked, id=8456, stack(0x0000000022720000,0x0000000022820000)]
  0x000000001d068000 JavaThread "jar transforms" [_thread_blocked, id=13932, stack(0x0000000022620000,0x0000000022720000)]
  0x000000001d067800 JavaThread "Cache worker for execution history cache (C:\Users\pc\.gradle\caches\6.5\executionHistory)" [_thread_blocked, id=13964, stack(0x0000000021f20000,0x0000000022020000)]
  0x000000001d063000 JavaThread "Cache worker for cache directory md-rule (C:\Users\pc\.gradle\caches\6.5\md-rule)" [_thread_blocked, id=20320, stack(0x0000000021e20000,0x0000000021f20000)]
  0x000000001d064800 JavaThread "Cache worker for cache directory md-supplier (C:\Users\pc\.gradle\caches\6.5\md-supplier)" [_thread_blocked, id=13472, stack(0x0000000021d20000,0x0000000021e20000)]
  0x000000001d066800 JavaThread "Cache worker for checksums cache (C:\Users\pc\Desktop\App\MatusIntl\.gradle\checksums)" [_thread_blocked, id=19224, stack(0x00000000216c0000,0x00000000217c0000)]
  0x000000001d066000 JavaThread "Cache worker for file hash cache (C:\Users\pc\Desktop\App\MatusIntl\.gradle\6.5\fileHashes)" [_thread_blocked, id=19472, stack(0x0000000021a20000,0x0000000021b20000)]
  0x000000001d065000 JavaThread "Cache worker for file hash cache (C:\Users\pc\.gradle\caches\6.5\fileHashes)" [_thread_blocked, id=11552, stack(0x000000001f420000,0x000000001f520000)]
  0x000000001d062000 JavaThread "File lock request listener" [_thread_in_native, id=1432, stack(0x000000001f320000,0x000000001f420000)]
  0x000000001d0fa000 JavaThread "Cache worker for journal cache (C:\Users\pc\.gradle\caches\journal-1)" [_thread_blocked, id=15124, stack(0x000000001f220000,0x000000001f320000)]
  0x000000001c98c800 JavaThread "Thread-9" [_thread_blocked, id=18260, stack(0x000000001ef20000,0x000000001f020000)]
  0x000000001cf91800 JavaThread "Stdin handler" [_thread_blocked, id=8080, stack(0x000000001ee20000,0x000000001ef20000)]
  0x000000001cf91000 JavaThread "Asynchronous log dispatcher for DefaultDaemonConnection: socket connection from /127.0.0.1:64605 to /127.0.0.1:64606" [_thread_blocked, id=19292, stack(0x000000001ed20000,0x000000001ee20000)]
  0x000000001cfbd800 JavaThread "Daemon worker" [_thread_in_Java, id=15660, stack(0x000000001ec20000,0x000000001ed20000)]
  0x000000001cfb5000 JavaThread "Cancel handler" [_thread_blocked, id=3084, stack(0x000000001eb20000,0x000000001ec20000)]
  0x000000001cf75800 JavaThread "Handler for socket connection from /127.0.0.1:64605 to /127.0.0.1:64606" [_thread_in_native, id=16404, stack(0x000000001ea20000,0x000000001eb20000)]
  0x000000001cf6f800 JavaThread "Daemon" [_thread_blocked, id=13032, stack(0x000000001e920000,0x000000001ea20000)]
  0x000000001cf5a800 JavaThread "Daemon periodic checks" [_thread_blocked, id=8568, stack(0x000000001e620000,0x000000001e720000)]
  0x000000001cedf800 JavaThread "Incoming local TCP Connector on port 64605" [_thread_in_native, id=12312, stack(0x000000001e3b0000,0x000000001e4b0000)]
  0x000000001ce86800 JavaThread "Daemon health stats" [_thread_blocked, id=8280, stack(0x000000001dd70000,0x000000001de70000)]
  0x00000000197c2800 JavaThread "Service Thread" daemon [_thread_blocked, id=8376, stack(0x000000001b1d0000,0x000000001b2d0000)]
  0x0000000019742000 JavaThread "C1 CompilerThread3" daemon [_thread_in_native, id=12828, stack(0x000000001b0d0000,0x000000001b1d0000)]
=>0x0000000019741000 JavaThread "C2 CompilerThread2" daemon [_thread_in_native, id=21472, stack(0x000000001afd0000,0x000000001b0d0000)]
  0x000000001973c000 JavaThread "C2 CompilerThread1" daemon [_thread_in_native, id=20056, stack(0x000000001aed0000,0x000000001afd0000)]
  0x0000000019734000 JavaThread "C2 CompilerThread0" daemon [_thread_blocked, id=16344, stack(0x000000001add0000,0x000000001aed0000)]
  0x0000000019731800 JavaThread "Attach Listener" daemon [_thread_blocked, id=11172, stack(0x000000001acd0000,0x000000001add0000)]
  0x000000001805e800 JavaThread "Signal Dispatcher" daemon [_thread_blocked, id=18436, stack(0x000000001abd0000,0x000000001acd0000)]
  0x0000000018052000 JavaThread "Finalizer" daemon [_thread_blocked, id=11900, stack(0x000000001a9b0000,0x000000001aab0000)]
  0x0000000019723000 JavaThread "Reference Handler" daemon [_thread_blocked, id=16364, stack(0x000000001a8b0000,0x000000001a9b0000)]
  0x00000000012dd800 JavaThread "main" [_thread_blocked, id=12016, stack(0x0000000002be0000,0x0000000002ce0000)]

Other Threads:
  0x0000000018045800 VMThread [stack: 0x000000001a7b0000,0x000000001a8b0000] [id=11952]
  0x00000000197c3000 WatcherThread [stack: 0x000000001b2d0000,0x000000001b3d0000] [id=11280]

VM state:not at safepoint (normal execution)

VM Mutex/Monitor currently owned by a thread:  ([mutex/lock_event])
[0x0000000002ce0750] Compile_lock - owner thread: 0x0000000019742000
[0x0000000002ce15d0] MethodCompileQueue_lock - owner thread: 0x0000000019742000

OutOfMemory and StackOverflow Exception counts:
OutOfMemoryError java_heap_errors=5

heap address: 0x0000000080000000, size: 2048 MB, Compressed Oops mode: 32-bit
Narrow klass base: 0x0000000000000000, Narrow klass shift: 3
Compressed class space size: 1073741824 Address: 0x0000000100000000

Heap:
 PSYoungGen      total 144384K, used 122380K [0x00000000d5580000, 0x00000000dee80000, 0x0000000100000000)
  eden space 133120K, 91% used [0x00000000d5580000,0x00000000dcd03150,0x00000000dd780000)
  from space 11264K, 0% used [0x00000000de380000,0x00000000de380000,0x00000000dee80000)
  to   space 11776K, 0% used [0x00000000dd780000,0x00000000dd780000,0x00000000de300000)
 ParOldGen       total 49664K, used 15217K [0x0000000080000000, 0x0000000083080000, 0x00000000d5580000)
  object space 49664K, 30% used [0x0000000080000000,0x0000000080edc528,0x0000000083080000)
 Metaspace       used 37129K, capacity 38866K, committed 39080K, reserved 1083392K
  class space    used 5120K, capacity 5446K, committed 5552K, reserved 1048576K

Card table byte_map: [0x00000000121a0000,0x00000000125b0000] byte_map_base: 0x0000000011da0000

Marking Bits: (ParMarkBitMap*) 0x000000005700f030
 Begin Bits: [0x0000000013260000, 0x0000000015260000)
 End Bits:   [0x0000000015260000, 0x0000000017260000)

Polling page: 0x0000000001290000

CodeCache: size=245760Kb used=12837Kb max_used=12837Kb free=232922Kb
 bounds [0x0000000002de0000, 0x0000000003a70000, 0x0000000011de0000]
 total_blobs=4474 nmethods=3771 adapters=615
 compilation: enabled

Compilation events (10 events):
Event: 2.574 Thread 0x0000000019742000 3755       1       org.gradle.internal.io.StreamByteBuffer::access$000 (5 bytes)
Event: 2.574 Thread 0x0000000019742000 nmethod 3755 0x0000000003a53f90 code [0x0000000003a540e0, 0x0000000003a541d0]
Event: 2.574 Thread 0x0000000019742000 3756       3       java.io.ObjectStreamField::getClassSignature (242 bytes)
Event: 2.575 Thread 0x0000000019734000 3764       4       java.lang.String::equals (81 bytes)
Event: 2.576 Thread 0x000000001973c000 3765       4       java.lang.Class::getClassLoader (28 bytes)
Event: 2.576 Thread 0x0000000019742000 nmethod 3756 0x0000000003a54250 code [0x0000000003a54920, 0x0000000003a597f8]
Event: 2.576 Thread 0x0000000019742000 3758       3       java.io.ObjectOutputStream$HandleTable::lookup (56 bytes)
Event: 2.576 Thread 0x000000001973c000 nmethod 3765 0x0000000003a44690 code [0x0000000003a447c0, 0x0000000003a44858]
Event: 2.577 Thread 0x0000000019742000 nmethod 3758 0x0000000003a5ee50 code [0x0000000003a5efe0, 0x0000000003a5f3a8]
Event: 2.577 Thread 0x0000000019742000 3757       3       java.io.ObjectOutputStream$BlockDataOutputStream::setBlockDataMode (35 bytes)

GC Heap History (10 events):
Event: 1.427 GC heap before
{Heap before GC invocations=6 (full 0):
 PSYoungGen      total 71680K, used 6006K [0x00000000d5580000, 0x00000000def80000, 0x0000000100000000)
  eden space 66560K, 1% used [0x00000000d5580000,0x00000000d5661878,0x00000000d9680000)
  from space 5120K, 99% used [0x00000000d9680000,0x00000000d9b7c060,0x00000000d9b80000)
  to   space 12288K, 0% used [0x00000000de380000,0x00000000de380000,0x00000000def80000)
 ParOldGen       total 87552K, used 10091K [0x0000000080000000, 0x0000000085580000, 0x00000000d5580000)
  object space 87552K, 11% used [0x0000000080000000,0x00000000809daca8,0x0000000085580000)
 Metaspace       used 20574K, capacity 21236K, committed 21296K, reserved 1067008K
  class space    used 2874K, capacity 3080K, committed 3120K, reserved 1048576K
Event: 1.430 GC heap after
Heap after GC invocations=6 (full 0):
 PSYoungGen      total 144384K, used 5312K [0x00000000d5580000, 0x00000000dee80000, 0x0000000100000000)
  eden space 133120K, 0% used [0x00000000d5580000,0x00000000d5580000,0x00000000dd780000)
  from space 11264K, 47% used [0x00000000de380000,0x00000000de8b0030,0x00000000dee80000)
  to   space 11776K, 0% used [0x00000000dd780000,0x00000000dd780000,0x00000000de300000)
 ParOldGen       total 87552K, used 10099K [0x0000000080000000, 0x0000000085580000, 0x00000000d5580000)
  object space 87552K, 11% used [0x0000000080000000,0x00000000809dcca8,0x0000000085580000)
 Metaspace       used 20574K, capacity 21236K, committed 21296K, reserved 1067008K
  class space    used 2874K, capacity 3080K, committed 3120K, reserved 1048576K
}
Event: 1.430 GC heap before
{Heap before GC invocations=7 (full 1):
 PSYoungGen      total 144384K, used 5312K [0x00000000d5580000, 0x00000000dee80000, 0x0000000100000000)
  eden space 133120K, 0% used [0x00000000d5580000,0x00000000d5580000,0x00000000dd780000)
  from space 11264K, 47% used [0x00000000de380000,0x00000000de8b0030,0x00000000dee80000)
  to   space 11776K, 0% used [0x00000000dd780000,0x00000000dd780000,0x00000000de300000)
 ParOldGen       total 87552K, used 10099K [0x0000000080000000, 0x0000000085580000, 0x00000000d5580000)
  object space 87552K, 11% used [0x0000000080000000,0x00000000809dcca8,0x0000000085580000)
 Metaspace       used 20574K, capacity 21236K, committed 21296K, reserved 1067008K
  class space    used 2874K, capacity 3080K, committed 3120K, reserved 1048576K
Event: 1.452 GC heap after
Heap after GC invocations=7 (full 1):
 PSYoungGen      total 144384K, used 0K [0x00000000d5580000, 0x00000000dee80000, 0x0000000100000000)
  eden space 133120K, 0% used [0x00000000d5580000,0x00000000d5580000,0x00000000dd780000)
  from space 11264K, 0% used [0x00000000de380000,0x00000000de380000,0x00000000dee80000)
  to   space 11776K, 0% used [0x00000000dd780000,0x00000000dd780000,0x00000000de300000)
 ParOldGen       total 49664K, used 6632K [0x0000000080000000, 0x0000000083080000, 0x00000000d5580000)
  object space 49664K, 13% used [0x0000000080000000,0x000000008067a378,0x0000000083080000)
 Metaspace       used 20574K, capacity 21236K, committed 21296K, reserved 1067008K
  class space    used 2874K, capacity 3080K, committed 3120K, reserved 1048576K
}
Event: 2.103 GC heap before
{Heap before GC invocations=8 (full 1):
 PSYoungGen      total 144384K, used 133120K [0x00000000d5580000, 0x00000000dee80000, 0x0000000100000000)
  eden space 133120K, 100% used [0x00000000d5580000,0x00000000dd780000,0x00000000dd780000)
  from space 11264K, 0% used [0x00000000de380000,0x00000000de380000,0x00000000dee80000)
  to   space 11776K, 0% used [0x00000000dd780000,0x00000000dd780000,0x00000000de300000)
 ParOldGen       total 49664K, used 6632K [0x0000000080000000, 0x0000000083080000, 0x00000000d5580000)
  object space 49664K, 13% used [0x0000000080000000,0x000000008067a378,0x0000000083080000)
 Metaspace       used 32675K, capacity 33686K, committed 33968K, reserved 1079296K
  class space    used 4452K, capacity 4691K, committed 4784K, reserved 1048576K
Event: 2.112 GC heap after
Heap after GC invocations=8 (full 1):
 PSYoungGen      total 144896K, used 11755K [0x00000000d5580000, 0x00000000dee80000, 0x0000000100000000)
  eden space 133120K, 0% used [0x00000000d5580000,0x00000000d5580000,0x00000000dd780000)
  from space 11776K, 99% used [0x00000000dd780000,0x00000000de2fad98,0x00000000de300000)
  to   space 11264K, 0% used [0x00000000de380000,0x00000000de380000,0x00000000dee80000)
 ParOldGen       total 49664K, used 9297K [0x0000000080000000, 0x0000000083080000, 0x00000000d5580000)
  object space 49664K, 18% used [0x0000000080000000,0x0000000080914738,0x0000000083080000)
 Metaspace       used 32675K, capacity 33686K, committed 33968K, reserved 1079296K
  class space    used 4452K, capacity 4691K, committed 4784K, reserved 1048576K
}
Event: 2.230 GC heap before
{Heap before GC invocations=9 (full 1):
 PSYoungGen      total 144896K, used 46837K [0x00000000d5580000, 0x00000000dee80000, 0x0000000100000000)
  eden space 133120K, 26% used [0x00000000d5580000,0x00000000d77c26e8,0x00000000dd780000)
  from space 11776K, 99% used [0x00000000dd780000,0x00000000de2fad98,0x00000000de300000)
  to   space 11264K, 0% used [0x00000000de380000,0x00000000de380000,0x00000000dee80000)
 ParOldGen       total 49664K, used 9297K [0x0000000080000000, 0x0000000083080000, 0x00000000d5580000)
  object space 49664K, 18% used [0x0000000080000000,0x0000000080914738,0x0000000083080000)
 Metaspace       used 34264K, capacity 35424K, committed 35496K, reserved 1079296K
  class space    used 4716K, capacity 5005K, committed 5040K, reserved 1048576K
Event: 2.236 GC heap after
Heap after GC invocations=9 (full 1):
 PSYoungGen      total 144384K, used 9026K [0x00000000d5580000, 0x00000000dee80000, 0x0000000100000000)
  eden space 133120K, 0% used [0x00000000d5580000,0x00000000d5580000,0x00000000dd780000)
  from space 11264K, 80% used [0x00000000de380000,0x00000000dec508b8,0x00000000dee80000)
  to   space 11776K, 0% used [0x00000000dd780000,0x00000000dd780000,0x00000000de300000)
 ParOldGen       total 49664K, used 9305K [0x0000000080000000, 0x0000000083080000, 0x00000000d5580000)
  object space 49664K, 18% used [0x0000000080000000,0x0000000080916738,0x0000000083080000)
 Metaspace       used 34264K, capacity 35424K, committed 35496K, reserved 1079296K
  class space    used 4716K, capacity 5005K, committed 5040K, reserved 1048576K
}
Event: 2.236 GC heap before
{Heap before GC invocations=10 (full 2):
 PSYoungGen      total 144384K, used 9026K [0x00000000d5580000, 0x00000000dee80000, 0x0000000100000000)
  eden space 133120K, 0% used [0x00000000d5580000,0x00000000d5580000,0x00000000dd780000)
  from space 11264K, 80% used [0x00000000de380000,0x00000000dec508b8,0x00000000dee80000)
  to   space 11776K, 0% used [0x00000000dd780000,0x00000000dd780000,0x00000000de300000)
 ParOldGen       total 49664K, used 9305K [0x0000000080000000, 0x0000000083080000, 0x00000000d5580000)
  object space 49664K, 18% used [0x0000000080000000,0x0000000080916738,0x0000000083080000)
 Metaspace       used 34264K, capacity 35424K, committed 35496K, reserved 1079296K
  class space    used 4716K, capacity 5005K, committed 5040K, reserved 1048576K
Event: 2.266 GC heap after
Heap after GC invocations=10 (full 2):
 PSYoungGen      total 144384K, used 0K [0x00000000d5580000, 0x00000000dee80000, 0x0000000100000000)
  eden space 133120K, 0% used [0x00000000d5580000,0x00000000d5580000,0x00000000dd780000)
  from space 11264K, 0% used [0x00000000de380000,0x00000000de380000,0x00000000dee80000)
  to   space 11776K, 0% used [0x00000000dd780000,0x00000000dd780000,0x00000000de300000)
 ParOldGen       total 49664K, used 15217K [0x0000000080000000, 0x0000000083080000, 0x00000000d5580000)
  object space 49664K, 30% used [0x0000000080000000,0x0000000080edc528,0x0000000083080000)
 Metaspace       used 34264K, capacity 35424K, committed 35496K, reserved 1079296K
  class space    used 4716K, capacity 5005K, committed 5040K, reserved 1048576K
}

Deoptimization events (10 events):
Event: 2.451 Thread 0x000000001d65b000 Uncommon trap: reason=unstable_if action=reinterpret pc=0x00000000032b5b80 method=java.util.concurrent.ConcurrentHashMap.addCount(JI)V @ 168
Event: 2.454 Thread 0x000000001d665800 Uncommon trap: reason=unstable_if action=reinterpret pc=0x0000000003908618 method=com.esotericsoftware.kryo.io.Input.readUtf8Length(I)I @ 9
Event: 2.455 Thread 0x000000001d655800 Uncommon trap: reason=unstable_if action=reinterpret pc=0x00000000038e23a4 method=com.esotericsoftware.kryo.io.Input.readUtf8Length(I)I @ 9
Event: 2.483 Thread 0x000000001d065000 Uncommon trap: reason=bimorphic action=maybe_recompile pc=0x0000000003571d28 method=java.io.BufferedInputStream.read([BII)I @ 101
Event: 2.535 Thread 0x000000001cfbd800 Uncommon trap: reason=bimorphic action=maybe_recompile pc=0x00000000036d2e64 method=java.util.AbstractCollection.addAll(Ljava/util/Collection;)Z @ 29
Event: 2.559 Thread 0x000000001cfbd800 Uncommon trap: reason=unstable_if action=reinterpret pc=0x00000000031710d0 method=java.util.regex.Pattern.has(I)Z @ 6
Event: 2.574 Thread 0x000000001cfbd800 Uncommon trap: reason=class_check action=maybe_recompile pc=0x0000000002f49d94 method=java.lang.String.equals(Ljava/lang/Object;)Z @ 8
Event: 2.574 Thread 0x000000001cfbd800 Uncommon trap: reason=class_check action=maybe_recompile pc=0x0000000002f49d94 method=java.lang.String.equals(Ljava/lang/Object;)Z @ 8
Event: 2.574 Thread 0x000000001cfbd800 Uncommon trap: reason=class_check action=maybe_recompile pc=0x0000000002f49d94 method=java.lang.String.equals(Ljava/lang/Object;)Z @ 8
Event: 2.574 Thread 0x000000001cfbd800 Uncommon trap: reason=class_check action=maybe_recompile pc=0x0000000002f49d94 method=java.lang.String.equals(Ljava/lang/Object;)Z @ 8

Classes redefined (0 events):
No events

Internal exceptions (10 events):
Event: 2.556 Thread 0x000000001cfbd800 Exception <a 'java/lang/reflect/InvocationTargetException'> (0x00000000dc78ced8) thrown at [C:\src\AOSP-openjdk-git\hotspot\src\share\vm\runtime\reflection.cpp, line 1092]
Event: 2.563 Thread 0x000000001c98c800 Exception <a 'java/lang/NoSuchMethodError': <clinit>> (0x00000000d84e7ae0) thrown at [C:\src\AOSP-openjdk-git\hotspot\src\share\vm\prims\jni.cpp, line 1615]
Event: 2.564 Thread 0x000000001c98c800 Exception <a 'java/lang/NoSuchMethodError': <clinit>> (0x00000000d8505c60) thrown at [C:\src\AOSP-openjdk-git\hotspot\src\share\vm\prims\jni.cpp, line 1615]
Event: 2.564 Thread 0x000000001c98c800 Exception <a 'java/lang/NoSuchMethodError': <clinit>> (0x00000000d8507648) thrown at [C:\src\AOSP-openjdk-git\hotspot\src\share\vm\prims\jni.cpp, line 1615]
Event: 2.564 Thread 0x000000001c98c800 Exception <a 'java/lang/NoSuchMethodError': <clinit>> (0x00000000d8508f40) thrown at [C:\src\AOSP-openjdk-git\hotspot\src\share\vm\prims\jni.cpp, line 1615]
Event: 2.564 Thread 0x000000001c98c800 Exception <a 'java/lang/NoSuchMethodError': <clinit>> (0x00000000d850a468) thrown at [C:\src\AOSP-openjdk-git\hotspot\src\share\vm\prims\jni.cpp, line 1615]
Event: 2.564 Thread 0x000000001c98c800 Exception <a 'java/lang/NoSuchMethodError': <clinit>> (0x00000000d8514808) thrown at [C:\src\AOSP-openjdk-git\hotspot\src\share\vm\prims\jni.cpp, line 1615]
Event: 2.565 Thread 0x000000001c98c800 Exception <a 'java/lang/NoSuchMethodError': <clinit>> (0x00000000d851f728) thrown at [C:\src\AOSP-openjdk-git\hotspot\src\share\vm\prims\jni.cpp, line 1615]
Event: 2.566 Thread 0x000000001c98c800 Exception <a 'java/lang/NoSuchMethodError': <clinit>> (0x00000000dca29398) thrown at [C:\src\AOSP-openjdk-git\hotspot\src\share\vm\prims\jni.cpp, line 1615]
Event: 2.567 Thread 0x000000001c98c800 Exception <a 'java/lang/NoSuchMethodError': <clinit>> (0x00000000dca45be8) thrown at [C:\src\AOSP-openjdk-git\hotspot\src\share\vm\prims\jni.cpp, line 1615]

Events (10 events):
Event: 2.574 Thread 0x000000001cfbd800 DEOPT UNPACKING pc=0x0000000002e2557b sp=0x000000001ed1c190 mode 2
Event: 2.574 Thread 0x000000001cfbd800 Uncommon trap: trap_request=0xffffffde fr.pc=0x0000000002f49d94
Event: 2.574 Thread 0x000000001cfbd800 DEOPT PACKING pc=0x0000000002f49d94 sp=0x000000001ed1c200
Event: 2.574 Thread 0x000000001cfbd800 DEOPT UNPACKING pc=0x0000000002e2557b sp=0x000000001ed1c190 mode 2
Event: 2.574 Thread 0x000000001cfbd800 Uncommon trap: trap_request=0xffffffde fr.pc=0x0000000002f49d94
Event: 2.574 Thread 0x000000001cfbd800 DEOPT PACKING pc=0x0000000002f49d94 sp=0x000000001ed1c200
Event: 2.574 Thread 0x000000001cfbd800 DEOPT UNPACKING pc=0x0000000002e2557b sp=0x000000001ed1c190 mode 2
Event: 2.574 Thread 0x000000001cfbd800 Uncommon trap: trap_request=0xffffffde fr.pc=0x0000000002f49d94
Event: 2.574 Thread 0x000000001cfbd800 DEOPT PACKING pc=0x0000000002f49d94 sp=0x000000001ed1c200
Event: 2.574 Thread 0x000000001cfbd800 DEOPT UNPACKING pc=0x0000000002e2557b sp=0x000000001ed1c190 mode 2


Dynamic libraries:
0x00007ff791b50000 - 0x00007ff791b81000 	C:\Program Files\Android\Android Studio\jre\bin\java.exe
0x00007ff833bf0000 - 0x00007ff833de6000 	C:\Windows\SYSTEM32\ntdll.dll
0x00007ff833a20000 - 0x00007ff833add000 	C:\Windows\System32\KERNEL32.DLL
0x00007ff831430000 - 0x00007ff8316f9000 	C:\Windows\System32\KERNELBASE.dll
0x00007ff832fa0000 - 0x00007ff83304c000 	C:\Windows\System32\ADVAPI32.dll
0x00007ff832150000 - 0x00007ff8321ee000 	C:\Windows\System32\msvcrt.dll
0x00007ff8320a0000 - 0x00007ff83213c000 	C:\Windows\System32\sechost.dll
0x00007ff831c70000 - 0x00007ff831d9b000 	C:\Windows\System32\RPCRT4.dll
0x00007ff8321f0000 - 0x00007ff832390000 	C:\Windows\System32\USER32.dll
0x00007ff831810000 - 0x00007ff831832000 	C:\Windows\System32\win32u.dll
0x00007ff833050000 - 0x00007ff83307a000 	C:\Windows\System32\GDI32.dll
0x00007ff831700000 - 0x00007ff83180b000 	C:\Windows\System32\gdi32full.dll
0x00007ff831b30000 - 0x00007ff831bcd000 	C:\Windows\System32\msvcp_win.dll
0x00007ff8319a0000 - 0x00007ff831aa0000 	C:\Windows\System32\ucrtbase.dll
0x00007ff81f1d0000 - 0x00007ff81f46b000 	C:\Windows\WinSxS\amd64_microsoft.windows.common-controls_6595b64144ccf1df_6.0.19041.746_none_ca02b4b61b8320a4\COMCTL32.dll
0x00007ff832070000 - 0x00007ff8320a0000 	C:\Windows\System32\IMM32.DLL
0x0000000055dd0000 - 0x0000000055ea2000 	C:\Program Files\Android\Android Studio\jre\jre\bin\msvcr100.dll
0x0000000056840000 - 0x000000005708b000 	C:\Program Files\Android\Android Studio\jre\jre\bin\server\jvm.dll
0x00007ff832140000 - 0x00007ff832148000 	C:\Windows\System32\PSAPI.DLL
0x00007ff828280000 - 0x00007ff828289000 	C:\Windows\SYSTEM32\WSOCK32.dll
0x00007ff82bec0000 - 0x00007ff82beca000 	C:\Windows\SYSTEM32\VERSION.dll
0x00007ff821900000 - 0x00007ff821927000 	C:\Windows\SYSTEM32\WINMM.dll
0x00007ff832a80000 - 0x00007ff832aeb000 	C:\Windows\System32\WS2_32.dll
0x00007ff82a8f0000 - 0x00007ff82a8ff000 	C:\Program Files\Android\Android Studio\jre\jre\bin\verify.dll
0x00007ff81fd80000 - 0x00007ff81fda9000 	C:\Program Files\Android\Android Studio\jre\jre\bin\java.dll
0x00007ff828260000 - 0x00007ff828276000 	C:\Program Files\Android\Android Studio\jre\jre\bin\zip.dll
0x00007ff8331a0000 - 0x00007ff8338e2000 	C:\Windows\System32\SHELL32.dll
0x00007ff82f4a0000 - 0x00007ff82fc30000 	C:\Windows\SYSTEM32\windows.storage.dll
0x00007ff832af0000 - 0x00007ff832e46000 	C:\Windows\System32\combase.dll
0x00007ff830d90000 - 0x00007ff830dbc000 	C:\Windows\SYSTEM32\Wldp.dll
0x00007ff831fc0000 - 0x00007ff83206e000 	C:\Windows\System32\SHCORE.dll
0x00007ff831e20000 - 0x00007ff831e75000 	C:\Windows\System32\shlwapi.dll
0x00007ff831260000 - 0x00007ff831286000 	C:\Windows\SYSTEM32\profapi.dll
0x00007ff828070000 - 0x00007ff82808a000 	C:\Program Files\Android\Android Studio\jre\jre\bin\net.dll
0x00007ff830b10000 - 0x00007ff830b7a000 	C:\Windows\system32\mswsock.dll
0x00007ff81fd60000 - 0x00007ff81fd73000 	C:\Program Files\Android\Android Studio\jre\jre\bin\nio.dll
0x00007ff812940000 - 0x00007ff812967000 	C:\Users\pc\.gradle\native\f6784746aeab05261644944871eae4fe03e0ef1612fff0a4a95f87b438bc6780\windows-amd64\native-platform.dll
0x00007ff82a8c0000 - 0x00007ff82a8cd000 	C:\Program Files\Android\Android Studio\jre\jre\bin\management.dll
0x00007ff830ce0000 - 0x00007ff830cf8000 	C:\Windows\SYSTEM32\CRYPTSP.dll
0x00007ff830440000 - 0x00007ff830474000 	C:\Windows\system32\rsaenh.dll
0x00007ff831b00000 - 0x00007ff831b27000 	C:\Windows\System32\bcrypt.dll
0x00007ff831220000 - 0x00007ff83124e000 	C:\Windows\SYSTEM32\USERENV.dll
0x00007ff831bd0000 - 0x00007ff831c50000 	C:\Windows\System32\bcryptprimitives.dll
0x00007ff830d00000 - 0x00007ff830d0c000 	C:\Windows\SYSTEM32\CRYPTBASE.dll
0x00007ff8307b0000 - 0x00007ff8307eb000 	C:\Windows\SYSTEM32\IPHLPAPI.DLL
0x00007ff833ae0000 - 0x00007ff833ae8000 	C:\Windows\System32\NSI.dll
0x00007ff82bed0000 - 0x00007ff82bee7000 	C:\Windows\SYSTEM32\dhcpcsvc6.DLL
0x00007ff82b9e0000 - 0x00007ff82b9fd000 	C:\Windows\SYSTEM32\dhcpcsvc.DLL
0x00007ff830800000 - 0x00007ff8308cb000 	C:\Windows\SYSTEM32\DNSAPI.dll
0x00007ff82bef0000 - 0x00007ff82befb000 	C:\Windows\SYSTEM32\WINNSI.DLL

VM Arguments:
jvm_args: -Xmx2048m -Dfile.encoding=windows-1252 -Duser.country=MX -Duser.language=es -Duser.variant 
java_command: org.gradle.launcher.daemon.bootstrap.GradleDaemon 6.5
java_class_path (initial): C:\Users\pc\.gradle\wrapper\dists\gradle-6.5-all\2oz4ud9k3tuxjg84bbf55q0tn\gradle-6.5\lib\gradle-launcher-6.5.jar
Launcher Type: SUN_STANDARD

Environment Variables:
PATH=C:\Program Files (x86)\Common Files\Intel\Shared Libraries\redist\intel64\compiler;C:\Windows\system32;C:\Windows;C:\Windows\System32\Wbem;C:\Windows\System32\WindowsPowerShell\v1.0\;C:\Windows\System32\OpenSSH\;C:\Program Files (x86)\NVIDIA Corporation\PhysX\Common;C:\Program Files\NVIDIA Corporation\NVIDIA NvDLISR;C:\Users\pc\AppData\Local\Microsoft\WindowsApps;
USERNAME=pc
OS=Windows_NT
PROCESSOR_IDENTIFIER=AMD64 Family 23 Model 113 Stepping 0, AuthenticAMD



---------------  S Y S T E M  ---------------

OS: Windows 10.0 , 64 bit Build 19041 (10.0.19041.804)

CPU:total 12 (initial active 12) (12 cores per cpu, 1 threads per core) family 23 model 113 stepping 0, cmov, cx8, fxsr, mmx, sse, sse2, sse3, ssse3, sse4.1, sse4.2, popcnt, avx, avx2, aes, clmul, mmxext, 3dnowpref, lzcnt, sse4a, tsc, tscinvbit, tscinv, bmi1

Memory: 4k page, physical 8310100k(597128k free), swap 22881968k(4096k free)

vm_info: OpenJDK 64-Bit Server VM (25.242-b01) for windows-amd64 JRE (1.8.0_242-release-1644-b01), built by "builder" with MS VC++ 10.0 (VS2010)

time: Sat Feb 20 09:03:46 2021
timezone: Hora estándar, América Central
elapsed time: 2 seconds (0d 0h 0m 2s)

