#
# There is insufficient memory for the Java Runtime Environment to continue.
# Native memory allocation (malloc) failed to allocate 1123696 bytes for Chunk::new
# Possible reasons:
#   The system is out of physical RAM or swap space
#   The process is running with CompressedOops enabled, and the Java Heap may be blocking the growth of the native heap
# Possible solutions:
#   Reduce memory load on the system
#   Increase physical memory or swap space
#   Check if swap backing store is full
#   Decrease Java heap size (-Xmx/-Xms)
#   Decrease number of Java threads
#   Decrease Java thread stack sizes (-Xss)
#   Set larger code cache with -XX:ReservedCodeCacheSize=
#   JVM is running with Unscaled Compressed Oops mode in which the Java heap is
#     placed in the first 4GB address space. The Java Heap base address is the
#     maximum limit for the native heap growth. Please use -XX:HeapBaseMinAddress
#     to set the Java Heap base and to place the Java Heap above 4GB virtual address.
# This output file may be truncated or incomplete.
#
#  Out of Memory Error (allocation.cpp:389), pid=10808, tid=0x00000000000038a8
#
# JRE version: OpenJDK Runtime Environment (8.0_242-b01) (build 1.8.0_242-release-1644-b01)
# Java VM: OpenJDK 64-Bit Server VM (25.242-b01 mixed mode windows-amd64 compressed oops)
# Failed to write core dump. Minidumps are not enabled by default on client versions of Windows
#

---------------  T H R E A D  ---------------

Current thread (0x0000000019c40000):  JavaThread "C2 CompilerThread2" daemon [_thread_in_native, id=14504, stack(0x000000001b4b0000,0x000000001b5b0000)]

Stack: [0x000000001b4b0000,0x000000001b5b0000]
[error occurred during error reporting (printing stack bounds), id 0xc0000005]

Native frames: (J=compiled Java code, j=interpreted, Vv=VM code, C=native code)


Current CompileTask:
C2:   3445 4966   !   4       java.util.jar.Attributes::read (380 bytes)


---------------  P R O C E S S  ---------------

Java Threads: ( => current thread )
  0x000000001dbda000 JavaThread "Cache worker for Build Output Cleanup Cache (C:\Users\pc\Desktop\App\MatusIntl\.gradle\buildOutputCleanup)" [_thread_blocked, id=17920, stack(0x000000002c720000,0x000000002c820000)]
  0x000000001dbe0000 JavaThread "jar transforms Thread 113" [_thread_blocked, id=16868, stack(0x000000002c420000,0x000000002c520000)]
  0x000000001dbe0800 JavaThread "jar transforms Thread 112" [_thread_blocked, id=5352, stack(0x000000002c320000,0x000000002c420000)]
  0x000000001dbdd800 JavaThread "jar transforms Thread 111" [_thread_blocked, id=13540, stack(0x000000002c220000,0x000000002c320000)]
  0x000000001dbdd000 JavaThread "jar transforms Thread 110" [_thread_blocked, id=19592, stack(0x000000002c120000,0x000000002c220000)]
  0x000000001dbda800 JavaThread "jar transforms Thread 109" [_thread_blocked, id=292, stack(0x000000002c020000,0x000000002c120000)]
  0x0000000020ec6800 JavaThread "jar transforms Thread 108" [_thread_blocked, id=16744, stack(0x000000002bf20000,0x000000002c020000)]
  0x0000000020ec8800 JavaThread "jar transforms Thread 107" [_thread_blocked, id=20000, stack(0x000000002be20000,0x000000002bf20000)]
  0x0000000020ec5800 JavaThread "jar transforms Thread 106" [_thread_blocked, id=2032, stack(0x000000002bd20000,0x000000002be20000)]
  0x0000000020ec9800 JavaThread "jar transforms Thread 105" [_thread_blocked, id=19120, stack(0x000000002bc20000,0x000000002bd20000)]
  0x0000000020ec5000 JavaThread "jar transforms Thread 104" [_thread_blocked, id=16412, stack(0x000000002bb20000,0x000000002bc20000)]
  0x0000000020ec7000 JavaThread "jar transforms Thread 103" [_thread_blocked, id=18772, stack(0x000000002ba20000,0x000000002bb20000)]
  0x0000000020ec8000 JavaThread "jar transforms Thread 102" [_thread_blocked, id=2096, stack(0x000000002b920000,0x000000002ba20000)]
  0x0000000020ebd000 JavaThread "jar transforms Thread 101" [_thread_blocked, id=6640, stack(0x000000002b820000,0x000000002b920000)]
  0x0000000020ec4000 JavaThread "jar transforms Thread 100" [_thread_blocked, id=18296, stack(0x000000002b720000,0x000000002b820000)]
  0x0000000020ec3800 JavaThread "jar transforms Thread 99" [_thread_blocked, id=12100, stack(0x000000002b620000,0x000000002b720000)]
  0x0000000020ec2800 JavaThread "jar transforms Thread 98" [_thread_blocked, id=3272, stack(0x000000002b520000,0x000000002b620000)]
  0x0000000020ec2000 JavaThread "jar transforms Thread 97" [_thread_blocked, id=10208, stack(0x000000002b420000,0x000000002b520000)]
  0x0000000020ebe800 JavaThread "jar transforms Thread 96" [_thread_blocked, id=15796, stack(0x000000002b320000,0x000000002b420000)]
  0x0000000020ebb000 JavaThread "jar transforms Thread 95" [_thread_blocked, id=6308, stack(0x000000002b220000,0x000000002b320000)]
  0x0000000020ebc800 JavaThread "jar transforms Thread 94" [_thread_blocked, id=1948, stack(0x000000002b120000,0x000000002b220000)]
  0x0000000020eba000 JavaThread "jar transforms Thread 93" [_thread_blocked, id=15060, stack(0x000000002b020000,0x000000002b120000)]
  0x0000000020ebe000 JavaThread "jar transforms Thread 92" [_thread_blocked, id=18020, stack(0x000000002af20000,0x000000002b020000)]
  0x0000000020ec0800 JavaThread "jar transforms Thread 91" [_thread_blocked, id=9088, stack(0x000000002ae20000,0x000000002af20000)]
  0x0000000020ec1000 JavaThread "jar transforms Thread 90" [_thread_blocked, id=7120, stack(0x000000002ad20000,0x000000002ae20000)]
  0x0000000020ebf800 JavaThread "jar transforms Thread 89" [_thread_blocked, id=9428, stack(0x000000002ac20000,0x000000002ad20000)]
  0x0000000020ebb800 JavaThread "jar transforms Thread 88" [_thread_blocked, id=14860, stack(0x000000002ab20000,0x000000002ac20000)]
  0x000000002102e000 JavaThread "jar transforms Thread 87" [_thread_blocked, id=11332, stack(0x000000002aa20000,0x000000002ab20000)]
  0x000000002102c800 JavaThread "jar transforms Thread 86" [_thread_blocked, id=21320, stack(0x000000002a920000,0x000000002aa20000)]
  0x000000002102d800 JavaThread "jar transforms Thread 85" [_thread_blocked, id=10968, stack(0x000000002a820000,0x000000002a920000)]
  0x0000000021031800 JavaThread "jar transforms Thread 84" [_thread_blocked, id=18064, stack(0x000000002a720000,0x000000002a820000)]
  0x0000000021030800 JavaThread "jar transforms Thread 83" [_thread_blocked, id=15088, stack(0x000000002a620000,0x000000002a720000)]
  0x000000002102f800 JavaThread "jar transforms Thread 82" [_thread_blocked, id=11972, stack(0x000000002a420000,0x000000002a520000)]
  0x000000002102f000 JavaThread "jar transforms Thread 81" [_thread_blocked, id=14184, stack(0x000000002a320000,0x000000002a420000)]
  0x0000000021025000 JavaThread "jar transforms Thread 80" [_thread_blocked, id=19608, stack(0x000000002a220000,0x000000002a320000)]
  0x000000002102a800 JavaThread "jar transforms Thread 79" [_thread_blocked, id=17444, stack(0x000000002a120000,0x000000002a220000)]
  0x000000002102c000 JavaThread "jar transforms Thread 78" [_thread_blocked, id=14580, stack(0x000000002a020000,0x000000002a120000)]
  0x0000000021026800 JavaThread "jar transforms Thread 77" [_thread_blocked, id=9336, stack(0x0000000029f20000,0x000000002a020000)]
  0x0000000021024800 JavaThread "jar transforms Thread 76" [_thread_blocked, id=20388, stack(0x0000000029e20000,0x0000000029f20000)]
  0x0000000021029000 JavaThread "jar transforms Thread 75" [_thread_blocked, id=15620, stack(0x0000000029d20000,0x0000000029e20000)]
  0x0000000021028000 JavaThread "jar transforms Thread 74" [_thread_blocked, id=11840, stack(0x0000000029c20000,0x0000000029d20000)]
  0x000000002102b000 JavaThread "jar transforms Thread 73" [_thread_blocked, id=2332, stack(0x0000000029b20000,0x0000000029c20000)]
  0x0000000021026000 JavaThread "jar transforms Thread 72" [_thread_blocked, id=18980, stack(0x0000000029a20000,0x0000000029b20000)]
  0x0000000021029800 JavaThread "jar transforms Thread 71" [_thread_blocked, id=16992, stack(0x0000000029920000,0x0000000029a20000)]
  0x0000000021023800 JavaThread "jar transforms Thread 70" [_thread_blocked, id=19640, stack(0x0000000029820000,0x0000000029920000)]
  0x0000000021027800 JavaThread "jar transforms Thread 69" [_thread_blocked, id=13976, stack(0x0000000029720000,0x0000000029820000)]
  0x0000000021022000 JavaThread "jar transforms Thread 68" [_thread_blocked, id=3176, stack(0x0000000029620000,0x0000000029720000)]
  0x0000000021023000 JavaThread "jar transforms Thread 67" [_thread_blocked, id=20716, stack(0x0000000029520000,0x0000000029620000)]
  0x000000002109e800 JavaThread "jar transforms Thread 66" [_thread_blocked, id=15924, stack(0x0000000029420000,0x0000000029520000)]
  0x000000002109e000 JavaThread "jar transforms Thread 65" [_thread_blocked, id=17176, stack(0x0000000029320000,0x0000000029420000)]
  0x000000002109f800 JavaThread "jar transforms Thread 64" [_thread_blocked, id=7220, stack(0x0000000029220000,0x0000000029320000)]
  0x000000002109d000 JavaThread "jar transforms Thread 63" [_thread_blocked, id=6716, stack(0x0000000029120000,0x0000000029220000)]
  0x000000002109b800 JavaThread "jar transforms Thread 62" [_thread_blocked, id=21128, stack(0x0000000029020000,0x0000000029120000)]
  0x00000000210a0000 JavaThread "jar transforms Thread 61" [_thread_blocked, id=5436, stack(0x0000000028f20000,0x0000000029020000)]
  0x000000002109c800 JavaThread "jar transforms Thread 60" [_thread_blocked, id=12380, stack(0x0000000028e20000,0x0000000028f20000)]
  0x0000000021094000 JavaThread "jar transforms Thread 59" [_thread_blocked, id=12580, stack(0x0000000028d20000,0x0000000028e20000)]
  0x000000002109a800 JavaThread "jar transforms Thread 58" [_thread_blocked, id=18476, stack(0x0000000028c20000,0x0000000028d20000)]
  0x000000002109a000 JavaThread "jar transforms Thread 57" [_thread_blocked, id=5284, stack(0x0000000028b20000,0x0000000028c20000)]
  0x0000000021097800 JavaThread "jar transforms Thread 56" [_thread_blocked, id=15680, stack(0x0000000028a20000,0x0000000028b20000)]
  0x0000000021095800 JavaThread "jar transforms Thread 55" [_thread_blocked, id=18072, stack(0x0000000028920000,0x0000000028a20000)]
  0x0000000021093000 JavaThread "jar transforms Thread 54" [_thread_blocked, id=5640, stack(0x0000000028820000,0x0000000028920000)]
  0x0000000021099000 JavaThread "jar transforms Thread 53" [_thread_blocked, id=3316, stack(0x0000000028720000,0x0000000028820000)]
  0x0000000021097000 JavaThread "jar transforms Thread 52" [_thread_blocked, id=21488, stack(0x0000000028620000,0x0000000028720000)]
  0x0000000021091800 JavaThread "jar transforms Thread 51" [_thread_blocked, id=5688, stack(0x0000000028520000,0x0000000028620000)]
  0x0000000021098800 JavaThread "jar transforms Thread 50" [_thread_blocked, id=16576, stack(0x0000000028420000,0x0000000028520000)]
  0x0000000021091000 JavaThread "jar transforms Thread 49" [_thread_blocked, id=16864, stack(0x0000000028320000,0x0000000028420000)]
  0x0000000021092800 JavaThread "jar transforms Thread 48" [_thread_blocked, id=7304, stack(0x0000000028220000,0x0000000028320000)]
  0x0000000021096000 JavaThread "jar transforms Thread 47" [_thread_blocked, id=16984, stack(0x0000000028120000,0x0000000028220000)]
  0x0000000021094800 JavaThread "jar transforms Thread 46" [_thread_blocked, id=7368, stack(0x0000000028020000,0x0000000028120000)]
  0x00000000215e0800 JavaThread "jar transforms Thread 45" [_thread_blocked, id=19188, stack(0x0000000027f20000,0x0000000028020000)]
  0x00000000215e0000 JavaThread "jar transforms Thread 44" [_thread_blocked, id=7612, stack(0x0000000027e20000,0x0000000027f20000)]
  0x00000000215e1800 JavaThread "jar transforms Thread 43" [_thread_blocked, id=15252, stack(0x0000000027d20000,0x0000000027e20000)]
  0x00000000215d8800 JavaThread "jar transforms Thread 42" [_thread_blocked, id=12992, stack(0x0000000027c20000,0x0000000027d20000)]
  0x00000000215df000 JavaThread "jar transforms Thread 41" [_thread_blocked, id=16852, stack(0x0000000027b20000,0x0000000027c20000)]
  0x00000000215d7800 JavaThread "jar transforms Thread 40" [_thread_blocked, id=3088, stack(0x0000000027a20000,0x0000000027b20000)]
  0x00000000215de800 JavaThread "jar transforms Thread 39" [_thread_blocked, id=276, stack(0x0000000027920000,0x0000000027a20000)]
  0x00000000215da000 JavaThread "jar transforms Thread 38" [_thread_blocked, id=20232, stack(0x0000000027820000,0x0000000027920000)]
  0x00000000215dd800 JavaThread "jar transforms Thread 37" [_thread_blocked, id=4200, stack(0x0000000027720000,0x0000000027820000)]
  0x00000000215dd000 JavaThread "jar transforms Thread 36" [_thread_blocked, id=21304, stack(0x0000000027620000,0x0000000027720000)]
  0x00000000215dc000 JavaThread "jar transforms Thread 35" [_thread_blocked, id=15440, stack(0x0000000027520000,0x0000000027620000)]
  0x00000000215d4800 JavaThread "jar transforms Thread 34" [_thread_blocked, id=21004, stack(0x0000000027420000,0x0000000027520000)]
  0x00000000215d9000 JavaThread "jar transforms Thread 33" [_thread_blocked, id=15412, stack(0x0000000027320000,0x0000000027420000)]
  0x00000000215d5800 JavaThread "jar transforms Thread 32" [_thread_blocked, id=6740, stack(0x0000000027220000,0x0000000027320000)]
  0x00000000215db800 JavaThread "jar transforms Thread 31" [_thread_blocked, id=21244, stack(0x0000000027120000,0x0000000027220000)]
  0x00000000215da800 JavaThread "jar transforms Thread 30" [_thread_blocked, id=12524, stack(0x0000000027020000,0x0000000027120000)]
  0x00000000215d6000 JavaThread "jar transforms Thread 29" [_thread_blocked, id=14288, stack(0x0000000026f20000,0x0000000027020000)]
  0x00000000215d7000 JavaThread "jar transforms Thread 28" [_thread_blocked, id=15724, stack(0x0000000026e20000,0x0000000026f20000)]
  0x00000000215d3000 JavaThread "jar transforms Thread 27" [_thread_blocked, id=20780, stack(0x0000000026d20000,0x0000000026e20000)]
  0x00000000215d2800 JavaThread "jar transforms Thread 26" [_thread_blocked, id=15364, stack(0x0000000026c20000,0x0000000026d20000)]
  0x00000000215d4000 JavaThread "jar transforms Thread 25" [_thread_blocked, id=13664, stack(0x0000000026b20000,0x0000000026c20000)]
  0x000000001fcdd800 JavaThread "jar transforms Thread 24" [_thread_blocked, id=21324, stack(0x0000000026a20000,0x0000000026b20000)]
  0x000000001fce4800 JavaThread "jar transforms Thread 23" [_thread_blocked, id=11444, stack(0x0000000026920000,0x0000000026a20000)]
  0x000000001fce0000 JavaThread "jar transforms Thread 22" [_thread_blocked, id=8576, stack(0x0000000026820000,0x0000000026920000)]
  0x000000001fcdf000 JavaThread "jar transforms Thread 21" [_thread_blocked, id=6408, stack(0x0000000026720000,0x0000000026820000)]
  0x000000001fce3800 JavaThread "jar transforms Thread 20" [_thread_blocked, id=15216, stack(0x0000000026620000,0x0000000026720000)]
  0x000000001fcde800 JavaThread "jar transforms Thread 19" [_thread_blocked, id=4076, stack(0x0000000026520000,0x0000000026620000)]
  0x000000001fce1800 JavaThread "jar transforms Thread 18" [_thread_blocked, id=2316, stack(0x0000000026420000,0x0000000026520000)]
  0x000000001fce3000 JavaThread "jar transforms Thread 17" [_thread_blocked, id=20196, stack(0x0000000026320000,0x0000000026420000)]
  0x000000001fce2000 JavaThread "jar transforms Thread 16" [_thread_blocked, id=21344, stack(0x0000000026220000,0x0000000026320000)]
  0x000000001fce0800 JavaThread "jar transforms Thread 15" [_thread_blocked, id=2152, stack(0x0000000026120000,0x0000000026220000)]
  0x000000001fcd6000 JavaThread "jar transforms Thread 14" [_thread_blocked, id=14692, stack(0x0000000026020000,0x0000000026120000)]
  0x000000001fcdd000 JavaThread "jar transforms Thread 13" [_thread_blocked, id=21224, stack(0x0000000025f20000,0x0000000026020000)]
  0x000000001fcda800 JavaThread "jar transforms Thread 12" [_thread_blocked, id=18844, stack(0x0000000025e20000,0x0000000025f20000)]
  0x000000001fcda000 JavaThread "jar transforms Thread 11" [_thread_blocked, id=14056, stack(0x0000000025d20000,0x0000000025e20000)]
  0x000000001fcd5800 JavaThread "jar transforms Thread 10" [_thread_blocked, id=9516, stack(0x0000000025c20000,0x0000000025d20000)]
  0x000000001fcd9000 JavaThread "jar transforms Thread 9" [_thread_blocked, id=7000, stack(0x0000000025b20000,0x0000000025c20000)]
  0x000000001fcd7800 JavaThread "jar transforms Thread 8" [_thread_blocked, id=16488, stack(0x0000000025a20000,0x0000000025b20000)]
  0x000000001fcdc000 JavaThread "jar transforms Thread 7" [_thread_blocked, id=6928, stack(0x0000000025920000,0x0000000025a20000)]
  0x000000001fcd8800 JavaThread "jar transforms Thread 6" [_thread_blocked, id=20736, stack(0x0000000025820000,0x0000000025920000)]
  0x000000001fcdb800 JavaThread "jar transforms Thread 5" [_thread_blocked, id=14476, stack(0x0000000025720000,0x0000000025820000)]
  0x000000001fcd7000 JavaThread "jar transforms Thread 4" [_thread_blocked, id=20208, stack(0x0000000025620000,0x0000000025720000)]
  0x0000000020ded800 JavaThread "jar transforms Thread 3" [_thread_blocked, id=16172, stack(0x0000000025520000,0x0000000025620000)]
  0x0000000020dea800 JavaThread "jar transforms Thread 2" [_thread_blocked, id=1288, stack(0x0000000025420000,0x0000000025520000)]
  0x0000000020deb800 JavaThread "Build operations Thread 12" [_thread_blocked, id=12068, stack(0x0000000025320000,0x0000000025420000)]
  0x0000000020ded000 JavaThread "Build operations Thread 11" [_thread_blocked, id=10932, stack(0x0000000025220000,0x0000000025320000)]
  0x0000000020df0000 JavaThread "Build operations Thread 10" [_thread_blocked, id=12948, stack(0x0000000025120000,0x0000000025220000)]
  0x0000000020def800 JavaThread "Build operations Thread 9" [_thread_blocked, id=7820, stack(0x0000000025020000,0x0000000025120000)]
  0x0000000020de7800 JavaThread "Build operations Thread 8" [_thread_blocked, id=19892, stack(0x0000000024f20000,0x0000000025020000)]
  0x0000000020dec000 JavaThread "Build operations Thread 7" [_thread_blocked, id=6360, stack(0x0000000024e20000,0x0000000024f20000)]
  0x0000000020dea000 JavaThread "Build operations Thread 6" [_thread_blocked, id=3080, stack(0x0000000024c20000,0x0000000024d20000)]
  0x0000000020de8800 JavaThread "Build operations Thread 5" [_thread_blocked, id=16848, stack(0x0000000024b20000,0x0000000024c20000)]
  0x0000000020de9000 JavaThread "Build operations Thread 4" [_thread_blocked, id=12136, stack(0x0000000024a20000,0x0000000024b20000)]
  0x0000000020dee800 JavaThread "Build operations Thread 3" [_thread_blocked, id=900, stack(0x0000000024920000,0x0000000024a20000)]
  0x0000000020de3000 JavaThread "Build operations Thread 2" [_thread_blocked, id=15824, stack(0x0000000023610000,0x0000000023710000)]
  0x0000000020de7000 JavaThread "Build operations" [_thread_blocked, id=1544, stack(0x0000000023100000,0x0000000023200000)]
  0x0000000020de1000 JavaThread "Cache worker for file content cache (C:\Users\pc\.gradle\caches\6.5\fileContent)" [_thread_blocked, id=17928, stack(0x0000000023000000,0x0000000023100000)]
  0x0000000020de2800 JavaThread "jar transforms" [_thread_blocked, id=4004, stack(0x0000000022900000,0x0000000022a00000)]
  0x000000001d54d800 JavaThread "Cache worker for execution history cache (C:\Users\pc\.gradle\caches\6.5\executionHistory)" [_thread_blocked, id=6376, stack(0x0000000022400000,0x0000000022500000)]
  0x000000001d54c000 JavaThread "Cache worker for cache directory md-rule (C:\Users\pc\.gradle\caches\6.5\md-rule)" [_thread_blocked, id=16068, stack(0x0000000022300000,0x0000000022400000)]
  0x000000001d54e800 JavaThread "Cache worker for cache directory md-supplier (C:\Users\pc\.gradle\caches\6.5\md-supplier)" [_thread_blocked, id=18176, stack(0x0000000022200000,0x0000000022300000)]
  0x000000001d550000 JavaThread "Cache worker for checksums cache (C:\Users\pc\Desktop\App\MatusIntl\.gradle\checksums)" [_thread_blocked, id=3212, stack(0x0000000021ba0000,0x0000000021ca0000)]
  0x000000001d54b800 JavaThread "Cache worker for file hash cache (C:\Users\pc\Desktop\App\MatusIntl\.gradle\6.5\fileHashes)" [_thread_blocked, id=2056, stack(0x0000000021f00000,0x0000000022000000)]
  0x000000001d54d000 JavaThread "Cache worker for file hash cache (C:\Users\pc\.gradle\caches\6.5\fileHashes)" [_thread_blocked, id=10704, stack(0x000000001f900000,0x000000001fa00000)]
  0x000000001d549800 JavaThread "File lock request listener" [_thread_in_native, id=18864, stack(0x000000001f800000,0x000000001f900000)]
  0x000000001d49f000 JavaThread "Cache worker for journal cache (C:\Users\pc\.gradle\caches\journal-1)" [_thread_blocked, id=14892, stack(0x000000001f700000,0x000000001f800000)]
  0x000000001d437800 JavaThread "Thread-9" [_thread_blocked, id=6804, stack(0x000000001f400000,0x000000001f500000)]
  0x000000001d42e800 JavaThread "Stdin handler" [_thread_blocked, id=5140, stack(0x000000001f300000,0x000000001f400000)]
  0x000000001d42e000 JavaThread "Asynchronous log dispatcher for DefaultDaemonConnection: socket connection from /127.0.0.1:64617 to /127.0.0.1:64618" [_thread_blocked, id=7152, stack(0x000000001f200000,0x000000001f300000)]
  0x000000001d3a7000 JavaThread "Daemon worker" [_thread_in_vm, id=16940, stack(0x000000001f100000,0x000000001f200000)]
  0x000000001d3a6000 JavaThread "Cancel handler" [_thread_blocked, id=16972, stack(0x000000001f000000,0x000000001f100000)]
  0x000000001d39a800 JavaThread "Handler for socket connection from /127.0.0.1:64617 to /127.0.0.1:64618" [_thread_in_native, id=856, stack(0x000000001ef00000,0x000000001f000000)]
  0x000000001d392800 JavaThread "Daemon" [_thread_blocked, id=4348, stack(0x000000001ee00000,0x000000001ef00000)]
  0x000000001d40a000 JavaThread "Daemon periodic checks" [_thread_blocked, id=17544, stack(0x000000001eb00000,0x000000001ec00000)]
  0x000000001d3c5000 JavaThread "Incoming local TCP Connector on port 64617" [_thread_in_native, id=11864, stack(0x000000001e890000,0x000000001e990000)]
  0x0000000019d61000 JavaThread "Daemon health stats" [_thread_blocked, id=19380, stack(0x000000001e250000,0x000000001e350000)]
  0x0000000019cc0800 JavaThread "Service Thread" daemon [_thread_blocked, id=16408, stack(0x000000001b6b0000,0x000000001b7b0000)]
  0x0000000019c45000 JavaThread "C1 CompilerThread3" daemon [_thread_blocked, id=6948, stack(0x000000001b5b0000,0x000000001b6b0000)]
=>0x0000000019c40000 JavaThread "C2 CompilerThread2" daemon [_thread_in_native, id=14504, stack(0x000000001b4b0000,0x000000001b5b0000)]
  0x0000000019c3b000 JavaThread "C2 CompilerThread1" daemon [_thread_in_native, id=13084, stack(0x000000001b3b0000,0x000000001b4b0000)]
  0x0000000019c34800 JavaThread "C2 CompilerThread0" daemon [_thread_in_native, id=15012, stack(0x000000001b2b0000,0x000000001b3b0000)]
  0x0000000019c34000 JavaThread "Attach Listener" daemon [_thread_blocked, id=19976, stack(0x000000001b1b0000,0x000000001b2b0000)]
  0x0000000019c31000 JavaThread "Signal Dispatcher" daemon [_thread_blocked, id=5852, stack(0x000000001b0b0000,0x000000001b1b0000)]
  0x00000000032ea000 JavaThread "Finalizer" daemon [_thread_blocked, id=8912, stack(0x000000001ae80000,0x000000001af80000)]
  0x000000001855c800 JavaThread "Reference Handler" daemon [_thread_blocked, id=3304, stack(0x000000001ad80000,0x000000001ae80000)]
  0x00000000031ed800 JavaThread "main" [_thread_blocked, id=2156, stack(0x00000000030e0000,0x00000000031e0000)]

Other Threads:
  0x0000000019c02800 VMThread [stack: 0x000000001ac80000,0x000000001ad80000] [id=14552]
  0x0000000019cc1000 WatcherThread [stack: 0x000000001b7b0000,0x000000001b8b0000] [id=5492]

VM state:not at safepoint (normal execution)

VM Mutex/Monitor currently owned by a thread: None

heap address: 0x0000000080000000, size: 2048 MB, Compressed Oops mode: 32-bit
Narrow klass base: 0x0000000000000000, Narrow klass shift: 3
Compressed class space size: 1073741824 Address: 0x0000000100000000

Heap:
 PSYoungGen      total 144384K, used 15522K [0x00000000d5580000, 0x00000000dee80000, 0x0000000100000000)
  eden space 133120K, 3% used [0x00000000d5580000,0x00000000d59a9600,0x00000000dd780000)
  from space 11264K, 99% used [0x00000000de380000,0x00000000dee7f300,0x00000000dee80000)
  to   space 11776K, 0% used [0x00000000dd780000,0x00000000dd780000,0x00000000de300000)
 ParOldGen       total 60928K, used 19738K [0x0000000080000000, 0x0000000083b80000, 0x00000000d5580000)
  object space 60928K, 32% used [0x0000000080000000,0x0000000081346b30,0x0000000083b80000)
 Metaspace       used 49616K, capacity 51612K, committed 51752K, reserved 1093632K
  class space    used 6533K, capacity 6906K, committed 6960K, reserved 1048576K

Card table byte_map: [0x00000000126b0000,0x0000000012ac0000] byte_map_base: 0x00000000122b0000

Marking Bits: (ParMarkBitMap*) 0x000000005700f030
 Begin Bits: [0x0000000013770000, 0x0000000015770000)
 End Bits:   [0x0000000015770000, 0x0000000017770000)

Polling page: 0x0000000001770000

CodeCache: size=245760Kb used=17847Kb max_used=17855Kb free=227912Kb
 bounds [0x00000000032f0000, 0x0000000004470000, 0x00000000122f0000]
 total_blobs=5808 nmethods=5041 adapters=680
 compilation: enabled

Compilation events (10 events):
Event: 3.438 Thread 0x0000000019c45000 5076       1       org.gradle.internal.instantiation.generator.AbstractClassGenerator$PropertyMetadata::access$1200 (5 bytes)
Event: 3.438 Thread 0x0000000019c45000 nmethod 5076 0x000000000443aed0 code [0x000000000443b020, 0x000000000443b110]
Event: 3.440 Thread 0x0000000019c3b000 nmethod 5074 0x00000000044566d0 code [0x0000000004456840, 0x0000000004456d38]
Event: 3.440 Thread 0x0000000019c3b000 5075       4       org.objectweb.asm.SymbolTable::addConstantUtf8 (98 bytes)
Event: 3.440 Thread 0x0000000019c45000 5077       3       java.util.jar.JarFile::maybeInstantiateVerifier (96 bytes)
Event: 3.441 Thread 0x0000000019c45000 nmethod 5077 0x00000000044644d0 code [0x0000000004464700, 0x00000000044653a8]
Event: 3.441 Thread 0x0000000019c45000 5078   !   3       java.security.SecureClassLoader::getProtectionDomain (114 bytes)
Event: 3.441 Thread 0x0000000019c45000 nmethod 5078 0x0000000004467690 code [0x0000000004467840, 0x0000000004467fd8]
Event: 3.441 Thread 0x0000000019c34800 nmethod 5073 0x0000000004468310 code [0x0000000004468480, 0x0000000004468a38]
Event: 3.444 Thread 0x0000000019c34800 5079       4       org.objectweb.asm.MethodWriter::visitMethodInsn (191 bytes)

GC Heap History (10 events):
Event: 2.271 GC heap before
{Heap before GC invocations=8 (full 1):
 PSYoungGen      total 144384K, used 132957K [0x00000000d5580000, 0x00000000dee80000, 0x0000000100000000)
  eden space 133120K, 99% used [0x00000000d5580000,0x00000000dd7576b0,0x00000000dd780000)
  from space 11264K, 0% used [0x00000000de380000,0x00000000de380000,0x00000000dee80000)
  to   space 11776K, 0% used [0x00000000dd780000,0x00000000dd780000,0x00000000de300000)
 ParOldGen       total 49152K, used 6613K [0x0000000080000000, 0x0000000083000000, 0x00000000d5580000)
  object space 49152K, 13% used [0x0000000080000000,0x00000000806755d8,0x0000000083000000)
 Metaspace       used 34104K, capacity 35152K, committed 35248K, reserved 1079296K
  class space    used 4467K, capacity 4734K, committed 4784K, reserved 1048576K
Event: 2.279 GC heap after
Heap after GC invocations=8 (full 1):
 PSYoungGen      total 144896K, used 11773K [0x00000000d5580000, 0x00000000dee80000, 0x0000000100000000)
  eden space 133120K, 0% used [0x00000000d5580000,0x00000000d5580000,0x00000000dd780000)
  from space 11776K, 99% used [0x00000000dd780000,0x00000000de2ff608,0x00000000de300000)
  to   space 11264K, 0% used [0x00000000de380000,0x00000000de380000,0x00000000dee80000)
 ParOldGen       total 49152K, used 10594K [0x0000000080000000, 0x0000000083000000, 0x00000000d5580000)
  object space 49152K, 21% used [0x0000000080000000,0x0000000080a58a50,0x0000000083000000)
 Metaspace       used 34104K, capacity 35152K, committed 35248K, reserved 1079296K
  class space    used 4467K, capacity 4734K, committed 4784K, reserved 1048576K
}
Event: 2.284 GC heap before
{Heap before GC invocations=9 (full 1):
 PSYoungGen      total 144896K, used 14797K [0x00000000d5580000, 0x00000000dee80000, 0x0000000100000000)
  eden space 133120K, 2% used [0x00000000d5580000,0x00000000d5873fe0,0x00000000dd780000)
  from space 11776K, 99% used [0x00000000dd780000,0x00000000de2ff608,0x00000000de300000)
  to   space 11264K, 0% used [0x00000000de380000,0x00000000de380000,0x00000000dee80000)
 ParOldGen       total 49152K, used 10594K [0x0000000080000000, 0x0000000083000000, 0x00000000d5580000)
  object space 49152K, 21% used [0x0000000080000000,0x0000000080a58a50,0x0000000083000000)
 Metaspace       used 34418K, capacity 35408K, committed 35496K, reserved 1079296K
  class space    used 4467K, capacity 4734K, committed 4784K, reserved 1048576K
Event: 2.287 GC heap after
Heap after GC invocations=9 (full 1):
 PSYoungGen      total 144384K, used 7284K [0x00000000d5580000, 0x00000000dee80000, 0x0000000100000000)
  eden space 133120K, 0% used [0x00000000d5580000,0x00000000d5580000,0x00000000dd780000)
  from space 11264K, 64% used [0x00000000de380000,0x00000000dea9d020,0x00000000dee80000)
  to   space 11776K, 0% used [0x00000000dd780000,0x00000000dd780000,0x00000000de300000)
 ParOldGen       total 49152K, used 10602K [0x0000000080000000, 0x0000000083000000, 0x00000000d5580000)
  object space 49152K, 21% used [0x0000000080000000,0x0000000080a5aa50,0x0000000083000000)
 Metaspace       used 34418K, capacity 35408K, committed 35496K, reserved 1079296K
  class space    used 4467K, capacity 4734K, committed 4784K, reserved 1048576K
}
Event: 2.287 GC heap before
{Heap before GC invocations=10 (full 2):
 PSYoungGen      total 144384K, used 7284K [0x00000000d5580000, 0x00000000dee80000, 0x0000000100000000)
  eden space 133120K, 0% used [0x00000000d5580000,0x00000000d5580000,0x00000000dd780000)
  from space 11264K, 64% used [0x00000000de380000,0x00000000dea9d020,0x00000000dee80000)
  to   space 11776K, 0% used [0x00000000dd780000,0x00000000dd780000,0x00000000de300000)
 ParOldGen       total 49152K, used 10602K [0x0000000080000000, 0x0000000083000000, 0x00000000d5580000)
  object space 49152K, 21% used [0x0000000080000000,0x0000000080a5aa50,0x0000000083000000)
 Metaspace       used 34418K, capacity 35408K, committed 35496K, reserved 1079296K
  class space    used 4467K, capacity 4734K, committed 4784K, reserved 1048576K
Event: 2.314 GC heap after
Heap after GC invocations=10 (full 2):
 PSYoungGen      total 144384K, used 0K [0x00000000d5580000, 0x00000000dee80000, 0x0000000100000000)
  eden space 133120K, 0% used [0x00000000d5580000,0x00000000d5580000,0x00000000dd780000)
  from space 11264K, 0% used [0x00000000de380000,0x00000000de380000,0x00000000dee80000)
  to   space 11776K, 0% used [0x00000000dd780000,0x00000000dd780000,0x00000000de300000)
 ParOldGen       total 60928K, used 13673K [0x0000000080000000, 0x0000000083b80000, 0x00000000d5580000)
  object space 60928K, 22% used [0x0000000080000000,0x0000000080d5a508,0x0000000083b80000)
 Metaspace       used 34302K, capacity 35224K, committed 35496K, reserved 1079296K
  class space    used 4446K, capacity 4694K, committed 4784K, reserved 1048576K
}
Event: 2.838 GC heap before
{Heap before GC invocations=11 (full 2):
 PSYoungGen      total 144384K, used 133120K [0x00000000d5580000, 0x00000000dee80000, 0x0000000100000000)
  eden space 133120K, 100% used [0x00000000d5580000,0x00000000dd780000,0x00000000dd780000)
  from space 11264K, 0% used [0x00000000de380000,0x00000000de380000,0x00000000dee80000)
  to   space 11776K, 0% used [0x00000000dd780000,0x00000000dd780000,0x00000000de300000)
 ParOldGen       total 60928K, used 13673K [0x0000000080000000, 0x0000000083b80000, 0x00000000d5580000)
  object space 60928K, 22% used [0x0000000080000000,0x0000000080d5a508,0x0000000083b80000)
 Metaspace       used 40442K, capacity 42028K, committed 42152K, reserved 1085440K
  class space    used 5379K, capacity 5694K, committed 5808K, reserved 1048576K
Event: 2.843 GC heap after
Heap after GC invocations=11 (full 2):
 PSYoungGen      total 144896K, used 10417K [0x00000000d5580000, 0x00000000dee80000, 0x0000000100000000)
  eden space 133120K, 0% used [0x00000000d5580000,0x00000000d5580000,0x00000000dd780000)
  from space 11776K, 88% used [0x00000000dd780000,0x00000000de1ac660,0x00000000de300000)
  to   space 11264K, 0% used [0x00000000de380000,0x00000000de380000,0x00000000dee80000)
 ParOldGen       total 60928K, used 13681K [0x0000000080000000, 0x0000000083b80000, 0x00000000d5580000)
  object space 60928K, 22% used [0x0000000080000000,0x0000000080d5c508,0x0000000083b80000)
 Metaspace       used 40442K, capacity 42028K, committed 42152K, reserved 1085440K
  class space    used 5379K, capacity 5694K, committed 5808K, reserved 1048576K
}
Event: 3.425 GC heap before
{Heap before GC invocations=12 (full 2):
 PSYoungGen      total 144896K, used 143537K [0x00000000d5580000, 0x00000000dee80000, 0x0000000100000000)
  eden space 133120K, 100% used [0x00000000d5580000,0x00000000dd780000,0x00000000dd780000)
  from space 11776K, 88% used [0x00000000dd780000,0x00000000de1ac660,0x00000000de300000)
  to   space 11264K, 0% used [0x00000000de380000,0x00000000de380000,0x00000000dee80000)
 ParOldGen       total 60928K, used 13681K [0x0000000080000000, 0x0000000083b80000, 0x00000000d5580000)
  object space 60928K, 22% used [0x0000000080000000,0x0000000080d5c508,0x0000000083b80000)
 Metaspace       used 49441K, capacity 51420K, committed 51752K, reserved 1093632K
  class space    used 6509K, capacity 6906K, committed 6960K, reserved 1048576K
Event: 3.436 GC heap after
Heap after GC invocations=12 (full 2):
 PSYoungGen      total 144384K, used 11260K [0x00000000d5580000, 0x00000000dee80000, 0x0000000100000000)
  eden space 133120K, 0% used [0x00000000d5580000,0x00000000d5580000,0x00000000dd780000)
  from space 11264K, 99% used [0x00000000de380000,0x00000000dee7f300,0x00000000dee80000)
  to   space 11776K, 0% used [0x00000000dd780000,0x00000000dd780000,0x00000000de300000)
 ParOldGen       total 60928K, used 19738K [0x0000000080000000, 0x0000000083b80000, 0x00000000d5580000)
  object space 60928K, 32% used [0x0000000080000000,0x0000000081346b30,0x0000000083b80000)
 Metaspace       used 49441K, capacity 51420K, committed 51752K, reserved 1093632K
  class space    used 6509K, capacity 6906K, committed 6960K, reserved 1048576K
}

Deoptimization events (10 events):
Event: 3.371 Thread 0x000000001d3a7000 Uncommon trap: reason=unstable_if action=reinterpret pc=0x00000000037919bc method=java.lang.CharacterDataLatin1.isWhitespace(I)Z @ 14
Event: 3.387 Thread 0x000000001d3a7000 Uncommon trap: reason=unstable_if action=reinterpret pc=0x0000000003ff7444 method=java.util.jar.JarFile.maybeInstantiateVerifier()V @ 4
Event: 3.388 Thread 0x000000001d3a7000 Uncommon trap: reason=predicate action=maybe_recompile pc=0x0000000004349314 method=sun.misc.Resource.getBytes()[B @ 53
Event: 3.388 Thread 0x000000001d3a7000 Uncommon trap: reason=unstable_if action=reinterpret pc=0x0000000003808630 method=java.util.jar.JarFile.maybeInstantiateVerifier()V @ 4
Event: 3.388 Thread 0x000000001d3a7000 Uncommon trap: reason=unstable_if action=reinterpret pc=0x000000000433a3b0 method=java.security.CodeSource.<init>(Ljava/net/URL;[Ljava/security/CodeSigner;)V @ 25
Event: 3.389 Thread 0x000000001d3a7000 Uncommon trap: reason=unstable_if action=reinterpret pc=0x00000000038bf42c method=java.security.CodeSource.getCertificates()[Ljava/security/cert/Certificate; @ 22
Event: 3.389 Thread 0x000000001d3a7000 Uncommon trap: reason=unstable_if action=reinterpret pc=0x00000000043a7d60 method=java.util.jar.JarFile.maybeInstantiateVerifier()V @ 4
Event: 3.389 Thread 0x000000001d3a7000 Uncommon trap: reason=unstable_if action=reinterpret pc=0x00000000040df8fc method=java.security.CodeSource.matchCerts(Ljava/security/CodeSource;Z)Z @ 11
Event: 3.401 Thread 0x000000001d3a7000 Uncommon trap: reason=unstable_if action=reinterpret pc=0x00000000042e2670 method=java.util.LinkedHashMap.get(Ljava/lang/Object;)Ljava/lang/Object; @ 20
Event: 3.416 Thread 0x000000001d3a7000 Uncommon trap: reason=unstable_if action=reinterpret pc=0x00000000040555bc method=java.security.CodeSource.matchCerts(Ljava/security/CodeSource;Z)Z @ 11

Classes redefined (0 events):
No events

Internal exceptions (10 events):
Event: 2.977 Thread 0x000000001d437800 Exception <a 'java/lang/NoSuchMethodError': <clinit>> (0x00000000d5b19bd0) thrown at [C:\src\AOSP-openjdk-git\hotspot\src\share\vm\prims\jni.cpp, line 1615]
Event: 2.977 Thread 0x000000001d437800 Exception <a 'java/lang/NoSuchMethodError': <clinit>> (0x00000000d5b1b0f8) thrown at [C:\src\AOSP-openjdk-git\hotspot\src\share\vm\prims\jni.cpp, line 1615]
Event: 2.978 Thread 0x000000001d437800 Exception <a 'java/lang/NoSuchMethodError': <clinit>> (0x00000000d5b25368) thrown at [C:\src\AOSP-openjdk-git\hotspot\src\share\vm\prims\jni.cpp, line 1615]
Event: 2.978 Thread 0x000000001d437800 Exception <a 'java/lang/NoSuchMethodError': <clinit>> (0x00000000d5b30438) thrown at [C:\src\AOSP-openjdk-git\hotspot\src\share\vm\prims\jni.cpp, line 1615]
Event: 2.979 Thread 0x000000001d437800 Exception <a 'java/lang/NoSuchMethodError': <clinit>> (0x00000000d8a01050) thrown at [C:\src\AOSP-openjdk-git\hotspot\src\share\vm\prims\jni.cpp, line 1615]
Event: 2.985 Thread 0x000000001d3a7000 Exception <a 'java/lang/ClassNotFoundException': build_rokwevodfsd4blj7toy3nn5eBeanInfo> (0x00000000d8939508) thrown at [C:\src\AOSP-openjdk-git\hotspot\src\share\vm\classfile\systemDictionary.cpp, line 210]
Event: 2.985 Thread 0x000000001d3a7000 Exception <a 'java/lang/ClassNotFoundException': build_rokwevodfsd4blj7toy3nn5eCustomizer> (0x00000000d8945128) thrown at [C:\src\AOSP-openjdk-git\hotspot\src\share\vm\classfile\systemDictionary.cpp, line 210]
Event: 2.988 Thread 0x000000001d3a7000 Exception <a 'java/lang/ClassNotFoundException': org/gradle/api/internal/plugins/DefaultObjectConfigurationActionBeanInfo> (0x00000000d89c1388) thrown at [C:\src\AOSP-openjdk-git\hotspot\src\share\vm\classfile\systemDictionary.cpp, line 210]
Event: 2.988 Thread 0x000000001d3a7000 Exception <a 'java/lang/ClassNotFoundException': org/gradle/api/internal/plugins/DefaultObjectConfigurationActionCustomizer> (0x00000000d8a4a4c8) thrown at [C:\src\AOSP-openjdk-git\hotspot\src\share\vm\classfile\systemDictionary.cpp, line 210]
Event: 3.354 Thread 0x000000001d3a7000 Implicit null exception at 0x0000000004236828 to 0x0000000004236d45

Events (10 events):
Event: 3.442 loading class com/google/common/collect/Sets$4
Event: 3.442 loading class com/google/common/collect/Sets$4 done
Event: 3.443 loading class com/android/utils/HelpfulEnumConverter
Event: 3.443 loading class com/android/utils/HelpfulEnumConverter done
Event: 3.443 loading class com/android/build/gradle/internal/dsl/NdkOptions$DebugSymbolLevel
Event: 3.443 loading class com/android/build/gradle/internal/dsl/NdkOptions$DebugSymbolLevel done
Event: 3.443 loading class org/gradle/api/tasks/Input
Event: 3.443 loading class org/gradle/api/tasks/Input done
Event: 3.443 loading class org/gradle/api/tasks/Optional
Event: 3.443 loading class org/gradle/api/tasks/Optional done


Dynamic libraries:
0x00007ff791b50000 - 0x00007ff791b81000 	C:\Program Files\Android\Android Studio\jre\bin\java.exe
0x00007ff833bf0000 - 0x00007ff833de6000 	C:\Windows\SYSTEM32\ntdll.dll
0x00007ff833a20000 - 0x00007ff833add000 	C:\Windows\System32\KERNEL32.DLL
0x00007ff831430000 - 0x00007ff8316f9000 	C:\Windows\System32\KERNELBASE.dll
0x00007ff832fa0000 - 0x00007ff83304c000 	C:\Windows\System32\ADVAPI32.dll
0x00007ff832150000 - 0x00007ff8321ee000 	C:\Windows\System32\msvcrt.dll
0x00007ff8320a0000 - 0x00007ff83213c000 	C:\Windows\System32\sechost.dll
0x00007ff831c70000 - 0x00007ff831d9b000 	C:\Windows\System32\RPCRT4.dll
0x00007ff8321f0000 - 0x00007ff832390000 	C:\Windows\System32\USER32.dll
0x00007ff831810000 - 0x00007ff831832000 	C:\Windows\System32\win32u.dll
0x00007ff833050000 - 0x00007ff83307a000 	C:\Windows\System32\GDI32.dll
0x00007ff831700000 - 0x00007ff83180b000 	C:\Windows\System32\gdi32full.dll
0x00007ff831b30000 - 0x00007ff831bcd000 	C:\Windows\System32\msvcp_win.dll
0x00007ff8319a0000 - 0x00007ff831aa0000 	C:\Windows\System32\ucrtbase.dll
0x00007ff81f1d0000 - 0x00007ff81f46b000 	C:\Windows\WinSxS\amd64_microsoft.windows.common-controls_6595b64144ccf1df_6.0.19041.746_none_ca02b4b61b8320a4\COMCTL32.dll
0x00007ff832070000 - 0x00007ff8320a0000 	C:\Windows\System32\IMM32.DLL
0x0000000055dd0000 - 0x0000000055ea2000 	C:\Program Files\Android\Android Studio\jre\jre\bin\msvcr100.dll
0x0000000056840000 - 0x000000005708b000 	C:\Program Files\Android\Android Studio\jre\jre\bin\server\jvm.dll
0x00007ff832140000 - 0x00007ff832148000 	C:\Windows\System32\PSAPI.DLL
0x00007ff828280000 - 0x00007ff828289000 	C:\Windows\SYSTEM32\WSOCK32.dll
0x00007ff821900000 - 0x00007ff821927000 	C:\Windows\SYSTEM32\WINMM.dll
0x00007ff82bec0000 - 0x00007ff82beca000 	C:\Windows\SYSTEM32\VERSION.dll
0x00007ff832a80000 - 0x00007ff832aeb000 	C:\Windows\System32\WS2_32.dll
0x00007ff82a8f0000 - 0x00007ff82a8ff000 	C:\Program Files\Android\Android Studio\jre\jre\bin\verify.dll
0x00007ff81fd80000 - 0x00007ff81fda9000 	C:\Program Files\Android\Android Studio\jre\jre\bin\java.dll
0x00007ff828260000 - 0x00007ff828276000 	C:\Program Files\Android\Android Studio\jre\jre\bin\zip.dll
0x00007ff8331a0000 - 0x00007ff8338e2000 	C:\Windows\System32\SHELL32.dll
0x00007ff82f4a0000 - 0x00007ff82fc30000 	C:\Windows\SYSTEM32\windows.storage.dll
0x00007ff832af0000 - 0x00007ff832e46000 	C:\Windows\System32\combase.dll
0x00007ff830d90000 - 0x00007ff830dbc000 	C:\Windows\SYSTEM32\Wldp.dll
0x00007ff831fc0000 - 0x00007ff83206e000 	C:\Windows\System32\SHCORE.dll
0x00007ff831e20000 - 0x00007ff831e75000 	C:\Windows\System32\shlwapi.dll
0x00007ff831260000 - 0x00007ff831286000 	C:\Windows\SYSTEM32\profapi.dll
0x00007ff828070000 - 0x00007ff82808a000 	C:\Program Files\Android\Android Studio\jre\jre\bin\net.dll
0x00007ff830b10000 - 0x00007ff830b7a000 	C:\Windows\system32\mswsock.dll
0x00007ff81fd60000 - 0x00007ff81fd73000 	C:\Program Files\Android\Android Studio\jre\jre\bin\nio.dll
0x00007ff812940000 - 0x00007ff812967000 	C:\Users\pc\.gradle\native\f6784746aeab05261644944871eae4fe03e0ef1612fff0a4a95f87b438bc6780\windows-amd64\native-platform.dll
0x00007ff82a8c0000 - 0x00007ff82a8cd000 	C:\Program Files\Android\Android Studio\jre\jre\bin\management.dll
0x00007ff830ce0000 - 0x00007ff830cf8000 	C:\Windows\SYSTEM32\CRYPTSP.dll
0x00007ff830440000 - 0x00007ff830474000 	C:\Windows\system32\rsaenh.dll
0x00007ff831b00000 - 0x00007ff831b27000 	C:\Windows\System32\bcrypt.dll
0x00007ff831220000 - 0x00007ff83124e000 	C:\Windows\SYSTEM32\USERENV.dll
0x00007ff831bd0000 - 0x00007ff831c50000 	C:\Windows\System32\bcryptprimitives.dll
0x00007ff830d00000 - 0x00007ff830d0c000 	C:\Windows\SYSTEM32\CRYPTBASE.dll
0x00007ff8307b0000 - 0x00007ff8307eb000 	C:\Windows\SYSTEM32\IPHLPAPI.DLL
0x00007ff833ae0000 - 0x00007ff833ae8000 	C:\Windows\System32\NSI.dll
0x00007ff82bed0000 - 0x00007ff82bee7000 	C:\Windows\SYSTEM32\dhcpcsvc6.DLL
0x00007ff82b9e0000 - 0x00007ff82b9fd000 	C:\Windows\SYSTEM32\dhcpcsvc.DLL
0x00007ff830800000 - 0x00007ff8308cb000 	C:\Windows\SYSTEM32\DNSAPI.dll
0x00007ff82bef0000 - 0x00007ff82befb000 	C:\Windows\SYSTEM32\WINNSI.DLL

VM Arguments:
jvm_args: -Xmx2048m -Dfile.encoding=windows-1252 -Duser.country=MX -Duser.language=es -Duser.variant 
java_command: org.gradle.launcher.daemon.bootstrap.GradleDaemon 6.5
java_class_path (initial): C:\Users\pc\.gradle\wrapper\dists\gradle-6.5-all\2oz4ud9k3tuxjg84bbf55q0tn\gradle-6.5\lib\gradle-launcher-6.5.jar
Launcher Type: SUN_STANDARD

Environment Variables:
PATH=C:\Program Files (x86)\Common Files\Intel\Shared Libraries\redist\intel64\compiler;C:\Windows\system32;C:\Windows;C:\Windows\System32\Wbem;C:\Windows\System32\WindowsPowerShell\v1.0\;C:\Windows\System32\OpenSSH\;C:\Program Files (x86)\NVIDIA Corporation\PhysX\Common;C:\Program Files\NVIDIA Corporation\NVIDIA NvDLISR;C:\Users\pc\AppData\Local\Microsoft\WindowsApps;
USERNAME=pc
OS=Windows_NT
PROCESSOR_IDENTIFIER=AMD64 Family 23 Model 113 Stepping 0, AuthenticAMD



---------------  S Y S T E M  ---------------

OS: Windows 10.0 , 64 bit Build 19041 (10.0.19041.804)

CPU:total 12 (initial active 12) (12 cores per cpu, 1 threads per core) family 23 model 113 stepping 0, cmov, cx8, fxsr, mmx, sse, sse2, sse3, ssse3, sse4.1, sse4.2, popcnt, avx, avx2, aes, clmul, mmxext, 3dnowpref, lzcnt, sse4a, tsc, tscinvbit, tscinv, bmi1

Memory: 4k page, physical 8310100k(589528k free), swap 22881968k(6248k free)

vm_info: OpenJDK 64-Bit Server VM (25.242-b01) for windows-amd64 JRE (1.8.0_242-release-1644-b01), built by "builder" with MS VC++ 10.0 (VS2010)

time: Sat Feb 20 09:05:45 2021
timezone: Hora estándar, América Central
elapsed time: 3 seconds (0d 0h 0m 3s)

